# Timestep     No_Moles     No_Specs     Pt1536	H2O	
674          2          2	 1	 1	
# Timestep     No_Moles     No_Specs     Pt1536	H2O	
774          2          2	 1	 1	
# Timestep     No_Moles     No_Specs     Pt1536	H2O	
874          2          2	 1	 1	
# Timestep     No_Moles     No_Specs     Pt1536	H2O	
974          2          2	 1	 1	
# Timestep     No_Moles     No_Specs     Pt1536	H2O	
1074          2          2	 1	 1	
# Timestep     No_Moles     No_Specs     Pt1536	H2O	
1174          2          2	 1	 1	
# Timestep     No_Moles     No_Specs     Pt1536	H2O	
1274          2          2	 1	 1	
# Timestep     No_Moles     No_Specs     Pt1536H2O	
1374          1          1	 1	
# Timestep     No_Moles     No_Specs     Pt1536H	HO	
1474          2          2	 1	 1	
# Timestep     No_Moles     No_Specs     Pt1536H	HO	
1574          2          2	 1	 1	
# Timestep     No_Moles     No_Specs     Pt1536H	HO	
1674          2          2	 1	 1	
# Timestep     No_Moles     No_Specs     Pt1536H2O	
1774          1          1	 1	
# Timestep     No_Moles     No_Specs     Pt1536H2O	
1874          1          1	 1	
# Timestep     No_Moles     No_Specs     Pt1536H2O	
1974          1          1	 1	
# Timestep     No_Moles     No_Specs     Pt1536H2O	
2074          1          1	 1	
# Timestep     No_Moles     No_Specs     Pt1536H2O	
2174          1          1	 1	
# Timestep     No_Moles     No_Specs     Pt1536H2O	
2274          1          1	 1	
# Timestep     No_Moles     No_Specs     Pt1536H2O	
2374          1          1	 1	
# Timestep     No_Moles     No_Specs     Pt1536H2O	
2474          1          1	 1	
# Timestep     No_Moles     No_Specs     Pt1536H2O	
2574          1          1	 1	
# Timestep     No_Moles     No_Specs     Pt1536H	HO	
2674          2          2	 1	 1	
# Timestep     No_Moles     No_Specs     Pt1536H	HO	
2774          2          2	 1	 1	
# Timestep     No_Moles     No_Specs     Pt1536H	HO	
2874          2          2	 1	 1	
# Timestep     No_Moles     No_Specs     Pt1536H	HO	
2974          2          2	 1	 1	
# Timestep     No_Moles     No_Specs     Pt1536H	HO	
3074          2          2	 1	 1	
# Timestep     No_Moles     No_Specs     Pt1536H	HO	
3174          2          2	 1	 1	
# Timestep     No_Moles     No_Specs     Pt1536H	HO	
3274          2          2	 1	 1	
# Timestep     No_Moles     No_Specs     Pt1536H	HO	
3374          2          2	 1	 1	
# Timestep     No_Moles     No_Specs     Pt1536H	HO	
3474          2          2	 1	 1	
# Timestep     No_Moles     No_Specs     Pt1536H	HO	
3574          2          2	 1	 1	
# Timestep     No_Moles     No_Specs     Pt1536H	HO	
3674          2          2	 1	 1	
# Timestep     No_Moles     No_Specs     Pt1536H	HO	
3774          2          2	 1	 1	
# Timestep     No_Moles     No_Specs     Pt1536H	HO	
3874          2          2	 1	 1	
# Timestep     No_Moles     No_Specs     Pt1536H	HO	
3974          2          2	 1	 1	
# Timestep     No_Moles     No_Specs     Pt1536H	HO	
4074          2          2	 1	 1	
# Timestep     No_Moles     No_Specs     Pt1536H	HO	
4174          2          2	 1	 1	
# Timestep     No_Moles     No_Specs     Pt1536H	HO	
4274          2          2	 1	 1	
# Timestep     No_Moles     No_Specs     Pt1536H	HO	
4374          2          2	 1	 1	
# Timestep     No_Moles     No_Specs     Pt1536H	HO	
4474          2          2	 1	 1	
# Timestep     No_Moles     No_Specs     Pt1536H	HO	
4574          2          2	 1	 1	
# Timestep     No_Moles     No_Specs     Pt1536H	HO	
4674          2          2	 1	 1	
# Timestep     No_Moles     No_Specs     Pt1536H	HO	
4774          2          2	 1	 1	
# Timestep     No_Moles     No_Specs     Pt1536H	HO	
4874          2          2	 1	 1	
# Timestep     No_Moles     No_Specs     Pt1536H	HO	
4974          2          2	 1	 1	
# Timestep     No_Moles     No_Specs     Pt1536H	HO	
5074          2          2	 1	 1	
# Timestep     No_Moles     No_Specs     Pt1536H	HO	
5174          2          2	 1	 1	
# Timestep     No_Moles     No_Specs     Pt1536H	HO	
5274          2          2	 1	 1	
# Timestep     No_Moles     No_Specs     Pt1536H	HO	
5374          2          2	 1	 1	
# Timestep     No_Moles     No_Specs     Pt1536H	HO	
5474          2          2	 1	 1	
# Timestep     No_Moles     No_Specs     Pt1536H	HO	
5574          2          2	 1	 1	
