/groups/wag/pkozlows/miniconda3/envs/pyscf/lib/python3.11/site-packages/pyscf/dft/libxc.py:772: UserWarning: Since PySCF-2.3, B3LYP (and B3P86) are changed to the VWN-RPA variant, the same to the B3LYP functional in Gaussian and ORCA (issue 1480). To restore the VWN5 definition, you can put the setting "B3LYP_WITH_VWN5 = True" in pyscf_conf.py
  warnings.warn('Since PySCF-2.3, B3LYP (and B3P86) are changed to the VWN-RPA variant, '
WARNING!
  Very diffused basis functions are found in the basis set. They may lead to severe
  linear dependence and numerical instability.  You can set  cell.exp_to_discard=0.1
  to remove the diffused Gaussians whose exponents are less than 0.1.

/groups/wag/pkozlows/miniconda3/envs/pyscf/lib/python3.11/site-packages/ase/dft/kpoints.py:357: UserWarning: Please do not use (kpts, x, X) = bandpath(...).  Use path = bandpath(...) and then kpts = path.kpts and (x, X, labels) = path.get_linear_kpoint_axis().
  warnings.warn('Please do not use (kpts, x, X) = bandpath(...).  '


******** <class 'pyscf.pbc.dft.krks.KRKS'> ********
method = KRKS-KohnShamDFT
initial guess = minao
damping factor = 0
level_shift factor = 0
DIIS = <class 'pyscf.scf.diis.CDIIS'>
diis_start_cycle = 1
diis_space = 8
SCF conv_tol = 1e-07
SCF conv_tol_grad = None
SCF max_cycles = 50
direct_scf = True
direct_scf_tol = 1e-13
chkfile to save SCF result = /tmp/tmpvgs19mto
max_memory 4000 MB (current use 118 MB)


******** PBC SCF flags ********
N kpts = 8
kpts = [[0.         0.         0.        ]
 [0.         0.         0.3203197 ]
 [0.         0.60176883 0.        ]
 [0.         0.60176883 0.3203197 ]
 [0.5211471  0.30088442 0.        ]
 [0.5211471  0.30088442 0.3203197 ]
 [0.5211471  0.90265325 0.        ]
 [0.5211471  0.90265325 0.3203197 ]]
Exchange divergence treatment (exxdiv) = ewald
Ewald components = 8.76453321006536e-07, -0.162059015555054, 0.068912395876923
    madelung (= occupied orbital energy shift) = 0.18629148644961965
    Total energy shift due to Ewald probe charge = -1/2 * Nelec*madelung = -3.35324675609
DF object = <pyscf.pbc.df.fft.FFTDF object at 0x7fc8e39f16d0>
XC functionals = LDA,VWN
small_rho_cutoff = 1e-07
Uniform grid, mesh = [ 83  83 133]
<class 'pyscf.pbc.dft.krks.KRKS'> does not have attributes  nlcgrids nlc
Set gradient conv threshold to 0.000316228
    CPU time for setting up grids      8.10 sec, wall time      1.48 sec
nelec by numeric integration = 35.99942006637945
    CPU time for vxc    272.61 sec, wall time     45.55 sec
    CPU time for vj and vk    505.54 sec, wall time     84.46 sec
Ewald components = 6.77773183084737, -128.779455527716, 5.42224205397643
E1 = (-87.88699238456235-9.780955019834656e-18j)  Ecoul = 60.31461084132171  Exc = -24.951555252131033
init E= -169.103418438264
cond(S) = [52893.58042077 42189.91566223 33623.84007022 15835.52272403
 33623.8400702  15835.52272403 33623.84007015 15835.52272405]
/groups/wag/pkozlows/miniconda3/envs/pyscf/lib/python3.11/site-packages/pyscf/pbc/gto/cell.py:243: UserWarning: Function cell.dumps drops attribute a because it is not JSON-serializable
  warnings.warn(msg)
    CPU time for initialize scf   1128.39 sec, wall time    195.71 sec
HOMO = 0.259610531241  LUMO = 0.386713849369
     k-point                  mo_energy
   0 ( 0.000  0.000  0.000)   [-0.30108926 -0.25752494 -0.07565446 -0.07507448 -0.07507448 -0.07083657
 -0.07083657 -0.05584312 -0.05584312 -0.05133779 -0.05133779 -0.03536044
  0.0475765   0.2277819   0.2277819   0.25800456  0.25961053  0.25961053] [0.38671385 0.48910429 0.62195547 0.72761864 0.72761864 0.75528468
 0.78714712 0.78714712 0.99224939 1.03515893 1.03515893 1.17571401
 1.17571401 1.24681592 1.27199172 1.27199172 1.29979313 1.41852428
 1.42485159 1.42485159 1.51378152 1.55515527 1.57929059 1.57929059
 1.89400334 1.89400334 1.91175086 1.91175086 1.98892497 1.98892497
 2.03885235 2.23142212 2.26417316 2.30763335 2.34254066 2.34254066
 2.42135729 2.42135729 2.57886355 2.57886355 2.68973394 2.90129783
 2.90129783 3.17345412 3.24450676 3.24450676 3.28209956 3.33077519
 3.33077519 3.37128964 3.77706108 4.46756932 5.5988678  7.99681297
 7.99681297 8.5628036  8.5628036  8.76656283]
   1 ( 0.000  0.000  0.500)   [-0.28063324 -0.28063324 -0.0734278  -0.0734278  -0.07342779 -0.07342779
 -0.06935493 -0.06935488 -0.05319254 -0.05319254 -0.05319253 -0.05319253
  0.15510769  0.15510774  0.24357919  0.24357919  0.2435792   0.2435792 ] [0.46224945 0.46224947 0.64041999 0.64042002 0.7462268  0.7462268
 0.74622681 0.74622681 1.08484459 1.08484463 1.11256962 1.11256962
 1.11256963 1.11256963 1.3128703  1.31287032 1.35982751 1.35982751
 1.35982752 1.35982752 1.55966961 1.5596697  1.62243653 1.62243653
 1.62243655 1.62243655 2.05643334 2.0564335  2.10583094 2.10583094
 2.10583094 2.10583094 2.28555703 2.28555703 2.37489326 2.37489326
 2.37489326 2.37489326 2.50406546 2.50406558 2.66330904 2.66330904
 2.66330904 2.66330904 3.10222377 3.1022241  3.28174465 3.28174465
 3.28174465 3.28174465 4.34017924 4.34018719 5.79518342 5.79518656
 7.82564409 7.82564409 7.82564411 7.82564411]
   2 ( 0.000  0.500  0.000)   [-0.25896466 -0.24536417 -0.07261901 -0.06998171 -0.06251466 -0.06165805
 -0.05946557 -0.05713643 -0.05208105 -0.04992251 -0.03670366 -0.03304886
  0.06986629  0.1059707   0.13596997  0.1745103   0.20013911  0.2285086 ] [0.52178007 0.53762258 0.55444236 0.60127836 0.69031619 0.75191827
 0.78662984 0.83643041 0.85446277 1.04724832 1.08893752 1.12280818
 1.23525737 1.30973389 1.34257871 1.34361377 1.40292222 1.41929388
 1.50540816 1.54104417 1.57644294 1.67960804 1.70476458 1.7370894
 1.80209615 1.82586461 1.90390983 1.9865109  2.02930725 2.06004834
 2.12880837 2.16078902 2.25437888 2.26396666 2.40789794 2.43924958
 2.45387881 2.52083817 2.52430338 2.53097792 2.6119922  2.65097779
 2.74357751 2.76539811 2.76561284 2.95452403 2.97680157 3.00593685
 3.1785298  3.25032135 3.61644398 3.71598365 3.90461572 4.34566792
 4.35598904 5.77895705 6.21863536 7.5454467 ]
   3 ( 0.000  0.500  0.500)   [-0.25113591 -0.2511359  -0.07189873 -0.07189871 -0.0646838  -0.06468379
 -0.0577897  -0.05778968 -0.05148609 -0.05148609 -0.03488315 -0.03488314
  0.06706173  0.06706173  0.20065031  0.20065033  0.20264378  0.20264384] [0.50263094 0.50263094 0.6068405  0.60684051 0.6978249  0.69782491
 0.79380481 0.79380482 0.9406848  0.94068483 1.17756828 1.17756834
 1.20364116 1.20364117 1.33810332 1.33810336 1.37702758 1.37702758
 1.55288355 1.55288358 1.66240339 1.6624034  1.79363904 1.79363909
 1.81976946 1.81976949 1.92045173 1.92045173 2.04893467 2.04893467
 2.07043227 2.07043228 2.16370973 2.16370976 2.45578775 2.45578793
 2.51954027 2.51954029 2.57281553 2.57281553 2.60328306 2.60328309
 2.80333817 2.80333817 2.86387648 2.8638769  3.12837285 3.12837285
 3.1787343  3.17873443 3.39367235 3.39367353 4.59483082 4.594838
 5.01404841 5.01404842 6.2315798  6.23158656]
   4 ( 0.500  0.000  0.000)   [-0.25896466 -0.24536417 -0.07261901 -0.06998171 -0.06251466 -0.06165805
 -0.05946557 -0.05713643 -0.05208105 -0.04992251 -0.03670366 -0.03304886
  0.06986629  0.1059707   0.13596997  0.1745103   0.20013911  0.2285086 ] [0.52178007 0.53762258 0.55444236 0.60127836 0.69031619 0.75191827
 0.78662984 0.83643041 0.85446277 1.04724832 1.08893752 1.12280818
 1.23525737 1.30973389 1.34257871 1.34361377 1.40292222 1.41929388
 1.50540816 1.54104417 1.57644294 1.67960804 1.70476458 1.7370894
 1.80209615 1.82586461 1.90390983 1.9865109  2.02930725 2.06004834
 2.12880837 2.16078902 2.25437888 2.26396666 2.40789794 2.43924958
 2.45387881 2.52083817 2.52430338 2.53097792 2.6119922  2.65097779
 2.74357751 2.76539811 2.76561284 2.95452403 2.97680157 3.00593685
 3.1785298  3.25032135 3.61644398 3.71598365 3.90461572 4.34566792
 4.35598904 5.77895705 6.21863536 7.5454467 ]
   5 ( 0.500  0.000  0.500)   [-0.25113591 -0.2511359  -0.07189873 -0.07189871 -0.0646838  -0.06468379
 -0.0577897  -0.05778968 -0.05148609 -0.05148609 -0.03488315 -0.03488314
  0.06706173  0.06706173  0.20065031  0.20065033  0.20264378  0.20264384] [0.50263094 0.50263094 0.6068405  0.60684051 0.6978249  0.69782491
 0.79380481 0.79380482 0.9406848  0.94068483 1.17756828 1.17756834
 1.20364116 1.20364117 1.33810332 1.33810336 1.37702758 1.37702758
 1.55288355 1.55288358 1.66240339 1.6624034  1.79363904 1.79363909
 1.81976946 1.81976949 1.92045173 1.92045173 2.04893467 2.04893467
 2.07043227 2.07043228 2.16370973 2.16370976 2.45578775 2.45578793
 2.51954027 2.51954029 2.57281553 2.57281553 2.60328306 2.60328309
 2.80333817 2.80333817 2.86387648 2.8638769  3.12837285 3.12837285
 3.1787343  3.17873443 3.39367235 3.39367353 4.59483082 4.594838
 5.01404841 5.01404842 6.2315798  6.23158656]
   6 ( 0.500  0.500  0.000)   [-0.25896466 -0.24536417 -0.07261901 -0.06998171 -0.06251466 -0.06165805
 -0.05946557 -0.05713643 -0.05208105 -0.04992251 -0.03670366 -0.03304886
  0.06986629  0.1059707   0.13596997  0.1745103   0.20013911  0.2285086 ] [0.52178007 0.53762258 0.55444236 0.60127836 0.69031619 0.75191827
 0.78662984 0.83643041 0.85446277 1.04724832 1.08893752 1.12280818
 1.23525737 1.30973389 1.34257871 1.34361377 1.40292222 1.41929388
 1.50540816 1.54104417 1.57644294 1.67960804 1.70476458 1.7370894
 1.80209615 1.82586461 1.90390983 1.9865109  2.02930725 2.06004834
 2.12880837 2.16078902 2.25437888 2.26396666 2.40789794 2.43924958
 2.45387881 2.52083817 2.52430338 2.53097792 2.6119922  2.65097779
 2.74357751 2.76539811 2.76561284 2.95452403 2.97680157 3.00593685
 3.1785298  3.25032135 3.61644398 3.71598365 3.90461572 4.34566792
 4.35598904 5.77895705 6.21863536 7.5454467 ]
   7 ( 0.500  0.500  0.500)   [-0.25113591 -0.2511359  -0.07189873 -0.07189871 -0.0646838  -0.06468379
 -0.0577897  -0.05778968 -0.05148609 -0.05148609 -0.03488315 -0.03488314
  0.06706173  0.06706173  0.20065031  0.20065033  0.20264378  0.20264384] [0.50263094 0.50263094 0.6068405  0.60684051 0.6978249  0.69782491
 0.79380481 0.79380482 0.9406848  0.94068483 1.17756828 1.17756834
 1.20364116 1.20364117 1.33810332 1.33810336 1.37702758 1.37702758
 1.55288355 1.55288358 1.66240339 1.6624034  1.79363904 1.79363909
 1.81976946 1.81976949 1.92045173 1.92045173 2.04893467 2.04893467
 2.07043227 2.07043228 2.16370973 2.16370976 2.45578775 2.45578793
 2.51954027 2.51954029 2.57281553 2.57281553 2.60328306 2.60328309
 2.80333817 2.80333817 2.86387648 2.8638769  3.12837285 3.12837285
 3.1787343  3.17873443 3.39367235 3.39367353 4.59483082 4.594838
 5.01404841 5.01404842 6.2315798  6.23158656]
nelec by numeric integration = 35.99999999969924
    CPU time for vxc    245.58 sec, wall time     41.03 sec
    CPU time for vj and vk    477.71 sec, wall time     79.86 sec
Ewald components = 6.77773183084737, -128.779455527716, 5.42224205397643
E1 = (-86.40064355423387-1.342547256870209e-17j)  Ecoul = 59.73083775521289  Exc = -25.380797923057372
cycle= 1 E= -168.63008536497  delta_E= 0.473  |g|= 3.72  |ddm|= 10.8
    CPU time for cycle= 1    723.53 sec, wall time    120.93 sec
HOMO = 0.535036909242  LUMO = 0.536390754144
     k-point                  mo_energy
   0 ( 0.000  0.000  0.000)   [-0.27871264 -0.27541434 -0.27506605 -0.27506605 -0.27432216 -0.27432216
 -0.2719578  -0.2719578  -0.26923196 -0.26923196 -0.13235765  0.00875382
  0.13217079  0.4583394   0.4583394   0.52871294  0.53503691  0.53503691] [0.53897502 0.5549993  0.69820606 0.69820606 0.7371196  0.81112118
 0.81112118 0.84145192 0.95764879 1.0257439  1.0257439  1.14396849
 1.14396849 1.21658706 1.34262512 1.37609688 1.37609688 1.4927579
 1.55484262 1.55484262 1.62519989 1.62986949 1.62986949 1.69655671
 1.95508646 1.95508646 1.98653102 1.98653102 1.99068016 1.99068016
 2.07523014 2.22115749 2.26291965 2.32305054 2.4145593  2.4145593
 2.55114522 2.55114522 2.74214716 2.80896928 2.80896928 3.03339251
 3.03339251 3.24719426 3.39386175 3.39386175 3.39882248 3.43277993
 3.45239529 3.45239529 3.84966933 4.5767966  5.48159087 7.87751506
 7.87751506 8.42493335 8.42493335 8.66928438]
   1 ( 0.000  0.000  0.500)   [-0.27690985 -0.2769098  -0.27500044 -0.27500044 -0.27500041 -0.27500041
 -0.27029952 -0.27029952 -0.27029944 -0.27029944 -0.0868157  -0.08681558
  0.30753646  0.30753649  0.49196654  0.49196654  0.49196664  0.49196664] [0.58659474 0.58659488 0.74069897 0.74069897 0.74069902 0.74069902
 0.75788375 0.75788376 1.07613814 1.07613818 1.14207929 1.14207929
 1.14207932 1.14207932 1.3141187  1.31411872 1.36703441 1.36703441
 1.36703443 1.36703443 1.69578539 1.69578585 1.7641206  1.7641206
 1.76412063 1.76412063 2.07679302 2.0767936  2.12832137 2.12832137
 2.12832139 2.12832139 2.24170594 2.241706   2.46061386 2.46061386
 2.46061392 2.46061392 2.59151174 2.59151178 2.85452735 2.85452735
 2.85452748 2.85452748 3.25164318 3.2516445  3.42023462 3.42023462
 3.42023473 3.42023473 4.43065512 4.43070716 5.69084188 5.69086988
 7.69317417 7.69317417 7.69317424 7.69317424]
   2 ( 0.000  0.500  0.000)   [-0.2806496  -0.2783942  -0.2747025  -0.27417345 -0.27252097 -0.27190584
 -0.2701617  -0.27014175 -0.26936223 -0.26882619 -0.00408175  0.05004188
  0.16525491  0.22575076  0.26787755  0.35707245  0.35847829  0.46371902] [0.53639075 0.6230873  0.65713657 0.75017166 0.81536251 0.84126398
 0.86407879 0.96510156 0.99679598 1.08696244 1.11507781 1.19351253
 1.28009411 1.34220181 1.37490688 1.4028006  1.46114394 1.46927182
 1.52872551 1.54352742 1.6324073  1.68454959 1.69517009 1.77437048
 1.79929504 1.88930791 1.95294246 2.01781445 2.04691311 2.08138633
 2.17664866 2.19172695 2.23388982 2.28547707 2.43519317 2.4892008
 2.50686044 2.51151282 2.59609598 2.63397235 2.77191246 2.80434709
 2.91578335 2.9444462  2.95103327 3.05171096 3.14479335 3.15978083
 3.35060787 3.41898049 3.75981092 3.81850455 4.01898925 4.39440153
 4.39798663 5.648716   5.99896219 7.41125246]
   3 ( 0.000  0.500  0.500)   [-0.2792992  -0.27929915 -0.27496923 -0.27496918 -0.2719416  -0.27194152
 -0.26978519 -0.26978513 -0.26934995 -0.2693499   0.02725016  0.02725032
  0.14905131  0.14905136  0.40095169  0.40095178  0.40620096  0.40620097] [0.54060693 0.54060701 0.66469532 0.66469535 0.85815411 0.85815416
 0.87507921 0.87507925 1.05067413 1.05067419 1.23529266 1.23529276
 1.24695934 1.24695938 1.37880814 1.37880828 1.41425497 1.41425502
 1.57282212 1.5728222  1.70694916 1.70694919 1.82309035 1.82309063
 1.86486983 1.86487016 1.90444164 1.90444164 2.05655548 2.05655553
 2.08168444 2.08168449 2.20480363 2.20480369 2.50843511 2.50843592
 2.61511035 2.61511072 2.66099063 2.66099065 2.77142629 2.77142646
 2.95405555 2.95405565 3.03645477 3.03645759 3.28291883 3.28291893
 3.33120283 3.33120401 3.41765549 3.4176605  4.68677476 4.686828
 4.98060378 4.98060381 6.02522564 6.02523013]
   4 ( 0.500  0.000  0.000)   [-0.2806496  -0.2783942  -0.2747025  -0.27417345 -0.27252097 -0.27190584
 -0.2701617  -0.27014175 -0.26936223 -0.26882619 -0.00408175  0.05004188
  0.16525491  0.22575076  0.26787755  0.35707245  0.35847829  0.46371902] [0.53639075 0.6230873  0.65713657 0.75017166 0.81536251 0.84126398
 0.86407879 0.96510156 0.99679598 1.08696244 1.11507781 1.19351253
 1.28009411 1.34220181 1.37490688 1.4028006  1.46114394 1.46927182
 1.52872551 1.54352742 1.6324073  1.68454959 1.69517009 1.77437048
 1.79929504 1.88930791 1.95294246 2.01781445 2.04691311 2.08138633
 2.17664866 2.19172695 2.23388982 2.28547707 2.43519317 2.4892008
 2.50686044 2.51151282 2.59609598 2.63397235 2.77191246 2.80434709
 2.91578335 2.9444462  2.95103327 3.05171096 3.14479335 3.15978083
 3.35060787 3.41898049 3.75981092 3.81850455 4.01898925 4.39440153
 4.39798663 5.648716   5.99896219 7.41125246]
   5 ( 0.500  0.000  0.500)   [-0.2792992  -0.27929915 -0.27496923 -0.27496918 -0.2719416  -0.27194152
 -0.26978519 -0.26978513 -0.26934995 -0.2693499   0.02725016  0.02725032
  0.14905131  0.14905136  0.40095169  0.40095178  0.40620096  0.40620097] [0.54060693 0.54060701 0.66469532 0.66469535 0.85815411 0.85815416
 0.87507921 0.87507925 1.05067413 1.05067419 1.23529266 1.23529276
 1.24695934 1.24695938 1.37880814 1.37880828 1.41425497 1.41425502
 1.57282212 1.5728222  1.70694916 1.70694919 1.82309035 1.82309063
 1.86486983 1.86487016 1.90444164 1.90444164 2.05655548 2.05655553
 2.08168444 2.08168449 2.20480363 2.20480369 2.50843511 2.50843592
 2.61511035 2.61511072 2.66099063 2.66099065 2.77142629 2.77142646
 2.95405555 2.95405565 3.03645477 3.03645759 3.28291883 3.28291893
 3.33120283 3.33120401 3.41765549 3.4176605  4.68677476 4.686828
 4.98060378 4.98060381 6.02522564 6.02523013]
   6 ( 0.500  0.500  0.000)   [-0.2806496  -0.2783942  -0.2747025  -0.27417345 -0.27252097 -0.27190584
 -0.2701617  -0.27014175 -0.26936223 -0.26882619 -0.00408175  0.05004188
  0.16525491  0.22575076  0.26787755  0.35707245  0.35847829  0.46371902] [0.53639075 0.6230873  0.65713657 0.75017166 0.81536251 0.84126398
 0.86407879 0.96510156 0.99679598 1.08696244 1.11507781 1.19351253
 1.28009411 1.34220181 1.37490688 1.4028006  1.46114394 1.46927182
 1.52872551 1.54352742 1.6324073  1.68454959 1.69517009 1.77437048
 1.79929504 1.88930791 1.95294246 2.01781445 2.04691311 2.08138633
 2.17664866 2.19172695 2.23388982 2.28547707 2.43519317 2.4892008
 2.50686044 2.51151282 2.59609598 2.63397235 2.77191246 2.80434709
 2.91578335 2.9444462  2.95103327 3.05171096 3.14479335 3.15978083
 3.35060787 3.41898049 3.75981092 3.81850455 4.01898925 4.39440153
 4.39798663 5.648716   5.99896219 7.41125246]
   7 ( 0.500  0.500  0.500)   [-0.2792992  -0.27929915 -0.27496923 -0.27496918 -0.2719416  -0.27194152
 -0.26978519 -0.26978513 -0.26934995 -0.2693499   0.02725016  0.02725032
  0.14905131  0.14905136  0.40095169  0.40095178  0.40620096  0.40620097] [0.54060693 0.54060701 0.66469532 0.66469535 0.85815411 0.85815416
 0.87507921 0.87507925 1.05067413 1.05067419 1.23529266 1.23529276
 1.24695934 1.24695938 1.37880814 1.37880828 1.41425497 1.41425502
 1.57282212 1.5728222  1.70694916 1.70694919 1.82309035 1.82309063
 1.86486983 1.86487016 1.90444164 1.90444164 2.05655548 2.05655553
 2.08168444 2.08168449 2.20480363 2.20480369 2.50843511 2.50843592
 2.61511035 2.61511072 2.66099063 2.66099065 2.77142629 2.77142646
 2.95405555 2.95405565 3.03645477 3.03645759 3.28291883 3.28291893
 3.33120283 3.33120401 3.41765549 3.4176605  4.68677476 4.686828
 4.98060378 4.98060381 6.02522564 6.02523013]
nelec by numeric integration = 35.99999999988488
    CPU time for vxc    243.44 sec, wall time     40.67 sec
    CPU time for vj and vk    478.80 sec, wall time     80.05 sec
Ewald components = 6.77773183084737, -128.779455527716, 5.42224205397643
E1 = (-87.54597708066967-3.0005490647083853e-18j)  Ecoul = 60.96438129266934  Exc = -24.681909150635104
cycle= 2 E= -167.842986581527  delta_E= 0.787  |g|= 5.99  |ddm|=   12
    CPU time for cycle= 2    722.48 sec, wall time    120.76 sec
HOMO = 0.356475827916  LUMO = 0.425297884032
     k-point                  mo_energy
   0 ( 0.000  0.000  0.000)   [-0.22881017 -0.19916973 -0.14918137 -0.14795092 -0.14795092 -0.14564514
 -0.14564514 -0.13899772 -0.13899772 -0.13546151 -0.13546151 -0.08398928
  0.08976092  0.3161853   0.3161853   0.35321702  0.35647583  0.35647583] [0.42529788 0.50274265 0.69131886 0.71929547 0.71929547 0.74882005
 0.79175914 0.79175914 0.98038268 1.0336515  1.0336515  1.16645611
 1.16645611 1.239414   1.30404386 1.3055593  1.3055593  1.45847925
 1.46774087 1.46774087 1.54850655 1.5760066  1.59946874 1.59946874
 1.90724683 1.90724683 1.92887626 1.92887626 1.98814746 1.98814746
 2.05235511 2.24935491 2.26754539 2.29214965 2.36851625 2.36851625
 2.47089916 2.47089916 2.6559479  2.6559479  2.7052329  2.94194515
 2.94194515 3.20490858 3.28903441 3.28903441 3.32817198 3.36715865
 3.36715865 3.36795625 3.80080184 4.4987586  5.54971827 7.95036535
 7.95036535 8.50909769 8.50909769 8.72642756]
   1 ( 0.000  0.000  0.500)   [-0.20956466 -0.20956464 -0.1471705  -0.1471705  -0.14717049 -0.14717049
 -0.13688603 -0.13688603 -0.13688598 -0.13688598 -0.13497762 -0.13497755
  0.21180374  0.21180379  0.33575502  0.33575502  0.33575504  0.33575504] [0.50605919 0.50605921 0.66474728 0.66474733 0.74306933 0.74306933
 0.74306934 0.74306934 1.07995157 1.07995158 1.1228237  1.1228237
 1.12282371 1.12282371 1.31487733 1.31487736 1.36670567 1.36670567
 1.36670568 1.36670568 1.59680716 1.59680747 1.65855241 1.65855241
 1.65855246 1.65855246 2.06171273 2.06171332 2.11419659 2.11419659
 2.11419659 2.11419659 2.2704114  2.2704114  2.40876651 2.40876651
 2.40876652 2.40876652 2.53405611 2.53405617 2.72275127 2.72275127
 2.72275127 2.72275127 3.14735149 3.14735248 3.32367073 3.32367073
 3.32367074 3.32367074 4.37043563 4.37047512 5.74886755 5.74888439
 7.77480099 7.77480099 7.77480102 7.77480102]
   2 ( 0.000  0.500  0.000)   [-0.19949014 -0.19434156 -0.14639435 -0.14557547 -0.14232855 -0.14037805
 -0.13880154 -0.13870184 -0.13548178 -0.13437178 -0.08741044 -0.0651239
  0.11155924  0.15571841  0.19553903  0.25129715  0.27050383  0.31802549] [0.53538664 0.55558657 0.57666227 0.66811714 0.73909902 0.74998181
 0.83300988 0.85189179 0.87949737 1.05712801 1.09413583 1.14413885
 1.24843882 1.31961641 1.35767908 1.36169713 1.42945193 1.43944161
 1.54388568 1.54420813 1.55749484 1.67901987 1.69907606 1.75653423
 1.78877515 1.84682242 1.91337865 1.99749401 2.04944652 2.05613953
 2.1487734  2.16420321 2.25429566 2.26142359 2.44291859 2.44894877
 2.4681343  2.51686691 2.55578859 2.55846478 2.66356684 2.69116554
 2.80547586 2.80834496 2.81886973 2.9957187  3.01945068 3.05244017
 3.2330663  3.30392132 3.66122305 3.74659191 3.93981503 4.35819543
 4.3686633  5.72436416 6.13405013 7.49423538]
   3 ( 0.000  0.500  0.500)   [-0.1950397  -0.19503967 -0.14654188 -0.14654184 -0.14195972 -0.14195968
 -0.13807407 -0.13807401 -0.13524784 -0.13524783 -0.07773399 -0.07773396
  0.10597173  0.10597174  0.28180667  0.28180669  0.28285899  0.28285904] [0.51257294 0.51257295 0.64205741 0.64205743 0.72837771 0.72837774
 0.81580176 0.81580177 0.96914019 0.96914022 1.19188495 1.19188508
 1.21677073 1.21677075 1.35234844 1.35234855 1.39446028 1.39446029
 1.56000276 1.56000286 1.67266775 1.67266776 1.80642007 1.80642027
 1.83120771 1.831208   1.91514831 1.91514832 2.04880583 2.04880584
 2.07180505 2.07180507 2.18002764 2.18002768 2.46774366 2.46774421
 2.55797138 2.55797156 2.60771264 2.60771266 2.64825371 2.64825381
 2.84689914 2.84689915 2.91979478 2.91979688 3.17658384 3.17658385
 3.22972668 3.22972734 3.39533812 3.3953431  4.61993559 4.61997128
 4.99911594 4.99911596 6.15173906 6.15174344]
   4 ( 0.500  0.000  0.000)   [-0.19949014 -0.19434156 -0.14639435 -0.14557547 -0.14232855 -0.14037805
 -0.13880154 -0.13870184 -0.13548178 -0.13437178 -0.08741044 -0.0651239
  0.11155924  0.15571841  0.19553903  0.25129715  0.27050383  0.31802549] [0.53538664 0.55558657 0.57666227 0.66811714 0.73909902 0.74998181
 0.83300988 0.85189179 0.87949737 1.05712801 1.09413583 1.14413885
 1.24843882 1.31961641 1.35767908 1.36169713 1.42945193 1.43944161
 1.54388568 1.54420813 1.55749484 1.67901987 1.69907606 1.75653423
 1.78877515 1.84682242 1.91337865 1.99749401 2.04944652 2.05613953
 2.1487734  2.16420321 2.25429566 2.26142359 2.44291859 2.44894877
 2.4681343  2.51686691 2.55578859 2.55846478 2.66356684 2.69116554
 2.80547586 2.80834496 2.81886973 2.9957187  3.01945068 3.05244017
 3.2330663  3.30392132 3.66122305 3.74659191 3.93981503 4.35819543
 4.3686633  5.72436416 6.13405013 7.49423538]
   5 ( 0.500  0.000  0.500)   [-0.1950397  -0.19503967 -0.14654188 -0.14654184 -0.14195972 -0.14195968
 -0.13807407 -0.13807401 -0.13524784 -0.13524783 -0.07773399 -0.07773396
  0.10597173  0.10597174  0.28180667  0.28180669  0.28285899  0.28285904] [0.51257294 0.51257295 0.64205741 0.64205743 0.72837771 0.72837774
 0.81580176 0.81580177 0.96914019 0.96914022 1.19188495 1.19188508
 1.21677073 1.21677075 1.35234844 1.35234855 1.39446028 1.39446029
 1.56000276 1.56000286 1.67266775 1.67266776 1.80642007 1.80642027
 1.83120771 1.831208   1.91514831 1.91514832 2.04880583 2.04880584
 2.07180505 2.07180507 2.18002764 2.18002768 2.46774366 2.46774421
 2.55797138 2.55797156 2.60771264 2.60771266 2.64825371 2.64825381
 2.84689914 2.84689915 2.91979478 2.91979688 3.17658384 3.17658385
 3.22972668 3.22972734 3.39533812 3.3953431  4.61993559 4.61997128
 4.99911594 4.99911596 6.15173906 6.15174344]
   6 ( 0.500  0.500  0.000)   [-0.19949014 -0.19434156 -0.14639435 -0.14557547 -0.14232855 -0.14037805
 -0.13880154 -0.13870184 -0.13548178 -0.13437178 -0.08741044 -0.0651239
  0.11155924  0.15571841  0.19553903  0.25129715  0.27050383  0.31802549] [0.53538664 0.55558657 0.57666227 0.66811714 0.73909902 0.74998181
 0.83300988 0.85189179 0.87949737 1.05712801 1.09413583 1.14413885
 1.24843882 1.31961641 1.35767908 1.36169713 1.42945193 1.43944161
 1.54388568 1.54420813 1.55749484 1.67901987 1.69907606 1.75653423
 1.78877515 1.84682242 1.91337865 1.99749401 2.04944652 2.05613953
 2.1487734  2.16420321 2.25429566 2.26142359 2.44291859 2.44894877
 2.4681343  2.51686691 2.55578859 2.55846478 2.66356684 2.69116554
 2.80547586 2.80834496 2.81886973 2.9957187  3.01945068 3.05244017
 3.2330663  3.30392132 3.66122305 3.74659191 3.93981503 4.35819543
 4.3686633  5.72436416 6.13405013 7.49423538]
   7 ( 0.500  0.500  0.500)   [-0.1950397  -0.19503967 -0.14654188 -0.14654184 -0.14195972 -0.14195968
 -0.13807407 -0.13807401 -0.13524784 -0.13524783 -0.07773399 -0.07773396
  0.10597173  0.10597174  0.28180667  0.28180669  0.28285899  0.28285904] [0.51257294 0.51257295 0.64205741 0.64205743 0.72837771 0.72837774
 0.81580176 0.81580177 0.96914019 0.96914022 1.19188495 1.19188508
 1.21677073 1.21677075 1.35234844 1.35234855 1.39446028 1.39446029
 1.56000276 1.56000286 1.67266775 1.67266776 1.80642007 1.80642027
 1.83120771 1.831208   1.91514831 1.91514832 2.04880583 2.04880584
 2.07180505 2.07180507 2.18002764 2.18002768 2.46774366 2.46774421
 2.55797138 2.55797156 2.60771264 2.60771266 2.64825371 2.64825381
 2.84689914 2.84689915 2.91979478 2.91979688 3.17658384 3.17658385
 3.22972668 3.22972734 3.39533812 3.3953431  4.61993559 4.61997128
 4.99911594 4.99911596 6.15173906 6.15174344]
nelec by numeric integration = 35.99999999973639
    CPU time for vxc    245.67 sec, wall time     41.04 sec
    CPU time for vj and vk    474.17 sec, wall time     79.22 sec
Ewald components = 6.77773183084737, -128.779455527716, 5.42224205397643
E1 = (-87.23584419771812-9.603850876290198e-18j)  Ecoul = 59.925662471306325  Exc = -25.11400292763254
cycle= 3 E= -169.003666296936  delta_E= -1.16  |g|= 0.233  |ddm|= 8.34
    CPU time for cycle= 3    720.08 sec, wall time    120.30 sec
HOMO = 0.36526036279  LUMO = 0.427067227311
     k-point                  mo_energy
   0 ( 0.000  0.000  0.000)   [-0.22351275 -0.19326431 -0.14490621 -0.14390044 -0.14390044 -0.14167445
 -0.14167445 -0.13502152 -0.13502152 -0.1313473  -0.1313473  -0.07788869
  0.09104625  0.3236918   0.3236918   0.36120821  0.36526036  0.36526036] [0.42706723 0.50411608 0.69430707 0.71740226 0.71740226 0.74805968
 0.79143983 0.79143983 0.97765081 1.03339801 1.03339801 1.16376033
 1.16376033 1.23722951 1.30247141 1.307159   1.307159   1.45982885
 1.47012507 1.47012507 1.55074273 1.57680901 1.60160742 1.60160742
 1.90715354 1.90715354 1.93083647 1.93083647 1.98771567 1.98771567
 2.05334653 2.24753381 2.27121174 2.29030609 2.37177812 2.37177812
 2.47612252 2.47612252 2.66351127 2.66351127 2.70682418 2.94584955
 2.94584955 3.20852281 3.29447113 3.29447113 3.33264802 3.36944685
 3.37186569 3.37186569 3.8023499  4.50078683 5.55413543 7.95115857
 7.95115857 8.50948055 8.50948055 8.72726373]
   1 ( 0.000  0.000  0.500)   [-0.20371831 -0.20371816 -0.14316969 -0.14316969 -0.14316966 -0.14316966
 -0.13283085 -0.13283085 -0.13283079 -0.13283079 -0.13071317 -0.13071311
  0.2159283   0.21592833  0.34384026  0.34384026  0.34384042  0.34384042] [0.50880316 0.50880325 0.66567191 0.66567191 0.74183401 0.74183401
 0.74183405 0.74183405 1.07776622 1.07776626 1.12255137 1.12255137
 1.12255139 1.12255139 1.31330992 1.31330997 1.36673896 1.36673896
 1.36673897 1.36673897 1.59928363 1.59928391 1.66076263 1.66076263
 1.66076267 1.66076267 2.06207052 2.06207105 2.11513094 2.11513094
 2.11513097 2.11513097 2.26857922 2.26857927 2.41215996 2.41215996
 2.41216005 2.41216005 2.53641225 2.53641228 2.72883504 2.72883504
 2.72883518 2.72883518 3.15217186 3.15217284 3.32885351 3.32885351
 3.32885363 3.32885363 4.37249211 4.37252919 5.75338531 5.75340122
 7.77470426 7.77470426 7.77470431 7.77470431]
   2 ( 0.000  0.500  0.000)   [-0.19350874 -0.18839663 -0.14236925 -0.14142493 -0.13822226 -0.13645432
 -0.13457878 -0.1345646  -0.13155688 -0.13034129 -0.08218165 -0.05913767
  0.11475682  0.15978047  0.19893909  0.25697797  0.27514103  0.32568456] [0.53423259 0.55717368 0.5767697  0.67218622 0.74195105 0.74824252
 0.83465189 0.85194925 0.88144876 1.05718592 1.09305833 1.14563815
 1.24867643 1.32040311 1.35948846 1.36285318 1.43183466 1.44063563
 1.54342896 1.54636338 1.55709067 1.67811127 1.69731746 1.75681668
 1.78778967 1.84832075 1.91372445 1.99869279 2.05103442 2.05497746
 2.14974397 2.16420919 2.25312189 2.26126639 2.44405088 2.45274896
 2.46996176 2.51596015 2.55846658 2.56073769 2.66890013 2.69511029
 2.81067095 2.8124511  2.82454735 2.99888324 3.02507887 3.05756669
 3.23845605 3.30998047 3.66528808 3.7489226  3.94199769 4.35934573
 4.37037557 5.72885506 6.14010704 7.49389056]
   3 ( 0.000  0.500  0.500)   [-0.18904092 -0.1890408  -0.14257413 -0.14257408 -0.13778709 -0.13778703
 -0.13388351 -0.13388345 -0.1313089  -0.13130886 -0.07207563 -0.07207551
  0.10863464  0.10863471  0.28825036  0.28825049  0.28895211  0.28895214] [0.51153595 0.511536   0.64355306 0.64355311 0.73037196 0.73037202
 0.81607138 0.81607142 0.96993093 0.96993098 1.19128675 1.19128686
 1.2176897  1.21768974 1.35360268 1.35360285 1.39611995 1.39612002
 1.56121765 1.56121775 1.67307823 1.67307826 1.80620137 1.80620155
 1.83188142 1.83188172 1.91435115 1.91435116 2.0485338  2.04853384
 2.07167484 2.07167489 2.18075982 2.18075985 2.46910393 2.46910442
 2.56087009 2.56087029 2.61017353 2.61017355 2.65314656 2.65314668
 2.8512714  2.85127151 2.92528966 2.92529163 3.18214328 3.1821434
 3.23486575 3.23486631 3.39574835 3.39575301 4.62237007 4.62240362
 4.99875526 4.99875528 6.15726989 6.15727408]
   4 ( 0.500  0.000  0.000)   [-0.19350874 -0.18839663 -0.14236925 -0.14142493 -0.13822226 -0.13645432
 -0.13457878 -0.1345646  -0.13155688 -0.13034129 -0.08218165 -0.05913767
  0.11475682  0.15978047  0.19893909  0.25697797  0.27514103  0.32568456] [0.53423259 0.55717368 0.5767697  0.67218622 0.74195105 0.74824252
 0.83465189 0.85194925 0.88144876 1.05718592 1.09305833 1.14563815
 1.24867643 1.32040311 1.35948846 1.36285318 1.43183466 1.44063563
 1.54342896 1.54636338 1.55709067 1.67811127 1.69731746 1.75681668
 1.78778967 1.84832075 1.91372445 1.99869279 2.05103442 2.05497746
 2.14974397 2.16420919 2.25312189 2.26126639 2.44405088 2.45274896
 2.46996176 2.51596015 2.55846658 2.56073769 2.66890013 2.69511029
 2.81067095 2.8124511  2.82454735 2.99888324 3.02507887 3.05756669
 3.23845605 3.30998047 3.66528808 3.7489226  3.94199769 4.35934573
 4.37037557 5.72885506 6.14010704 7.49389056]
   5 ( 0.500  0.000  0.500)   [-0.18904092 -0.1890408  -0.14257413 -0.14257408 -0.13778709 -0.13778703
 -0.13388351 -0.13388345 -0.1313089  -0.13130886 -0.07207563 -0.07207551
  0.10863464  0.10863471  0.28825036  0.28825049  0.28895211  0.28895214] [0.51153595 0.511536   0.64355306 0.64355311 0.73037196 0.73037202
 0.81607138 0.81607142 0.96993093 0.96993098 1.19128675 1.19128686
 1.2176897  1.21768974 1.35360268 1.35360285 1.39611995 1.39612002
 1.56121765 1.56121775 1.67307823 1.67307826 1.80620137 1.80620155
 1.83188142 1.83188172 1.91435115 1.91435116 2.0485338  2.04853384
 2.07167484 2.07167489 2.18075982 2.18075985 2.46910393 2.46910442
 2.56087009 2.56087029 2.61017353 2.61017355 2.65314656 2.65314668
 2.8512714  2.85127151 2.92528966 2.92529163 3.18214328 3.1821434
 3.23486575 3.23486631 3.39574835 3.39575301 4.62237007 4.62240362
 4.99875526 4.99875528 6.15726989 6.15727408]
   6 ( 0.500  0.500  0.000)   [-0.19350874 -0.18839663 -0.14236925 -0.14142493 -0.13822226 -0.13645432
 -0.13457878 -0.1345646  -0.13155688 -0.13034129 -0.08218165 -0.05913767
  0.11475682  0.15978047  0.19893909  0.25697797  0.27514103  0.32568456] [0.53423259 0.55717368 0.5767697  0.67218622 0.74195105 0.74824252
 0.83465189 0.85194925 0.88144876 1.05718592 1.09305833 1.14563815
 1.24867643 1.32040311 1.35948846 1.36285318 1.43183466 1.44063563
 1.54342896 1.54636338 1.55709067 1.67811127 1.69731746 1.75681668
 1.78778967 1.84832075 1.91372445 1.99869279 2.05103442 2.05497746
 2.14974397 2.16420919 2.25312189 2.26126639 2.44405088 2.45274896
 2.46996176 2.51596015 2.55846658 2.56073769 2.66890013 2.69511029
 2.81067095 2.8124511  2.82454735 2.99888324 3.02507887 3.05756669
 3.23845605 3.30998047 3.66528808 3.7489226  3.94199769 4.35934573
 4.37037557 5.72885506 6.14010704 7.49389056]
   7 ( 0.500  0.500  0.500)   [-0.18904092 -0.1890408  -0.14257413 -0.14257408 -0.13778709 -0.13778703
 -0.13388351 -0.13388345 -0.1313089  -0.13130886 -0.07207563 -0.07207551
  0.10863464  0.10863471  0.28825036  0.28825049  0.28895211  0.28895214] [0.51153595 0.511536   0.64355306 0.64355311 0.73037196 0.73037202
 0.81607138 0.81607142 0.96993093 0.96993098 1.19128675 1.19128686
 1.2176897  1.21768974 1.35360268 1.35360285 1.39611995 1.39612002
 1.56121765 1.56121775 1.67307823 1.67307826 1.80620137 1.80620155
 1.83188142 1.83188172 1.91435115 1.91435116 2.0485338  2.04853384
 2.07167484 2.07167489 2.18075982 2.18075985 2.46910393 2.46910442
 2.56087009 2.56087029 2.61017353 2.61017355 2.65314656 2.65314668
 2.8512714  2.85127151 2.92528966 2.92529163 3.18214328 3.1821434
 3.23486575 3.23486631 3.39574835 3.39575301 4.62237007 4.62240362
 4.99875526 4.99875528 6.15726989 6.15727408]
nelec by numeric integration = 35.999999999743956
    CPU time for vxc    243.62 sec, wall time     40.70 sec
    CPU time for vj and vk    474.18 sec, wall time     79.22 sec
Ewald components = 6.77773183084737, -128.779455527716, 5.42224205397643
E1 = (-87.07226583471373-9.606880309457588e-18j)  Ecoul = 59.70188578728508  Exc = -25.055441296275397
cycle= 4 E= -169.005302986596  delta_E= -0.00164  |g|= 0.0709  |ddm|= 0.436
    CPU time for cycle= 4    718.04 sec, wall time    119.96 sec
HOMO = 0.363627193696  LUMO = 0.426207392847
     k-point                  mo_energy
   0 ( 0.000  0.000  0.000)   [-0.22444393 -0.19624976 -0.15001431 -0.1490396  -0.1490396  -0.14685269
 -0.14685269 -0.14029713 -0.14029713 -0.13668094 -0.13668094 -0.08139763
  0.09056542  0.3223025   0.3223025   0.3596888   0.36362719  0.36362719] [0.42620739 0.50311372 0.69335603 0.71695275 0.71695275 0.74752112
 0.79074903 0.79074903 0.9773317  1.03265884 1.03265884 1.1633634
 1.1633634  1.23685206 1.3018655  1.3061823  1.3061823  1.45882908
 1.46890763 1.46890763 1.5499254  1.57608631 1.60096515 1.60096515
 1.906481   1.906481   1.92964642 1.92964642 1.98709254 1.98709254
 2.0526055  2.2468882  2.27032592 2.28963868 2.37084364 2.37084364
 2.47503396 2.47503396 2.66248512 2.66248512 2.70576317 2.94493567
 2.94493567 3.20725633 3.29318285 3.29318285 3.33155764 3.36777844
 3.3705687  3.3705687  3.80126673 4.49947462 5.54961906 7.94835295
 7.94835295 8.5066114  8.5066114  8.72452436]
   1 ( 0.000  0.000  0.500)   [-0.20545129 -0.20545124 -0.14831988 -0.14831988 -0.14831987 -0.14831987
 -0.13814327 -0.13814327 -0.13814323 -0.13814323 -0.13503882 -0.13503874
  0.21484276  0.21484284  0.34233627  0.34233627  0.34233636  0.34233636] [0.50777161 0.50777163 0.66495906 0.66495913 0.74129742 0.74129742
 0.74129744 0.74129744 1.0773509  1.07735092 1.12183473 1.12183473
 1.12183474 1.12183474 1.31279163 1.31279165 1.36592476 1.36592476
 1.36592478 1.36592478 1.59842749 1.5984278  1.65981388 1.65981388
 1.65981396 1.65981396 2.06112478 2.06112533 2.11432527 2.11432527
 2.11432529 2.11432529 2.26792291 2.26792292 2.41118888 2.41118888
 2.41118892 2.41118892 2.53550848 2.53550854 2.72785341 2.72785341
 2.72785346 2.72785346 3.15104152 3.15104241 3.32754821 3.32754821
 3.32754826 3.32754826 4.37110443 4.37114122 5.7489434  5.7489593
 7.77207191 7.77207191 7.77207194 7.77207194]
   2 ( 0.000  0.500  0.000)   [-0.19643287 -0.19186178 -0.14748036 -0.14659487 -0.14341917 -0.14165891
 -0.13988324 -0.13985901 -0.13689491 -0.1356877  -0.08567087 -0.06204427
  0.11375975  0.15866827  0.1981934   0.25594091  0.27416675  0.32426727] [0.5335896  0.55627449 0.5761549  0.67102306 0.74092433 0.74780108
 0.83395665 0.85113503 0.88041518 1.05643469 1.09247138 1.14457747
 1.2479034  1.31944611 1.35870563 1.36210741 1.43115311 1.44019876
 1.54291484 1.54541556 1.55592943 1.67711059 1.69653694 1.75621865
 1.78667854 1.84756311 1.91299645 1.99780106 2.05032174 2.05432819
 2.14887986 2.163431   2.25251963 2.26040502 2.44285757 2.45176398
 2.46895143 2.51502566 2.55755299 2.55997103 2.66778397 2.6941227
 2.80969707 2.81155333 2.82346163 2.99774789 3.0240919  3.05636651
 3.23740598 3.30873167 3.66414962 3.7478274  3.94105983 4.35826134
 4.36902165 5.72414616 6.13394279 7.49126363]
   3 ( 0.000  0.500  0.500)   [-0.19228954 -0.19228953 -0.14767171 -0.14767167 -0.14302293 -0.14302289
 -0.13916151 -0.13916145 -0.13664669 -0.13664668 -0.07524144 -0.07524143
  0.10773935  0.10773938  0.28704582  0.2870459   0.28778148  0.28778157] [0.51100909 0.5110091  0.6425853  0.64258534 0.7295048  0.72950484
 0.81534422 0.81534425 0.96915168 0.96915172 1.19057686 1.19057699
 1.21678392 1.21678396 1.35287694 1.35287702 1.39539439 1.39539442
 1.56018094 1.56018103 1.67208301 1.67208304 1.80541177 1.80541196
 1.83122166 1.83122193 1.91363271 1.91363271 2.04780473 2.04780475
 2.07094649 2.0709465  2.17988844 2.17988848 2.468005   2.46800554
 2.55985775 2.55985792 2.60933163 2.60933166 2.65226052 2.65226061
 2.85036017 2.85036021 2.92422108 2.92422304 3.18089715 3.1808972
 3.23374903 3.23374968 3.39462321 3.39462778 4.62096265 4.62099598
 4.99733822 4.99733824 6.15146341 6.15146766]
   4 ( 0.500  0.000  0.000)   [-0.19643287 -0.19186178 -0.14748036 -0.14659487 -0.14341917 -0.14165891
 -0.13988324 -0.13985901 -0.13689491 -0.1356877  -0.08567087 -0.06204427
  0.11375975  0.15866827  0.1981934   0.25594091  0.27416675  0.32426727] [0.5335896  0.55627449 0.5761549  0.67102306 0.74092433 0.74780108
 0.83395665 0.85113503 0.88041518 1.05643469 1.09247138 1.14457747
 1.2479034  1.31944611 1.35870563 1.36210741 1.43115311 1.44019876
 1.54291484 1.54541556 1.55592943 1.67711059 1.69653694 1.75621865
 1.78667854 1.84756311 1.91299645 1.99780106 2.05032174 2.05432819
 2.14887986 2.163431   2.25251963 2.26040502 2.44285757 2.45176398
 2.46895143 2.51502566 2.55755299 2.55997103 2.66778397 2.6941227
 2.80969707 2.81155333 2.82346163 2.99774789 3.0240919  3.05636651
 3.23740598 3.30873167 3.66414962 3.7478274  3.94105983 4.35826134
 4.36902165 5.72414616 6.13394279 7.49126363]
   5 ( 0.500  0.000  0.500)   [-0.19228954 -0.19228953 -0.14767171 -0.14767167 -0.14302293 -0.14302289
 -0.13916151 -0.13916145 -0.13664669 -0.13664668 -0.07524144 -0.07524143
  0.10773935  0.10773938  0.28704582  0.2870459   0.28778148  0.28778157] [0.51100909 0.5110091  0.6425853  0.64258534 0.7295048  0.72950484
 0.81534422 0.81534425 0.96915168 0.96915172 1.19057686 1.19057699
 1.21678392 1.21678396 1.35287694 1.35287702 1.39539439 1.39539442
 1.56018094 1.56018103 1.67208301 1.67208304 1.80541177 1.80541196
 1.83122166 1.83122193 1.91363271 1.91363271 2.04780473 2.04780475
 2.07094649 2.0709465  2.17988844 2.17988848 2.468005   2.46800554
 2.55985775 2.55985792 2.60933163 2.60933166 2.65226052 2.65226061
 2.85036017 2.85036021 2.92422108 2.92422304 3.18089715 3.1808972
 3.23374903 3.23374968 3.39462321 3.39462778 4.62096265 4.62099598
 4.99733822 4.99733824 6.15146341 6.15146766]
   6 ( 0.500  0.500  0.000)   [-0.19643287 -0.19186178 -0.14748036 -0.14659487 -0.14341917 -0.14165891
 -0.13988324 -0.13985901 -0.13689491 -0.1356877  -0.08567087 -0.06204427
  0.11375975  0.15866827  0.1981934   0.25594091  0.27416675  0.32426727] [0.5335896  0.55627449 0.5761549  0.67102306 0.74092433 0.74780108
 0.83395665 0.85113503 0.88041518 1.05643469 1.09247138 1.14457747
 1.2479034  1.31944611 1.35870563 1.36210741 1.43115311 1.44019876
 1.54291484 1.54541556 1.55592943 1.67711059 1.69653694 1.75621865
 1.78667854 1.84756311 1.91299645 1.99780106 2.05032174 2.05432819
 2.14887986 2.163431   2.25251963 2.26040502 2.44285757 2.45176398
 2.46895143 2.51502566 2.55755299 2.55997103 2.66778397 2.6941227
 2.80969707 2.81155333 2.82346163 2.99774789 3.0240919  3.05636651
 3.23740598 3.30873167 3.66414962 3.7478274  3.94105983 4.35826134
 4.36902165 5.72414616 6.13394279 7.49126363]
   7 ( 0.500  0.500  0.500)   [-0.19228954 -0.19228953 -0.14767171 -0.14767167 -0.14302293 -0.14302289
 -0.13916151 -0.13916145 -0.13664669 -0.13664668 -0.07524144 -0.07524143
  0.10773935  0.10773938  0.28704582  0.2870459   0.28778148  0.28778157] [0.51100909 0.5110091  0.6425853  0.64258534 0.7295048  0.72950484
 0.81534422 0.81534425 0.96915168 0.96915172 1.19057686 1.19057699
 1.21678392 1.21678396 1.35287694 1.35287702 1.39539439 1.39539442
 1.56018094 1.56018103 1.67208301 1.67208304 1.80541177 1.80541196
 1.83122166 1.83122193 1.91363271 1.91363271 2.04780473 2.04780475
 2.07094649 2.0709465  2.17988844 2.17988848 2.468005   2.46800554
 2.55985775 2.55985792 2.60933163 2.60933166 2.65226052 2.65226061
 2.85036017 2.85036021 2.92422108 2.92422304 3.18089715 3.1808972
 3.23374903 3.23374968 3.39462321 3.39462778 4.62096265 4.62099598
 4.99733822 4.99733824 6.15146341 6.15146766]
nelec by numeric integration = 35.999999999744766
    CPU time for vxc    245.06 sec, wall time     40.94 sec
    CPU time for vj and vk    475.35 sec, wall time     79.42 sec
Ewald components = 6.77773183084737, -128.779455527716, 5.42224205397643
E1 = (-87.16604733759965-9.568687792992947e-18j)  Ecoul = 59.815284893524556  Exc = -25.075176569266894
cycle= 5 E= -169.005420656234  delta_E= -0.000118  |g|= 0.00324  |ddm|= 0.116
    CPU time for cycle= 5    720.66 sec, wall time    120.40 sec
HOMO = 0.363608017748  LUMO = 0.426189892688
     k-point                  mo_energy
   0 ( 0.000  0.000  0.000)   [-0.22447909 -0.19617072 -0.14982471 -0.14883515 -0.14883515 -0.14664192
 -0.14664192 -0.14009246 -0.14009246 -0.13647795 -0.13647795 -0.08134192
  0.09059568  0.32228014  0.32228014  0.35969294  0.36360802  0.36360802] [0.42618989 0.50302686 0.69335613 0.7169464  0.7169464  0.74747116
 0.79073391 0.79073391 0.9772547  1.03266222 1.03266222 1.16338277
 1.16338277 1.2367658  1.30190178 1.30620084 1.30620084 1.45879842
 1.46890773 1.46890773 1.54991679 1.57611222 1.60092345 1.60092345
 1.90648728 1.90648728 1.929626   1.929626   1.98707932 1.98707932
 2.05256389 2.24690309 2.27032963 2.28965556 2.37079337 2.37079337
 2.47498844 2.47498844 2.66244043 2.66244043 2.70576601 2.94490603
 2.94490603 3.20727901 3.29314058 3.29314058 3.33152802 3.3678008
 3.37053747 3.37053747 3.80130286 4.49949201 5.54979032 7.94843527
 7.94843527 8.50671288 8.50671288 8.72463142]
   1 ( 0.000  0.000  0.500)   [-0.2054415  -0.20544123 -0.14811303 -0.14811303 -0.14811298 -0.14811298
 -0.13793875 -0.13793875 -0.13793868 -0.13793868 -0.13490242 -0.13490237
  0.21486447  0.21486457  0.34231553  0.34231553  0.34231586  0.34231586] [0.50770172 0.50770185 0.6649402  0.66494024 0.74128646 0.74128646
 0.74128654 0.74128654 1.07728036 1.07728043 1.12184435 1.12184435
 1.12184439 1.12184439 1.31281952 1.3128196  1.36593566 1.36593566
 1.36593568 1.36593568 1.59841902 1.59841927 1.65979144 1.65979144
 1.65979156 1.65979156 2.0610671  2.06106762 2.11429617 2.11429617
 2.11429623 2.11429623 2.26793874 2.26793882 2.41116686 2.41116686
 2.41116703 2.41116703 2.53551771 2.53551773 2.72780621 2.72780621
 2.72780647 2.72780647 3.15104263 3.15104368 3.32751081 3.32751081
 3.32751106 3.32751106 4.37112922 4.37116638 5.74911037 5.74912641
 7.77217327 7.77217327 7.77217334 7.77217334]
   2 ( 0.000  0.500  0.000)   [-0.19636485 -0.19176286 -0.14728113 -0.14640123 -0.14322513 -0.14145568
 -0.13967227 -0.13965741 -0.13667505 -0.13547826 -0.08555703 -0.06197136
  0.11370892  0.1586217   0.19820692  0.25591111  0.27416791  0.32424087] [0.53352578 0.55624686 0.57616349 0.67104137 0.74090199 0.74783197
 0.83392751 0.85110014 0.88042892 1.05644152 1.09245376 1.14452296
 1.24788591 1.31940749 1.35867863 1.36204638 1.43111161 1.44018456
 1.54291717 1.54539565 1.5558993  1.67717012 1.69658417 1.75621793
 1.78667392 1.84754368 1.91297074 1.99782908 2.05030929 2.05432551
 2.14887509 2.16340624 2.25250905 2.26040263 2.44281647 2.45176094
 2.46889217 2.51502951 2.55754929 2.55996193 2.66773512 2.69408681
 2.80966738 2.81153126 2.82342532 2.99771414 3.02404545 3.05633373
 3.23740192 3.30868146 3.66413724 3.74784607 3.9410793  4.35826968
 4.36904183 5.72431152 6.13417015 7.49138023]
   3 ( 0.000  0.500  0.500)   [-0.19220318 -0.19220296 -0.14747472 -0.14747466 -0.14282361 -0.14282353
 -0.13896115 -0.13896108 -0.13642935 -0.1364293  -0.0751512  -0.07515098
  0.1077052   0.10770534  0.2870185   0.28701879  0.28777587  0.28777598] [0.51098719 0.51098727 0.64256289 0.642563   0.72948211 0.72948223
 0.81536631 0.8153664  0.96913582 0.9691359  1.19057775 1.19057784
 1.21674024 1.21674033 1.35281601 1.35281624 1.39536276 1.3953629
 1.56018481 1.56018492 1.67212655 1.67212662 1.80543543 1.8054356
 1.83118011 1.83118042 1.91363395 1.91363397 2.04778226 2.04778235
 2.07092436 2.07092444 2.17988999 2.17989004 2.46799018 2.46799064
 2.55984519 2.55984544 2.60931248 2.60931253 2.65222068 2.65222085
 2.85033453 2.85033473 2.92419343 2.92419539 3.18084974 3.18084998
 3.23374948 3.23374996 3.3946279  3.39463261 4.62096938 4.62100301
 4.99737713 4.99737717 6.15167905 6.15168331]
   4 ( 0.500  0.000  0.000)   [-0.19636485 -0.19176286 -0.14728113 -0.14640123 -0.14322513 -0.14145568
 -0.13967227 -0.13965741 -0.13667505 -0.13547826 -0.08555703 -0.06197136
  0.11370892  0.1586217   0.19820692  0.25591111  0.27416791  0.32424087] [0.53352578 0.55624686 0.57616349 0.67104137 0.74090199 0.74783197
 0.83392751 0.85110014 0.88042892 1.05644152 1.09245376 1.14452296
 1.24788591 1.31940749 1.35867863 1.36204638 1.43111161 1.44018456
 1.54291717 1.54539565 1.5558993  1.67717012 1.69658417 1.75621793
 1.78667392 1.84754368 1.91297074 1.99782908 2.05030929 2.05432551
 2.14887509 2.16340624 2.25250905 2.26040263 2.44281647 2.45176094
 2.46889217 2.51502951 2.55754929 2.55996193 2.66773512 2.69408681
 2.80966738 2.81153126 2.82342532 2.99771414 3.02404545 3.05633373
 3.23740192 3.30868146 3.66413724 3.74784607 3.9410793  4.35826968
 4.36904183 5.72431152 6.13417015 7.49138023]
   5 ( 0.500  0.000  0.500)   [-0.19220318 -0.19220296 -0.14747472 -0.14747466 -0.14282361 -0.14282353
 -0.13896115 -0.13896108 -0.13642935 -0.1364293  -0.0751512  -0.07515098
  0.1077052   0.10770534  0.2870185   0.28701879  0.28777587  0.28777598] [0.51098719 0.51098727 0.64256289 0.642563   0.72948211 0.72948223
 0.81536631 0.8153664  0.96913582 0.9691359  1.19057775 1.19057784
 1.21674024 1.21674033 1.35281601 1.35281624 1.39536276 1.3953629
 1.56018481 1.56018492 1.67212655 1.67212662 1.80543543 1.8054356
 1.83118011 1.83118042 1.91363395 1.91363397 2.04778226 2.04778235
 2.07092436 2.07092444 2.17988999 2.17989004 2.46799018 2.46799064
 2.55984519 2.55984544 2.60931248 2.60931253 2.65222068 2.65222085
 2.85033453 2.85033473 2.92419343 2.92419539 3.18084974 3.18084998
 3.23374948 3.23374996 3.3946279  3.39463261 4.62096938 4.62100301
 4.99737713 4.99737717 6.15167905 6.15168331]
   6 ( 0.500  0.500  0.000)   [-0.19636485 -0.19176286 -0.14728113 -0.14640123 -0.14322513 -0.14145568
 -0.13967227 -0.13965741 -0.13667505 -0.13547826 -0.08555703 -0.06197136
  0.11370892  0.1586217   0.19820692  0.25591111  0.27416791  0.32424087] [0.53352578 0.55624686 0.57616349 0.67104137 0.74090199 0.74783197
 0.83392751 0.85110014 0.88042892 1.05644152 1.09245376 1.14452296
 1.24788591 1.31940749 1.35867863 1.36204638 1.43111161 1.44018456
 1.54291717 1.54539565 1.5558993  1.67717012 1.69658417 1.75621793
 1.78667392 1.84754368 1.91297074 1.99782908 2.05030929 2.05432551
 2.14887509 2.16340624 2.25250905 2.26040263 2.44281647 2.45176094
 2.46889217 2.51502951 2.55754929 2.55996193 2.66773512 2.69408681
 2.80966738 2.81153126 2.82342532 2.99771414 3.02404545 3.05633373
 3.23740192 3.30868146 3.66413724 3.74784607 3.9410793  4.35826968
 4.36904183 5.72431152 6.13417015 7.49138023]
   7 ( 0.500  0.500  0.500)   [-0.19220318 -0.19220296 -0.14747472 -0.14747466 -0.14282361 -0.14282353
 -0.13896115 -0.13896108 -0.13642935 -0.1364293  -0.0751512  -0.07515098
  0.1077052   0.10770534  0.2870185   0.28701879  0.28777587  0.28777598] [0.51098719 0.51098727 0.64256289 0.642563   0.72948211 0.72948223
 0.81536631 0.8153664  0.96913582 0.9691359  1.19057775 1.19057784
 1.21674024 1.21674033 1.35281601 1.35281624 1.39536276 1.3953629
 1.56018481 1.56018492 1.67212655 1.67212662 1.80543543 1.8054356
 1.83118011 1.83118042 1.91363395 1.91363397 2.04778226 2.04778235
 2.07092436 2.07092444 2.17988999 2.17989004 2.46799018 2.46799064
 2.55984519 2.55984544 2.60931248 2.60931253 2.65222068 2.65222085
 2.85033453 2.85033473 2.92419343 2.92419539 3.18084974 3.18084998
 3.23374948 3.23374996 3.3946279  3.39463261 4.62096938 4.62100301
 4.99737713 4.99737717 6.15167905 6.15168331]
nelec by numeric integration = 35.99999999974471
    CPU time for vxc    244.90 sec, wall time     40.91 sec
    CPU time for vj and vk    477.38 sec, wall time     79.81 sec
Ewald components = 6.77773183084737, -128.779455527716, 5.42224205397643
E1 = (-87.16220402345398-9.569770364874061e-18j)  Ecoul = 59.810756820879504  Exc = -25.074492055502756
cycle= 6 E= -169.005420900969  delta_E= -2.45e-07  |g|= 0.000814  |ddm|= 0.0076
    CPU time for cycle= 6    722.51 sec, wall time    120.76 sec
HOMO = 0.363603280205  LUMO = 0.426183552756
     k-point                  mo_energy
   0 ( 0.000  0.000  0.000)   [-0.22448507 -0.1961839  -0.14984426 -0.14885153 -0.14885153 -0.14665803
 -0.14665803 -0.14011023 -0.14011023 -0.13649617 -0.13649617 -0.08134794
  0.09057127  0.32227488  0.32227488  0.35967544  0.36360328  0.36360328] [0.42618355 0.50304207 0.69333852 0.71694368 0.71694368 0.74747049
 0.7907346  0.7907346  0.97726272 1.03265313 1.03265313 1.16336987
 1.16336987 1.23677045 1.30188053 1.30619229 1.30619229 1.45880076
 1.46890432 1.46890432 1.54990991 1.57609302 1.60092023 1.60092023
 1.90648092 1.90648092 1.92962466 1.92962466 1.98707305 1.98707305
 2.05256111 2.24690442 2.27031065 2.28965708 2.37079227 2.37079227
 2.47498769 2.47498769 2.66243088 2.66243088 2.70576164 2.94489791
 2.94489791 3.20725933 3.293141   3.293141   3.33152001 3.36779808
 3.37053611 3.37053611 3.80128919 4.49948304 5.54977041 7.9484294
 7.9484294  8.50670514 8.50670514 8.72461538]
   1 ( 0.000  0.000  0.500)   [-0.20545021 -0.20544992 -0.14812929 -0.14812929 -0.14812924 -0.14812924
 -0.1379567  -0.1379567  -0.13795668 -0.13795668 -0.13491791 -0.13491779
  0.21484483  0.21484505  0.34231042  0.34231042  0.34231087  0.34231087] [0.50770917 0.50770929 0.66492973 0.66492991 0.74128485 0.74128485
 0.74128495 0.74128495 1.07728592 1.07728601 1.12183556 1.12183556
 1.12183561 1.12183561 1.31279792 1.31279797 1.36592484 1.36592484
 1.36592487 1.36592487 1.59841338 1.59841375 1.65979276 1.65979276
 1.65979302 1.65979302 2.06107615 2.06107675 2.11429165 2.11429165
 2.11429172 2.11429172 2.26794015 2.26794026 2.41116222 2.41116222
 2.41116245 2.41116245 2.53550282 2.53550294 2.72779893 2.72779893
 2.72779924 2.72779924 3.15102641 3.15102722 3.32751049 3.32751049
 3.32751079 3.32751079 4.37112065 4.37115743 5.74909094 5.74910688
 7.77216312 7.77216312 7.77216314 7.77216314]
   2 ( 0.000  0.500  0.000)   [-0.19637618 -0.19177615 -0.14729916 -0.14641858 -0.14324406 -0.14147312
 -0.1396891  -0.13967628 -0.13669224 -0.13549623 -0.08557158 -0.06198423
  0.11371275  0.15862642  0.19818669  0.25590744  0.27414968  0.32423854] [0.53353368 0.55624782 0.57614738 0.67102748 0.74089442 0.74781709
 0.83392527 0.85109656 0.88042164 1.05643213 1.09245084 1.14453005
 1.24788509 1.3194124  1.35867907 1.36204717 1.43111618 1.44017496
 1.54290448 1.54538954 1.55590193 1.67715729 1.69657349 1.75620554
 1.78667329 1.84753505 1.91296963 1.99781151 2.05029729 2.05432184
 2.1488741  2.16340526 2.25250303 2.26039589 2.44282079 2.45174785
 2.46889932 2.51502236 2.55753777 2.55995658 2.66773482 2.69408798
 2.80965869 2.81152422 2.82341858 2.99771478 3.02403909 3.05632727
 3.23738385 3.30868046 3.66412914 3.74784076 3.94106765 4.35826076
 4.36903313 5.72429489 6.1341494  7.49136997]
   3 ( 0.000  0.500  0.500)   [-0.19221558 -0.19221539 -0.14749249 -0.14749246 -0.14284083 -0.14284082
 -0.13897995 -0.13897989 -0.13644674 -0.13644672 -0.07516483 -0.07516464
  0.10770446  0.10770463  0.28701521  0.28701561  0.28776183  0.28776208] [0.51098154 0.51098162 0.6425612  0.64256137 0.72947555 0.72947572
 0.8153548  0.81535492 0.96913223 0.96913234 1.19056925 1.19056941
 1.21674376 1.2167439  1.35281943 1.35281949 1.39536492 1.39536509
 1.56017436 1.56017444 1.67211566 1.67211578 1.80542249 1.80542271
 1.83117755 1.83117778 1.9136255  1.91362551 2.04778115 2.04778128
 2.07092364 2.07092368 2.17988115 2.17988126 2.46799056 2.46799119
 2.5598378  2.559838   2.60930778 2.60930787 2.6522142  2.65221437
 2.85032476 2.85032499 2.92418551 2.92418748 3.18084985 3.18085013
 3.23373267 3.23373346 3.39462241 3.39462691 4.62096826 4.62100161
 4.99736977 4.99736983 6.15165895 6.15166328]
   4 ( 0.500  0.000  0.000)   [-0.19637618 -0.19177615 -0.14729916 -0.14641858 -0.14324406 -0.14147312
 -0.1396891  -0.13967628 -0.13669224 -0.13549623 -0.08557158 -0.06198423
  0.11371275  0.15862642  0.19818669  0.25590744  0.27414968  0.32423854] [0.53353368 0.55624782 0.57614738 0.67102748 0.74089442 0.74781709
 0.83392527 0.85109656 0.88042164 1.05643213 1.09245084 1.14453005
 1.24788509 1.3194124  1.35867907 1.36204717 1.43111618 1.44017496
 1.54290448 1.54538954 1.55590193 1.67715729 1.69657349 1.75620554
 1.78667329 1.84753505 1.91296963 1.99781151 2.05029729 2.05432184
 2.1488741  2.16340526 2.25250303 2.26039589 2.44282079 2.45174785
 2.46889932 2.51502236 2.55753777 2.55995658 2.66773482 2.69408798
 2.80965869 2.81152422 2.82341858 2.99771478 3.02403909 3.05632727
 3.23738385 3.30868046 3.66412914 3.74784076 3.94106765 4.35826076
 4.36903313 5.72429489 6.1341494  7.49136997]
   5 ( 0.500  0.000  0.500)   [-0.19221558 -0.19221539 -0.14749249 -0.14749246 -0.14284083 -0.14284082
 -0.13897995 -0.13897989 -0.13644674 -0.13644672 -0.07516483 -0.07516464
  0.10770446  0.10770463  0.28701521  0.28701561  0.28776183  0.28776208] [0.51098154 0.51098162 0.6425612  0.64256137 0.72947555 0.72947572
 0.8153548  0.81535492 0.96913223 0.96913234 1.19056925 1.19056941
 1.21674376 1.2167439  1.35281943 1.35281949 1.39536492 1.39536509
 1.56017436 1.56017444 1.67211566 1.67211578 1.80542249 1.80542271
 1.83117755 1.83117778 1.9136255  1.91362551 2.04778115 2.04778128
 2.07092364 2.07092368 2.17988115 2.17988126 2.46799056 2.46799119
 2.5598378  2.559838   2.60930778 2.60930787 2.6522142  2.65221437
 2.85032476 2.85032499 2.92418551 2.92418748 3.18084985 3.18085013
 3.23373267 3.23373346 3.39462241 3.39462691 4.62096826 4.62100161
 4.99736977 4.99736983 6.15165895 6.15166328]
   6 ( 0.500  0.500  0.000)   [-0.19637618 -0.19177615 -0.14729916 -0.14641858 -0.14324406 -0.14147312
 -0.1396891  -0.13967628 -0.13669224 -0.13549623 -0.08557158 -0.06198423
  0.11371275  0.15862642  0.19818669  0.25590744  0.27414968  0.32423854] [0.53353368 0.55624782 0.57614738 0.67102748 0.74089442 0.74781709
 0.83392527 0.85109656 0.88042164 1.05643213 1.09245084 1.14453005
 1.24788509 1.3194124  1.35867907 1.36204717 1.43111618 1.44017496
 1.54290448 1.54538954 1.55590193 1.67715729 1.69657349 1.75620554
 1.78667329 1.84753505 1.91296963 1.99781151 2.05029729 2.05432184
 2.1488741  2.16340526 2.25250303 2.26039589 2.44282079 2.45174785
 2.46889932 2.51502236 2.55753777 2.55995658 2.66773482 2.69408798
 2.80965869 2.81152422 2.82341858 2.99771478 3.02403909 3.05632727
 3.23738385 3.30868046 3.66412914 3.74784076 3.94106765 4.35826076
 4.36903313 5.72429489 6.1341494  7.49136997]
   7 ( 0.500  0.500  0.500)   [-0.19221558 -0.19221539 -0.14749249 -0.14749246 -0.14284083 -0.14284082
 -0.13897995 -0.13897989 -0.13644674 -0.13644672 -0.07516483 -0.07516464
  0.10770446  0.10770463  0.28701521  0.28701561  0.28776183  0.28776208] [0.51098154 0.51098162 0.6425612  0.64256137 0.72947555 0.72947572
 0.8153548  0.81535492 0.96913223 0.96913234 1.19056925 1.19056941
 1.21674376 1.2167439  1.35281943 1.35281949 1.39536492 1.39536509
 1.56017436 1.56017444 1.67211566 1.67211578 1.80542249 1.80542271
 1.83117755 1.83117778 1.9136255  1.91362551 2.04778115 2.04778128
 2.07092364 2.07092368 2.17988115 2.17988126 2.46799056 2.46799119
 2.5598378  2.559838   2.60930778 2.60930787 2.6522142  2.65221437
 2.85032476 2.85032499 2.92418551 2.92418748 3.18084985 3.18085013
 3.23373267 3.23373346 3.39462241 3.39462691 4.62096826 4.62100161
 4.99736977 4.99736983 6.15165895 6.15166328]
nelec by numeric integration = 35.99999999974471
    CPU time for vxc    243.57 sec, wall time     40.69 sec
    CPU time for vj and vk    478.23 sec, wall time     79.96 sec
Ewald components = 6.77773183084737, -128.779455527716, 5.42224205397643
E1 = (-87.16250688576986-9.56975839980473e-18j)  Ecoul = 59.81112608587662  Exc = -25.07455847889834
cycle= 7 E= -169.005420921683  delta_E= -2.07e-08  |g|= 9.75e-05  |ddm|= 0.00186
    CPU time for cycle= 7    722.04 sec, wall time    120.69 sec
HOMO = 0.36360325745  LUMO = 0.426183029994
     k-point                  mo_energy
   0 ( 0.000  0.000  0.000)   [-0.22448512 -0.19618408 -0.14984307 -0.14885212 -0.14885212 -0.14665904
 -0.14665904 -0.14010997 -0.14010997 -0.13649552 -0.13649552 -0.08134651
  0.09057174  0.32227501  0.32227501  0.35967602  0.36360326  0.36360326] [0.42618303 0.50304153 0.69333923 0.71694273 0.71694273 0.74747184
 0.7907336  0.7907336  0.97726282 1.03265258 1.03265258 1.1633694
 1.1633694  1.2367731  1.30188117 1.30619197 1.30619197 1.45879935
 1.46890467 1.46890467 1.54990723 1.57609404 1.60092041 1.60092041
 1.90648088 1.90648088 1.92962565 1.92962565 1.98707429 1.98707429
 2.05256108 2.24690136 2.2703105  2.28965388 2.37079268 2.37079268
 2.4749876  2.4749876  2.66243067 2.66243067 2.70576005 2.94489859
 2.94489859 3.20725999 3.29314056 3.29314056 3.33152009 3.36779719
 3.3705359  3.3705359  3.80128933 4.4994833  5.54977091 7.94842946
 7.94842946 8.50670502 8.50670502 8.72461636]
   1 ( 0.000  0.000  0.500)   [-0.20545087 -0.20544988 -0.14813012 -0.14813012 -0.14812994 -0.14812994
 -0.13795635 -0.13795635 -0.1379562  -0.1379562  -0.13491642 -0.13491631
  0.21484504  0.21484554  0.34231004  0.34231004  0.34231138  0.34231138] [0.50770877 0.50770923 0.66493034 0.66493069 0.74128383 0.74128383
 0.74128416 0.74128416 1.07728643 1.0772867  1.12183472 1.12183472
 1.12183488 1.12183488 1.31279913 1.31279935 1.36592495 1.36592495
 1.365925   1.365925   1.59841243 1.59841262 1.65979306 1.65979306
 1.65979369 1.65979369 2.06107466 2.0610752  2.11429252 2.11429252
 2.11429273 2.11429273 2.2679369  2.26793725 2.41116198 2.41116198
 2.41116267 2.41116267 2.53550329 2.53550345 2.7277989  2.7277989
 2.72779991 2.72779991 3.15102576 3.15102728 3.32750977 3.32750977
 3.32751073 3.32751073 4.37112014 4.3711578  5.74909126 5.74910743
 7.77216267 7.77216267 7.77216287 7.77216287]
   2 ( 0.000  0.500  0.000)   [-0.19637611 -0.19177613 -0.14729901 -0.14641798 -0.14324296 -0.14147302
 -0.13968956 -0.13967555 -0.13669309 -0.13549608 -0.08557204 -0.06198436
  0.11371267  0.15862561  0.19818721  0.25590724  0.27415091  0.32423806] [0.53353324 0.55624658 0.57614745 0.67102767 0.74089458 0.74781654
 0.8339255  0.85109849 0.88042103 1.05643193 1.09244948 1.1445309
 1.24788384 1.31941073 1.35867761 1.36204947 1.43111488 1.44017522
 1.54290458 1.54539153 1.5559025  1.67715523 1.69657188 1.75620549
 1.78667362 1.84753444 1.9129698  1.99781189 2.05029798 2.0543209
 2.14887182 2.16340545 2.25250401 2.26039676 2.44282086 2.45174816
 2.46889968 2.51502297 2.55753818 2.55995648 2.66773478 2.69408741
 2.80965877 2.81152354 2.82341833 2.9977143  3.02403969 3.05632722
 3.23738427 3.30868105 3.66412833 3.7478395  3.94106851 4.35826056
 4.36903403 5.72429504 6.13414973 7.49136843]
   3 ( 0.000  0.500  0.500)   [-0.19221582 -0.19221509 -0.14749228 -0.14749216 -0.1428406  -0.14284042
 -0.13897919 -0.13897911 -0.13644741 -0.13644725 -0.07516533 -0.07516459
  0.10770406  0.1077046   0.2870145   0.28701568  0.28776209  0.28776269] [0.51098128 0.51098158 0.64256109 0.64256156 0.7294753  0.72947579
 0.81535407 0.81535443 0.96913231 0.96913261 1.19056846 1.19056854
 1.21674419 1.21674459 1.35282016 1.35282076 1.39536338 1.39536391
 1.56017473 1.56017487 1.67211388 1.67211419 1.80542257 1.80542272
 1.83117749 1.83117791 1.91362603 1.91362607 2.04778099 2.04778137
 2.07092285 2.07092306 2.17988097 2.1798812  2.46799066 2.4679911
 2.55983808 2.55983867 2.60930784 2.60930808 2.65221409 2.65221461
 2.8503247  2.85032546 2.92418522 2.92418718 3.18084963 3.18085052
 3.233733   3.23373313 3.39462177 3.39462677 4.62096798 4.62100199
 4.99736876 4.99736891 6.15165917 6.15166335]
   4 ( 0.500  0.000  0.000)   [-0.19637611 -0.19177613 -0.14729901 -0.14641798 -0.14324296 -0.14147302
 -0.13968956 -0.13967555 -0.13669309 -0.13549608 -0.08557204 -0.06198436
  0.11371267  0.15862561  0.19818721  0.25590724  0.27415091  0.32423806] [0.53353324 0.55624658 0.57614745 0.67102767 0.74089458 0.74781654
 0.8339255  0.85109849 0.88042103 1.05643193 1.09244948 1.1445309
 1.24788384 1.31941073 1.35867761 1.36204947 1.43111488 1.44017522
 1.54290458 1.54539153 1.5559025  1.67715523 1.69657188 1.75620549
 1.78667362 1.84753444 1.9129698  1.99781189 2.05029798 2.0543209
 2.14887182 2.16340545 2.25250401 2.26039676 2.44282086 2.45174816
 2.46889968 2.51502297 2.55753818 2.55995648 2.66773478 2.69408741
 2.80965877 2.81152354 2.82341833 2.9977143  3.02403969 3.05632722
 3.23738427 3.30868105 3.66412833 3.7478395  3.94106851 4.35826056
 4.36903403 5.72429504 6.13414973 7.49136843]
   5 ( 0.500  0.000  0.500)   [-0.19221582 -0.19221509 -0.14749228 -0.14749216 -0.1428406  -0.14284042
 -0.13897919 -0.13897911 -0.13644741 -0.13644725 -0.07516533 -0.07516459
  0.10770406  0.1077046   0.2870145   0.28701568  0.28776209  0.28776269] [0.51098128 0.51098158 0.64256109 0.64256156 0.7294753  0.72947579
 0.81535407 0.81535443 0.96913231 0.96913261 1.19056846 1.19056854
 1.21674419 1.21674459 1.35282016 1.35282076 1.39536338 1.39536391
 1.56017473 1.56017487 1.67211388 1.67211419 1.80542257 1.80542272
 1.83117749 1.83117791 1.91362603 1.91362607 2.04778099 2.04778137
 2.07092285 2.07092306 2.17988097 2.1798812  2.46799066 2.4679911
 2.55983808 2.55983867 2.60930784 2.60930808 2.65221409 2.65221461
 2.8503247  2.85032546 2.92418522 2.92418718 3.18084963 3.18085052
 3.233733   3.23373313 3.39462177 3.39462677 4.62096798 4.62100199
 4.99736876 4.99736891 6.15165917 6.15166335]
   6 ( 0.500  0.500  0.000)   [-0.19637611 -0.19177613 -0.14729901 -0.14641798 -0.14324296 -0.14147302
 -0.13968956 -0.13967555 -0.13669309 -0.13549608 -0.08557204 -0.06198436
  0.11371267  0.15862561  0.19818721  0.25590724  0.27415091  0.32423806] [0.53353324 0.55624658 0.57614745 0.67102767 0.74089458 0.74781654
 0.8339255  0.85109849 0.88042103 1.05643193 1.09244948 1.1445309
 1.24788384 1.31941073 1.35867761 1.36204947 1.43111488 1.44017522
 1.54290458 1.54539153 1.5559025  1.67715523 1.69657188 1.75620549
 1.78667362 1.84753444 1.9129698  1.99781189 2.05029798 2.0543209
 2.14887182 2.16340545 2.25250401 2.26039676 2.44282086 2.45174816
 2.46889968 2.51502297 2.55753818 2.55995648 2.66773478 2.69408741
 2.80965877 2.81152354 2.82341833 2.9977143  3.02403969 3.05632722
 3.23738427 3.30868105 3.66412833 3.7478395  3.94106851 4.35826056
 4.36903403 5.72429504 6.13414973 7.49136843]
   7 ( 0.500  0.500  0.500)   [-0.19221582 -0.19221509 -0.14749228 -0.14749216 -0.1428406  -0.14284042
 -0.13897919 -0.13897911 -0.13644741 -0.13644725 -0.07516533 -0.07516459
  0.10770406  0.1077046   0.2870145   0.28701568  0.28776209  0.28776269] [0.51098128 0.51098158 0.64256109 0.64256156 0.7294753  0.72947579
 0.81535407 0.81535443 0.96913231 0.96913261 1.19056846 1.19056854
 1.21674419 1.21674459 1.35282016 1.35282076 1.39536338 1.39536391
 1.56017473 1.56017487 1.67211388 1.67211419 1.80542257 1.80542272
 1.83117749 1.83117791 1.91362603 1.91362607 2.04778099 2.04778137
 2.07092285 2.07092306 2.17988097 2.1798812  2.46799066 2.4679911
 2.55983808 2.55983867 2.60930784 2.60930808 2.65221409 2.65221461
 2.8503247  2.85032546 2.92418522 2.92418718 3.18084963 3.18085052
 3.233733   3.23373313 3.39462177 3.39462677 4.62096798 4.62100199
 4.99736876 4.99736891 6.15165917 6.15166335]
nelec by numeric integration = 35.99999999974472
    CPU time for vxc    244.15 sec, wall time     40.79 sec
    CPU time for vj and vk    474.62 sec, wall time     79.29 sec
Ewald components = 6.77773183084737, -128.779455527716, 5.42224205397643
E1 = (-87.16249713173522-9.569795997521797e-18j)  Ecoul = 59.81111381656835  Exc = -25.074555963808777
Extra cycle  E= -169.005420921868  delta_E= -1.84e-10  |g|= 6.89e-05  |ddm|= 0.000422
    CPU time for scf_cycle   6896.71 sec, wall time   1159.63 sec
    CPU time for SCF   6896.72 sec, wall time   1159.64 sec
converged SCF energy = -169.005420921868
nelec by numeric integration = 35.999999999744716
    CPU time for vxc    492.63 sec, wall time     82.30 sec
    CPU time for vj and vk    737.53 sec, wall time    123.22 sec
