/groups/wag/pkozlows/miniconda3/envs/pyscf/lib/python3.11/site-packages/pyscf/dft/libxc.py:771: UserWarning: Since PySCF-2.3, B3LYP (and B3P86) are changed to the VWN-RPA variant, corresponding to the original definition by Stephens et al. (issue 1480) and the same as the B3LYP functional in Gaussian. To restore the VWN5 definition, you can put the setting "B3LYP_WITH_VWN5 = True" in pyscf_conf.py
  warnings.warn('Since PySCF-2.3, B3LYP (and B3P86) are changed to the VWN-RPA variant, '
/central/home/pkozlows/ch121b/gan/dft/pbe/dzvp/222/1/p_dzvp_2.py:12: UserWarning: Use ase.build.bulk() instead
  ase_cell = bulk('GaN', 'wurtzite', a=3.19, c=5.19)
Discarded 8 diffused primitive functions, 0 contracted functions


******** <class 'pyscf.pbc.dft.krks.KRKS'> ********
method = KRKS
initial guess = minao
damping factor = 0
level_shift factor = 0
DIIS = <class 'pyscf.scf.diis.CDIIS'>
diis_start_cycle = 1
diis_space = 8
SCF conv_tol = 1e-07
SCF conv_tol_grad = None
SCF max_cycles = 50
direct_scf = True
direct_scf_tol = 1e-13
chkfile to save SCF result = /central/home/pkozlows/ch121b/gan/dft/pbe/dzvp/222/1/check_file.chk
max_memory 341443 MB (current use 118 MB)


******** PBC SCF flags ********
N kpts = 8
kpts = [[0.         0.         0.        ]
 [0.         0.         0.3203197 ]
 [0.         0.60176883 0.        ]
 [0.         0.60176883 0.3203197 ]
 [0.5211471  0.30088442 0.        ]
 [0.5211471  0.30088442 0.3203197 ]
 [0.5211471  0.90265325 0.        ]
 [0.5211471  0.90265325 0.3203197 ]]
Exchange divergence treatment (exxdiv) = ewald
Ewald components = 8.76453321006536e-07, -0.162059015555054, 0.068912395876923
    madelung (= occupied orbital energy shift) = 0.18629148644961965
    Total energy shift due to Ewald probe charge = -1/2 * Nelec*madelung = -3.35324675609
DF object = <pyscf.pbc.df.fft.FFTDF object at 0x7f6db9f74a10>
XC functionals = PBE
small_rho_cutoff = 1e-07
Uniform grid, mesh = [ 83  83 133]
Set gradient conv threshold to 0.000316228
nelec by numeric integration = 35.99975004050094
    CPU time for vxc    893.66 sec, wall time     45.06 sec
    CPU time for vj and vk    509.44 sec, wall time     25.61 sec
Ewald components = 6.77773183084737, -128.779455527716, 5.42224205397643
E1 = (-88.12776786489614-1.852236401890293e-16j)  Ecoul = 61.47693287778283  Exc = -25.54130140650734
init E= -168.771618036513
cond(S) = [33729.90476261 31024.52662326 33527.77580549 30409.0021739
 33527.77580548 30409.00217396 33527.77580542 30409.00217399]
    CPU time for initialize scf   1832.12 sec, wall time     99.15 sec
HOMO = 0.246503517534  LUMO = 0.441056657392
     k-point                  mo_energy
   0 ( 0.000  0.000  0.000)   [-3.08664044e-01 -2.67275072e-01 -4.03054692e-02 -3.99771913e-02
 -3.99771913e-02 -3.49407901e-02 -3.49407901e-02 -1.67363101e-02
 -1.67363101e-02 -1.21524385e-02 -1.21524385e-02 -2.88754106e-04
  5.35826905e-02  2.17280760e-01  2.17280760e-01  2.45089660e-01
  2.46503518e-01  2.46503518e-01] [ 0.44105666  0.53835963  0.64780661  0.76131397  0.76131397  0.79095056
  0.81895345  0.81895345  1.11217738  1.11217738  1.18763473  1.28016395
  1.28016395  1.28679824  1.28679824  1.33105211  1.35113963  1.43346578
  1.43346578  1.47150015  1.50672297  1.63260624  1.63260624  1.92317965
  1.92317965  1.98062843  1.98062843  1.99204005  2.05462706  2.05462706
  2.1573702   2.26858504  2.29806993  2.3417518   2.36111886  2.36111886
  2.43057306  2.43057306  2.57049444  2.57543698  2.57543698  2.62106464
  2.92097588  2.92097588  3.01783752  3.19179471  3.24861514  3.24861514
  3.30185938  3.30185938  6.09781493  6.11961569 10.3930758  10.42246431
 10.42246431 10.50411441 10.50411441 10.71729474]
   1 ( 0.000  0.000  0.500)   [-0.28899653 -0.28899652 -0.03796476 -0.03796476 -0.03796466 -0.03796466
 -0.03514333 -0.03514271 -0.01404986 -0.01404986 -0.01404977 -0.01404977
  0.15639511  0.15639531  0.23189365  0.23189365  0.23189368  0.23189368] [ 0.5044297   0.50443016  0.68282211  0.68282218  0.78338463  0.78338463
  0.78338463  0.78338463  1.16970793  1.16970793  1.16970794  1.16970794
  1.27554365  1.27554464  1.38338788  1.38338802  1.40172552  1.40172552
  1.40172555  1.40172555  1.68900976  1.68900976  1.68900979  1.68900979
  1.80538017  1.80538365  2.14578003  2.14578003  2.14578003  2.14578003
  2.31956362  2.31956362  2.35008463  2.35010028  2.3891398   2.3891398
  2.3891398   2.3891398   2.58039434  2.58039457  2.67336426  2.67336426
  2.67336427  2.67336427  2.95291126  2.95291678  3.27420886  3.27420886
  3.27420887  3.27420887  6.10236485  6.10240048 10.4230501  10.4230501
 10.42305011 10.42305011 10.43337842 10.43337981]
   2 ( 0.000  0.500  0.000)   [-0.26858226 -0.25567995 -0.03797903 -0.0340698  -0.02508756 -0.02470406
 -0.02190623 -0.01854742 -0.0128817  -0.0107149  -0.00090566 -0.00054897
  0.07650386  0.10892904  0.13530127  0.16744801  0.19496426  0.21765336] [ 0.56275556  0.59786604  0.62280159  0.62503606  0.72119968  0.79262542
  0.82787044  0.85658877  0.9008112   1.10972342  1.16782496  1.24863453
  1.31110431  1.3733398   1.39103627  1.40489248  1.44643089  1.44973615
  1.51451747  1.60447973  1.61359269  1.70121382  1.73411444  1.82982372
  1.93928075  1.95928233  2.00788551  2.0178242   2.13908756  2.15874788
  2.19213486  2.23522246  2.29674689  2.30205844  2.41875552  2.50403627
  2.58671477  2.59979036  2.63414932  2.76576321  2.78488421  2.80407282
  2.91742357  2.96224092  3.01895434  3.02553246  3.08111443  3.16002722
  3.21586496  3.24180687  6.11118976  6.12170279  9.63300704 10.24917312
 10.33118938 10.49781591 10.79088047 10.84780029]
   3 ( 0.000  0.500  0.500)   [-0.26136089 -0.26136088 -0.03671706 -0.03671678 -0.02814078 -0.02814073
 -0.02056004 -0.02055976 -0.01227748 -0.01227739  0.0002922   0.00029242
  0.0748095   0.0748095   0.19225638  0.19225642  0.19452656  0.19452665] [ 0.56256146  0.56256162  0.63342976  0.63342978  0.74165823  0.74165829
  0.82535201  0.82535203  0.98938176  0.98938192  1.24618828  1.24618831
  1.31569225  1.31569271  1.38804949  1.38804995  1.41937559  1.4193756
  1.60847671  1.60847719  1.693062    1.69306201  1.85868597  1.85868607
  1.95082661  1.95082662  2.08420076  2.08420109  2.09436235  2.09436235
  2.15909771  2.15909793  2.24740723  2.24740773  2.53132459  2.53132812
  2.65529663  2.65529829  2.68844376  2.68844377  2.82218718  2.82218718
  2.83767989  2.83768969  2.93517632  2.93518777  3.12657727  3.12657727
  3.16798677  3.16799589  6.11365845  6.1136942   9.81543557  9.81543838
 10.49609564 10.49609667 10.61929434 10.61929436]
   4 ( 0.500  0.000  0.000)   [-0.26858226 -0.25567995 -0.03797903 -0.0340698  -0.02508756 -0.02470406
 -0.02190623 -0.01854742 -0.0128817  -0.0107149  -0.00090566 -0.00054897
  0.07650386  0.10892904  0.13530127  0.16744801  0.19496426  0.21765336] [ 0.56275556  0.59786604  0.62280159  0.62503606  0.72119968  0.79262542
  0.82787044  0.85658877  0.9008112   1.10972342  1.16782496  1.24863453
  1.31110431  1.3733398   1.39103627  1.40489248  1.44643089  1.44973615
  1.51451747  1.60447973  1.61359269  1.70121382  1.73411444  1.82982372
  1.93928075  1.95928233  2.00788551  2.0178242   2.13908756  2.15874788
  2.19213486  2.23522246  2.29674689  2.30205844  2.41875552  2.50403627
  2.58671477  2.59979036  2.63414932  2.76576321  2.78488421  2.80407282
  2.91742357  2.96224092  3.01895434  3.02553246  3.08111443  3.16002722
  3.21586496  3.24180687  6.11118976  6.12170279  9.63300704 10.24917312
 10.33118938 10.49781591 10.79088047 10.84780029]
   5 ( 0.500  0.000  0.500)   [-0.26136089 -0.26136088 -0.03671706 -0.03671678 -0.02814078 -0.02814073
 -0.02056004 -0.02055976 -0.01227748 -0.01227739  0.0002922   0.00029242
  0.0748095   0.0748095   0.19225638  0.19225642  0.19452656  0.19452665] [ 0.56256146  0.56256162  0.63342976  0.63342978  0.74165823  0.74165829
  0.82535201  0.82535203  0.98938176  0.98938192  1.24618828  1.24618831
  1.31569225  1.31569271  1.38804949  1.38804995  1.41937559  1.4193756
  1.60847671  1.60847719  1.693062    1.69306201  1.85868597  1.85868607
  1.95082661  1.95082662  2.08420076  2.08420109  2.09436235  2.09436235
  2.15909771  2.15909793  2.24740723  2.24740773  2.53132459  2.53132812
  2.65529663  2.65529829  2.68844376  2.68844377  2.82218718  2.82218718
  2.83767989  2.83768969  2.93517632  2.93518777  3.12657727  3.12657727
  3.16798677  3.16799589  6.11365845  6.1136942   9.81543557  9.81543838
 10.49609564 10.49609667 10.61929434 10.61929436]
   6 ( 0.500  0.500  0.000)   [-0.26858226 -0.25567995 -0.03797903 -0.0340698  -0.02508756 -0.02470406
 -0.02190623 -0.01854742 -0.0128817  -0.0107149  -0.00090566 -0.00054897
  0.07650386  0.10892904  0.13530127  0.16744801  0.19496426  0.21765336] [ 0.56275556  0.59786604  0.62280159  0.62503606  0.72119968  0.79262542
  0.82787044  0.85658877  0.9008112   1.10972342  1.16782496  1.24863453
  1.31110431  1.3733398   1.39103627  1.40489248  1.44643089  1.44973615
  1.51451747  1.60447973  1.61359269  1.70121382  1.73411444  1.82982372
  1.93928075  1.95928233  2.00788551  2.0178242   2.13908756  2.15874788
  2.19213486  2.23522246  2.29674689  2.30205844  2.41875552  2.50403627
  2.58671477  2.59979036  2.63414932  2.76576321  2.78488421  2.80407282
  2.91742357  2.96224092  3.01895434  3.02553246  3.08111443  3.16002722
  3.21586496  3.24180687  6.11118976  6.12170279  9.63300704 10.24917312
 10.33118938 10.49781591 10.79088047 10.84780029]
   7 ( 0.500  0.500  0.500)   [-0.26136089 -0.26136088 -0.03671706 -0.03671678 -0.02814078 -0.02814073
 -0.02056004 -0.02055976 -0.01227748 -0.01227739  0.0002922   0.00029242
  0.0748095   0.0748095   0.19225638  0.19225642  0.19452656  0.19452665] [ 0.56256146  0.56256162  0.63342976  0.63342978  0.74165823  0.74165829
  0.82535201  0.82535203  0.98938176  0.98938192  1.24618828  1.24618831
  1.31569225  1.31569271  1.38804949  1.38804995  1.41937559  1.4193756
  1.60847671  1.60847719  1.693062    1.69306201  1.85868597  1.85868607
  1.95082661  1.95082662  2.08420076  2.08420109  2.09436235  2.09436235
  2.15909771  2.15909793  2.24740723  2.24740773  2.53132459  2.53132812
  2.65529663  2.65529829  2.68844376  2.68844377  2.82218718  2.82218718
  2.83767989  2.83768969  2.93517632  2.93518777  3.12657727  3.12657727
  3.16798677  3.16799589  6.11365845  6.1136942   9.81543557  9.81543838
 10.49609564 10.49609667 10.61929434 10.61929436]
nelec by numeric integration = 35.99999999961374
    CPU time for vxc    472.76 sec, wall time     23.98 sec
    CPU time for vj and vk    396.41 sec, wall time     19.97 sec
Ewald components = 6.77773183084737, -128.779455527716, 5.42224205397643
E1 = (-86.56992543574513-1.8044853920402233e-16j)  Ecoul = 60.40127445380153  Exc = -26.18225866009411
cycle= 1 E= -168.93039128493  delta_E= -0.159  |g|= 4.69  |ddm|= 11.4
    CPU time for cycle= 1    869.97 sec, wall time     43.98 sec
HOMO = 0.586965096286  LUMO = 0.598844451633
     k-point                  mo_energy
   0 ( 0.000  0.000  0.000)   [-0.31332695 -0.31168448 -0.31155488 -0.31155488 -0.31103385 -0.31103385
 -0.30930462 -0.30930462 -0.30696709 -0.30696709 -0.09308538  0.0518884
  0.16322766  0.50099937  0.50099937  0.57958901  0.5869651   0.5869651 ] [ 0.61249248  0.63041378  0.72213197  0.72213197  0.7636408   0.84460065
  0.84460065  0.98497511  1.10163296  1.10163296  1.14133498  1.25440982
  1.25440982  1.32361733  1.36600922  1.41982773  1.41982773  1.45441319
  1.60141936  1.60141936  1.68721567  1.68721567  1.77319675  2.01450915
  2.01450915  2.03156195  2.0383659   2.0383659   2.07269856  2.07269856
  2.22245618  2.23895433  2.28030599  2.35622422  2.43364292  2.43364292
  2.5898867   2.5898867   2.62089414  2.7248747   2.86047911  2.86047911
  3.07327502  3.07327502  3.23681777  3.36634013  3.43225185  3.43225185
  3.44813649  3.44813649  5.80037953  5.82631199 10.19574006 10.22481346
 10.22481346 10.30829816 10.30829816 10.50360587]
   1 ( 0.000  0.000  0.500)   [-0.31238773 -0.31238698 -0.31156343 -0.31156343 -0.31156317 -0.31156317
 -0.30787643 -0.30787643 -0.30787611 -0.30787611 -0.04746904 -0.04746865
  0.34726353  0.34726364  0.53733837  0.53733837  0.53733862  0.53733862] [ 0.64788947  0.64788969  0.77449639  0.77449639  0.77449653  0.77449653
  0.86561184  0.86561205  1.22003931  1.22003931  1.22003942  1.22003942
  1.24176442  1.24176582  1.4273469   1.4273469   1.427347    1.427347
  1.44452061  1.44452098  1.84332658  1.84332658  1.84332668  1.84332668
  1.88567461  1.88567966  2.16889529  2.16889529  2.16889539  2.16889539
  2.25930157  2.25930173  2.45511936  2.45514317  2.48803656  2.48803656
  2.48803669  2.48803669  2.62874102  2.62874349  2.90421552  2.90421552
  2.9042158   2.9042158   3.16904787  3.16905388  3.44254257  3.44254257
  3.44254286  3.44254286  5.80606415  5.80607389 10.22704521 10.22704521
 10.2270459  10.2270459  10.23416399 10.23416534]
   2 ( 0.000  0.500  0.000)   [-0.31520765 -0.31326633 -0.3113783  -0.3109208  -0.30933108 -0.30908919
 -0.30754421 -0.30745808 -0.30705325 -0.30668878  0.03688477  0.0954057
  0.19853261  0.26111173  0.30088822  0.39586396  0.397811    0.50729375] [ 0.59884445  0.69596074  0.7716681   0.78988713  0.87668721  0.90140881
  0.98694514  1.05760421  1.06528081  1.17104205  1.26862068  1.27162285
  1.35793053  1.4160306   1.435754    1.47494938  1.49880288  1.52169964
  1.55228238  1.60883778  1.67984635  1.71599908  1.75076527  1.80200465
  1.99850864  2.00731148  2.03477537  2.05278622  2.17296665  2.20730997
  2.22944616  2.25464271  2.25570676  2.27114745  2.54564068  2.56035685
  2.64597079  2.75673845  2.76989396  2.88004422  2.97310413  2.99945103
  3.06260145  3.18002167  3.21815358  3.27117279  3.3103713   3.34731705
  3.35834899  3.45219813  5.81635907  5.82860552  9.45028342 10.05331697
 10.13632928 10.29793485 10.57562411 10.6321814 ]
   3 ( 0.000  0.500  0.500)   [-0.314104   -0.31410368 -0.31152617 -0.31152583 -0.30905513 -0.30905478
 -0.30719745 -0.30719691 -0.30707288 -0.30707259  0.0718329   0.07183333
  0.17946411  0.17946426  0.43996775  0.43996796  0.44740752  0.44740756] [ 0.61362662  0.61362676  0.7103121   0.71031218  0.92900341  0.92900356
  0.98015326  0.98015344  1.13974548  1.13974567  1.31659572  1.31659587
  1.39613793  1.39613831  1.43599075  1.43599097  1.45926621  1.45926636
  1.62037666  1.620377    1.74860413  1.74860426  1.89257515  1.89257527
  1.93328462  1.93328465  2.10621507  2.10621523  2.11230529  2.11230562
  2.17098708  2.17098716  2.26721219  2.26721297  2.6575726   2.65757533
  2.71153288  2.71153297  2.7615255   2.76153749  3.0453864   3.04540624
  3.04621163  3.04621192  3.1292123   3.12922267  3.34809926  3.34809956
  3.37634317  3.37635231  5.81928915  5.81929911  9.6339048   9.63390953
 10.29412562 10.29412676 10.41332536 10.41332604]
   4 ( 0.500  0.000  0.000)   [-0.31520765 -0.31326633 -0.3113783  -0.3109208  -0.30933108 -0.30908919
 -0.30754421 -0.30745808 -0.30705325 -0.30668878  0.03688477  0.0954057
  0.19853261  0.26111173  0.30088822  0.39586396  0.397811    0.50729375] [ 0.59884445  0.69596074  0.7716681   0.78988713  0.87668721  0.90140881
  0.98694514  1.05760421  1.06528081  1.17104205  1.26862068  1.27162285
  1.35793053  1.4160306   1.435754    1.47494938  1.49880288  1.52169964
  1.55228238  1.60883778  1.67984635  1.71599908  1.75076527  1.80200465
  1.99850864  2.00731148  2.03477537  2.05278622  2.17296665  2.20730997
  2.22944616  2.25464271  2.25570676  2.27114745  2.54564068  2.56035685
  2.64597079  2.75673845  2.76989396  2.88004422  2.97310413  2.99945103
  3.06260145  3.18002167  3.21815358  3.27117279  3.3103713   3.34731705
  3.35834899  3.45219813  5.81635907  5.82860552  9.45028342 10.05331697
 10.13632928 10.29793485 10.57562411 10.6321814 ]
   5 ( 0.500  0.000  0.500)   [-0.314104   -0.31410368 -0.31152617 -0.31152583 -0.30905513 -0.30905478
 -0.30719745 -0.30719691 -0.30707288 -0.30707259  0.0718329   0.07183333
  0.17946411  0.17946426  0.43996775  0.43996796  0.44740752  0.44740756] [ 0.61362662  0.61362676  0.7103121   0.71031218  0.92900341  0.92900356
  0.98015326  0.98015344  1.13974548  1.13974567  1.31659572  1.31659587
  1.39613793  1.39613831  1.43599075  1.43599097  1.45926621  1.45926636
  1.62037666  1.620377    1.74860413  1.74860426  1.89257515  1.89257527
  1.93328462  1.93328465  2.10621507  2.10621523  2.11230529  2.11230562
  2.17098708  2.17098716  2.26721219  2.26721297  2.6575726   2.65757533
  2.71153288  2.71153297  2.7615255   2.76153749  3.0453864   3.04540624
  3.04621163  3.04621192  3.1292123   3.12922267  3.34809926  3.34809956
  3.37634317  3.37635231  5.81928915  5.81929911  9.6339048   9.63390953
 10.29412562 10.29412676 10.41332536 10.41332604]
   6 ( 0.500  0.500  0.000)   [-0.31520765 -0.31326633 -0.3113783  -0.3109208  -0.30933108 -0.30908919
 -0.30754421 -0.30745808 -0.30705325 -0.30668878  0.03688477  0.0954057
  0.19853261  0.26111173  0.30088822  0.39586396  0.397811    0.50729375] [ 0.59884445  0.69596074  0.7716681   0.78988713  0.87668721  0.90140881
  0.98694514  1.05760421  1.06528081  1.17104205  1.26862068  1.27162285
  1.35793053  1.4160306   1.435754    1.47494938  1.49880288  1.52169964
  1.55228238  1.60883778  1.67984635  1.71599908  1.75076527  1.80200465
  1.99850864  2.00731148  2.03477537  2.05278622  2.17296665  2.20730997
  2.22944616  2.25464271  2.25570676  2.27114745  2.54564068  2.56035685
  2.64597079  2.75673845  2.76989396  2.88004422  2.97310413  2.99945103
  3.06260145  3.18002167  3.21815358  3.27117279  3.3103713   3.34731705
  3.35834899  3.45219813  5.81635907  5.82860552  9.45028342 10.05331697
 10.13632928 10.29793485 10.57562411 10.6321814 ]
   7 ( 0.500  0.500  0.500)   [-0.314104   -0.31410368 -0.31152617 -0.31152583 -0.30905513 -0.30905478
 -0.30719745 -0.30719691 -0.30707288 -0.30707259  0.0718329   0.07183333
  0.17946411  0.17946426  0.43996775  0.43996796  0.44740752  0.44740756] [ 0.61362662  0.61362676  0.7103121   0.71031218  0.92900341  0.92900356
  0.98015326  0.98015344  1.13974548  1.13974567  1.31659572  1.31659587
  1.39613793  1.39613831  1.43599075  1.43599097  1.45926621  1.45926636
  1.62037666  1.620377    1.74860413  1.74860426  1.89257515  1.89257527
  1.93328462  1.93328465  2.10621507  2.10621523  2.11230529  2.11230562
  2.17098708  2.17098716  2.26721219  2.26721297  2.6575726   2.65757533
  2.71153288  2.71153297  2.7615255   2.76153749  3.0453864   3.04540624
  3.04621163  3.04621192  3.1292123   3.12922267  3.34809926  3.34809956
  3.37634317  3.37635231  5.81928915  5.81929911  9.6339048   9.63390953
 10.29412562 10.29412676 10.41332536 10.41332604]
nelec by numeric integration = 35.9999999995795
    CPU time for vxc    474.86 sec, wall time     24.02 sec
    CPU time for vj and vk    387.70 sec, wall time     19.54 sec
Ewald components = 6.77773183084737, -128.779455527716, 5.42224205397643
E1 = (-88.25539459445427-1.8539189689936086e-16j)  Ecoul = 62.22178779423167  Exc = -25.248471395469767
cycle= 2 E= -167.861559838584  delta_E= 1.07  |g|= 7.06  |ddm|= 14.1
    CPU time for cycle= 2    863.39 sec, wall time     43.60 sec
HOMO = 0.364935650777  LUMO = 0.484205632776
     k-point                  mo_energy
   0 ( 0.000  0.000  0.000)   [-0.21676894 -0.19023881 -0.14266155 -0.14153575 -0.14153575 -0.13924749
 -0.13924749 -0.13282515 -0.13282515 -0.12953028 -0.12953028 -0.07671568
  0.10688393  0.32617007  0.32617007  0.363273    0.36493565  0.36493565] [ 0.48420563  0.54931344  0.7443846   0.74580665  0.74580665  0.77659578
  0.81868353  0.81868353  1.10723148  1.10723148  1.1688261   1.27385771
  1.27385771  1.32380783  1.32380783  1.33457189  1.33918763  1.46083941
  1.48633356  1.48633356  1.57008474  1.64847191  1.64847191  1.93854884
  1.93854884  1.9935216   1.9935216   1.99710592  2.04581822  2.04581822
  2.17383009  2.2716963   2.30095795  2.31444204  2.3829133   2.3829133
  2.48969113  2.48969113  2.57507876  2.64484991  2.66739466  2.66739466
  2.96235328  2.96235328  3.08233693  3.23802871  3.2957774   3.2957774
  3.33799105  3.33799105  5.98094897  6.00390447 10.30420315 10.33513223
 10.33513223 10.41622775 10.41622775 10.62060843]
   1 ( 0.000  0.000  0.500)   [-0.1986646  -0.19866442 -0.14073706 -0.14073706 -0.1407369  -0.1407369
 -0.13086407 -0.13086407 -0.13086387 -0.13086387 -0.12723774 -0.127237
  0.22613716  0.22613727  0.34504492  0.34504492  0.34504496  0.34504496] [ 0.55732986  0.55733017  0.71146971  0.71146982  0.77361544  0.77361544
  0.77361545  0.77361545  1.18504247  1.18504247  1.18504251  1.18504251
  1.26105788  1.26105899  1.39453934  1.39453965  1.41290577  1.41290577
  1.41290581  1.41290581  1.72090349  1.72090349  1.72090351  1.72090351
  1.81929234  1.81929704  2.14827412  2.14827412  2.14827414  2.14827414
  2.29272945  2.29272945  2.37723947  2.37725835  2.42672594  2.42672594
  2.42672595  2.42672595  2.59087732  2.59087778  2.73927336  2.73927336
  2.73927339  2.73927339  3.0129074   3.01291341  3.31798342  3.31798342
  3.31798346  3.31798346  5.98575645  5.98576547 10.33594356 10.33594356
 10.33594409 10.33594409 10.34324009 10.34324153]
   2 ( 0.000  0.500  0.000)   [-0.19045824 -0.18611594 -0.13989006 -0.13923986 -0.13595942 -0.13405132
 -0.13272986 -0.13265082 -0.12946569 -0.12843766 -0.08015996 -0.05777893
  0.12786864  0.1709166   0.21035659  0.26330492  0.28476607  0.32797729] [ 0.59039     0.605034    0.65120472  0.71152328  0.78454916  0.78583062
  0.87930667  0.89437084  0.9096226   1.11900943  1.19859753  1.24498987
  1.3193308   1.38717862  1.4019136   1.42277188  1.46983073  1.47149585
  1.55915738  1.58004684  1.6085174   1.69937207  1.73068528  1.81230439
  1.95276875  1.96007027  2.01013995  2.02461273  2.15778246  2.16471745
  2.18806456  2.23621442  2.27873579  2.28698998  2.46780296  2.56497931
  2.57882414  2.62922085  2.70919628  2.75752307  2.84396692  2.84847898
  2.95582168  3.02544858  3.07771726  3.09646384  3.15366231  3.20892453
  3.24935803  3.30255623  5.99475072  6.00619198  9.5526262  10.16140475
 10.24499408 10.40786534 10.69405676 10.75174264]
   3 ( 0.000  0.500  0.500)   [-0.18654182 -0.18654161 -0.13992969 -0.13992929 -0.13578203 -0.13578182
 -0.13198929 -0.13198883 -0.12924553 -0.12924536 -0.07039826 -0.07039802
  0.12245292  0.12245294  0.29297678  0.29297681  0.29496957  0.29496963] [ 0.57163873  0.57163885  0.68155458  0.68155463  0.77676668  0.77676674
  0.84972073  0.84972076  1.02443766  1.02443779  1.26419158  1.26419159
  1.332994    1.33299435  1.39796687  1.39796731  1.43347163  1.43347164
  1.60831459  1.60831512  1.70167877  1.7016788   1.86723734  1.86723745
  1.94130801  1.94130803  2.08680472  2.08680521  2.08899686  2.08899688
  2.16530261  2.16530273  2.23985912  2.2398595   2.59183527  2.59184071
  2.65922103  2.65922378  2.69666638  2.6966664   2.8842873   2.88428736
  2.89851111  2.89852382  2.98912583  2.98913889  3.19074051  3.19074055
  3.22735515  3.22736487  5.99750132  5.99751048  9.73444028  9.73444423
 10.40533463 10.40533559 10.5278246  10.52782512]
   4 ( 0.500  0.000  0.000)   [-0.19045824 -0.18611594 -0.13989006 -0.13923986 -0.13595942 -0.13405132
 -0.13272986 -0.13265082 -0.12946569 -0.12843766 -0.08015996 -0.05777893
  0.12786864  0.1709166   0.21035659  0.26330492  0.28476607  0.32797729] [ 0.59039     0.605034    0.65120472  0.71152328  0.78454916  0.78583062
  0.87930667  0.89437084  0.9096226   1.11900943  1.19859753  1.24498987
  1.3193308   1.38717862  1.4019136   1.42277188  1.46983073  1.47149585
  1.55915738  1.58004684  1.6085174   1.69937207  1.73068528  1.81230439
  1.95276875  1.96007027  2.01013995  2.02461273  2.15778246  2.16471745
  2.18806456  2.23621442  2.27873579  2.28698998  2.46780296  2.56497931
  2.57882414  2.62922085  2.70919628  2.75752307  2.84396692  2.84847898
  2.95582168  3.02544858  3.07771726  3.09646384  3.15366231  3.20892453
  3.24935803  3.30255623  5.99475072  6.00619198  9.5526262  10.16140475
 10.24499408 10.40786534 10.69405676 10.75174264]
   5 ( 0.500  0.000  0.500)   [-0.18654182 -0.18654161 -0.13992969 -0.13992929 -0.13578203 -0.13578182
 -0.13198929 -0.13198883 -0.12924553 -0.12924536 -0.07039826 -0.07039802
  0.12245292  0.12245294  0.29297678  0.29297681  0.29496957  0.29496963] [ 0.57163873  0.57163885  0.68155458  0.68155463  0.77676668  0.77676674
  0.84972073  0.84972076  1.02443766  1.02443779  1.26419158  1.26419159
  1.332994    1.33299435  1.39796687  1.39796731  1.43347163  1.43347164
  1.60831459  1.60831512  1.70167877  1.7016788   1.86723734  1.86723745
  1.94130801  1.94130803  2.08680472  2.08680521  2.08899686  2.08899688
  2.16530261  2.16530273  2.23985912  2.2398595   2.59183527  2.59184071
  2.65922103  2.65922378  2.69666638  2.6966664   2.8842873   2.88428736
  2.89851111  2.89852382  2.98912583  2.98913889  3.19074051  3.19074055
  3.22735515  3.22736487  5.99750132  5.99751048  9.73444028  9.73444423
 10.40533463 10.40533559 10.5278246  10.52782512]
   6 ( 0.500  0.500  0.000)   [-0.19045824 -0.18611594 -0.13989006 -0.13923986 -0.13595942 -0.13405132
 -0.13272986 -0.13265082 -0.12946569 -0.12843766 -0.08015996 -0.05777893
  0.12786864  0.1709166   0.21035659  0.26330492  0.28476607  0.32797729] [ 0.59039     0.605034    0.65120472  0.71152328  0.78454916  0.78583062
  0.87930667  0.89437084  0.9096226   1.11900943  1.19859753  1.24498987
  1.3193308   1.38717862  1.4019136   1.42277188  1.46983073  1.47149585
  1.55915738  1.58004684  1.6085174   1.69937207  1.73068528  1.81230439
  1.95276875  1.96007027  2.01013995  2.02461273  2.15778246  2.16471745
  2.18806456  2.23621442  2.27873579  2.28698998  2.46780296  2.56497931
  2.57882414  2.62922085  2.70919628  2.75752307  2.84396692  2.84847898
  2.95582168  3.02544858  3.07771726  3.09646384  3.15366231  3.20892453
  3.24935803  3.30255623  5.99475072  6.00619198  9.5526262  10.16140475
 10.24499408 10.40786534 10.69405676 10.75174264]
   7 ( 0.500  0.500  0.500)   [-0.18654182 -0.18654161 -0.13992969 -0.13992929 -0.13578203 -0.13578182
 -0.13198929 -0.13198883 -0.12924553 -0.12924536 -0.07039826 -0.07039802
  0.12245292  0.12245294  0.29297678  0.29297681  0.29496957  0.29496963] [ 0.57163873  0.57163885  0.68155458  0.68155463  0.77676668  0.77676674
  0.84972073  0.84972076  1.02443766  1.02443779  1.26419158  1.26419159
  1.332994    1.33299435  1.39796687  1.39796731  1.43347163  1.43347164
  1.60831459  1.60831512  1.70167877  1.7016788   1.86723734  1.86723745
  1.94130801  1.94130803  2.08680472  2.08680521  2.08899686  2.08899688
  2.16530261  2.16530273  2.23985912  2.2398595   2.59183527  2.59184071
  2.65922103  2.65922378  2.69666638  2.6966664   2.8842873   2.88428736
  2.89851111  2.89852382  2.98912583  2.98913889  3.19074051  3.19074055
  3.22735515  3.22736487  5.99750132  5.99751048  9.73444028  9.73444423
 10.40533463 10.40533559 10.5278246  10.52782512]
nelec by numeric integration = 35.99999999955749
    CPU time for vxc    469.48 sec, wall time     23.77 sec
    CPU time for vj and vk    391.93 sec, wall time     19.70 sec
Ewald components = 6.77773183084737, -128.779455527716, 5.42224205397643
E1 = (-87.64848465082574-1.8322691361018696e-16j)  Ecoul = 60.461512866664684  Exc = -25.768848625295938
cycle= 3 E= -169.535302052349  delta_E= -1.67  |g|= 0.279  |ddm|= 8.89
    CPU time for cycle= 3    862.27 sec, wall time     43.51 sec
HOMO = 0.37383392551  LUMO = 0.484574010312
     k-point                  mo_energy
   0 ( 0.000  0.000  0.000)   [-0.21136681 -0.18751174 -0.14516807 -0.14435173 -0.14435173 -0.14222818
 -0.14222818 -0.13596138 -0.13596138 -0.1325592  -0.1325592  -0.07385188
  0.1068796   0.33367646  0.33367646  0.37081992  0.37383393  0.37383393] [ 0.48457401  0.54896085  0.74194783  0.74194783  0.7466053   0.77385377
  0.81640365  0.81640365  1.10503629  1.10503629  1.1643484   1.26981928
  1.26981928  1.32327416  1.32327416  1.33121488  1.33567531  1.45878557
  1.48660468  1.48660468  1.57044608  1.6494556   1.6494556   1.93715064
  1.93715064  1.99282472  1.99282472  1.99519006  2.04336869  2.04336869
  2.1735383   2.26721068  2.30310761  2.30989384  2.38492264  2.38492264
  2.49524995  2.49524995  2.57461665  2.64485019  2.67600072  2.67600072
  2.96530851  2.96530851  3.08728881  3.24166955  3.30103271  3.30103271
  3.34198268  3.34198268  5.97875806  6.00182238 10.29860211 10.32889912
 10.32889912 10.41011649 10.41011649 10.61483139]
   1 ( 0.000  0.000  0.500)   [-0.19402936 -0.19402912 -0.14363749 -0.14363749 -0.14363733 -0.14363733
 -0.1339432  -0.1339432  -0.13394302 -0.13394302 -0.12828101 -0.12828032
  0.22925687  0.22925688  0.35317993  0.35317993  0.3531801   0.3531801 ] [ 0.55879233  0.55879313  0.71089332  0.71089381  0.77045412  0.77045412
  0.77045415  0.77045415  1.18314807  1.18314807  1.1831481   1.1831481
  1.25680779  1.25680932  1.39197965  1.39198031  1.41130643  1.41130643
  1.41130643  1.41130643  1.72107551  1.72107551  1.72107555  1.72107555
  1.81949235  1.81949572  2.14701254  2.14701254  2.14701255  2.14701255
  2.28821304  2.28821306  2.37715562  2.37717775  2.42958688  2.42958688
  2.42958698  2.42958698  2.59004579  2.59004696  2.74554852  2.74554852
  2.74554867  2.74554867  3.0180451   3.01805118  3.3227355   3.3227355
  3.32273566  3.32273566  5.98358302  5.9835983  10.32975763 10.32975763
 10.32975817 10.32975817 10.33761128 10.33761227]
   2 ( 0.000  0.500  0.000)   [-0.18757195 -0.18406329 -0.14272001 -0.14198633 -0.13882247 -0.13715181
 -0.13560576 -0.13553364 -0.13273759 -0.13159605 -0.0785283  -0.05423691
  0.13025519  0.17433486  0.21282667  0.26890143  0.28890724  0.3357394 ] [ 0.58797899  0.60553133  0.64997568  0.71420136  0.78062181  0.78725647
  0.87835845  0.89374547  0.90970468  1.11701055  1.19848142  1.24088209
  1.31883103  1.38836412  1.40250148  1.42238387  1.47011656  1.47358394
  1.55925447  1.57721639  1.6054855   1.69604912  1.72692453  1.80872787
  1.95250014  1.95777855  2.00883364  2.02362405  2.15560814  2.16517169
  2.18577863  2.23488665  2.27512077  2.28493987  2.471431    2.56956473
  2.57556871  2.63276983  2.71654261  2.75490001  2.84713634  2.85379748
  2.95834415  3.03125177  3.08176539  3.10366069  3.1595523   3.21304585
  3.25148591  3.30884204  5.99265103  6.00414827  9.54637501 10.15528057
 10.23869154 10.4022417  10.68816566 10.74533794]
   3 ( 0.000  0.500  0.500)   [-0.18411311 -0.18411282 -0.14282558 -0.14282517 -0.1385879  -0.13858772
 -0.13484264 -0.13484214 -0.13250172 -0.13250154 -0.06770337 -0.06770308
  0.12416796  0.12416804  0.29939838  0.29939853  0.30065148  0.30065148] [ 0.5691897   0.56918991  0.68108911  0.68108914  0.77778162  0.77778169
  0.84802585  0.84802586  1.02357496  1.02357537  1.26373821  1.26373827
  1.33061267  1.33061378  1.39816519  1.39816562  1.43430223  1.43430232
  1.60711558  1.6071159   1.69997626  1.69997627  1.86573614  1.86573647
  1.93861628  1.93861628  2.08510897  2.08510926  2.08654425  2.08654429
  2.16379315  2.16379373  2.23848065  2.23848104  2.59647008  2.59647706
  2.65921807  2.65921926  2.6954542   2.69545425  2.88975768  2.88975782
  2.9033754   2.90338928  2.99325211  2.99326295  3.1973259   3.19732607
  3.23236219  3.23237109  5.99541621  5.99543164  9.72854423  9.72854807
 10.3994489  10.39945002 10.52147669 10.52147722]
   4 ( 0.500  0.000  0.000)   [-0.18757195 -0.18406329 -0.14272001 -0.14198633 -0.13882247 -0.13715181
 -0.13560576 -0.13553364 -0.13273759 -0.13159605 -0.0785283  -0.05423691
  0.13025519  0.17433486  0.21282667  0.26890143  0.28890724  0.3357394 ] [ 0.58797899  0.60553133  0.64997568  0.71420136  0.78062181  0.78725647
  0.87835845  0.89374547  0.90970468  1.11701055  1.19848142  1.24088209
  1.31883103  1.38836412  1.40250148  1.42238387  1.47011656  1.47358394
  1.55925447  1.57721639  1.6054855   1.69604912  1.72692453  1.80872787
  1.95250014  1.95777855  2.00883364  2.02362405  2.15560814  2.16517169
  2.18577863  2.23488665  2.27512077  2.28493987  2.471431    2.56956473
  2.57556871  2.63276983  2.71654261  2.75490001  2.84713634  2.85379748
  2.95834415  3.03125177  3.08176539  3.10366069  3.1595523   3.21304585
  3.25148591  3.30884204  5.99265103  6.00414827  9.54637501 10.15528057
 10.23869154 10.4022417  10.68816566 10.74533794]
   5 ( 0.500  0.000  0.500)   [-0.18411311 -0.18411282 -0.14282558 -0.14282517 -0.1385879  -0.13858772
 -0.13484264 -0.13484214 -0.13250172 -0.13250154 -0.06770337 -0.06770308
  0.12416796  0.12416804  0.29939838  0.29939853  0.30065148  0.30065148] [ 0.5691897   0.56918991  0.68108911  0.68108914  0.77778162  0.77778169
  0.84802585  0.84802586  1.02357496  1.02357537  1.26373821  1.26373827
  1.33061267  1.33061378  1.39816519  1.39816562  1.43430223  1.43430232
  1.60711558  1.6071159   1.69997626  1.69997627  1.86573614  1.86573647
  1.93861628  1.93861628  2.08510897  2.08510926  2.08654425  2.08654429
  2.16379315  2.16379373  2.23848065  2.23848104  2.59647008  2.59647706
  2.65921807  2.65921926  2.6954542   2.69545425  2.88975768  2.88975782
  2.9033754   2.90338928  2.99325211  2.99326295  3.1973259   3.19732607
  3.23236219  3.23237109  5.99541621  5.99543164  9.72854423  9.72854807
 10.3994489  10.39945002 10.52147669 10.52147722]
   6 ( 0.500  0.500  0.000)   [-0.18757195 -0.18406329 -0.14272001 -0.14198633 -0.13882247 -0.13715181
 -0.13560576 -0.13553364 -0.13273759 -0.13159605 -0.0785283  -0.05423691
  0.13025519  0.17433486  0.21282667  0.26890143  0.28890724  0.3357394 ] [ 0.58797899  0.60553133  0.64997568  0.71420136  0.78062181  0.78725647
  0.87835845  0.89374547  0.90970468  1.11701055  1.19848142  1.24088209
  1.31883103  1.38836412  1.40250148  1.42238387  1.47011656  1.47358394
  1.55925447  1.57721639  1.6054855   1.69604912  1.72692453  1.80872787
  1.95250014  1.95777855  2.00883364  2.02362405  2.15560814  2.16517169
  2.18577863  2.23488665  2.27512077  2.28493987  2.471431    2.56956473
  2.57556871  2.63276983  2.71654261  2.75490001  2.84713634  2.85379748
  2.95834415  3.03125177  3.08176539  3.10366069  3.1595523   3.21304585
  3.25148591  3.30884204  5.99265103  6.00414827  9.54637501 10.15528057
 10.23869154 10.4022417  10.68816566 10.74533794]
   7 ( 0.500  0.500  0.500)   [-0.18411311 -0.18411282 -0.14282558 -0.14282517 -0.1385879  -0.13858772
 -0.13484264 -0.13484214 -0.13250172 -0.13250154 -0.06770337 -0.06770308
  0.12416796  0.12416804  0.29939838  0.29939853  0.30065148  0.30065148] [ 0.5691897   0.56918991  0.68108911  0.68108914  0.77778162  0.77778169
  0.84802585  0.84802586  1.02357496  1.02357537  1.26373821  1.26373827
  1.33061267  1.33061378  1.39816519  1.39816562  1.43430223  1.43430232
  1.60711558  1.6071159   1.69997626  1.69997627  1.86573614  1.86573647
  1.93861628  1.93861628  2.08510897  2.08510926  2.08654425  2.08654429
  2.16379315  2.16379373  2.23848065  2.23848104  2.59647008  2.59647706
  2.65921807  2.65921926  2.6954542   2.69545425  2.88975768  2.88975782
  2.9033754   2.90338928  2.99325211  2.99326295  3.1973259   3.19732607
  3.23236219  3.23237109  5.99541621  5.99543164  9.72854423  9.72854807
 10.3994489  10.39945002 10.52147669 10.52147722]
nelec by numeric integration = 35.99999999955696
    CPU time for vxc    473.46 sec, wall time     23.96 sec
    CPU time for vj and vk    389.00 sec, wall time     19.54 sec
Ewald components = 6.77773183084737, -128.779455527716, 5.42224205397643
E1 = (-87.57228044638502-1.8311954049241372e-16j)  Ecoul = 60.32931647960003  Exc = -25.715313581827562
cycle= 4 E= -169.537759191504  delta_E= -0.00246  |g|= 0.046  |ddm|= 0.417
    CPU time for cycle= 4    863.28 sec, wall time     43.54 sec
HOMO = 0.372544462221  LUMO = 0.483729275091
     k-point                  mo_energy
   0 ( 0.000  0.000  0.000)   [-0.21212318 -0.18992116 -0.14900718 -0.14820155 -0.14820155 -0.14610168
 -0.14610168 -0.13991347 -0.13991347 -0.13655457 -0.13655457 -0.07641841
  0.10656531  0.33256697  0.33256697  0.36972153  0.37254446  0.37254446] [ 0.48372928  0.5479384   0.74150002  0.74150002  0.74566337  0.77331815
  0.81574483  0.81574483  1.10434841  1.10434841  1.16374338  1.26931091
  1.26931091  1.32249391  1.32249391  1.3307915   1.33511136  1.45831353
  1.48561168  1.48561168  1.56980736  1.64888181  1.64888181  1.9365494
  1.9365494   1.99194755  1.99194755  1.99430101  2.04282812  2.04282812
  2.1730137   2.26664499  2.30243613  2.30931155  2.38414652  2.38414652
  2.49431553  2.49431553  2.57384125  2.64409938  2.67514717  2.67514717
  2.9645653   2.9645653   3.08642743  3.24094226  3.30000128  3.30000128
  3.34097047  3.34097047  5.97441499  5.997471   10.29682322 10.32712549
 10.32712549 10.40831043 10.40831043 10.61288332]
   1 ( 0.000  0.000  0.500)   [-0.19555127 -0.19555103 -0.14749389 -0.14749389 -0.1474937  -0.1474937
 -0.1379217  -0.1379217  -0.13792148 -0.13792148 -0.13139486 -0.13139415
  0.22847851  0.22847865  0.35198549  0.35198549  0.35198555  0.35198555] [ 0.55772833  0.55772892  0.71023196  0.71023241  0.7699166   0.7699166
  0.76991666  0.76991666  1.18245896  1.18245896  1.18245909  1.18245909
  1.25623986  1.25624117  1.39147858  1.39147905  1.41058573  1.41058573
  1.41058586  1.41058586  1.72032641  1.72032641  1.72032652  1.72032652
  1.81875312  1.81875626  2.14635873  2.14635873  2.14635879  2.14635879
  2.28763912  2.28763925  2.37645036  2.37647101  2.42877223  2.42877223
  2.42877229  2.42877229  2.58935795  2.58935887  2.74473314  2.74473314
  2.74473319  2.74473319  3.01724022  3.01724611  3.32170266  3.32170266
  3.32170267  3.32170267  5.979237    5.979252   10.32798395 10.32798395
 10.32798456 10.32798456 10.33578091 10.33578187]
   2 ( 0.000  0.500  0.000)   [-0.18994815 -0.18679685 -0.14655929 -0.14586942 -0.14272643 -0.14105895
 -0.13956992 -0.13949912 -0.1367204  -0.13559538 -0.0810017  -0.0563498
  0.129413    0.1733994   0.21229757  0.26804103  0.28817586  0.33459535] [ 0.58718484  0.60464582  0.64924143  0.71323188  0.78021296  0.78627985
  0.87755169  0.8931525   0.90878129  1.11638285  1.19751526  1.24037104
  1.31815731  1.38769028  1.40167307  1.42175576  1.46975246  1.47293578
  1.55842948  1.57620929  1.60498094  1.69522209  1.72624369  1.80779755
  1.95179711  1.95717067  2.00817116  2.02308224  2.15496005  2.16448355
  2.18511069  2.23409472  2.2746094   2.28409206  2.47063913  2.56882364
  2.57484097  2.63204029  2.71564531  2.75426696  2.84639462  2.85299055
  2.95756276  3.0303794   3.08092095  3.10269388  3.15868383  3.21227305
  3.25078382  3.30780636  5.98828323  5.99980179  9.54470403 10.15346407
 10.2369591  10.40043234 10.68617004 10.74334705]
   3 ( 0.000  0.500  0.500)   [-0.18671033 -0.18671013 -0.14665879 -0.14665838 -0.14251353 -0.14251331
 -0.13880028 -0.13879979 -0.13648708 -0.13648686 -0.06996677 -0.06996657
  0.12342252  0.12342255  0.29841372  0.29841377  0.2997756   0.29977567] [ 0.56855195  0.56855209  0.68024963  0.68024978  0.77690499  0.77690517
  0.84735974  0.84735987  1.0228494   1.02284979  1.26293421  1.2629343
  1.33003398  1.33003505  1.39746535  1.3974657   1.43360424  1.43360429
  1.60622776  1.60622808  1.69919216  1.69919228  1.86517611  1.86517643
  1.93799978  1.93799982  2.08446197  2.08446219  2.08591141  2.08591148
  2.16304593  2.16304643  2.23769674  2.23769718  2.5957427   2.59574916
  2.65840275  2.65840392  2.69475899  2.69475906  2.88899941  2.88899945
  2.90259298  2.90260604  2.99241005  2.99242056  3.19630132  3.19630136
  3.23156881  3.23157735  5.99105854  5.99107369  9.72684772  9.72685139
 10.39758106 10.39758212 10.51960571 10.51960631]
   4 ( 0.500  0.000  0.000)   [-0.18994815 -0.18679685 -0.14655929 -0.14586942 -0.14272643 -0.14105895
 -0.13956992 -0.13949912 -0.1367204  -0.13559538 -0.0810017  -0.0563498
  0.129413    0.1733994   0.21229757  0.26804103  0.28817586  0.33459535] [ 0.58718484  0.60464582  0.64924143  0.71323188  0.78021296  0.78627985
  0.87755169  0.8931525   0.90878129  1.11638285  1.19751526  1.24037104
  1.31815731  1.38769028  1.40167307  1.42175576  1.46975246  1.47293578
  1.55842948  1.57620929  1.60498094  1.69522209  1.72624369  1.80779755
  1.95179711  1.95717067  2.00817116  2.02308224  2.15496005  2.16448355
  2.18511069  2.23409472  2.2746094   2.28409206  2.47063913  2.56882364
  2.57484097  2.63204029  2.71564531  2.75426696  2.84639462  2.85299055
  2.95756276  3.0303794   3.08092095  3.10269388  3.15868383  3.21227305
  3.25078382  3.30780636  5.98828323  5.99980179  9.54470403 10.15346407
 10.2369591  10.40043234 10.68617004 10.74334705]
   5 ( 0.500  0.000  0.500)   [-0.18671033 -0.18671013 -0.14665879 -0.14665838 -0.14251353 -0.14251331
 -0.13880028 -0.13879979 -0.13648708 -0.13648686 -0.06996677 -0.06996657
  0.12342252  0.12342255  0.29841372  0.29841377  0.2997756   0.29977567] [ 0.56855195  0.56855209  0.68024963  0.68024978  0.77690499  0.77690517
  0.84735974  0.84735987  1.0228494   1.02284979  1.26293421  1.2629343
  1.33003398  1.33003505  1.39746535  1.3974657   1.43360424  1.43360429
  1.60622776  1.60622808  1.69919216  1.69919228  1.86517611  1.86517643
  1.93799978  1.93799982  2.08446197  2.08446219  2.08591141  2.08591148
  2.16304593  2.16304643  2.23769674  2.23769718  2.5957427   2.59574916
  2.65840275  2.65840392  2.69475899  2.69475906  2.88899941  2.88899945
  2.90259298  2.90260604  2.99241005  2.99242056  3.19630132  3.19630136
  3.23156881  3.23157735  5.99105854  5.99107369  9.72684772  9.72685139
 10.39758106 10.39758212 10.51960571 10.51960631]
   6 ( 0.500  0.500  0.000)   [-0.18994815 -0.18679685 -0.14655929 -0.14586942 -0.14272643 -0.14105895
 -0.13956992 -0.13949912 -0.1367204  -0.13559538 -0.0810017  -0.0563498
  0.129413    0.1733994   0.21229757  0.26804103  0.28817586  0.33459535] [ 0.58718484  0.60464582  0.64924143  0.71323188  0.78021296  0.78627985
  0.87755169  0.8931525   0.90878129  1.11638285  1.19751526  1.24037104
  1.31815731  1.38769028  1.40167307  1.42175576  1.46975246  1.47293578
  1.55842948  1.57620929  1.60498094  1.69522209  1.72624369  1.80779755
  1.95179711  1.95717067  2.00817116  2.02308224  2.15496005  2.16448355
  2.18511069  2.23409472  2.2746094   2.28409206  2.47063913  2.56882364
  2.57484097  2.63204029  2.71564531  2.75426696  2.84639462  2.85299055
  2.95756276  3.0303794   3.08092095  3.10269388  3.15868383  3.21227305
  3.25078382  3.30780636  5.98828323  5.99980179  9.54470403 10.15346407
 10.2369591  10.40043234 10.68617004 10.74334705]
   7 ( 0.500  0.500  0.500)   [-0.18671033 -0.18671013 -0.14665879 -0.14665838 -0.14251353 -0.14251331
 -0.13880028 -0.13879979 -0.13648708 -0.13648686 -0.06996677 -0.06996657
  0.12342252  0.12342255  0.29841372  0.29841377  0.2997756   0.29977567] [ 0.56855195  0.56855209  0.68024963  0.68024978  0.77690499  0.77690517
  0.84735974  0.84735987  1.0228494   1.02284979  1.26293421  1.2629343
  1.33003398  1.33003505  1.39746535  1.3974657   1.43360424  1.43360429
  1.60622776  1.60622808  1.69919216  1.69919228  1.86517611  1.86517643
  1.93799978  1.93799982  2.08446197  2.08446219  2.08591141  2.08591148
  2.16304593  2.16304643  2.23769674  2.23769718  2.5957427   2.59574916
  2.65840275  2.65840392  2.69475899  2.69475906  2.88899941  2.88899945
  2.90259298  2.90260604  2.99241005  2.99242056  3.19630132  3.19630136
  3.23156881  3.23157735  5.99105854  5.99107369  9.72684772  9.72685139
 10.39758106 10.39758212 10.51960571 10.51960631]
nelec by numeric integration = 35.99999999955775
    CPU time for vxc    456.40 sec, wall time     23.07 sec
    CPU time for vj and vk    394.17 sec, wall time     19.84 sec
Ewald components = 6.77773183084737, -128.779455527716, 5.42224205397643
E1 = (-87.63769257168138-1.8325966779884125e-16j)  Ecoul = 60.40975396844013  Exc = -25.730387764643716
cycle= 5 E= -169.537808010777  delta_E= -4.88e-05  |g|= 0.00691  |ddm|= 0.0769
    CPU time for cycle= 5    851.37 sec, wall time     42.95 sec
HOMO = 0.372700914093  LUMO = 0.483792052842
     k-point                  mo_energy
   0 ( 0.000  0.000  0.000)   [-0.21204588 -0.18962373 -0.1485529  -0.147728   -0.147728   -0.14562022
 -0.14562022 -0.13943985 -0.13943985 -0.13608035 -0.13608035 -0.076161
  0.10665379  0.33269731  0.33269731  0.36990918  0.37270091  0.37270091] [ 0.48379205  0.54792796  0.74149585  0.74149585  0.74579943  0.77329141
  0.81575904  0.81575904  1.10439711  1.10439711  1.16367636  1.26933535
  1.26933535  1.32258217  1.32258217  1.33088342  1.33515506  1.4582905
  1.48570697  1.48570697  1.56996172  1.64889658  1.64889658  1.9365886
  1.9365886   1.99201849  1.99201849  1.99431828  2.04283868  2.04283868
  2.17308787  2.26667724  2.30253094  2.30934645  2.3841782   2.3841782
  2.49436864  2.49436864  2.57394187  2.6441538   2.6752254   2.6752254
  2.96462742  2.96462742  3.0865209   3.24108608  3.30009351  3.30009351
  3.3410693   3.3410693   5.9749257   5.99798587 10.29702034 10.32735729
 10.32735729 10.40855464 10.40855464 10.61313223]
   1 ( 0.000  0.000  0.500)   [-0.19536706 -0.19536677 -0.14701756 -0.14701756 -0.14701753 -0.14701753
 -0.1374465  -0.1374465  -0.13744646 -0.13744646 -0.13104713 -0.13104634
  0.22861241  0.22861253  0.35212808  0.35212808  0.35212828  0.35212828] [ 0.5577532   0.55775377  0.71030171  0.71030204  0.76992054  0.76992054
  0.76992054  0.76992054  1.18251527  1.18251527  1.18251531  1.18251531
  1.25622132  1.25622261  1.39155518  1.39155567  1.41064246  1.41064246
  1.41064251  1.41064251  1.72037588  1.72037588  1.72037591  1.72037591
  1.81881849  1.81882167  2.14638564  2.14638564  2.14638568  2.14638568
  2.28767274  2.28767275  2.37650481  2.37652513  2.42882839  2.42882839
  2.42882849  2.42882849  2.58945393  2.58945491  2.74479668  2.74479668
  2.74479687  2.74479687  3.01735552  3.01736111  3.32179878  3.32179878
  3.32179893  3.32179893  5.97974997  5.97976518 10.32821946 10.32821946
 10.32821989 10.32821989 10.33599626 10.33599712]
   2 ( 0.000  0.500  0.000)   [-0.18966    -0.18646233 -0.14609526 -0.14540802 -0.14226594 -0.14058897
 -0.13908377 -0.13902543 -0.13622648 -0.13511387 -0.08069381 -0.05609268
  0.12945082  0.17345535  0.21240706  0.26812957  0.28830112  0.33472383] [ 0.58716321  0.60471262  0.64932219  0.71337618  0.7802528   0.7863755
  0.87757342  0.89318685  0.90887642  1.11644983  1.19754431  1.2403768
  1.31821659  1.38774169  1.4016982   1.42175598  1.46978712  1.47295766
  1.55852636  1.57621339  1.60502028  1.69530994  1.72630167  1.80781958
  1.95181268  1.95718686  2.00826736  2.0231114   2.15500635  2.16453097
  2.18512554  2.23414259  2.27462394  2.28414955  2.47072285  2.56888659
  2.57489839  2.63212241  2.71571436  2.75433484  2.84646725  2.85307734
  2.95763024  3.03042701  3.08100768  3.10278457  3.15879566  3.21238627
  3.25087615  3.30788431  5.9888027   6.0003171   9.5449129  10.15369661
 10.23719022 10.40064118 10.68642133 10.74361687]
   3 ( 0.000  0.500  0.500)   [-0.18639328 -0.18639302 -0.14619766 -0.14619724 -0.14204302 -0.14204298
 -0.13832949 -0.13832897 -0.13599637 -0.13599634 -0.06968831 -0.06968803
  0.12346927  0.12346931  0.29851958  0.29851974  0.29991201  0.29991211] [ 0.56857872  0.56857887  0.68030062  0.68030066  0.7769827   0.77698275
  0.84743007  0.84743013  1.02290643  1.02290673  1.26296304  1.26296307
  1.33009236  1.33009327  1.39748561  1.39748598  1.43362644  1.4336265
  1.60628335  1.60628371  1.69928162  1.69928167  1.86521325  1.86521353
  1.93801803  1.93801806  2.08449209  2.08449227  2.08593002  2.08593004
  2.16309161  2.16309211  2.23774647  2.23774687  2.59583023  2.59583656
  2.65845312  2.65845438  2.69481732  2.69481736  2.8890745   2.88907468
  2.90269041  2.90270328  2.99248228  2.99249274  3.19637569  3.19637586
  3.23168736  3.23169576  5.99157417  5.99158953  9.72705096  9.72705448
 10.39780906 10.39781004 10.51985783 10.51985825]
   4 ( 0.500  0.000  0.000)   [-0.18966    -0.18646233 -0.14609526 -0.14540802 -0.14226594 -0.14058897
 -0.13908377 -0.13902543 -0.13622648 -0.13511387 -0.08069381 -0.05609268
  0.12945082  0.17345535  0.21240706  0.26812957  0.28830112  0.33472383] [ 0.58716321  0.60471262  0.64932219  0.71337618  0.7802528   0.7863755
  0.87757342  0.89318685  0.90887642  1.11644983  1.19754431  1.2403768
  1.31821659  1.38774169  1.4016982   1.42175598  1.46978712  1.47295766
  1.55852636  1.57621339  1.60502028  1.69530994  1.72630167  1.80781958
  1.95181268  1.95718686  2.00826736  2.0231114   2.15500635  2.16453097
  2.18512554  2.23414259  2.27462394  2.28414955  2.47072285  2.56888659
  2.57489839  2.63212241  2.71571436  2.75433484  2.84646725  2.85307734
  2.95763024  3.03042701  3.08100768  3.10278457  3.15879566  3.21238627
  3.25087615  3.30788431  5.9888027   6.0003171   9.5449129  10.15369661
 10.23719022 10.40064118 10.68642133 10.74361687]
   5 ( 0.500  0.000  0.500)   [-0.18639328 -0.18639302 -0.14619766 -0.14619724 -0.14204302 -0.14204298
 -0.13832949 -0.13832897 -0.13599637 -0.13599634 -0.06968831 -0.06968803
  0.12346927  0.12346931  0.29851958  0.29851974  0.29991201  0.29991211] [ 0.56857872  0.56857887  0.68030062  0.68030066  0.7769827   0.77698275
  0.84743007  0.84743013  1.02290643  1.02290673  1.26296304  1.26296307
  1.33009236  1.33009327  1.39748561  1.39748598  1.43362644  1.4336265
  1.60628335  1.60628371  1.69928162  1.69928167  1.86521325  1.86521353
  1.93801803  1.93801806  2.08449209  2.08449227  2.08593002  2.08593004
  2.16309161  2.16309211  2.23774647  2.23774687  2.59583023  2.59583656
  2.65845312  2.65845438  2.69481732  2.69481736  2.8890745   2.88907468
  2.90269041  2.90270328  2.99248228  2.99249274  3.19637569  3.19637586
  3.23168736  3.23169576  5.99157417  5.99158953  9.72705096  9.72705448
 10.39780906 10.39781004 10.51985783 10.51985825]
   6 ( 0.500  0.500  0.000)   [-0.18966    -0.18646233 -0.14609526 -0.14540802 -0.14226594 -0.14058897
 -0.13908377 -0.13902543 -0.13622648 -0.13511387 -0.08069381 -0.05609268
  0.12945082  0.17345535  0.21240706  0.26812957  0.28830112  0.33472383] [ 0.58716321  0.60471262  0.64932219  0.71337618  0.7802528   0.7863755
  0.87757342  0.89318685  0.90887642  1.11644983  1.19754431  1.2403768
  1.31821659  1.38774169  1.4016982   1.42175598  1.46978712  1.47295766
  1.55852636  1.57621339  1.60502028  1.69530994  1.72630167  1.80781958
  1.95181268  1.95718686  2.00826736  2.0231114   2.15500635  2.16453097
  2.18512554  2.23414259  2.27462394  2.28414955  2.47072285  2.56888659
  2.57489839  2.63212241  2.71571436  2.75433484  2.84646725  2.85307734
  2.95763024  3.03042701  3.08100768  3.10278457  3.15879566  3.21238627
  3.25087615  3.30788431  5.9888027   6.0003171   9.5449129  10.15369661
 10.23719022 10.40064118 10.68642133 10.74361687]
   7 ( 0.500  0.500  0.500)   [-0.18639328 -0.18639302 -0.14619766 -0.14619724 -0.14204302 -0.14204298
 -0.13832949 -0.13832897 -0.13599637 -0.13599634 -0.06968831 -0.06968803
  0.12346927  0.12346931  0.29851958  0.29851974  0.29991201  0.29991211] [ 0.56857872  0.56857887  0.68030062  0.68030066  0.7769827   0.77698275
  0.84743007  0.84743013  1.02290643  1.02290673  1.26296304  1.26296307
  1.33009236  1.33009327  1.39748561  1.39748598  1.43362644  1.4336265
  1.60628335  1.60628371  1.69928162  1.69928167  1.86521325  1.86521353
  1.93801803  1.93801806  2.08449209  2.08449227  2.08593002  2.08593004
  2.16309161  2.16309211  2.23774647  2.23774687  2.59583023  2.59583656
  2.65845312  2.65845438  2.69481732  2.69481736  2.8890745   2.88907468
  2.90269041  2.90270328  2.99248228  2.99249274  3.19637569  3.19637586
  3.23168736  3.23169576  5.99157417  5.99158953  9.72705096  9.72705448
 10.39780906 10.39781004 10.51985783 10.51985825]
nelec by numeric integration = 35.99999999955766
    CPU time for vxc    467.40 sec, wall time     23.60 sec
    CPU time for vj and vk    390.07 sec, wall time     19.64 sec
Ewald components = 6.77773183084737, -128.779455527716, 5.42224205397643
E1 = (-87.62907175449372-1.8324233631328944e-16j)  Ecoul = 60.39896180536322  Exc = -25.728217636020904
cycle= 6 E= -169.537809228043  delta_E= -1.22e-06  |g|= 0.000922  |ddm|= 0.0124
    CPU time for cycle= 6    858.26 sec, wall time     43.28 sec
HOMO = 0.372695404279  LUMO = 0.483781477935
     k-point                  mo_energy
   0 ( 0.000  0.000  0.000)   [-0.21205329 -0.1896457  -0.14858591 -0.14775885 -0.14775885 -0.14565106
 -0.14565106 -0.13947207 -0.13947207 -0.13611301 -0.13611301 -0.07617283
  0.10662482  0.33269132  0.33269132  0.36988638  0.3726954   0.3726954 ] [ 0.48378148  0.54794269  0.74149033  0.74149033  0.74577627  0.7732887
  0.81575715  0.81575715  1.10438417  1.10438417  1.16368038  1.269316
  1.269316    1.32257083  1.32257083  1.33085249  1.33515272  1.45829233
  1.48570096  1.48570096  1.56994413  1.64889425  1.64889425  1.93657842
  1.93657842  1.99201332  1.99201332  1.9943225   2.0428315   2.0428315
  2.17306992  2.2666763   2.302511    2.30934563  2.38417545  2.38417545
  2.49436737  2.49436737  2.5739398   2.64415146  2.675214    2.675214
  2.96461615  2.96461615  3.08650478  3.24105967  3.30009311  3.30009311
  3.34106624  3.34106624  5.97489041  5.99795019 10.29700415 10.32734371
 10.32734371 10.40854109 10.40854109 10.61310943]
   1 ( 0.000  0.000  0.500)   [-0.19538118 -0.19538089 -0.14704847 -0.14704847 -0.14704827 -0.14704827
 -0.13747905 -0.13747905 -0.13747882 -0.13747882 -0.13107182 -0.13107112
  0.22858791  0.22858812  0.35212223  0.35212223  0.35212251  0.35212251] [ 0.55776107  0.55776158  0.71028354  0.71028403  0.76991633  0.76991633
  0.76991635  0.76991635  1.18250321  1.18250321  1.18250332  1.18250332
  1.25621785  1.25621911  1.39153795  1.39153842  1.41062692  1.41062692
  1.41062704  1.41062704  1.72037582  1.72037582  1.72037601  1.72037601
  1.81881283  1.81881593  2.14637837  2.14637837  2.1463784   2.1463784
  2.28767182  2.2876719   2.37650552  2.37652589  2.42882257  2.42882257
  2.42882272  2.42882272  2.58943622  2.58943712  2.74478718  2.74478718
  2.74478738  2.74478738  3.01733665  3.0173426   3.32179694  3.32179694
  3.32179708  3.32179708  5.97971448  5.97972948 10.32820566 10.32820566
 10.32820623 10.32820623 10.33597744 10.33597838]
   2 ( 0.000  0.500  0.000)   [-0.18967954 -0.18648516 -0.14612731 -0.14543944 -0.14229874 -0.14062078
 -0.13911546 -0.13905849 -0.13625876 -0.13514651 -0.08071684 -0.05611201
  0.12945414  0.17345933  0.21238234  0.26812545  0.28827852  0.33472097] [ 0.58717253  0.60470646  0.64930318  0.71335572  0.78023321  0.78636339
  0.87756755  0.893185    0.90886526  1.11643601  1.19754803  1.24036974
  1.3182155   1.38774206  1.40170171  1.42175398  1.46977466  1.47296538
  1.5585145   1.57621245  1.60499989  1.69529165  1.72628664  1.80781371
  1.95180939  1.95718411  2.00824999  2.02310057  2.1549934   2.1645235
  2.18512254  2.23413833  2.27461474  2.28414155  2.47070719  2.56887689
  2.57489123  2.63211196  2.71570844  2.75432826  2.84645805  2.85306532
  2.95762986  3.03042255  3.08100055  3.10277855  3.15877721  3.21236631
  3.25087462  3.30788408  5.98876635  6.0002808   9.54489846 10.15367946
 10.2371759  10.4006241  10.6864039  10.7436017 ]
   3 ( 0.000  0.500  0.500)   [-0.18641468 -0.18641456 -0.14622945 -0.14622904 -0.14207472 -0.14207449
 -0.13836243 -0.13836194 -0.13602886 -0.13602863 -0.06970927 -0.06970917
  0.12346723  0.12346734  0.29851578  0.29851602  0.29989429  0.29989445] [ 0.56856949  0.56856962  0.6802949   0.6802951   0.77697321  0.77697348
  0.84741426  0.84741435  1.02290015  1.02290057  1.26296283  1.26296299
  1.3300797   1.33008073  1.39748625  1.39748657  1.43363003  1.43363014
  1.60627024  1.60627055  1.69926725  1.69926733  1.86519969  1.86520001
  1.93800634  1.93800638  2.08448855  2.08448873  2.08592619  2.08592626
  2.16308176  2.16308225  2.23774009  2.23774053  2.59581944  2.5958258
  2.65845041  2.65845157  2.69481042  2.69481053  2.8890624   2.88906251
  2.90267957  2.9026925   2.9924774   2.99248787  3.19637578  3.19637597
  3.23167018  3.2316787   5.99153836  5.99155351  9.72703618  9.72703979
 10.39779294 10.39779399 10.51984294 10.51984353]
   4 ( 0.500  0.000  0.000)   [-0.18967954 -0.18648516 -0.14612731 -0.14543944 -0.14229874 -0.14062078
 -0.13911546 -0.13905849 -0.13625876 -0.13514651 -0.08071684 -0.05611201
  0.12945414  0.17345933  0.21238234  0.26812545  0.28827852  0.33472097] [ 0.58717253  0.60470646  0.64930318  0.71335572  0.78023321  0.78636339
  0.87756755  0.893185    0.90886526  1.11643601  1.19754803  1.24036974
  1.3182155   1.38774206  1.40170171  1.42175398  1.46977466  1.47296538
  1.5585145   1.57621245  1.60499989  1.69529165  1.72628664  1.80781371
  1.95180939  1.95718411  2.00824999  2.02310057  2.1549934   2.1645235
  2.18512254  2.23413833  2.27461474  2.28414155  2.47070719  2.56887689
  2.57489123  2.63211196  2.71570844  2.75432826  2.84645805  2.85306532
  2.95762986  3.03042255  3.08100055  3.10277855  3.15877721  3.21236631
  3.25087462  3.30788408  5.98876635  6.0002808   9.54489846 10.15367946
 10.2371759  10.4006241  10.6864039  10.7436017 ]
   5 ( 0.500  0.000  0.500)   [-0.18641468 -0.18641456 -0.14622945 -0.14622904 -0.14207472 -0.14207449
 -0.13836243 -0.13836194 -0.13602886 -0.13602863 -0.06970927 -0.06970917
  0.12346723  0.12346734  0.29851578  0.29851602  0.29989429  0.29989445] [ 0.56856949  0.56856962  0.6802949   0.6802951   0.77697321  0.77697348
  0.84741426  0.84741435  1.02290015  1.02290057  1.26296283  1.26296299
  1.3300797   1.33008073  1.39748625  1.39748657  1.43363003  1.43363014
  1.60627024  1.60627055  1.69926725  1.69926733  1.86519969  1.86520001
  1.93800634  1.93800638  2.08448855  2.08448873  2.08592619  2.08592626
  2.16308176  2.16308225  2.23774009  2.23774053  2.59581944  2.5958258
  2.65845041  2.65845157  2.69481042  2.69481053  2.8890624   2.88906251
  2.90267957  2.9026925   2.9924774   2.99248787  3.19637578  3.19637597
  3.23167018  3.2316787   5.99153836  5.99155351  9.72703618  9.72703979
 10.39779294 10.39779399 10.51984294 10.51984353]
   6 ( 0.500  0.500  0.000)   [-0.18967954 -0.18648516 -0.14612731 -0.14543944 -0.14229874 -0.14062078
 -0.13911546 -0.13905849 -0.13625876 -0.13514651 -0.08071684 -0.05611201
  0.12945414  0.17345933  0.21238234  0.26812545  0.28827852  0.33472097] [ 0.58717253  0.60470646  0.64930318  0.71335572  0.78023321  0.78636339
  0.87756755  0.893185    0.90886526  1.11643601  1.19754803  1.24036974
  1.3182155   1.38774206  1.40170171  1.42175398  1.46977466  1.47296538
  1.5585145   1.57621245  1.60499989  1.69529165  1.72628664  1.80781371
  1.95180939  1.95718411  2.00824999  2.02310057  2.1549934   2.1645235
  2.18512254  2.23413833  2.27461474  2.28414155  2.47070719  2.56887689
  2.57489123  2.63211196  2.71570844  2.75432826  2.84645805  2.85306532
  2.95762986  3.03042255  3.08100055  3.10277855  3.15877721  3.21236631
  3.25087462  3.30788408  5.98876635  6.0002808   9.54489846 10.15367946
 10.2371759  10.4006241  10.6864039  10.7436017 ]
   7 ( 0.500  0.500  0.500)   [-0.18641468 -0.18641456 -0.14622945 -0.14622904 -0.14207472 -0.14207449
 -0.13836243 -0.13836194 -0.13602886 -0.13602863 -0.06970927 -0.06970917
  0.12346723  0.12346734  0.29851578  0.29851602  0.29989429  0.29989445] [ 0.56856949  0.56856962  0.6802949   0.6802951   0.77697321  0.77697348
  0.84741426  0.84741435  1.02290015  1.02290057  1.26296283  1.26296299
  1.3300797   1.33008073  1.39748625  1.39748657  1.43363003  1.43363014
  1.60627024  1.60627055  1.69926725  1.69926733  1.86519969  1.86520001
  1.93800634  1.93800638  2.08448855  2.08448873  2.08592619  2.08592626
  2.16308176  2.16308225  2.23774009  2.23774053  2.59581944  2.5958258
  2.65845041  2.65845157  2.69481042  2.69481053  2.8890624   2.88906251
  2.90267957  2.9026925   2.9924774   2.99248787  3.19637578  3.19637597
  3.23167018  3.2316787   5.99153836  5.99155351  9.72703618  9.72703979
 10.39779294 10.39779399 10.51984294 10.51984353]
nelec by numeric integration = 35.999999999557666
    CPU time for vxc    469.52 sec, wall time     23.89 sec
    CPU time for vj and vk    392.65 sec, wall time     19.86 sec
Ewald components = 6.77773183084737, -128.779455527716, 5.42224205397643
E1 = (-87.62957993082655-1.8324283597140438e-16j)  Ecoul = 60.39958292857187  Exc = -25.728330606597453
cycle= 7 E= -169.537809251744  delta_E= -2.37e-08  |g|= 9.25e-05  |ddm|= 0.00243
    CPU time for cycle= 7    862.99 sec, wall time     43.79 sec
HOMO = 0.372693809114  LUMO = 0.483780110634
     k-point                  mo_energy
   0 ( 0.000  0.000  0.000)   [-0.2120545  -0.18964606 -0.14858414 -0.14775893 -0.14775893 -0.14565157
 -0.14565157 -0.13947122 -0.13947122 -0.13611175 -0.13611175 -0.07617223
  0.10662479  0.33269003  0.33269003  0.36988509  0.37269381  0.37269381] [ 0.48378011  0.5479411   0.74148944  0.74148944  0.74577551  0.77328968
  0.81575586  0.81575586  1.10438352  1.10438352  1.16368008  1.2693157
  1.2693157   1.32257004  1.32257004  1.33085303  1.33515294  1.45829399
  1.48570032  1.48570032  1.56994281  1.64889384  1.64889384  1.9365779
  1.9365779   1.9920136   1.9920136   1.9943197   2.04283256  2.04283256
  2.17306997  2.26667366  2.30250991  2.30934287  2.38417517  2.38417517
  2.49436651  2.49436651  2.57393769  2.64414996  2.67521262  2.67521262
  2.96461595  2.96461595  3.08650402  3.24105902  3.30009167  3.30009167
  3.34106524  3.34106524  5.9748912   5.99795096 10.2970063  10.32734279
 10.32734279 10.40854004 10.40854004 10.61311165]
   1 ( 0.000  0.000  0.500)   [-0.19538236 -0.19538176 -0.14704864 -0.14704864 -0.14704861 -0.14704861
 -0.13747793 -0.13747793 -0.13747791 -0.13747791 -0.13107035 -0.13106959
  0.22858723  0.22858757  0.35212053  0.35212053  0.35212135  0.35212135] [ 0.55775927  0.55776005  0.71028374  0.71028396  0.76991525  0.76991525
  0.76991538  0.76991538  1.1825024   1.1825024   1.1825025   1.1825025
  1.25621775  1.25621915  1.3915389   1.39153938  1.41062666  1.41062666
  1.4106267   1.4106267   1.72037536  1.72037536  1.72037565  1.72037565
  1.81881154  1.81881484  2.14637874  2.14637874  2.14637889  2.14637889
  2.28766909  2.28766922  2.37650276  2.37652346  2.42882195  2.42882195
  2.42882236  2.42882236  2.58943619  2.58943721  2.74478617  2.74478617
  2.74478679  2.74478679  3.01733588  3.01734114  3.32179544  3.32179544
  3.321796    3.321796    5.97971513  5.97973037 10.32820474 10.32820474
 10.32820521 10.32820521 10.33597965 10.33598052]
   2 ( 0.000  0.500  0.000)   [-0.18967999 -0.18648541 -0.14612657 -0.14543831 -0.14229707 -0.14062008
 -0.13911539 -0.13905719 -0.13625905 -0.13514575 -0.08071762 -0.0561128
  0.1294532   0.17345766  0.21238188  0.26812414  0.28827837  0.33471913] [ 0.58717154  0.60470532  0.64930173  0.71335486  0.78023279  0.78636231
  0.87756826  0.89318486  0.90886379  1.11643518  1.19754793  1.24036831
  1.31821419  1.3877405   1.40170115  1.42175533  1.46977461  1.47296387
  1.55851437  1.57621278  1.60500007  1.69528979  1.72628511  1.80781379
  1.95180858  1.95718379  2.00824943  2.02310029  2.15499278  2.164522
  2.18512238  2.2341376   2.27461545  2.28414188  2.4707068   2.56887604
  2.57489151  2.63211275  2.71570766  2.75432773  2.84645657  2.85306364
  2.95762824  3.03042245  3.0809995   3.10277652  3.15877639  3.21236552
  3.25087373  3.3078837   5.98876713  6.00028166  9.54489748 10.1536795
 10.23717479 10.40062607 10.68640485 10.7436007 ]
   3 ( 0.000  0.500  0.500)   [-0.18641523 -0.18641471 -0.14622865 -0.14622822 -0.14207376 -0.14207373
 -0.13836107 -0.13836054 -0.13602877 -0.13602875 -0.06971029 -0.06970969
  0.1234662   0.12346648  0.29851402  0.29851473  0.29989316  0.29989356] [ 0.56856901  0.56856925  0.68029422  0.68029442  0.77697202  0.77697228
  0.84741321  0.84741343  1.02289983  1.02290002  1.26296278  1.26296299
  1.33007898  1.33007988  1.39748611  1.39748664  1.43362848  1.43362879
  1.60627026  1.60627066  1.69926538  1.69926554  1.86519978  1.86520006
  1.93800669  1.93800673  2.08448701  2.08448725  2.08592589  2.08592606
  2.16308168  2.1630822   2.23773984  2.23774029  2.5958181   2.59582455
  2.65845055  2.65845188  2.69481022  2.69481042  2.88906076  2.88906136
  2.90267779  2.9026908   2.99247694  2.99248744  3.19637479  3.19637542
  3.23166944  3.23167781  5.99153907  5.99155447  9.72703634  9.72703988
 10.39779384 10.39779483 10.51984198 10.51984242]
   4 ( 0.500  0.000  0.000)   [-0.18967999 -0.18648541 -0.14612657 -0.14543831 -0.14229707 -0.14062008
 -0.13911539 -0.13905719 -0.13625905 -0.13514575 -0.08071762 -0.0561128
  0.1294532   0.17345766  0.21238188  0.26812414  0.28827837  0.33471913] [ 0.58717154  0.60470532  0.64930173  0.71335486  0.78023279  0.78636231
  0.87756826  0.89318486  0.90886379  1.11643518  1.19754793  1.24036831
  1.31821419  1.3877405   1.40170115  1.42175533  1.46977461  1.47296387
  1.55851437  1.57621278  1.60500007  1.69528979  1.72628511  1.80781379
  1.95180858  1.95718379  2.00824943  2.02310029  2.15499278  2.164522
  2.18512238  2.2341376   2.27461545  2.28414188  2.4707068   2.56887604
  2.57489151  2.63211275  2.71570766  2.75432773  2.84645657  2.85306364
  2.95762824  3.03042245  3.0809995   3.10277652  3.15877639  3.21236552
  3.25087373  3.3078837   5.98876713  6.00028166  9.54489748 10.1536795
 10.23717479 10.40062607 10.68640485 10.7436007 ]
   5 ( 0.500  0.000  0.500)   [-0.18641523 -0.18641471 -0.14622865 -0.14622822 -0.14207376 -0.14207373
 -0.13836107 -0.13836054 -0.13602877 -0.13602875 -0.06971029 -0.06970969
  0.1234662   0.12346648  0.29851402  0.29851473  0.29989316  0.29989356] [ 0.56856901  0.56856925  0.68029422  0.68029442  0.77697202  0.77697228
  0.84741321  0.84741343  1.02289983  1.02290002  1.26296278  1.26296299
  1.33007898  1.33007988  1.39748611  1.39748664  1.43362848  1.43362879
  1.60627026  1.60627066  1.69926538  1.69926554  1.86519978  1.86520006
  1.93800669  1.93800673  2.08448701  2.08448725  2.08592589  2.08592606
  2.16308168  2.1630822   2.23773984  2.23774029  2.5958181   2.59582455
  2.65845055  2.65845188  2.69481022  2.69481042  2.88906076  2.88906136
  2.90267779  2.9026908   2.99247694  2.99248744  3.19637479  3.19637542
  3.23166944  3.23167781  5.99153907  5.99155447  9.72703634  9.72703988
 10.39779384 10.39779483 10.51984198 10.51984242]
   6 ( 0.500  0.500  0.000)   [-0.18967999 -0.18648541 -0.14612657 -0.14543831 -0.14229707 -0.14062008
 -0.13911539 -0.13905719 -0.13625905 -0.13514575 -0.08071762 -0.0561128
  0.1294532   0.17345766  0.21238188  0.26812414  0.28827837  0.33471913] [ 0.58717154  0.60470532  0.64930173  0.71335486  0.78023279  0.78636231
  0.87756826  0.89318486  0.90886379  1.11643518  1.19754793  1.24036831
  1.31821419  1.3877405   1.40170115  1.42175533  1.46977461  1.47296387
  1.55851437  1.57621278  1.60500007  1.69528979  1.72628511  1.80781379
  1.95180858  1.95718379  2.00824943  2.02310029  2.15499278  2.164522
  2.18512238  2.2341376   2.27461545  2.28414188  2.4707068   2.56887604
  2.57489151  2.63211275  2.71570766  2.75432773  2.84645657  2.85306364
  2.95762824  3.03042245  3.0809995   3.10277652  3.15877639  3.21236552
  3.25087373  3.3078837   5.98876713  6.00028166  9.54489748 10.1536795
 10.23717479 10.40062607 10.68640485 10.7436007 ]
   7 ( 0.500  0.500  0.500)   [-0.18641523 -0.18641471 -0.14622865 -0.14622822 -0.14207376 -0.14207373
 -0.13836107 -0.13836054 -0.13602877 -0.13602875 -0.06971029 -0.06970969
  0.1234662   0.12346648  0.29851402  0.29851473  0.29989316  0.29989356] [ 0.56856901  0.56856925  0.68029422  0.68029442  0.77697202  0.77697228
  0.84741321  0.84741343  1.02289983  1.02290002  1.26296278  1.26296299
  1.33007898  1.33007988  1.39748611  1.39748664  1.43362848  1.43362879
  1.60627026  1.60627066  1.69926538  1.69926554  1.86519978  1.86520006
  1.93800669  1.93800673  2.08448701  2.08448725  2.08592589  2.08592606
  2.16308168  2.1630822   2.23773984  2.23774029  2.5958181   2.59582455
  2.65845055  2.65845188  2.69481022  2.69481042  2.88906076  2.88906136
  2.90267779  2.9026908   2.99247694  2.99248744  3.19637479  3.19637542
  3.23166944  3.23167781  5.99153907  5.99155447  9.72703634  9.72703988
 10.39779384 10.39779483 10.51984198 10.51984242]
nelec by numeric integration = 35.99999999955766
    CPU time for vxc    481.86 sec, wall time     24.43 sec
    CPU time for vj and vk    390.13 sec, wall time     19.63 sec
Ewald components = 6.77773183084737, -128.779455527716, 5.42224205397643
E1 = (-87.62957007729302-1.8324289147063076e-16j)  Ecoul = 60.39957646040304  Exc = -25.72833399212163
Extra cycle  E= -169.537809251904  delta_E= -1.6e-10  |g|= 6.4e-05  |ddm|= 0.000344
    CPU time for scf_cycle   8736.39 sec, wall time    447.92 sec
    CPU time for SCF   8736.40 sec, wall time    447.93 sec
converged SCF energy = -169.537809251904
nelec by numeric integration = 35.99999999955766
    CPU time for vxc   1969.34 sec, wall time    109.14 sec
    CPU time for vj and vk   1441.96 sec, wall time     72.50 sec
