/groups/wag/pkozlows/miniconda3/envs/pyscf/lib/python3.11/site-packages/pyscf/dft/libxc.py:772: UserWarning: Since PySCF-2.3, B3LYP (and B3P86) are changed to the VWN-RPA variant, the same to the B3LYP functional in Gaussian and ORCA (issue 1480). To restore the VWN5 definition, you can put the setting "B3LYP_WITH_VWN5 = True" in pyscf_conf.py
  warnings.warn('Since PySCF-2.3, B3LYP (and B3P86) are changed to the VWN-RPA variant, '
WARNING!
  Very diffused basis functions are found in the basis set. They may lead to severe
  linear dependence and numerical instability.  You can set  cell.exp_to_discard=0.1
  to remove the diffused Gaussians whose exponents are less than 0.1.

/groups/wag/pkozlows/miniconda3/envs/pyscf/lib/python3.11/site-packages/ase/dft/kpoints.py:357: UserWarning: Please do not use (kpts, x, X) = bandpath(...).  Use path = bandpath(...) and then kpts = path.kpts and (x, X, labels) = path.get_linear_kpoint_axis().
  warnings.warn('Please do not use (kpts, x, X) = bandpath(...).  '


******** <class 'pyscf.pbc.dft.krks.KRKS'> ********
method = KRKS-KohnShamDFT
initial guess = minao
damping factor = 0
level_shift factor = 0
DIIS = <class 'pyscf.scf.diis.CDIIS'>
diis_start_cycle = 1
diis_space = 8
SCF conv_tol = 1e-07
SCF conv_tol_grad = None
SCF max_cycles = 50
direct_scf = True
direct_scf_tol = 1e-13
chkfile to save SCF result = /tmp/tmp2sgeb535
max_memory 4000 MB (current use 117 MB)


******** PBC SCF flags ********
N kpts = 8
kpts = [[0.         0.         0.        ]
 [0.         0.         0.3203197 ]
 [0.         0.60176883 0.        ]
 [0.         0.60176883 0.3203197 ]
 [0.5211471  0.30088442 0.        ]
 [0.5211471  0.30088442 0.3203197 ]
 [0.5211471  0.90265325 0.        ]
 [0.5211471  0.90265325 0.3203197 ]]
Exchange divergence treatment (exxdiv) = ewald
Ewald components = 8.76453321006536e-07, -0.162059015555054, 0.068912395876923
    madelung (= occupied orbital energy shift) = 0.18629148644961965
    Total energy shift due to Ewald probe charge = -1/2 * Nelec*madelung = -3.35324675609
DF object = <pyscf.pbc.df.fft.FFTDF object at 0x7fed90c021d0>
XC functionals = LDA,VWN
small_rho_cutoff = 1e-07
Uniform grid, mesh = [ 83  83 133]
<class 'pyscf.pbc.dft.krks.KRKS'> does not have attributes  nlc nlcgrids
Set gradient conv threshold to 0.000316228
    CPU time for setting up grids      3.84 sec, wall time      0.75 sec
nelec by numeric integration = 35.99942006577657
    CPU time for vxc    111.01 sec, wall time     18.60 sec
    CPU time for vj and vk    202.42 sec, wall time     33.84 sec
Ewald components = 6.77773183084737, -128.779455527716, 5.42224205397643
E1 = (-87.88699238377305+1.4501331718406114e-17j)  Ecoul = 60.31461084109425  Exc = -24.95155525177679
init E= -169.103418437347
cond(S) = [10.88621338 11.34631741 11.19304665  9.51615399 11.19304665  9.51615399
 11.19304665  9.51615399]
/groups/wag/pkozlows/miniconda3/envs/pyscf/lib/python3.11/site-packages/pyscf/pbc/gto/cell.py:243: UserWarning: Function cell.dumps drops attribute a because it is not JSON-serializable
  warnings.warn(msg)
    CPU time for initialize scf    480.87 sec, wall time     83.82 sec
HOMO = 0.262132617311  LUMO = 0.41154810835
     k-point                  mo_energy
   0 ( 0.000  0.000  0.000)   [-0.29151411 -0.25339289 -0.07451478 -0.07419839 -0.07419839 -0.06958372
 -0.06958372 -0.0541083  -0.0541083  -0.05034873 -0.05034873 -0.03470353
  0.05568437  0.22940463  0.22940463  0.26049196  0.26213262  0.26213262] [0.41154811 0.53552925 0.70352342 0.7690417  0.7690417  0.78789477
 0.82093388 0.82093388]
   1 ( 0.000  0.000  0.500)   [-0.27296492 -0.27296491 -0.07235635 -0.07235635 -0.07235635 -0.07235635
 -0.06735455 -0.0673545  -0.05189997 -0.05189997 -0.05189996 -0.05189996
  0.158964    0.15896406  0.24555983  0.24555983  0.24555984  0.24555984] [0.49566263 0.49566271 0.71437733 0.71437734 0.79279321 0.79279321
 0.79279321 0.79279321]
   2 ( 0.000  0.500  0.000)   [-0.25480465 -0.24273046 -0.07160235 -0.06879585 -0.06008305 -0.06005019
 -0.05798227 -0.0551538  -0.0509656  -0.04926809 -0.03535541 -0.03231035
  0.07762873  0.11283705  0.13884939  0.17551728  0.20183404  0.23014918] [0.56769026 0.63505643 0.64654069 0.66414026 0.77310346 0.81260163
 0.86290033 0.86533204]
   3 ( 0.000  0.500  0.500)   [-0.24775306 -0.24775306 -0.07009656 -0.07009654 -0.06348226 -0.06348226
 -0.05636319 -0.05636317 -0.05049361 -0.0504936  -0.03411741 -0.0341174
  0.07547891  0.07547892  0.20184479  0.2018448   0.20415699  0.20415705] [0.57063379 0.57063385 0.67350095 0.67350101 0.80497914 0.80497917
 0.83895658 0.83895659]
   4 ( 0.500  0.000  0.000)   [-0.25480465 -0.24273046 -0.07160235 -0.06879585 -0.06008305 -0.06005019
 -0.05798227 -0.0551538  -0.0509656  -0.04926809 -0.03535541 -0.03231035
  0.07762873  0.11283705  0.13884939  0.17551728  0.20183404  0.23014918] [0.56769026 0.63505643 0.64654069 0.66414026 0.77310346 0.81260163
 0.86290033 0.86533204]
   5 ( 0.500  0.000  0.500)   [-0.24775306 -0.24775306 -0.07009656 -0.07009654 -0.06348226 -0.06348226
 -0.05636319 -0.05636317 -0.05049361 -0.0504936  -0.03411741 -0.0341174
  0.07547891  0.07547892  0.20184479  0.2018448   0.20415699  0.20415705] [0.57063379 0.57063385 0.67350095 0.67350101 0.80497914 0.80497917
 0.83895658 0.83895659]
   6 ( 0.500  0.500  0.000)   [-0.25480465 -0.24273046 -0.07160235 -0.06879585 -0.06008305 -0.06005019
 -0.05798227 -0.0551538  -0.0509656  -0.04926809 -0.03535541 -0.03231035
  0.07762873  0.11283705  0.13884939  0.17551728  0.20183404  0.23014918] [0.56769026 0.63505643 0.64654069 0.66414026 0.77310346 0.81260163
 0.86290033 0.86533204]
   7 ( 0.500  0.500  0.500)   [-0.24775306 -0.24775306 -0.07009656 -0.07009654 -0.06348226 -0.06348226
 -0.05636319 -0.05636317 -0.05049361 -0.0504936  -0.03411741 -0.0341174
  0.07547891  0.07547892  0.20184479  0.2018448   0.20415699  0.20415705] [0.57063379 0.57063385 0.67350095 0.67350101 0.80497914 0.80497917
 0.83895658 0.83895659]
nelec by numeric integration = 35.999999999134374
    CPU time for vxc     99.00 sec, wall time     16.61 sec
    CPU time for vj and vk    189.51 sec, wall time     31.77 sec
Ewald components = 6.77773183084737, -128.779455527716, 5.42224205397643
E1 = (-87.67730284669528+9.307670500941356e-18j)  Ecoul = 61.26905634282997  Exc = -25.622217755910885
cycle= 1 E= -168.609945902668  delta_E= 0.493  |g|= 2.68  |ddm|= 10.3
    CPU time for cycle= 1    288.62 sec, wall time     48.40 sec
HOMO = 0.567819670144  LUMO = 0.589782954528
     k-point                  mo_energy
   0 ( 0.000  0.000  0.000)   [-0.2018362  -0.19494513 -0.19460675 -0.19460675 -0.19349026 -0.19349026
 -0.18995914 -0.18995914 -0.18664467 -0.18664467 -0.12895364  0.01146585
  0.13197095  0.4691592   0.4691592   0.55701161  0.56781967  0.56781967] [0.58978295 0.64349061 0.7552131  0.7552131  0.78559884 0.89411222
 0.89411222 0.98494708]
   1 ( 0.000  0.000  0.500)   [-0.19839731 -0.1983973  -0.1944235  -0.1944235  -0.19442345 -0.19442345
 -0.187949   -0.187949   -0.18794892 -0.18794892 -0.08320792 -0.08320779
  0.32087163  0.32087166  0.50965536  0.50965536  0.50965543  0.50965543] [0.65267472 0.652675   0.8300415  0.8300415  0.83004155 0.83004155
 0.87158898 0.87158902]
   2 ( 0.000  0.500  0.000)   [-0.20341358 -0.20121483 -0.1940803  -0.19320932 -0.19108185 -0.19027946
 -0.18808638 -0.18807162 -0.18692627 -0.18612757 -0.00142222  0.04900647
  0.17096631  0.22779228  0.26899158  0.35838333  0.37958617  0.47330741] [0.70960253 0.7248665  0.82449419 0.87843315 0.91738603 0.98911793
 0.99155416 1.03654494]
   3 ( 0.000  0.500  0.500)   [-0.20180881 -0.20180875 -0.19445263 -0.19445258 -0.1903769  -0.19037683
 -0.18757146 -0.18757142 -0.18686681 -0.18686675  0.02756189  0.02756204
  0.15137368  0.15137374  0.40586371  0.40586378  0.4158984   0.41589842] [0.66106642 0.66106675 0.85767037 0.85767042 0.96830762 0.96830768
 0.98633473 0.98633474]
   4 ( 0.500  0.000  0.000)   [-0.20341358 -0.20121483 -0.1940803  -0.19320932 -0.19108185 -0.19027946
 -0.18808638 -0.18807162 -0.18692627 -0.18612757 -0.00142222  0.04900647
  0.17096631  0.22779228  0.26899158  0.35838333  0.37958617  0.47330741] [0.70960253 0.7248665  0.82449419 0.87843315 0.91738603 0.98911793
 0.99155416 1.03654494]
   5 ( 0.500  0.000  0.500)   [-0.20180881 -0.20180875 -0.19445263 -0.19445258 -0.1903769  -0.19037683
 -0.18757146 -0.18757142 -0.18686681 -0.18686675  0.02756189  0.02756204
  0.15137368  0.15137374  0.40586371  0.40586378  0.4158984   0.41589842] [0.66106642 0.66106675 0.85767037 0.85767042 0.96830762 0.96830768
 0.98633473 0.98633474]
   6 ( 0.500  0.500  0.000)   [-0.20341358 -0.20121483 -0.1940803  -0.19320932 -0.19108185 -0.19027946
 -0.18808638 -0.18807162 -0.18692627 -0.18612757 -0.00142222  0.04900647
  0.17096631  0.22779228  0.26899158  0.35838333  0.37958617  0.47330741] [0.70960253 0.7248665  0.82449419 0.87843315 0.91738603 0.98911793
 0.99155416 1.03654494]
   7 ( 0.500  0.500  0.500)   [-0.20180881 -0.20180875 -0.19445263 -0.19445258 -0.1903769  -0.19037683
 -0.18757146 -0.18757142 -0.18686681 -0.18686675  0.02756189  0.02756204
  0.15137368  0.15137374  0.40586371  0.40586378  0.4158984   0.41589842] [0.66106642 0.66106675 0.85767037 0.85767042 0.96830762 0.96830768
 0.98633473 0.98633474]
nelec by numeric integration = 35.9999999995242
    CPU time for vxc     98.46 sec, wall time     16.48 sec
    CPU time for vj and vk    188.51 sec, wall time     31.51 sec
Ewald components = 6.77773183084737, -128.779455527716, 5.42224205397643
E1 = (-87.09897348323942+1.0128411346161861e-17j)  Ecoul = 60.27031569719434  Exc = -24.633638514227986
cycle= 2 E= -168.041777943165  delta_E= 0.568  |g|= 4.64  |ddm|= 11.1
    CPU time for cycle= 2    287.09 sec, wall time     48.01 sec
HOMO = 0.392265377208  LUMO = 0.472601242235
     k-point                  mo_energy
   0 ( 0.000  0.000  0.000)   [-0.20731865 -0.17547431 -0.12302804 -0.12229529 -0.12229529 -0.11978857
 -0.11978857 -0.11232396 -0.11232396 -0.10878868 -0.10878868 -0.05954005
  0.10075973  0.34219883  0.34219883  0.38794105  0.39226538  0.39226538] [0.47260124 0.57000726 0.76026654 0.76026654 0.78156217 0.80850108
 0.83874643 0.83874643]
   1 ( 0.000  0.000  0.500)   [-0.18703136 -0.18703128 -0.12143684 -0.12143684 -0.12143682 -0.12143682
 -0.1102197  -0.1102197  -0.11021965 -0.11021965 -0.10985874 -0.1098587
  0.23318425  0.23318428  0.36585575  0.36585575  0.36585579  0.36585579] [0.56144458 0.5614448  0.75699652 0.75699653 0.79801514 0.79801514
 0.79801517 0.79801517]
   2 ( 0.000  0.500  0.000)   [-0.17615849 -0.16952647 -0.12066906 -0.11944677 -0.11549109 -0.11418935
 -0.11216738 -0.1118651  -0.10906499 -0.10790953 -0.06300406 -0.04173469
  0.12566602  0.17049546  0.20880623  0.26789782  0.29262928  0.34411773] [0.62754244 0.66107002 0.70155435 0.76097861 0.82774998 0.84334145
 0.90255266 0.92034807]
   3 ( 0.000  0.500  0.500)   [-0.17067412 -0.17067404 -0.12060341 -0.12060338 -0.11565779 -0.11565774
 -0.11142182 -0.11142177 -0.1088196  -0.10881957 -0.05418238 -0.05418231
  0.11867359  0.11867362  0.30220717  0.30220721  0.30556649  0.30556652] [0.60231765 0.6023179  0.74851365 0.74851372 0.85333623 0.85333627
 0.87819392 0.87819394]
   4 ( 0.500  0.000  0.000)   [-0.17615849 -0.16952647 -0.12066906 -0.11944677 -0.11549109 -0.11418935
 -0.11216738 -0.1118651  -0.10906499 -0.10790953 -0.06300406 -0.04173469
  0.12566602  0.17049546  0.20880623  0.26789782  0.29262928  0.34411773] [0.62754244 0.66107002 0.70155435 0.76097861 0.82774998 0.84334145
 0.90255266 0.92034807]
   5 ( 0.500  0.000  0.500)   [-0.17067412 -0.17067404 -0.12060341 -0.12060338 -0.11565779 -0.11565774
 -0.11142182 -0.11142177 -0.1088196  -0.10881957 -0.05418238 -0.05418231
  0.11867359  0.11867362  0.30220717  0.30220721  0.30556649  0.30556652] [0.60231765 0.6023179  0.74851365 0.74851372 0.85333623 0.85333627
 0.87819392 0.87819394]
   6 ( 0.500  0.500  0.000)   [-0.17615849 -0.16952647 -0.12066906 -0.11944677 -0.11549109 -0.11418935
 -0.11216738 -0.1118651  -0.10906499 -0.10790953 -0.06300406 -0.04173469
  0.12566602  0.17049546  0.20880623  0.26789782  0.29262928  0.34411773] [0.62754244 0.66107002 0.70155435 0.76097861 0.82774998 0.84334145
 0.90255266 0.92034807]
   7 ( 0.500  0.500  0.500)   [-0.17067412 -0.17067404 -0.12060341 -0.12060338 -0.11565779 -0.11565774
 -0.11142182 -0.11142177 -0.1088196  -0.10881957 -0.05418238 -0.05418231
  0.11867359  0.11867362  0.30220717  0.30220721  0.30556649  0.30556652] [0.60231765 0.6023179  0.74851365 0.74851372 0.85333623 0.85333627
 0.87819392 0.87819394]
nelec by numeric integration = 35.999999999287176
    CPU time for vxc     98.87 sec, wall time     16.54 sec
    CPU time for vj and vk    187.49 sec, wall time     31.34 sec
Ewald components = 6.77773183084737, -128.779455527716, 5.42224205397643
E1 = (-87.59972370660388+9.897916527557664e-18j)  Ecoul = 60.43687997261384  Exc = -25.17575584863657
cycle= 3 E= -168.918081225519  delta_E= -0.876  |g|= 0.0696  |ddm|= 7.18
    CPU time for cycle= 3    286.48 sec, wall time     47.90 sec
HOMO = 0.387371702379  LUMO = 0.468047756765
     k-point                  mo_energy
   0 ( 0.000  0.000  0.000)   [-0.21050734 -0.17871714 -0.1256002  -0.12504135 -0.12504135 -0.12257703
 -0.12257703 -0.11499683 -0.11499683 -0.11142102 -0.11142102 -0.06256807
  0.09786328  0.33796383  0.33796383  0.38245135  0.3873717   0.3873717 ] [0.46804776 0.56617726 0.75754034 0.75754034 0.77900434 0.80225879
 0.83506445 0.83506445]
   1 ( 0.000  0.000  0.500)   [-0.1903295  -0.19032945 -0.12419979 -0.12419979 -0.12419978 -0.12419978
 -0.11287671 -0.11287671 -0.11287667 -0.11287667 -0.11246135 -0.11246129
  0.22926441  0.22926445  0.36134066  0.36134066  0.36134066  0.36134066] [0.55701075 0.55701094 0.75254247 0.75254249 0.79477732 0.79477732
 0.79477733 0.79477733]
   2 ( 0.000  0.500  0.000)   [-0.17940962 -0.17274225 -0.12334423 -0.12207802 -0.11806441 -0.11689133
 -0.11490295 -0.11446781 -0.11185026 -0.11059654 -0.06622396 -0.04517975
  0.12286878  0.16737771  0.20537664  0.26435424  0.28864823  0.33983044] [0.62314156 0.65740258 0.69659839 0.75545011 0.82409703 0.8380179
 0.89850839 0.91538423]
   3 ( 0.000  0.500  0.500)   [-0.17392084 -0.1739208  -0.12326608 -0.12326605 -0.11831454 -0.11831451
 -0.11402973 -0.11402968 -0.11158183 -0.11158181 -0.05752921 -0.05752917
  0.11592156  0.11592158  0.29837468  0.29837469  0.30127839  0.30127844] [0.59866014 0.59866035 0.74358913 0.7435892  0.84850323 0.84850329
 0.87379018 0.87379019]
   4 ( 0.500  0.000  0.000)   [-0.17940962 -0.17274225 -0.12334423 -0.12207802 -0.11806441 -0.11689133
 -0.11490295 -0.11446781 -0.11185026 -0.11059654 -0.06622396 -0.04517975
  0.12286878  0.16737771  0.20537664  0.26435424  0.28864823  0.33983044] [0.62314156 0.65740258 0.69659839 0.75545011 0.82409703 0.8380179
 0.89850839 0.91538423]
   5 ( 0.500  0.000  0.500)   [-0.17392084 -0.1739208  -0.12326608 -0.12326605 -0.11831454 -0.11831451
 -0.11402973 -0.11402968 -0.11158183 -0.11158181 -0.05752921 -0.05752917
  0.11592156  0.11592158  0.29837468  0.29837469  0.30127839  0.30127844] [0.59866014 0.59866035 0.74358913 0.7435892  0.84850323 0.84850329
 0.87379018 0.87379019]
   6 ( 0.500  0.500  0.000)   [-0.17940962 -0.17274225 -0.12334423 -0.12207802 -0.11806441 -0.11689133
 -0.11490295 -0.11446781 -0.11185026 -0.11059654 -0.06622396 -0.04517975
  0.12286878  0.16737771  0.20537664  0.26435424  0.28864823  0.33983044] [0.62314156 0.65740258 0.69659839 0.75545011 0.82409703 0.8380179
 0.89850839 0.91538423]
   7 ( 0.500  0.500  0.500)   [-0.17392084 -0.1739208  -0.12326608 -0.12326605 -0.11831454 -0.11831451
 -0.11402973 -0.11402968 -0.11158183 -0.11158181 -0.05752921 -0.05752917
  0.11592156  0.11592158  0.29837468  0.29837469  0.30127839  0.30127844] [0.59866014 0.59866035 0.74358913 0.7435892  0.84850323 0.84850329
 0.87379018 0.87379019]
nelec by numeric integration = 35.99999999928384
    CPU time for vxc     98.47 sec, wall time     16.46 sec
    CPU time for vj and vk    187.24 sec, wall time     31.30 sec
Ewald components = 6.77773183084737, -128.779455527716, 5.42224205397643
E1 = (-87.60544604914702+9.898634840273625e-18j)  Ecoul = 60.45236268547403  Exc = -25.185714828899453
cycle= 4 E= -168.918279835464  delta_E= -0.000199  |g|= 0.00244  |ddm|= 0.107
    CPU time for cycle= 4    285.83 sec, wall time     47.78 sec
HOMO = 0.38730497858  LUMO = 0.468032398966
     k-point                  mo_energy
   0 ( 0.000  0.000  0.000)   [-0.21053457 -0.17868661 -0.1254934  -0.12490965 -0.12490965 -0.12243693
 -0.12243693 -0.11487008 -0.11487008 -0.11129954 -0.11129954 -0.0625369
  0.0978652   0.33790914  0.33790914  0.38242072  0.38730498  0.38730498] [0.4680324  0.5662073  0.75758697 0.75758697 0.77900938 0.80219837
 0.83509019 0.83509019]
   1 ( 0.000  0.000  0.500)   [-0.19033705 -0.19033693 -0.12406459 -0.12406459 -0.12406457 -0.12406457
 -0.11275197 -0.11275197 -0.11275191 -0.11275191 -0.11238116 -0.11238111
  0.22925144  0.22925145  0.36128131  0.36128131  0.3612814   0.3612814 ] [0.55701372 0.55701395 0.7525178  0.75251783 0.79481215 0.79481215
 0.79481219 0.79481219]
   2 ( 0.000  0.500  0.000)   [-0.17938517 -0.17269773 -0.12322187 -0.12196173 -0.11795255 -0.11676357
 -0.1147667  -0.11434971 -0.11170632 -0.11046775 -0.0661522  -0.04514354
  0.12285717  0.16737756  0.20536651  0.26431622  0.28860916  0.33978371] [0.62314941 0.65744803 0.69660527 0.75539543 0.82412002 0.83797725
 0.89847566 0.91537887]
   3 ( 0.000  0.500  0.500)   [-0.17388548 -0.17388539 -0.12314494 -0.12314491 -0.11819245 -0.1181924
 -0.11391216 -0.1139121  -0.11144154 -0.11144151 -0.05747715 -0.05747707
  0.11592046  0.11592051  0.2983344   0.29833449  0.30124926  0.30124926] [0.59866075 0.598661   0.74357621 0.74357629 0.84848887 0.8484889
 0.87379657 0.87379661]
   4 ( 0.500  0.000  0.000)   [-0.17938517 -0.17269773 -0.12322187 -0.12196173 -0.11795255 -0.11676357
 -0.1147667  -0.11434971 -0.11170632 -0.11046775 -0.0661522  -0.04514354
  0.12285717  0.16737756  0.20536651  0.26431622  0.28860916  0.33978371] [0.62314941 0.65744803 0.69660527 0.75539543 0.82412002 0.83797725
 0.89847566 0.91537887]
   5 ( 0.500  0.000  0.500)   [-0.17388548 -0.17388539 -0.12314494 -0.12314491 -0.11819245 -0.1181924
 -0.11391216 -0.1139121  -0.11144154 -0.11144151 -0.05747715 -0.05747707
  0.11592046  0.11592051  0.2983344   0.29833449  0.30124926  0.30124926] [0.59866075 0.598661   0.74357621 0.74357629 0.84848887 0.8484889
 0.87379657 0.87379661]
   6 ( 0.500  0.500  0.000)   [-0.17938517 -0.17269773 -0.12322187 -0.12196173 -0.11795255 -0.11676357
 -0.1147667  -0.11434971 -0.11170632 -0.11046775 -0.0661522  -0.04514354
  0.12285717  0.16737756  0.20536651  0.26431622  0.28860916  0.33978371] [0.62314941 0.65744803 0.69660527 0.75539543 0.82412002 0.83797725
 0.89847566 0.91537887]
   7 ( 0.500  0.500  0.500)   [-0.17388548 -0.17388539 -0.12314494 -0.12314491 -0.11819245 -0.1181924
 -0.11391216 -0.1139121  -0.11144154 -0.11144151 -0.05747715 -0.05747707
  0.11592046  0.11592051  0.2983344   0.29833449  0.30124926  0.30124926] [0.59866075 0.598661   0.74357621 0.74357629 0.84848887 0.8484889
 0.87379657 0.87379661]
nelec by numeric integration = 35.999999999283716
    CPU time for vxc     98.71 sec, wall time     16.53 sec
    CPU time for vj and vk    189.49 sec, wall time     31.69 sec
Ewald components = 6.77773183084737, -128.779455527716, 5.42224205397643
E1 = (-87.60544647907507+9.943323433396876e-18j)  Ecoul = 60.45260267012885  Exc = -25.185954673663012
cycle= 5 E= -168.918280125501  delta_E= -2.9e-07  |g|= 0.000456  |ddm|= 0.00773
    CPU time for cycle= 5    288.31 sec, wall time     48.24 sec
HOMO = 0.387293406849  LUMO = 0.468027861802
     k-point                  mo_energy
   0 ( 0.000  0.000  0.000)   [-0.2105413  -0.17868768 -0.1254803  -0.12489728 -0.12489728 -0.12242456
 -0.12242456 -0.11485642 -0.11485642 -0.11128573 -0.11128573 -0.06253131
  0.09786433  0.33790026  0.33790026  0.38240952  0.38729341  0.38729341] [0.46802786 0.5661989  0.75758985 0.75758985 0.77901416 0.80219731
 0.83508977 0.83508977]
   1 ( 0.000  0.000  0.500)   [-0.19034242 -0.1903424  -0.12405221 -0.12405221 -0.1240522  -0.1240522
 -0.11273824 -0.11273824 -0.1127382  -0.1127382  -0.11236993 -0.11236986
  0.22924702  0.2292471   0.36127129  0.36127129  0.36127137  0.36127137] [0.55700567 0.55700583 0.75251909 0.75251915 0.79481325 0.79481325
 0.79481327 0.79481327]
   2 ( 0.000  0.500  0.000)   [-0.17938565 -0.17269611 -0.12320924 -0.12194856 -0.1179387  -0.11675014
 -0.11475364 -0.11433601 -0.11169303 -0.11045406 -0.06614806 -0.04514359
  0.1228551   0.16737181  0.20536322  0.26430908  0.28860704  0.33977319] [0.62314165 0.65744022 0.69659874 0.75539175 0.82412125 0.83797556
 0.89847844 0.91537496]
   3 ( 0.000  0.500  0.500)   [-0.17388468 -0.17388468 -0.12313201 -0.12313198 -0.11817926 -0.11817923
 -0.11389855 -0.1138985  -0.11142813 -0.11142812 -0.05747505 -0.05747504
  0.11591858  0.11591859  0.29832602  0.29832608  0.30124188  0.30124197] [0.59866067 0.59866085 0.74357037 0.74357045 0.84848488 0.84848498
 0.87379479 0.87379484]
   4 ( 0.500  0.000  0.000)   [-0.17938565 -0.17269611 -0.12320924 -0.12194856 -0.1179387  -0.11675014
 -0.11475364 -0.11433601 -0.11169303 -0.11045406 -0.06614806 -0.04514359
  0.1228551   0.16737181  0.20536322  0.26430908  0.28860704  0.33977319] [0.62314165 0.65744022 0.69659874 0.75539175 0.82412125 0.83797556
 0.89847844 0.91537496]
   5 ( 0.500  0.000  0.500)   [-0.17388468 -0.17388468 -0.12313201 -0.12313198 -0.11817926 -0.11817923
 -0.11389855 -0.1138985  -0.11142813 -0.11142812 -0.05747505 -0.05747504
  0.11591858  0.11591859  0.29832602  0.29832608  0.30124188  0.30124197] [0.59866067 0.59866085 0.74357037 0.74357045 0.84848488 0.84848498
 0.87379479 0.87379484]
   6 ( 0.500  0.500  0.000)   [-0.17938565 -0.17269611 -0.12320924 -0.12194856 -0.1179387  -0.11675014
 -0.11475364 -0.11433601 -0.11169303 -0.11045406 -0.06614806 -0.04514359
  0.1228551   0.16737181  0.20536322  0.26430908  0.28860704  0.33977319] [0.62314165 0.65744022 0.69659874 0.75539175 0.82412125 0.83797556
 0.89847844 0.91537496]
   7 ( 0.500  0.500  0.500)   [-0.17388468 -0.17388468 -0.12313201 -0.12313198 -0.11817926 -0.11817923
 -0.11389855 -0.1138985  -0.11142813 -0.11142812 -0.05747505 -0.05747504
  0.11591858  0.11591859  0.29832602  0.29832608  0.30124188  0.30124197] [0.59866067 0.59866085 0.74357037 0.74357045 0.84848488 0.84848498
 0.87379479 0.87379484]
nelec by numeric integration = 35.99999999928371
    CPU time for vxc     98.88 sec, wall time     16.55 sec
    CPU time for vj and vk    189.53 sec, wall time     31.76 sec
Ewald components = 6.77773183084737, -128.779455527716, 5.42224205397643
E1 = (-87.60545356933517+9.843317180545172e-18j)  Ecoul = 60.45265549030293  Exc = -25.186000416410117
cycle= 6 E= -168.918280138334  delta_E= -1.28e-08  |g|= 3.63e-05  |ddm|= 0.00158
    CPU time for cycle= 6    288.53 sec, wall time     48.32 sec
HOMO = 0.387289243953  LUMO = 0.468025536777
     k-point                  mo_energy
   0 ( 0.000  0.000  0.000)   [-0.21054363 -0.17868941 -0.12547997 -0.12489718 -0.12489718 -0.12242449
 -0.12242449 -0.11485608 -0.11485608 -0.11128532 -0.11128532 -0.06253227
  0.09786298  0.33789684  0.33789684  0.3824052   0.38728924  0.38728924] [0.46802554 0.56619777 0.75758983 0.75758983 0.77901432 0.80219331
 0.83508878 0.83508878]
   1 ( 0.000  0.000  0.500)   [-0.1903448  -0.19034454 -0.12405215 -0.12405215 -0.12405209 -0.12405209
 -0.11273789 -0.11273789 -0.11273781 -0.11273781 -0.11236985 -0.11236982
  0.22924452  0.22924459  0.36126745  0.36126745  0.36126775  0.36126775] [0.55700355 0.55700386 0.75251705 0.75251716 0.79481265 0.79481265
 0.79481276 0.79481276]
   2 ( 0.000  0.500  0.000)   [-0.17938746 -0.17269764 -0.12320901 -0.12194827 -0.11793828 -0.11674988
 -0.11475346 -0.11433563 -0.11169286 -0.11045372 -0.06614916 -0.04514527
  0.12285382  0.16737021  0.20536109  0.26430647  0.28860419  0.33976974] [0.62313962 0.6574394  0.69659633 0.75538823 0.82412029 0.83797272
 0.89847695 0.91537265]
   3 ( 0.000  0.500  0.500)   [-0.17388647 -0.17388626 -0.12313176 -0.12313171 -0.11817901 -0.11817893
 -0.11389818 -0.11389813 -0.11142793 -0.11142788 -0.05747655 -0.05747637
  0.11591734  0.11591747  0.298323    0.29832326  0.3012387   0.3012388 ] [0.59865933 0.59865966 0.74356782 0.74356798 0.84848271 0.84848283
 0.87379299 0.87379314]
   4 ( 0.500  0.000  0.000)   [-0.17938746 -0.17269764 -0.12320901 -0.12194827 -0.11793828 -0.11674988
 -0.11475346 -0.11433563 -0.11169286 -0.11045372 -0.06614916 -0.04514527
  0.12285382  0.16737021  0.20536109  0.26430647  0.28860419  0.33976974] [0.62313962 0.6574394  0.69659633 0.75538823 0.82412029 0.83797272
 0.89847695 0.91537265]
   5 ( 0.500  0.000  0.500)   [-0.17388647 -0.17388626 -0.12313176 -0.12313171 -0.11817901 -0.11817893
 -0.11389818 -0.11389813 -0.11142793 -0.11142788 -0.05747655 -0.05747637
  0.11591734  0.11591747  0.298323    0.29832326  0.3012387   0.3012388 ] [0.59865933 0.59865966 0.74356782 0.74356798 0.84848271 0.84848283
 0.87379299 0.87379314]
   6 ( 0.500  0.500  0.000)   [-0.17938746 -0.17269764 -0.12320901 -0.12194827 -0.11793828 -0.11674988
 -0.11475346 -0.11433563 -0.11169286 -0.11045372 -0.06614916 -0.04514527
  0.12285382  0.16737021  0.20536109  0.26430647  0.28860419  0.33976974] [0.62313962 0.6574394  0.69659633 0.75538823 0.82412029 0.83797272
 0.89847695 0.91537265]
   7 ( 0.500  0.500  0.500)   [-0.17388647 -0.17388626 -0.12313176 -0.12313171 -0.11817901 -0.11817893
 -0.11389818 -0.11389813 -0.11142793 -0.11142788 -0.05747655 -0.05747637
  0.11591734  0.11591747  0.298323    0.29832326  0.3012387   0.3012388 ] [0.59865933 0.59865966 0.74356782 0.74356798 0.84848271 0.84848283
 0.87379299 0.87379314]
nelec by numeric integration = 35.999999999283695
    CPU time for vxc     98.41 sec, wall time     16.45 sec
    CPU time for vj and vk    188.37 sec, wall time     31.48 sec
Ewald components = 6.77773183084737, -128.779455527716, 5.42224205397643
E1 = (-87.60546131580794+9.939700475406724e-18j)  Ecoul = 60.452677040546384  Exc = -25.18601422010384
Extra cycle  E= -168.918280138257  delta_E= 7.7e-11  |g|= 5.69e-05  |ddm|= 0.000145
    CPU time for scf_cycle   2492.64 sec, wall time    420.42 sec
    CPU time for SCF   2492.64 sec, wall time    420.42 sec
converged SCF energy = -168.918280138257
nelec by numeric integration = 35.999999999283695
    CPU time for vxc    172.28 sec, wall time     28.90 sec
    CPU time for vj and vk    274.02 sec, wall time     45.90 sec

WARN: 3.899 error found in overlap integrals. cell.precision  or  cell.rcut  can be adjusted to improve accuracy.

Traceback (most recent call last):
  File "/central/home/pkozlows/ch121b/gan/dft/szv/222/szv_2.py", line 45, in <module>
    e_kn_2 = kmf.get_bands(band_kpts)[0]
             ^^^^^^^^^^^^^^^^^^^^^^^^
  File "/groups/wag/pkozlows/miniconda3/envs/pyscf/lib/python3.11/site-packages/pyscf/pbc/scf/khf.py", line 691, in get_bands
    mo_energy, mo_coeff = self.eig(fock, s1e)
                          ^^^^^^^^^^^^^^^^^^^
  File "/groups/wag/pkozlows/miniconda3/envs/pyscf/lib/python3.11/site-packages/pyscf/pbc/scf/khf.py", line 654, in eig
    e, c = self._eigh(h_kpts[k], s_kpts[k])
           ^^^^^^^^^^^^^^^^^^^^^^^^^^^^^^^^
  File "/groups/wag/pkozlows/miniconda3/envs/pyscf/lib/python3.11/site-packages/pyscf/scf/hf.py", line 1537, in _eigh
    return eig(h, s)
           ^^^^^^^^^
  File "/groups/wag/pkozlows/miniconda3/envs/pyscf/lib/python3.11/site-packages/pyscf/scf/hf.py", line 1183, in eig
    e, c = scipy.linalg.eigh(h, s)
           ^^^^^^^^^^^^^^^^^^^^^^^
  File "/groups/wag/pkozlows/miniconda3/envs/pyscf/lib/python3.11/site-packages/scipy/linalg/_decomp.py", line 593, in eigh
    raise LinAlgError('The leading minor of order {} of B is not '
numpy.linalg.LinAlgError: The leading minor of order 14 of B is not positive definite. The factorization of B could not be completed and no eigenvalues or eigenvectors were computed.
