/groups/wag/pkozlows/miniconda3/envs/pyscf/lib/python3.11/site-packages/pyscf/dft/libxc.py:772: UserWarning: Since PySCF-2.3, B3LYP (and B3P86) are changed to the VWN-RPA variant, the same to the B3LYP functional in Gaussian and ORCA (issue 1480). To restore the VWN5 definition, you can put the setting "B3LYP_WITH_VWN5 = True" in pyscf_conf.py
  warnings.warn('Since PySCF-2.3, B3LYP (and B3P86) are changed to the VWN-RPA variant, '
/central/home/pkozlows/ch121b/gan/dft/szv/111/3/szv_1.py:13: UserWarning: Use ase.build.bulk() instead
  ase_cell = bulk('GaN', 'wurtzite', a=3.19, c=5.19)
Discarded 6 diffused primitive functions, 0 contracted functions


******** <class 'pyscf.pbc.dft.krks.KRKS'> ********
method = KRKS-KohnShamDFT
initial guess = minao
damping factor = 0
level_shift factor = 0
DIIS = <class 'pyscf.scf.diis.CDIIS'>
diis_start_cycle = 1
diis_space = 8
SCF conv_tol = 1e-07
SCF conv_tol_grad = None
SCF max_cycles = 50
direct_scf = True
direct_scf_tol = 1e-13
chkfile to save SCF result = /central/home/pkozlows/ch121b/gan/dft/szv/111/3/check_file.chk
max_memory 354319 MB (current use 93 MB)


******** PBC SCF flags ********
N kpts = 1
kpts = [[0. 0. 0.]]
Exchange divergence treatment (exxdiv) = ewald
Ewald components = 0.00051775335925431, -0.251419253935776, 0.0646100141269025
    madelung (= occupied orbital energy shift) = 0.3725829728992387
    Total energy shift due to Ewald probe charge = -1/2 * Nelec*madelung = -6.70649351219
DF object = <pyscf.pbc.df.fft.FFTDF object at 0x7ffbd5eec490>
XC functionals = b3pw91
small_rho_cutoff = 1e-07
Uniform grid, mesh = [ 83  83 133]
<class 'pyscf.pbc.dft.krks.KRKS'> does not have attributes  nlc nlcgrids
Set gradient conv threshold to 0.000316228
Big error detected in the electron number of initial guess density matrix (Ne/cell = 36.0958)!
  This can cause huge error in Fock matrix and lead to instability in SCF for low-dimensional systems.
  DM is normalized wrt the number of electrons 36.0
    CPU time for setting up grids      9.80 sec, wall time      0.53 sec
nelec by numeric integration = 35.999999997603695
    CPU time for vxc     80.07 sec, wall time      2.55 sec
Ewald components = 0.00051775335925431, -0.251419253935776, 0.0646100141269025
    CPU time for vj and vk    434.54 sec, wall time     19.15 sec
Ewald components = 6.77773183084737, -128.779455527716, 5.42224205397643
E1 = -88.22425101323418  Ecoul = 61.060991406297546  Exc = -24.98775766815212
init E= -168.730498917981
cond(S) = [7.39940068]
    CPU time for initialize scf    614.16 sec, wall time     26.32 sec
HOMO = 0.248497365063  LUMO = 0.602182790071
     k-point                  mo_energy
   0 ( 0.000  0.000  0.000)   [-0.45980268 -0.37891711 -0.1121286  -0.11172501 -0.11172501 -0.10650459
 -0.10650459 -0.08711158 -0.08711158 -0.08255554 -0.08255554 -0.0691535
 -0.01153989  0.21405011  0.21405011  0.24549055  0.24849737  0.24849737] [0.60218279 0.64857194 0.83034196 0.83034196 0.83655484 0.87798427
 0.87798427 0.89683545]
nelec by numeric integration = 35.99999999854159
    CPU time for vxc     78.84 sec, wall time      2.47 sec
Ewald components = 0.00051775335925431, -0.251419253935776, 0.0646100141269025
    CPU time for vj and vk    325.81 sec, wall time     13.46 sec
Ewald components = 6.77773183084737, -128.779455527716, 5.42224205397643
E1 = -87.80168662527686  Ecoul = 59.523101565128414  Exc = -26.15800126312322
cycle= 1 E= -171.016067966164  delta_E= -2.29  |g|=   99  |ddm|= 4.28
    CPU time for cycle= 1    404.98 sec, wall time     15.94 sec
HOMO = 0.868749721305  LUMO = 3.22917931079
     k-point                  mo_energy
   0 ( 0.000  0.000  0.000)   [-5.05562772e+01 -4.85026563e+01 -3.18050862e+01 -2.81992222e+01
 -1.97414215e+01 -1.64727326e+01 -1.33174632e+00 -8.29025735e-01
 -6.66746684e-01 -2.98719657e-01 -1.95121610e-01  1.02626192e-02
  1.19242532e-01  4.19462974e-01  5.08443732e-01  5.41664942e-01
  6.26756321e-01  8.68749721e-01] [ 3.22917931 13.73630522 19.01560222 27.82626561 31.88860025 40.94165147
 46.37196197 59.0250534 ]
nelec by numeric integration = 35.99999999874385
    CPU time for vxc     77.61 sec, wall time      2.51 sec
Ewald components = 0.00051775335925431, -0.251419253935776, 0.0646100141269025
    CPU time for vj and vk    328.50 sec, wall time     13.76 sec
Ewald components = 6.77773183084737, -128.779455527716, 5.42224205397643
E1 = -54.19137606417499  Ecoul = -9.470777663972514  Exc = -22.155105242416926
cycle= 2 E= -202.396740613456  delta_E= -31.4  |g|=   45  |ddm|= 9.37
    CPU time for cycle= 2    406.50 sec, wall time     16.28 sec
HOMO = 1.40178817652  LUMO = 3.18815434228
     k-point                  mo_energy
   0 ( 0.000  0.000  0.000)   [-51.85989628 -50.34345882 -33.28939945 -29.82039117 -20.41622026
 -17.12938571  -2.27894844  -1.02699916  -0.51718161  -0.37453457
  -0.0586655    0.07142887   0.21059043   0.35325425   0.73556224
   0.91305783   1.1918688    1.40178818] [ 3.18815434 12.88700288 17.88924408 26.29513762 30.55488201 39.78491608
 44.7487105  58.15469187]
nelec by numeric integration = 35.99999999877157
    CPU time for vxc     78.90 sec, wall time      2.47 sec
Ewald components = 0.00051775335925431, -0.251419253935776, 0.0646100141269025
    CPU time for vj and vk    301.82 sec, wall time     12.52 sec
Ewald components = 6.77773183084737, -128.779455527716, 5.42224205397643
E1 = -55.44641012650477  Ecoul = -9.701227824862114  Exc = -22.19072950062054
cycle= 3 E= -203.917849094879  delta_E= -1.52  |g|= 47.3  |ddm|= 0.742
    CPU time for cycle= 3    381.11 sec, wall time     15.00 sec
HOMO = 1.12414166452  LUMO = 3.08200587984
     k-point                  mo_energy
   0 ( 0.000  0.000  0.000)   [-5.15953150e+01 -4.99572438e+01 -3.30093105e+01 -2.94695787e+01
 -2.04053728e+01 -1.71296139e+01 -1.90809506e+00 -1.28009374e+00
 -9.83909446e-01 -8.55395395e-01 -1.55029565e-01  2.54772961e-02
  1.79994746e-01  3.05094057e-01  4.62066948e-01  6.43963731e-01
  8.65732428e-01  1.12414166e+00] [ 3.08200588 12.98691408 18.0379697  26.61434965 30.80361773 40.02253491
 45.11449809 58.38636975]
nelec by numeric integration = 35.99999999876865
    CPU time for vxc     81.38 sec, wall time      2.55 sec
Ewald components = 0.00051775335925431, -0.251419253935776, 0.0646100141269025
    CPU time for vj and vk    337.79 sec, wall time     14.13 sec
Ewald components = 6.77773183084737, -128.779455527716, 5.42224205397643
E1 = -55.364970854349984  Ecoul = -9.420359800906839  Exc = -22.214136797439483
cycle= 4 E= -203.578949095588  delta_E= 0.339  |g|= 46.5  |ddm|= 0.277
    CPU time for cycle= 4    419.61 sec, wall time     16.69 sec
HOMO = 1.21484810805  LUMO = 3.1301894933
     k-point                  mo_energy
   0 ( 0.000  0.000  0.000)   [-5.16013644e+01 -4.99555578e+01 -3.29738689e+01 -2.94812326e+01
 -2.03111191e+01 -1.70661068e+01 -1.92299541e+00 -1.14863592e+00
 -7.44013642e-01 -6.13280428e-01 -4.60014312e-02  4.85039065e-03
  1.02046645e-01  2.66294871e-01  5.56642921e-01  7.30599484e-01
  9.86895012e-01  1.21484811e+00] [ 3.13018949 13.01238591 18.09961222 26.6180046  30.83046242 40.01614108
 45.09560095 58.35531378]
nelec by numeric integration = 35.999999998767535
    CPU time for vxc     79.96 sec, wall time      2.59 sec
Ewald components = 0.00051775335925431, -0.251419253935776, 0.0646100141269025
    CPU time for vj and vk    331.56 sec, wall time     13.60 sec
Ewald components = 6.77773183084737, -128.779455527716, 5.42224205397643
E1 = -55.27635552488991  Ecoul = -9.574268559286384  Exc = -22.19764755513616
cycle= 5 E= -203.627753282204  delta_E= -0.0488  |g|= 46.6  |ddm|= 0.115
    CPU time for cycle= 5    411.85 sec, wall time     16.20 sec
HOMO = 1.29070886551  LUMO = 3.13057744261
     k-point                  mo_energy
   0 ( 0.000  0.000  0.000)   [-51.61761289 -49.99068931 -32.97654966 -29.53579438 -20.28211907
 -17.08494347  -1.98290629  -1.20022094  -0.76927548  -0.63955397
  -0.1667989   -0.10017292   0.0788513    0.23739924   0.64478743
   0.81560445   1.10368535   1.29070887] [ 3.13057744 12.97900254 18.07652381 26.56748573 30.81493307 39.98096525
 45.03951582 58.33795081]
nelec by numeric integration = 35.999999998767805
    CPU time for vxc     79.75 sec, wall time      2.50 sec
Ewald components = 0.00051775335925431, -0.251419253935776, 0.0646100141269025
    CPU time for vj and vk    320.27 sec, wall time     13.24 sec
Ewald components = 6.77773183084737, -128.779455527716, 5.42224205397643
E1 = -55.31705359546852  Ecoul = -9.601254048496408  Exc = -22.19183455153895
cycle= 6 E= -203.689623838396  delta_E= -0.0619  |g|= 46.7  |ddm|= 0.133
    CPU time for cycle= 6    400.34 sec, wall time     15.75 sec
HOMO = 1.33334883164  LUMO = 3.14254051943
     k-point                  mo_energy
   0 ( 0.000  0.000  0.000)   [-51.58734458 -49.97501099 -32.96450409 -29.52202117 -20.27290205
 -17.0962545   -1.97748031  -1.30627631  -0.92659785  -0.80255801
  -0.18445375  -0.1387974    0.05493452   0.21599359   0.6756912
   0.85526457   1.13132394   1.33334883] [ 3.14254052 12.96803347 18.05751416 26.56741682 30.82167128 39.99766162
 45.04789138 58.37039712]
nelec by numeric integration = 35.99999999876987
    CPU time for vxc     80.39 sec, wall time      2.52 sec
Ewald components = 0.00051775335925431, -0.251419253935776, 0.0646100141269025
    CPU time for vj and vk    310.59 sec, wall time     12.94 sec
Ewald components = 6.77773183084737, -128.779455527716, 5.42224205397643
E1 = -55.40909244045568  Ecoul = -9.528143370698015  Exc = -22.19560618333047
cycle= 7 E= -203.712323637376  delta_E= -0.0227  |g|= 46.6  |ddm|= 0.0965
    CPU time for cycle= 7    391.46 sec, wall time     15.47 sec
HOMO = 1.34729303619  LUMO = 3.14905555095
     k-point                  mo_energy
   0 ( 0.000  0.000  0.000)   [-51.58647096 -49.98135595 -32.9706235  -29.52538457 -20.27469951
 -17.09693716  -1.97992728  -1.32420171  -0.95554323  -0.83306255
  -0.18476856  -0.13541841   0.0551728    0.22079303   0.6828844
   0.8645608    1.13642137   1.34729304] [ 3.14905555 12.96512129 18.04873325 26.5617476  30.81774609 39.99793226
 45.04445909 58.36953104]
nelec by numeric integration = 35.999999998770434
    CPU time for vxc     82.20 sec, wall time      2.66 sec
Ewald components = 0.00051775335925431, -0.251419253935776, 0.0646100141269025
    CPU time for vj and vk    340.18 sec, wall time     14.36 sec
Ewald components = 6.77773183084737, -128.779455527716, 5.42224205397643
E1 = -55.434792513467976  Ecoul = -9.513863349253397  Exc = -22.196058137158058
cycle= 8 E= -203.724195642771  delta_E= -0.0119  |g|= 46.6  |ddm|= 0.0226
    CPU time for cycle= 8    423.24 sec, wall time     17.05 sec
HOMO = 1.34813026134  LUMO = 3.14890671634
     k-point                  mo_energy
   0 ( 0.000  0.000  0.000)   [-51.59624395 -49.99539581 -32.9804066  -29.53718981 -20.27857908
 -17.09832869  -1.98587255  -1.31732314  -0.94204749  -0.81892184
  -0.18294833  -0.13541986   0.05847702   0.22498288   0.68330578
   0.86819458   1.14329817   1.34813026] [ 3.14890672 12.96168221 18.0415884  26.55139632 30.8106551  39.98876289
 45.03281121 58.35842406]
nelec by numeric integration = 35.99999999877055
    CPU time for vxc     84.36 sec, wall time      2.76 sec
Ewald components = 0.00051775335925431, -0.251419253935776, 0.0646100141269025
    CPU time for vj and vk    306.11 sec, wall time     12.82 sec
Ewald components = 6.77773183084737, -128.779455527716, 5.42224205397643
E1 = -55.43731991313725  Ecoul = -9.521885963441234  Exc = -22.195704609279453
cycle= 9 E= -203.73439212875  delta_E= -0.0102  |g|= 46.6  |ddm|= 0.0123
    CPU time for cycle= 9    390.97 sec, wall time     15.60 sec
HOMO = 1.32024477378  LUMO = 3.15043914876
     k-point                  mo_energy
   0 ( 0.000  0.000  0.000)   [-5.15068824e+01 -4.98829020e+01 -3.28938069e+01 -2.94294209e+01
 -2.02463791e+01 -1.70691278e+01 -1.88960993e+00 -1.33983731e+00
 -1.03354236e+00 -9.11455861e-01 -1.84497421e-01 -7.75467955e-02
  4.94882170e-02  2.26943250e-01  6.44658846e-01  8.39748307e-01
  1.10359300e+00  1.32024477e+00] [ 3.15043915 13.00453032 18.08995199 26.63789032 30.88618946 40.06402422
 45.13081746 58.41763267]
nelec by numeric integration = 35.999999998769866
    CPU time for vxc     78.30 sec, wall time      2.48 sec
Ewald components = 0.00051775335925431, -0.251419253935776, 0.0646100141269025
    CPU time for vj and vk    312.31 sec, wall time     12.92 sec
Ewald components = 6.77773183084737, -128.779455527716, 5.42224205397643
E1 = -55.39895329414477  Ecoul = -9.475081819828828  Exc = -22.19654942180645
cycle= 10 E= -203.650066178672  delta_E= 0.0843  |g|= 46.5  |ddm|= 0.0601
    CPU time for cycle= 10    390.93 sec, wall time     15.41 sec
HOMO = 1.30885319517  LUMO = 3.14459928349
     k-point                  mo_energy
   0 ( 0.000  0.000  0.000)   [-51.50377103 -49.87485653 -32.88501608 -29.42069887 -20.24063873
 -17.06128333  -1.87528657  -1.31863802  -0.9944757   -0.86971948
  -0.16665091  -0.07786906   0.05298212   0.22964405   0.63731881
   0.83779752   1.10173294   1.3088532 ] [ 3.14459928 13.01456132 18.09954885 26.6457934  30.89604749 40.06412044
 45.13714482 58.41310958]
nelec by numeric integration = 35.99999999876929
    CPU time for vxc     80.50 sec, wall time      2.52 sec
Ewald components = 0.00051775335925431, -0.251419253935776, 0.0646100141269025
    CPU time for vj and vk    322.10 sec, wall time     13.49 sec
Ewald components = 6.77773183084737, -128.779455527716, 5.42224205397643
E1 = -55.37717385262286  Ecoul = -9.488958109158409  Exc = -22.196201069381594
cycle= 11 E= -203.641814674055  delta_E= 0.00825  |g|= 46.5  |ddm|= 0.0292
    CPU time for cycle= 11    403.09 sec, wall time     16.03 sec
HOMO = 1.31665525577  LUMO = 3.14773130856
     k-point                  mo_energy
   0 ( 0.000  0.000  0.000)   [-51.50791079 -49.88068842 -32.89052944 -29.42622324 -20.23862706
 -17.05932301  -1.8819135   -1.31307755  -0.97748735  -0.85132202
  -0.15776273  -0.0805185    0.05746028   0.23158275   0.6438173
   0.84537154   1.10613      1.31665526] [ 3.14773131 13.0130504  18.0984968  26.64022338 30.89022369 40.05922199
 45.13078806 58.411289  ]
nelec by numeric integration = 35.999999998769226
    CPU time for vxc     83.14 sec, wall time      2.67 sec
Ewald components = 0.00051775335925431, -0.251419253935776, 0.0646100141269025
    CPU time for vj and vk    355.93 sec, wall time     15.48 sec
Ewald components = 6.77773183084737, -128.779455527716, 5.42224205397643
E1 = -55.38009947032842  Ecoul = -9.494811659447503  Exc = -22.196232512470267
cycle= 12 E= -203.650625285138  delta_E= -0.00881  |g|= 46.5  |ddm|= 0.0226
    CPU time for cycle= 12    439.51 sec, wall time     18.17 sec
HOMO = 1.32805109472  LUMO = 3.15597828869
     k-point                  mo_energy
   0 ( 0.000  0.000  0.000)   [-51.51017775 -49.88345465 -32.89086607 -29.42971632 -20.22824916
 -17.04908708  -1.88191682  -1.29087965  -0.93957749  -0.81341816
  -0.14616031  -0.086585     0.06629134   0.23575978   0.65470452
   0.8560252    1.11544679   1.32805109] [ 3.15597829 13.01734988 18.10567242 26.6398553  30.8893067  40.05852874
 45.12785939 58.40724555]
nelec by numeric integration = 35.99999999876903
    CPU time for vxc     80.99 sec, wall time      2.54 sec
Ewald components = 0.00051775335925431, -0.251419253935776, 0.0646100141269025
    CPU time for vj and vk    302.76 sec, wall time     12.59 sec
Ewald components = 6.77773183084737, -128.779455527716, 5.42224205397643
E1 = -55.368476773866384  Ecoul = -9.515104829246797  Exc = -22.194053150483064
cycle= 13 E= -203.657116396488  delta_E= -0.00649  |g|= 46.5  |ddm|= 0.0119
    CPU time for cycle= 13    384.09 sec, wall time     15.14 sec
HOMO = 1.31050108522  LUMO = 3.14819044031
     k-point                  mo_energy
   0 ( 0.000  0.000  0.000)   [-5.15178967e+01 -4.99060478e+01 -3.29251954e+01 -2.94441475e+01
 -2.02700919e+01 -1.70780522e+01 -1.90199546e+00 -1.35373599e+00
 -1.05896734e+00 -9.35853414e-01 -1.77854497e-01 -3.37455833e-02
  6.57531361e-02  2.51082827e-01  6.31451204e-01  8.33894903e-01
  1.09119517e+00  1.31050109e+00] [ 3.14819044 12.99537169 18.06613428 26.61908653 30.85893505 40.05252977
 45.1165755  58.41823829]
nelec by numeric integration = 35.99999999876997
    CPU time for vxc     79.63 sec, wall time      2.50 sec
Ewald components = 0.00051775335925431, -0.251419253935776, 0.0646100141269025
    CPU time for vj and vk    297.74 sec, wall time     12.21 sec
Ewald components = 6.77773183084737, -128.779455527716, 5.42224205397643
E1 = -55.429018440135074  Ecoul = -9.452744695705523  Exc = -22.20017950509465
cycle= 14 E= -203.661424283827  delta_E= -0.00431  |g|= 46.5  |ddm|= 0.0355
    CPU time for cycle= 14    377.67 sec, wall time     14.72 sec
HOMO = 1.33883794328  LUMO = 3.15632500447
     k-point                  mo_energy
   0 ( 0.000  0.000  0.000)   [-51.52469176 -49.91414621 -32.919803   -29.45691982 -20.2550756
 -17.07302469  -1.90717906  -1.34192353  -1.02056115  -0.89635072
  -0.17302309  -0.08158914   0.05950639   0.23563744   0.65759204
   0.85790504   1.11780829   1.33883794] [ 3.156325   12.99486882 18.0694858  26.60980866 30.86270353 40.04238476
 45.10290205 58.40114616]
nelec by numeric integration = 35.99999999876978
    CPU time for vxc     78.25 sec, wall time      2.45 sec
Ewald components = 0.00051775335925431, -0.251419253935776, 0.0646100141269025
    CPU time for vj and vk    293.41 sec, wall time     12.14 sec
Ewald components = 6.77773183084737, -128.779455527716, 5.42224205397643
E1 = -55.417320568771395  Ecoul = -9.484364309945185  Exc = -22.196401850757645
cycle= 15 E= -203.677568372366  delta_E= -0.0161  |g|= 46.5  |ddm|= 0.0359
    CPU time for cycle= 15    372.12 sec, wall time     14.61 sec
HOMO = 1.34577781387  LUMO = 3.15670460794
     k-point                  mo_energy
   0 ( 0.000  0.000  0.000)   [-51.52131083 -49.91024902 -32.91258274 -29.45260906 -20.25195984
 -17.07382025  -1.90404567  -1.35248847  -1.0331038   -0.90839403
  -0.18104792  -0.09036888   0.05421725   0.2305724    0.66208972
   0.86367964   1.12443596   1.34577781] [ 3.15670461 12.99579782 18.06911392 26.61119514 30.87052606 40.04360612
 45.10444776 58.39949284]
nelec by numeric integration = 35.99999999877039
    CPU time for vxc     78.78 sec, wall time      2.47 sec
Ewald components = 0.00051775335925431, -0.251419253935776, 0.0646100141269025
    CPU time for vj and vk    295.58 sec, wall time     12.00 sec
Ewald components = 6.77773183084737, -128.779455527716, 5.42224205397643
E1 = -55.42507263799669  Ecoul = -9.478944510261211  Exc = -22.19668353896303
cycle= 16 E= -203.680182330113  delta_E= -0.00261  |g|= 46.5  |ddm|= 0.0169
    CPU time for cycle= 16    374.73 sec, wall time     14.48 sec
HOMO = 1.34719557814  LUMO = 3.15629011594
     k-point                  mo_energy
   0 ( 0.000  0.000  0.000)   [-51.52203292 -49.91022897 -32.91220754 -29.45365672 -20.25094106
 -17.07438876  -1.90582666  -1.35166281  -1.02981342  -0.90459618
  -0.18040642  -0.09463856   0.05217752   0.22707257   0.66415356
   0.86496933   1.12551344   1.34719558] [ 3.15629012 12.99516567 18.06980857 26.61061957 30.86990962 40.04258887
 45.10327956 58.40067176]
nelec by numeric integration = 35.999999998770384
    CPU time for vxc     79.17 sec, wall time      2.48 sec
Ewald components = 0.00051775335925431, -0.251419253935776, 0.0646100141269025
    CPU time for vj and vk    295.22 sec, wall time     12.52 sec
Ewald components = 6.77773183084737, -128.779455527716, 5.42224205397643
E1 = -55.42299177410489  Ecoul = -9.48143014917118  Exc = -22.196652949610424
cycle= 17 E= -203.680556515778  delta_E= -0.000374  |g|= 46.5  |ddm|= 0.00636
    CPU time for cycle= 17    374.79 sec, wall time     15.01 sec
HOMO = 1.35549286791  LUMO = 3.14932459271
     k-point                  mo_energy
   0 ( 0.000  0.000  0.000)   [-51.56939373 -49.97343298 -32.96234271 -29.51303476 -20.28199118
 -17.10020738  -1.95647586  -1.36119659  -1.01865357  -0.8888346
  -0.17924467  -0.12108604   0.05171256   0.22553854   0.67994637
   0.87763245   1.14725614   1.35549287] [ 3.14932459 12.96525873 18.02786278 26.55456293 30.82423669 39.9980095
 45.04478306 58.36514122]
nelec by numeric integration = 35.99999999877077
    CPU time for vxc     77.75 sec, wall time      2.51 sec
Ewald components = 0.00051775335925431, -0.251419253935776, 0.0646100141269025
    CPU time for vj and vk    336.94 sec, wall time     14.14 sec
Ewald components = 6.77773183084737, -128.779455527716, 5.42224205397643
E1 = -55.450316778832345  Ecoul = -9.493311780713322  Exc = -22.19719286912942
cycle= 18 E= -203.720303071567  delta_E= -0.0397  |g|= 46.6  |ddm|= 0.0217
    CPU time for cycle= 18    415.13 sec, wall time     16.67 sec
HOMO = 1.34794671581  LUMO = 3.1547716538
     k-point                  mo_energy
   0 ( 0.000  0.000  0.000)   [-5.15261448e+01 -4.99151462e+01 -3.29176886e+01 -2.94601257e+01
 -2.02549782e+01 -1.70791111e+01 -1.91475671e+00 -1.35790491e+00
 -1.03849947e+00 -9.11546722e-01 -1.83885517e-01 -9.98895512e-02
  5.09719008e-02  2.23874136e-01  6.64642219e-01  8.64151248e-01
  1.12517197e+00  1.34794672e+00] [ 3.15477165 12.98906443 18.0655166  26.60542059 30.86371596 40.03974236
 45.09867899 58.4004366 ]
nelec by numeric integration = 35.99999999877052
    CPU time for vxc     79.72 sec, wall time      2.50 sec
Ewald components = 0.00051775335925431, -0.251419253935776, 0.0646100141269025
    CPU time for vj and vk    347.51 sec, wall time     14.25 sec
Ewald components = 6.77773183084737, -128.779455527716, 5.42224205397643
E1 = -55.426828594544915  Ecoul = -9.478852913729629  Exc = -22.196751639106246
cycle= 19 E= -203.681914790273  delta_E= 0.0384  |g|= 46.5  |ddm|= 0.0249
    CPU time for cycle= 19    427.68 sec, wall time     16.76 sec
HOMO = 1.35907172708  LUMO = 3.15908901433
     k-point                  mo_energy
   0 ( 0.000  0.000  0.000)   [-5.15149981e+01 -4.99037032e+01 -3.29091678e+01 -2.94507056e+01
 -2.02469901e+01 -1.70750124e+01 -1.91043504e+00 -1.36310766e+00
 -1.05416349e+00 -9.30812472e-01 -1.93448303e-01 -9.77018910e-02
  4.81816458e-02  2.20271097e-01  6.70432659e-01  8.66402344e-01
  1.12205410e+00  1.35907173e+00] [ 3.15908901 12.99244928 18.07224052 26.61493483 30.86964095 40.05028758
 45.10845322 58.41367649]
nelec by numeric integration = 35.9999999987706
    CPU time for vxc     78.98 sec, wall time      2.53 sec
Ewald components = 0.00051775335925431, -0.251419253935776, 0.0646100141269025
    CPU time for vj and vk    319.59 sec, wall time     13.38 sec
Ewald components = 6.77773183084737, -128.779455527716, 5.42224205397643
E1 = -55.42971258386578  Ecoul = -9.472509774385994  Exc = -22.196392341048032
cycle= 20 E= -203.678096342192  delta_E= 0.00382  |g|= 46.5  |ddm|= 0.0251
    CPU time for cycle= 20    398.99 sec, wall time     15.92 sec
HOMO = 1.36488853266  LUMO = 3.16789448859
     k-point                  mo_energy
   0 ( 0.000  0.000  0.000)   [-51.51590639 -49.90581226 -32.91263139 -29.45042061 -20.24006136
 -17.06465392  -1.90826873  -1.34274831  -1.02302569  -0.90077683
  -0.17814322  -0.08605986   0.06177508   0.23195413   0.67525059
   0.87154325   1.12510774   1.36488853] [ 3.16789449 12.99680314 18.07802337 26.61633508 30.86717696 40.05183248
 45.10841056 58.41270399]
nelec by numeric integration = 35.99999999877036
    CPU time for vxc     88.89 sec, wall time      2.78 sec
Ewald components = 0.00051775335925431, -0.251419253935776, 0.0646100141269025
    CPU time for vj and vk    337.67 sec, wall time     14.39 sec
Ewald components = 6.77773183084737, -128.779455527716, 5.42224205397643
E1 = -55.42626799344055  Ecoul = -9.483813378126989  Exc = -22.195406451789722
cycle= 21 E= -203.684969466249  delta_E= -0.00687  |g|= 46.5  |ddm|= 0.0143
    CPU time for cycle= 21    426.88 sec, wall time     17.18 sec
HOMO = 1.33363146621  LUMO = 3.15192542086
     k-point                  mo_energy
   0 ( 0.000  0.000  0.000)   [-51.5171213  -49.89558815 -32.89964194 -29.44247886 -20.2432389
 -17.06830845  -1.89527552  -1.32693415  -0.99570689  -0.87187138
  -0.17151469  -0.0966219    0.05505713   0.22545494   0.65858325
   0.85427184   1.11720402   1.33363147] [ 3.15192542 13.00214067 18.08673528 26.62501872 30.87980256 40.04867574
 45.11557888 58.40452791]
nelec by numeric integration = 35.99999999876914
    CPU time for vxc     82.34 sec, wall time      2.66 sec
Ewald components = 0.00051775335925431, -0.251419253935776, 0.0646100141269025
    CPU time for vj and vk    342.49 sec, wall time     14.17 sec
Ewald components = 6.77773183084737, -128.779455527716, 5.42224205397643
E1 = -55.39079112431075  Ecoul = -9.49961911900617  Exc = -22.195313795301377
cycle= 22 E= -203.66520568151  delta_E= 0.0198  |g|= 46.5  |ddm|= 0.0403
    CPU time for cycle= 22    425.33 sec, wall time     16.85 sec
HOMO = 1.3096638329  LUMO = 3.13903833834
     k-point                  mo_energy
   0 ( 0.000  0.000  0.000)   [-5.15374055e+01 -4.99315306e+01 -3.29437711e+01 -2.94721639e+01
 -2.02890799e+01 -1.70983878e+01 -1.92630823e+00 -1.37719323e+00
 -1.07900601e+00 -9.52976699e-01 -1.85185593e-01 -6.33790171e-02
  4.98132024e-02  2.36544425e-01  6.31730109e-01  8.34944069e-01
  1.09589905e+00  1.30966383e+00] [ 3.13903834 12.97713162 18.04238603 26.59266997 30.84038715 40.03001186
 45.09061575 58.40370399]
nelec by numeric integration = 35.99999999876955
    CPU time for vxc     79.94 sec, wall time      2.51 sec
Ewald components = 0.00051775335925431, -0.251419253935776, 0.0646100141269025
    CPU time for vj and vk    311.63 sec, wall time     12.71 sec
Ewald components = 6.77773183084737, -128.779455527716, 5.42224205397643
E1 = -55.43914791161678  Ecoul = -9.453995051953383  Exc = -22.200678159689666
cycle= 23 E= -203.673302766152  delta_E= -0.0081  |g|= 46.5  |ddm|= 0.0429
    CPU time for cycle= 23    392.03 sec, wall time     15.23 sec
HOMO = 1.32296118149  LUMO = 3.14723397439
     k-point                  mo_energy
   0 ( 0.000  0.000  0.000)   [-51.53611435 -49.92257655 -32.92719652 -29.46613492 -20.26401512
 -17.07947641  -1.91514612  -1.33272802  -1.00043732  -0.87310285
  -0.16248673  -0.08970183   0.05634046   0.23399164   0.65012416
   0.8503254    1.11439841   1.32296118] [ 3.14723397 12.98972614 18.06484504 26.60233792 30.85545564 40.03110226
 45.09418767 58.39376051]
nelec by numeric integration = 35.999999998768715
    CPU time for vxc     78.56 sec, wall time      2.46 sec
Ewald components = 0.00051775335925431, -0.251419253935776, 0.0646100141269025
    CPU time for vj and vk    301.86 sec, wall time     12.47 sec
Ewald components = 6.77773183084737, -128.779455527716, 5.42224205397643
E1 = -55.40308999456813  Ecoul = -9.497287520375947  Exc = -22.196517096200616
cycle= 24 E= -203.676376254037  delta_E= -0.00307  |g|= 46.5  |ddm|= 0.0292
    CPU time for cycle= 24    380.74 sec, wall time     14.94 sec
HOMO = 1.332543737  LUMO = 3.15094246831
     k-point                  mo_energy
   0 ( 0.000  0.000  0.000)   [-51.5342256  -49.91833888 -32.92217195 -29.46514427 -20.25420022
 -17.07393417  -1.91577026  -1.31903159  -0.97698917  -0.85103458
  -0.16064955  -0.09986321   0.05868266   0.22967148   0.6597133
   0.85506298   1.11743409   1.33254374] [ 3.15094247 12.99242101 18.07431059 26.6059747  30.85762717 40.03353712
 45.09587844 58.39683029]
nelec by numeric integration = 35.99999999876855
    CPU time for vxc     78.28 sec, wall time      2.45 sec
Ewald components = 0.00051775335925431, -0.251419253935776, 0.0646100141269025
    CPU time for vj and vk    321.38 sec, wall time     13.25 sec
Ewald components = 6.77773183084737, -128.779455527716, 5.42224205397643
E1 = -55.39182052093921  Ecoul = -9.509435770995717  Exc = -22.195012155376958
cycle= 25 E= -203.675750090204  delta_E= 0.000626  |g|= 46.5  |ddm|= 0.0119
    CPU time for cycle= 25    399.96 sec, wall time     15.71 sec
HOMO = 1.33575931692  LUMO = 3.15147704742
     k-point                  mo_energy
   0 ( 0.000  0.000  0.000)   [-51.5351771  -49.92047884 -32.92444206 -29.46784507 -20.25461943
 -17.07498469  -1.91930636  -1.32115886  -0.97857086  -0.8532555
  -0.16179617  -0.10146561   0.05796638   0.22821835   0.66149913
   0.8564018    1.11756867   1.33575932] [ 3.15147705 12.99081027 18.07285726 26.60367024 30.8546985  40.03259174
 45.0936052  58.39820577]
nelec by numeric integration = 35.999999998768644
    CPU time for vxc     80.65 sec, wall time      2.53 sec
Ewald components = 0.00051775335925431, -0.251419253935776, 0.0646100141269025
    CPU time for vj and vk    351.51 sec, wall time     15.76 sec
Ewald components = 6.77773183084737, -128.779455527716, 5.42224205397643
E1 = -55.39569605737516  Ecoul = -9.507657265807381  Exc = -22.19522258033366
cycle= 26 E= -203.678057546408  delta_E= -0.00231  |g|= 46.5  |ddm|= 0.00431
    CPU time for cycle= 26    432.60 sec, wall time     18.30 sec
HOMO = 1.34758359354  LUMO = 3.15149560213
     k-point                  mo_energy
   0 ( 0.000  0.000  0.000)   [-51.56236033 -49.95822368 -32.95314826 -29.50157195 -20.26859183
 -17.08565708  -1.94854233  -1.32118278  -0.9622479   -0.83532822
  -0.16020814  -0.11419186   0.0621324    0.23215441   0.67660744
   0.8698123    1.13494356   1.34758359] [ 3.1514956  12.97613995 18.04990887 26.57075295 30.82960937 40.00695442
 45.05884461 58.37491944]
nelec by numeric integration = 35.999999998769084
    CPU time for vxc     80.75 sec, wall time      2.61 sec
Ewald components = 0.00051775335925431, -0.251419253935776, 0.0646100141269025
    CPU time for vj and vk    336.11 sec, wall time     13.74 sec
Ewald components = 6.77773183084737, -128.779455527716, 5.42224205397643
E1 = -55.41573422215935  Ecoul = -9.516357801052834  Exc = -22.19530945773613
cycle= 27 E= -203.70688312384  delta_E= -0.0288  |g|= 46.6  |ddm|= 0.0185
    CPU time for cycle= 27    417.27 sec, wall time     16.36 sec
HOMO = 1.3346393079  LUMO = 3.15141847792
     k-point                  mo_energy
   0 ( 0.000  0.000  0.000)   [-51.53669514 -49.92169207 -32.92601203 -29.46905938 -20.25496266
 -17.07474504  -1.92106089  -1.31809333  -0.97375371  -0.84804366
  -0.15953322  -0.10117678   0.05948239   0.22910182   0.66092807
   0.85578166   1.11733854   1.33463931] [ 3.15141848 12.99015427 18.07318747 26.60291748 30.85316035 40.03190683
 45.09273444 58.39744937]
nelec by numeric integration = 35.999999998768594
    CPU time for vxc     80.17 sec, wall time      2.51 sec
Ewald components = 0.00051775335925431, -0.251419253935776, 0.0646100141269025
    CPU time for vj and vk    307.21 sec, wall time     13.37 sec
Ewald components = 6.77773183084737, -128.779455527716, 5.42224205397643
E1 = -55.39433408725314  Ecoul = -9.509354150308159  Exc = -22.195148641760984
cycle= 28 E= -203.678318522214  delta_E= 0.0286  |g|= 46.5  |ddm|= 0.019
    CPU time for cycle= 28    387.73 sec, wall time     15.89 sec
HOMO = 1.32169537435  LUMO = 3.15770332777
     k-point                  mo_energy
   0 ( 0.000  0.000  0.000)   [-51.53829806 -49.92360816 -32.93251257 -29.46560664 -20.25607604
 -17.06607386  -1.91554452  -1.30119274  -0.9577997   -0.82834351
  -0.13962981  -0.07337092   0.07424035   0.2464161    0.64896797
   0.8513709    1.11496694   1.32169537] [ 3.15770333 12.99462113 18.07567607 26.60640648 30.85084917 40.0361741
 45.09673828 58.39464365]
nelec by numeric integration = 35.99999999876885
    CPU time for vxc     84.16 sec, wall time      2.71 sec
Ewald components = 0.00051775335925431, -0.251419253935776, 0.0646100141269025
    CPU time for vj and vk    310.78 sec, wall time     13.30 sec
Ewald components = 6.77773183084737, -128.779455527716, 5.42224205397643
E1 = -55.39090109834185  Ecoul = -9.511508207438796  Exc = -22.1952201764001
cycle= 29 E= -203.677111125073  delta_E= 0.00121  |g|= 46.6  |ddm|= 0.0241
    CPU time for cycle= 29    395.35 sec, wall time     16.02 sec
HOMO = 1.27819958367  LUMO = 3.13840429547
     k-point                  mo_energy
   0 ( 0.000  0.000  0.000)   [-51.54444048 -49.92166626 -32.93367749 -29.46336984 -20.27536686
 -17.07807311  -1.91150538  -1.30249225  -0.96596929  -0.83109348
  -0.1372609   -0.06647707   0.06412642   0.24360625   0.61634332
   0.820312     1.09449888   1.27819958] [ 3.1384043  12.99257093 18.0726546  26.60936224 30.85184569 40.03433931
 45.10129855 58.39018342]
nelec by numeric integration = 35.999999998768416
    CPU time for vxc     78.75 sec, wall time      2.47 sec
Ewald components = 0.00051775335925431, -0.251419253935776, 0.0646100141269025
    CPU time for vj and vk    298.39 sec, wall time     12.50 sec
Ewald components = 6.77773183084737, -128.779455527716, 5.42224205397643
E1 = -55.37047489590072  Ecoul = -9.50517377902527  Exc = -22.196953390951172
cycle= 30 E= -203.652083708769  delta_E= 0.025  |g|= 46.5  |ddm|= 0.0524
    CPU time for cycle= 30    377.66 sec, wall time     14.98 sec
HOMO = 1.29440762676  LUMO = 3.14777841696
     k-point                  mo_energy
   0 ( 0.000  0.000  0.000)   [-51.53419175 -49.91474075 -32.92912817 -29.45584387 -20.26607128
 -17.07148771  -1.90767161  -1.31154339  -0.98361269  -0.85109126
  -0.14404321  -0.05871448   0.06863595   0.24701017   0.62555281
   0.83160037   1.09951113   1.29440763] [ 3.14777842 12.9955192  18.07572931 26.61496086 30.85562696 40.04356484
 45.10785403 58.40021495]
nelec by numeric integration = 35.999999998769
    CPU time for vxc     78.31 sec, wall time      2.45 sec
Ewald components = 0.00051775335925431, -0.251419253935776, 0.0646100141269025
    CPU time for vj and vk    299.45 sec, wall time     12.68 sec
Ewald components = 6.77773183084737, -128.779455527716, 5.42224205397643
E1 = -55.38651898209109  Ecoul = -9.494926168819237  Exc = -22.197006173668424
cycle= 31 E= -203.657932967471  delta_E= -0.00585  |g|= 46.5  |ddm|= 0.0216
    CPU time for cycle= 31    378.22 sec, wall time     15.15 sec
HOMO = 1.29913855683  LUMO = 3.1458606365
     k-point                  mo_energy
   0 ( 0.000  0.000  0.000)   [-5.15324356e+01 -4.99205372e+01 -3.29383339e+01 -2.94591853e+01
 -2.02785672e+01 -1.70830743e+01 -1.91591207e+00 -1.35034768e+00
 -1.04637859e+00 -9.15180368e-01 -1.65138469e-01 -4.56114706e-02
  6.40256986e-02  2.48904874e-01  6.22989085e-01  8.32659999e-01
  1.09553127e+00  1.29913856e+00] [ 3.14586064 12.98664522 18.05845928 26.60696712 30.84726025 40.04234317
 45.10397319 58.40759567]
nelec by numeric integration = 35.99999999876975
    CPU time for vxc     80.51 sec, wall time      2.56 sec
Ewald components = 0.00051775335925431, -0.251419253935776, 0.0646100141269025
    CPU time for vj and vk    314.45 sec, wall time     14.41 sec
Ewald components = 6.77773183084737, -128.779455527716, 5.42224205397643
E1 = -55.42229489325876  Ecoul = -9.4633551774327  Exc = -22.19991912872335
cycle= 32 E= -203.665050842307  delta_E= -0.00712  |g|= 46.5  |ddm|= 0.0202
    CPU time for cycle= 32    395.27 sec, wall time     16.99 sec
HOMO = 1.30882198141  LUMO = 3.15107579294
     k-point                  mo_energy
   0 ( 0.000  0.000  0.000)   [-51.53130773 -49.91687106 -32.93144456 -29.45764597 -20.26656953
 -17.0748749   -1.91211048  -1.33210964  -1.01393128  -0.88239388
  -0.15548266  -0.05779268   0.06586912   0.24510009   0.63329619
   0.84087561   1.10400104   1.30882198] [ 3.15107579 12.991626   18.06829483 26.61058937 30.85275788 40.04298287
 45.10493176 58.4048385 ]
nelec by numeric integration = 35.99999999876957
    CPU time for vxc     78.23 sec, wall time      2.45 sec
Ewald components = 0.00051775335925431, -0.251419253935776, 0.0646100141269025
    CPU time for vj and vk    336.00 sec, wall time     14.02 sec
Ewald components = 6.77773183084737, -128.779455527716, 5.42224205397643
E1 = -55.40763056700677  Ecoul = -9.481927206662654  Exc = -22.1979557667012
cycle= 33 E= -203.666995183263  delta_E= -0.00194  |g|= 46.5  |ddm|= 0.0144
    CPU time for cycle= 33    414.51 sec, wall time     16.48 sec
HOMO = 1.33507742606  LUMO = 3.1495126391
     k-point                  mo_energy
   0 ( 0.000  0.000  0.000)   [-51.53333146 -49.91929831 -32.92434716 -29.46608532 -20.25693096
 -17.07699247  -1.92082039  -1.33413868  -1.00439408  -0.87680355
  -0.16921505  -0.10207822   0.05512587   0.22836215   0.66012473
   0.85637624   1.11887907   1.33507743] [ 3.14951264 12.98823896 18.07008175 26.60420342 30.85571869 40.0369046
 45.09611904 58.39910253]
nelec by numeric integration = 35.999999998769134
    CPU time for vxc     77.34 sec, wall time      2.56 sec
Ewald components = 0.00051775335925431, -0.251419253935776, 0.0646100141269025
    CPU time for vj and vk    328.24 sec, wall time     14.00 sec
Ewald components = 6.77773183084737, -128.779455527716, 5.42224205397643
E1 = -55.40580033875066  Ecoul = -9.495152503372852  Exc = -22.19571803181163
cycle= 34 E= -203.676152516827  delta_E= -0.00916  |g|= 46.5  |ddm|= 0.033
    CPU time for cycle= 34    405.99 sec, wall time     16.57 sec
HOMO = 1.35965482169  LUMO = 3.15378037929
     k-point                  mo_energy
   0 ( 0.000  0.000  0.000)   [-5.15268414e+01 -4.99129368e+01 -3.29161649e+01 -2.94647364e+01
 -2.02467989e+01 -1.70775857e+01 -1.92523377e+00 -1.34615181e+00
 -1.01555282e+00 -8.89773812e-01 -1.84883190e-01 -1.23244253e-01
  4.82171194e-02  2.12481433e-01  6.78044561e-01  8.68698845e-01
  1.12505525e+00  1.35965482e+00] [ 3.15378038 12.98701065 18.07371466 26.60561296 30.85931754 40.03973637
 45.09651402 58.40933417]
nelec by numeric integration = 35.99999999876953
    CPU time for vxc     78.06 sec, wall time      2.52 sec
Ewald components = 0.00051775335925431, -0.251419253935776, 0.0646100141269025
    CPU time for vj and vk    331.12 sec, wall time     14.00 sec
Ewald components = 6.77773183084737, -128.779455527716, 5.42224205397643
E1 = -55.41238366604396  Ecoul = -9.493217558577811  Exc = -22.195166677382844
cycle= 35 E= -203.680249544896  delta_E= -0.0041  |g|= 46.5  |ddm|= 0.0298
    CPU time for cycle= 35    409.52 sec, wall time     16.54 sec
HOMO = 1.34368402945  LUMO = 3.14584328753
     k-point                  mo_energy
   0 ( 0.000  0.000  0.000)   [-5.15322379e+01 -4.99166158e+01 -3.29150644e+01 -2.94650919e+01
 -2.02520518e+01 -1.70784254e+01 -1.91678197e+00 -1.33876463e+00
 -1.00223660e+00 -8.72280303e-01 -1.78571954e-01 -1.22472670e-01
  4.96373740e-02  2.19952512e-01  6.72107607e-01  8.64816603e-01
  1.12776227e+00  1.34368403e+00] [ 3.14584329 12.99012986 18.07063933 26.60399778 30.86469724 40.03377915
 45.09428835 58.39398627]
nelec by numeric integration = 35.99999999876902
    CPU time for vxc     78.75 sec, wall time      2.59 sec
Ewald components = 0.00051775335925431, -0.251419253935776, 0.0646100141269025
    CPU time for vj and vk    322.58 sec, wall time     13.43 sec
Ewald components = 6.77773183084737, -128.779455527716, 5.42224205397643
E1 = -55.40178898976257  Ecoul = -9.50143369251643  Exc = -22.194857822655027
cycle= 36 E= -203.677562147826  delta_E= 0.00269  |g|= 46.5  |ddm|= 0.0222
    CPU time for cycle= 36    401.88 sec, wall time     16.04 sec
HOMO = 1.42776370084  LUMO = 3.16956637835
     k-point                  mo_energy
   0 ( 0.000  0.000  0.000)   [-51.5971386  -50.01964165 -32.99555505 -29.55864114 -20.27306218
 -17.098457    -2.00701264  -1.34495343  -0.97221188  -0.85016728
  -0.19495699  -0.15077982   0.07157051   0.22876089   0.74662589
   0.92688772   1.1867293    1.4277637 ] [ 3.16956638 12.94900371 18.01184234 26.51354947 30.78920495 39.97183194
 44.99756714 58.34880721]
nelec by numeric integration = 35.999999998771166
    CPU time for vxc     82.50 sec, wall time      2.68 sec
Ewald components = 0.00051775335925431, -0.251419253935776, 0.0646100141269025
    CPU time for vj and vk    324.56 sec, wall time     13.69 sec
Ewald components = 6.77773183084737, -128.779455527716, 5.42224205397643
E1 = -55.486558300515085  Ecoul = -9.519399525494768  Exc = -22.193955739653738
cycle= 37 E= -203.779395208555  delta_E= -0.102  |g|= 46.7  |ddm|= 0.0937
    CPU time for cycle= 37    407.39 sec, wall time     16.38 sec
HOMO = 1.35021381941  LUMO = 3.15543139012
     k-point                  mo_energy
   0 ( 0.000  0.000  0.000)   [-51.52164885 -49.90523015 -32.91138252 -29.45524067 -20.24304996
 -17.06998487  -1.91352652  -1.33256028  -1.0038814   -0.87922156
  -0.17553717  -0.10637925   0.05396004   0.22049213   0.66991866
   0.86300002   1.12129086   1.35021382] [ 3.15543139 12.99447265 18.08190135 26.61565435 30.86527569 40.04707334
 45.10632762 58.41079382]
nelec by numeric integration = 35.999999998769646
    CPU time for vxc     80.55 sec, wall time      2.60 sec
Ewald components = 0.00051775335925431, -0.251419253935776, 0.0646100141269025
    CPU time for vj and vk    333.05 sec, wall time     14.04 sec
Ewald components = 6.77773183084737, -128.779455527716, 5.42224205397643
E1 = -55.40205422187948  Ecoul = -9.49630224902241  Exc = -22.194862570281572
cycle= 38 E= -203.672700684075  delta_E= 0.107  |g|= 46.5  |ddm|= 0.096
    CPU time for cycle= 38    414.13 sec, wall time     16.67 sec
HOMO = 1.32874777195  LUMO = 3.15011458717
     k-point                  mo_energy
   0 ( 0.000  0.000  0.000)   [-51.51581552 -49.89475392 -32.90370104 -29.44335941 -20.24579282
 -17.06830367  -1.89991891  -1.33098694  -1.00723956  -0.87797034
  -0.16947958  -0.09433085   0.05282447   0.22574524   0.65182666
   0.85134922   1.11107787   1.32874777] [ 3.15011459 13.0004273  18.0855697  26.62559104 30.8750312  40.05286466
 45.11791626 58.41184709]
nelec by numeric integration = 35.999999998769184
    CPU time for vxc     85.03 sec, wall time      2.83 sec
Ewald components = 0.00051775335925431, -0.251419253935776, 0.0646100141269025
    CPU time for vj and vk    351.35 sec, wall time     15.48 sec
Ewald components = 6.77773183084737, -128.779455527716, 5.42224205397643
E1 = -55.390693268040856  Ecoul = -9.492272024076248  Exc = -22.19559370253575
cycle= 39 E= -203.658040637545  delta_E= 0.0147  |g|= 46.5  |ddm|= 0.0265
    CPU time for cycle= 39    436.77 sec, wall time     18.32 sec
HOMO = 1.34547118139  LUMO = 3.1583809978
     k-point                  mo_energy
   0 ( 0.000  0.000  0.000)   [-51.5437705  -49.92650618 -32.92643025 -29.47565285 -20.24324458
 -17.06560315  -1.92777464  -1.28955313  -0.92387232  -0.79458306
  -0.15387433  -0.11433118   0.069485     0.23001025   0.67482019
   0.86937533   1.1335833    1.34547118] [ 3.158381   12.99212433 18.0818356  26.60016908 30.8518831  40.02743947
 45.08592563 58.38885359]
nelec by numeric integration = 35.99999999876858
    CPU time for vxc     80.48 sec, wall time      2.60 sec
Ewald components = 0.00051775335925431, -0.251419253935776, 0.0646100141269025
    CPU time for vj and vk    353.76 sec, wall time     14.57 sec
Ewald components = 6.77773183084737, -128.779455527716, 5.42224205397643
E1 = -55.37557932841515  Ecoul = -9.538373682479273  Exc = -22.192553562769373
cycle= 40 E= -203.685988216556  delta_E= -0.0279  |g|= 46.6  |ddm|= 0.0476
    CPU time for cycle= 40    434.68 sec, wall time     17.19 sec
HOMO = 1.34225830612  LUMO = 3.15617318612
     k-point                  mo_energy
   0 ( 0.000  0.000  0.000)   [-51.54188206 -49.92693434 -32.92923914 -29.4745109  -20.24994424
 -17.07071547  -1.92719506  -1.30671066  -0.95363552  -0.82462906
  -0.15463343  -0.10787093   0.06511923   0.23007492   0.669255
   0.86573737   1.12886436   1.34225831] [ 3.15617319 12.98927663 18.07499946 26.59892821 30.84997697 40.02844805
 45.08698451 58.39208409]
nelec by numeric integration = 35.99999999876886
    CPU time for vxc     79.91 sec, wall time      2.51 sec
Ewald components = 0.00051775335925431, -0.251419253935776, 0.0646100141269025
    CPU time for vj and vk    339.55 sec, wall time     13.92 sec
Ewald components = 6.77773183084737, -128.779455527716, 5.42224205397643
E1 = -55.38956271087778  Ecoul = -9.522527096365113  Exc = -22.19403857175159
cycle= 41 E= -203.685610021886  delta_E= 0.000378  |g|= 46.6  |ddm|= 0.00775
    CPU time for cycle= 41    419.88 sec, wall time     16.44 sec
HOMO = 1.32614813546  LUMO = 3.14507227493
     k-point                  mo_energy
   0 ( 0.000  0.000  0.000)   [-51.53814982 -49.92885671 -32.93999869 -29.47338754 -20.2729666
 -17.08791428  -1.93159703  -1.3524521   -1.03775234  -0.91150766
  -0.17231166  -0.08100807   0.05259535   0.23090656   0.64823726
   0.84715889   1.1075083    1.32614814] [ 3.14507227 12.97912592 18.05645974 26.5956507  30.8403286  40.03278325
 45.09017586 58.40579871]
nelec by numeric integration = 35.99999999876942
    CPU time for vxc     86.02 sec, wall time      2.70 sec
Ewald components = 0.00051775335925431, -0.251419253935776, 0.0646100141269025
    CPU time for vj and vk    344.07 sec, wall time     14.78 sec
Ewald components = 6.77773183084737, -128.779455527716, 5.42224205397643
E1 = -55.424010374782334  Ecoul = -9.476011658891391  Exc = -22.19845489272397
cycle= 42 E= -203.67795856929  delta_E= 0.00765  |g|= 46.5  |ddm|= 0.0365
    CPU time for cycle= 42    430.40 sec, wall time     17.48 sec
HOMO = 1.34856283336  LUMO = 3.15717702408
     k-point                  mo_energy
   0 ( 0.000  0.000  0.000)   [-51.52137729 -49.91032193 -32.91916608 -29.45615392 -20.25049306
 -17.07209817  -1.91417921  -1.34356678  -1.02702106  -0.90432501
  -0.17569109  -0.08671842   0.05588316   0.23073168   0.66335773
   0.86135668   1.11681176   1.34856283] [ 3.15717702 12.99173682 18.07269552 26.61199938 30.8595791  40.04621475
 45.1048682  58.41257432]
nelec by numeric integration = 35.99999999876951
    CPU time for vxc     81.14 sec, wall time      2.62 sec
Ewald components = 0.00051775335925431, -0.251419253935776, 0.0646100141269025
    CPU time for vj and vk    329.18 sec, wall time     13.81 sec
Ewald components = 6.77773183084737, -128.779455527716, 5.42224205397643
E1 = -55.41844832731396  Ecoul = -9.484668136530122  Exc = -22.19638169557935
cycle= 43 E= -203.678979802315  delta_E= -0.00102  |g|= 46.5  |ddm|= 0.0282
    CPU time for cycle= 43    410.67 sec, wall time     16.45 sec
HOMO = 1.31422152442  LUMO = 3.1569668209
     k-point                  mo_energy
   0 ( 0.000  0.000  0.000)   [-51.52470748 -49.90730462 -32.91752589 -29.44805674 -20.25121215
 -17.06016877  -1.89566577  -1.30516739  -0.97181288  -0.84281401
  -0.14448232  -0.0640303    0.07306453   0.24995662   0.63960043
   0.84622593   1.10962624   1.31422152] [ 3.15696682 13.00446867 18.08289501 26.62134041 30.86711285 40.04846478
 45.1131732  58.39973769]
nelec by numeric integration = 35.99999999876899
    CPU time for vxc     79.22 sec, wall time      2.48 sec
Ewald components = 0.00051775335925431, -0.251419253935776, 0.0646100141269025
    CPU time for vj and vk    316.59 sec, wall time     13.91 sec
Ewald components = 6.77773183084737, -128.779455527716, 5.42224205397643
E1 = -55.387689810380515  Ecoul = -9.50237350838091  Exc = -22.195595271221627
cycle= 44 E= -203.665140232875  delta_E= 0.0138  |g|= 46.5  |ddm|= 0.0475
    CPU time for cycle= 44    396.48 sec, wall time     16.42 sec
HOMO = 1.34871349712  LUMO = 3.15914452834
     k-point                  mo_energy
   0 ( 0.000  0.000  0.000)   [-51.52151138 -49.90779323 -32.91435033 -29.45464416 -20.2445456
 -17.06700716  -1.91003458  -1.33150113  -1.00357296  -0.87810289
  -0.16903056  -0.0950424    0.05938354   0.23042964   0.66651931
   0.863983     1.12075661   1.3487135 ] [ 3.15914453 12.99622104 18.07886331 26.61447711 30.86474856 40.04663041
 45.1063181  58.40758408]
nelec by numeric integration = 35.999999998769496
    CPU time for vxc     78.58 sec, wall time      2.46 sec
Ewald components = 0.00051775335925431, -0.251419253935776, 0.0646100141269025
    CPU time for vj and vk    290.91 sec, wall time     12.40 sec
Ewald components = 6.77773183084737, -128.779455527716, 5.42224205397643
E1 = -55.40784339827583  Ecoul = -9.494102098106366  Exc = -22.195183384853618
cycle= 45 E= -203.676610524128  delta_E= -0.0115  |g|= 46.5  |ddm|= 0.042
    CPU time for cycle= 45    369.87 sec, wall time     14.87 sec
HOMO = 1.3795443252  LUMO = 3.16396261013
     k-point                  mo_energy
   0 ( 0.000  0.000  0.000)   [-51.55112808 -49.95613802 -32.95263184 -29.49718046 -20.26274119
 -17.08267587  -1.9478922   -1.35321035  -1.01939324  -0.89658069
  -0.17647777  -0.10783567   0.06237981   0.2340608    0.69349615
   0.88750142   1.14517455   1.37954433] [ 3.16396261 12.97448356 18.04374196 26.57095337 30.83041665 40.01677491
 45.06226568 58.384152  ]
nelec by numeric integration = 35.99999999877058
    CPU time for vxc     79.85 sec, wall time      2.50 sec
Ewald components = 0.00051775335925431, -0.251419253935776, 0.0646100141269025
    CPU time for vj and vk    323.96 sec, wall time     13.78 sec
Ewald components = 6.77773183084737, -128.779455527716, 5.42224205397643
E1 = -55.456315035544115  Ecoul = -9.48951664589006  Exc = -22.196002240276798
cycle= 46 E= -203.721315564603  delta_E= -0.0447  |g|= 46.6  |ddm|= 0.0395
    CPU time for cycle= 46    404.18 sec, wall time     16.29 sec
HOMO = 1.3608988999  LUMO = 3.16186549724
     k-point                  mo_energy
   0 ( 0.000  0.000  0.000)   [-51.52754508 -49.91958439 -32.9243257  -29.46510791 -20.24905259
 -17.07211018  -1.92116322  -1.34404511  -1.02013385  -0.8969915
  -0.17601255  -0.09700507   0.05835698   0.22941231   0.67506904
   0.87142143   1.12853285   1.3608989 ] [ 3.1618655  12.98942733 18.06870534 26.60347124 30.85533798 40.04034561
 45.09552032 58.40410516]
nelec by numeric integration = 35.999999998770235
    CPU time for vxc     78.46 sec, wall time      2.46 sec
Ewald components = 0.00051775335925431, -0.251419253935776, 0.0646100141269025
    CPU time for vj and vk    309.81 sec, wall time     13.04 sec
Ewald components = 6.77773183084737, -128.779455527716, 5.42224205397643
E1 = -55.42722752688218  Ecoul = -9.487586792475385  Exc = -22.1957082284423
cycle= 47 E= -203.690004190692  delta_E= 0.0313  |g|= 46.5  |ddm|= 0.0254
    CPU time for cycle= 47    388.86 sec, wall time     15.51 sec
HOMO = 1.35270038337  LUMO = 3.16162467365
     k-point                  mo_energy
   0 ( 0.000  0.000  0.000)   [-51.52438866 -49.9128761  -32.91906718 -29.45850683 -20.2453832
 -17.0668663   -1.91372735  -1.33129499  -1.00248675  -0.87643985
  -0.16720838  -0.09308825   0.06226939   0.23309389   0.66951556
   0.86748322   1.12338558   1.35270038] [ 3.16162467 12.99421453 18.07599907 26.61048565 30.86068906 40.04440867
 45.10216423 58.40595181]
nelec by numeric integration = 35.999999998769475
    CPU time for vxc     82.39 sec, wall time      2.58 sec
Ewald components = 0.00051775335925431, -0.251419253935776, 0.0646100141269025
    CPU time for vj and vk    302.76 sec, wall time     12.73 sec
Ewald components = 6.77773183084737, -128.779455527716, 5.42224205397643
E1 = -55.41201493616466  Ecoul = -9.495444683464049  Exc = -22.195096068465418
cycle= 48 E= -203.682037330986  delta_E= 0.00797  |g|= 46.5  |ddm|= 0.0195
    CPU time for cycle= 48    385.57 sec, wall time     15.32 sec
HOMO = 1.34791798177  LUMO = 3.16116949837
     k-point                  mo_energy
   0 ( 0.000  0.000  0.000)   [-51.53095231 -49.91528083 -32.91792028 -29.4620613  -20.24151552
 -17.06376241  -1.91456591  -1.31035419  -0.963674    -0.8331394
  -0.15673024  -0.10442159   0.06594268   0.23188294   0.67147932
   0.86969483   1.12972906   1.34791798] [ 3.1611695  12.99591871 18.08147179 26.60910186 30.86183167 40.03875177
 45.09801737 58.39734904]
nelec by numeric integration = 35.99999999876895
    CPU time for vxc     78.44 sec, wall time      2.46 sec
Ewald components = 0.00051775335925431, -0.251419253935776, 0.0646100141269025
    CPU time for vj and vk    297.07 sec, wall time     12.52 sec
Ewald components = 6.77773183084737, -128.779455527716, 5.42224205397643
E1 = -55.390068866740485  Ecoul = -9.518001715243699  Exc = -22.193600328257926
cycle= 49 E= -203.681152553134  delta_E= 0.000885  |g|= 46.5  |ddm|= 0.0225
    CPU time for cycle= 49    375.79 sec, wall time     14.99 sec
HOMO = 1.35068720827  LUMO = 3.16194430062
     k-point                  mo_energy
   0 ( 0.000  0.000  0.000)   [-51.5335417  -49.91742583 -32.91811589 -29.46493323 -20.23915881
 -17.06239231  -1.91680304  -1.30319587  -0.94957177  -0.81873682
  -0.15631046  -0.1103625    0.06742579   0.23123475   0.67570612
   0.87257918   1.13342808   1.35068721] [ 3.1619443  12.99611706 18.08311247 26.60739408 30.861291   40.03652371
 45.09513491 58.39429978]
nelec by numeric integration = 35.99999999876883
    CPU time for vxc     77.68 sec, wall time      2.51 sec
Ewald components = 0.00051775335925431, -0.251419253935776, 0.0646100141269025
    CPU time for vj and vk    325.11 sec, wall time     13.88 sec
Ewald components = 6.77773183084737, -128.779455527716, 5.42224205397643
E1 = -55.38496925339734  Ecoul = -9.525789984717182  Exc = -22.192885209927297
cycle= 50 E= -203.683126090934  delta_E= -0.00197  |g|= 46.6  |ddm|= 0.004
    CPU time for cycle= 50    403.07 sec, wall time     16.41 sec
    CPU time for scf_cycle  20721.68 sec, wall time    831.18 sec
    CPU time for SCF  20721.69 sec, wall time    831.19 sec
SCF not converged.
SCF energy = -203.683126090934
