/groups/wag/pkozlows/miniconda3/envs/pyscf/lib/python3.11/site-packages/pyscf/dft/libxc.py:771: UserWarning: Since PySCF-2.3, B3LYP (and B3P86) are changed to the VWN-RPA variant, corresponding to the original definition by Stephens et al. (issue 1480) and the same as the B3LYP functional in Gaussian. To restore the VWN5 definition, you can put the setting "B3LYP_WITH_VWN5 = True" in pyscf_conf.py
  warnings.warn('Since PySCF-2.3, B3LYP (and B3P86) are changed to the VWN-RPA variant, '
/central/home/pkozlows/ch121b/gan/dft/szv/222/6/s2p.py:14: UserWarning: Use ase.build.bulk() instead
  ase_cell = bulk('GaN', 'wurtzite', a=3.19, c=5.19)
Discarded 6 diffused primitive functions, 0 contracted functions


******** <class 'pyscf.pbc.dft.krks.KRKS'> ********
method = KRKS
initial guess = minao
damping factor = 0
level_shift factor = 0
DIIS = <class 'pyscf.scf.diis.CDIIS'>
diis_start_cycle = 1
diis_space = 8
SCF conv_tol = 1e-07
SCF conv_tol_grad = None
SCF max_cycles = 50
direct_scf = True
direct_scf_tol = 1e-13
chkfile to save SCF result = /central/home/pkozlows/ch121b/gan/dft/szv/222/6/s2p.chk
max_memory 393818 MB (current use 118 MB)


******** PBC SCF flags ********
N kpts = 8
kpts = [[0.         0.         0.        ]
 [0.         0.         0.3203197 ]
 [0.         0.60176883 0.        ]
 [0.         0.60176883 0.3203197 ]
 [0.5211471  0.30088442 0.        ]
 [0.5211471  0.30088442 0.3203197 ]
 [0.5211471  0.90265325 0.        ]
 [0.5211471  0.90265325 0.3203197 ]]
Exchange divergence treatment (exxdiv) = ewald
Ewald components = 8.76453321006536e-07, -0.162059015555054, 0.068912395876923
    madelung (= occupied orbital energy shift) = 0.18629148644961965
    Total energy shift due to Ewald probe charge = -1/2 * Nelec*madelung = -3.35324675609
DF object = <pyscf.pbc.df.fft.FFTDF object at 0x7f081c9f4850>
XC functionals = b3pw91
small_rho_cutoff = 1e-07
Uniform grid, mesh = [ 83  83 133]
Set gradient conv threshold to 0.000316228
nelec by numeric integration = 35.999750039896874
    CPU time for vxc    222.59 sec, wall time     13.97 sec
Ewald components = 8.76453321006536e-07, -0.162059015555054, 0.068912395876923
    CPU time for vj and vk   9625.31 sec, wall time   1080.85 sec
Ewald components = 6.77773183084737, -128.779455527716, 5.42224205397643
E1 = (-88.1277678640745+1.1043575249419712e-16j)  Ecoul = 61.47693287752238  Exc = -24.878211853564512
init E= -168.108528483009
cond(S) = [7.39940068 6.35510979 7.03288257 6.30438812 7.03288257 6.30438812
 7.03288257 6.30438812]
    CPU time for initialize scf  10005.93 sec, wall time   1108.53 sec
HOMO = 0.250765896067  LUMO = 0.607301613588
     k-point                  mo_energy
   0 ( 0.000  0.000  0.000)   [-0.44227705 -0.36539496 -0.09328716 -0.09321073 -0.09321073 -0.08745354
 -0.08745354 -0.06725462 -0.06725462 -0.06274677 -0.06274677 -0.04927073
  0.00053397  0.21511882  0.21511882  0.24875281  0.2507659   0.2507659 ] [0.60730161 0.65411076 0.82715243 0.82715243 0.8434842  0.87557677
 0.87557677 0.898128  ]
   1 ( 0.000  0.000  0.500)   [-0.40698421 -0.40698387 -0.09090594 -0.09090594 -0.09090501 -0.09090501
 -0.08999488 -0.08999153 -0.06462276 -0.06462276 -0.06462205 -0.06462205
  0.1331392   0.13314053  0.23286772  0.23286772  0.23286848  0.23286848] [0.67819099 0.67819127 0.81683556 0.81683658 0.84938639 0.84938639
 0.84938651 0.84938651]
   2 ( 0.000  0.500  0.000)   [-0.36729812 -0.3429434  -0.0921476  -0.08639484 -0.07773036 -0.07557624
 -0.07256449 -0.06834214 -0.06354051 -0.0615983  -0.0509793  -0.05080098
  0.02910668  0.06949887  0.11076784  0.15460309  0.18725299  0.21551663] [0.69691351 0.73219777 0.76762112 0.84786115 0.86893398 0.87611896
 0.92925915 0.93142746]
   3 ( 0.000  0.500  0.500)   [-0.35367547 -0.35367502 -0.09130277 -0.09130181 -0.07977352 -0.07977307
 -0.0718956  -0.07189355 -0.06300284 -0.06300211 -0.04852719 -0.04852685
  0.02593235  0.02593253  0.18450193  0.1845025   0.18606791  0.18606882] [0.67203211 0.67203231 0.81495933 0.8149601  0.90165361 0.90165397
 0.90834737 0.90834833]
   4 ( 0.500  0.000  0.000)   [-0.36729812 -0.3429434  -0.0921476  -0.08639484 -0.07773036 -0.07557624
 -0.07256449 -0.06834214 -0.06354051 -0.0615983  -0.0509793  -0.05080098
  0.02910668  0.06949887  0.11076784  0.15460309  0.18725299  0.21551663] [0.69691351 0.73219777 0.76762112 0.84786115 0.86893398 0.87611896
 0.92925915 0.93142746]
   5 ( 0.500  0.000  0.500)   [-0.35367547 -0.35367502 -0.09130277 -0.09130181 -0.07977352 -0.07977307
 -0.0718956  -0.07189355 -0.06300284 -0.06300211 -0.04852719 -0.04852685
  0.02593235  0.02593253  0.18450193  0.1845025   0.18606791  0.18606882] [0.67203211 0.67203231 0.81495933 0.8149601  0.90165361 0.90165397
 0.90834737 0.90834833]
   6 ( 0.500  0.500  0.000)   [-0.36729812 -0.3429434  -0.0921476  -0.08639484 -0.07773036 -0.07557624
 -0.07256449 -0.06834214 -0.06354051 -0.0615983  -0.0509793  -0.05080098
  0.02910668  0.06949887  0.11076784  0.15460309  0.18725299  0.21551663] [0.69691351 0.73219777 0.76762112 0.84786115 0.86893398 0.87611896
 0.92925915 0.93142746]
   7 ( 0.500  0.500  0.500)   [-0.35367547 -0.35367502 -0.09130277 -0.09130181 -0.07977352 -0.07977307
 -0.0718956  -0.07189355 -0.06300284 -0.06300211 -0.04852719 -0.04852685
  0.02593235  0.02593253  0.18450193  0.1845025   0.18606791  0.18606882] [0.67203211 0.67203231 0.81495933 0.8149601  0.90165361 0.90165397
 0.90834737 0.90834833]
nelec by numeric integration = 35.99999999887704
    CPU time for vxc    110.78 sec, wall time      6.96 sec
Ewald components = 8.76453321006536e-07, -0.162059015555054, 0.068912395876923
    CPU time for vj and vk   7003.86 sec, wall time    776.56 sec
Ewald components = 6.77773183084737, -128.779455527716, 5.42224205397643
E1 = (-87.88151790515913+1.0693466733367968e-16j)  Ecoul = 61.64615817784825  Exc = -25.677276307137287
cycle= 1 E= -168.49211767734  delta_E= -0.384  |g|= 2.71  |ddm|= 10.4
    CPU time for cycle= 1   7114.97 sec, wall time    783.53 sec
HOMO = 0.546161086659  LUMO = 0.758440140865
     k-point                  mo_energy
   0 ( 0.000  0.000  0.000)   [-0.27691483 -0.26998994 -0.26998994 -0.2698796  -0.26882964 -0.26882964
 -0.26493609 -0.26493609 -0.26171519 -0.26171519 -0.18397406 -0.03868921
  0.11722059  0.4512947   0.4512947   0.54243391  0.54616109  0.54616109] [0.76341855 0.79280615 0.81412193 0.81412193 0.8450457  0.94647625
 0.94647625 1.17749666]
   1 ( 0.000  0.000  0.500)   [-0.2734202  -0.2734172  -0.26974962 -0.26974962 -0.26974894 -0.26974894
 -0.26300538 -0.26300538 -0.26300448 -0.26300448 -0.1361282  -0.13612763
  0.31309678  0.31309726  0.49203013  0.49203013  0.49203139  0.49203139] [0.78444856 0.78444924 0.88399563 0.88399563 0.88399646 0.88399646
 1.02117485 1.02117626]
   2 ( 0.000  0.500  0.000)   [-0.27902002 -0.27656713 -0.26890853 -0.26828866 -0.26602813 -0.26519079
 -0.26349775 -0.26324075 -0.26225946 -0.26122735 -0.05201519 -0.00287354
  0.15615337  0.21479463  0.25808898  0.33943716  0.37994253  0.45557387] [0.80605059 0.82193348 0.93155876 0.93333697 1.04987808 1.07393636
 1.10430649 1.13675743]
   3 ( 0.000  0.500  0.500)   [-0.27730767 -0.27730707 -0.26928997 -0.26928932 -0.26556581 -0.26556494
 -0.26265693 -0.26265478 -0.26213739 -0.26213671 -0.02528496 -0.02528429
  0.13960027  0.13960085  0.38914379  0.38914488  0.40103113  0.40103175] [0.75844014 0.75844036 0.95031242 0.95031383 1.02741696 1.02741813
 1.13292336 1.13292581]
   4 ( 0.500  0.000  0.000)   [-0.27902002 -0.27656713 -0.26890853 -0.26828866 -0.26602813 -0.26519079
 -0.26349775 -0.26324075 -0.26225946 -0.26122735 -0.05201519 -0.00287354
  0.15615337  0.21479463  0.25808898  0.33943716  0.37994253  0.45557387] [0.80605059 0.82193348 0.93155876 0.93333697 1.04987808 1.07393636
 1.10430649 1.13675743]
   5 ( 0.500  0.000  0.500)   [-0.27730767 -0.27730707 -0.26928997 -0.26928932 -0.26556581 -0.26556494
 -0.26265693 -0.26265478 -0.26213739 -0.26213671 -0.02528496 -0.02528429
  0.13960027  0.13960085  0.38914379  0.38914488  0.40103113  0.40103175] [0.75844014 0.75844036 0.95031242 0.95031383 1.02741696 1.02741813
 1.13292336 1.13292581]
   6 ( 0.500  0.500  0.000)   [-0.27902002 -0.27656713 -0.26890853 -0.26828866 -0.26602813 -0.26519079
 -0.26349775 -0.26324075 -0.26225946 -0.26122735 -0.05201519 -0.00287354
  0.15615337  0.21479463  0.25808898  0.33943716  0.37994253  0.45557387] [0.80605059 0.82193348 0.93155876 0.93333697 1.04987808 1.07393636
 1.10430649 1.13675743]
   7 ( 0.500  0.500  0.500)   [-0.27730767 -0.27730707 -0.26928997 -0.26928932 -0.26556581 -0.26556494
 -0.26265693 -0.26265478 -0.26213739 -0.26213671 -0.02528496 -0.02528429
  0.13960027  0.13960085  0.38914379  0.38914488  0.40103113  0.40103175] [0.75844014 0.75844036 0.95031242 0.95031383 1.02741696 1.02741813
 1.13292336 1.13292581]
nelec by numeric integration = 35.99999999916751
    CPU time for vxc    114.75 sec, wall time      7.21 sec
Ewald components = 8.76453321006536e-07, -0.162059015555054, 0.068912395876923
    CPU time for vj and vk   7028.09 sec, wall time    779.50 sec
Ewald components = 6.77773183084737, -128.779455527716, 5.42224205397643
E1 = (-87.7259882377518+1.0527636792331479e-16j)  Ecoul = 60.65973200813791  Exc = -24.71772185275462
cycle= 2 E= -168.36345972526  delta_E= 0.129  |g|= 3.41  |ddm|= 7.98
    CPU time for cycle= 2   7143.15 sec, wall time    786.73 sec
HOMO = 0.380062694064  LUMO = 0.706331821563
     k-point                  mo_energy
   0 ( 0.000  0.000  0.000)   [-0.27521201 -0.24154682 -0.19371043 -0.19355342 -0.19355342 -0.19112435
 -0.19112435 -0.18370104 -0.18370104 -0.18014891 -0.18014891 -0.12066963
  0.06835099  0.32169341  0.32169341  0.37698899  0.37698899  0.38006269] [0.70633182 0.71013395 0.81478544 0.81478544 0.83587129 0.89727745
 0.89727745 1.03089963]
   1 ( 0.000  0.000  0.500)   [-0.25307186 -0.25307097 -0.19271449 -0.19271449 -0.19271333 -0.19271333
 -0.18159738 -0.18159738 -0.18159702 -0.18159702 -0.17831078 -0.17830766
  0.21651061  0.2165111   0.34780515  0.34780515  0.34780576  0.34780576] [0.73901158 0.73901183 0.85500634 0.85500634 0.85500658 0.85500658
 0.90359715 0.90359771]
   2 ( 0.000  0.500  0.000)   [-0.2421911  -0.23687699 -0.19142324 -0.19058336 -0.18650347 -0.18524989
 -0.18363849 -0.18307311 -0.18063387 -0.17934782 -0.12573549 -0.09972489
  0.09464546  0.14331536  0.18564232  0.24302154  0.27997182  0.32544752] [0.75100239 0.7683586  0.85217946 0.8864532  0.940488   0.98114636
 0.99324125 1.00139585]
   3 ( 0.000  0.500  0.500)   [-0.23744523 -0.23744485 -0.19142453 -0.19142357 -0.18690469 -0.1869044
 -0.18255237 -0.1825504  -0.18035659 -0.18035546 -0.11431998 -0.11431959
  0.08695966  0.08695994  0.28047043  0.28047093  0.2886849   0.2886852 ] [0.71249433 0.7124951  0.8773694  0.87737018 0.94807009 0.94807044
 1.0054437  1.00544502]
   4 ( 0.500  0.000  0.000)   [-0.2421911  -0.23687699 -0.19142324 -0.19058336 -0.18650347 -0.18524989
 -0.18363849 -0.18307311 -0.18063387 -0.17934782 -0.12573549 -0.09972489
  0.09464546  0.14331536  0.18564232  0.24302154  0.27997182  0.32544752] [0.75100239 0.7683586  0.85217946 0.8864532  0.940488   0.98114636
 0.99324125 1.00139585]
   5 ( 0.500  0.000  0.500)   [-0.23744523 -0.23744485 -0.19142453 -0.19142357 -0.18690469 -0.1869044
 -0.18255237 -0.1825504  -0.18035659 -0.18035546 -0.11431998 -0.11431959
  0.08695966  0.08695994  0.28047043  0.28047093  0.2886849   0.2886852 ] [0.71249433 0.7124951  0.8773694  0.87737018 0.94807009 0.94807044
 1.0054437  1.00544502]
   6 ( 0.500  0.500  0.000)   [-0.2421911  -0.23687699 -0.19142324 -0.19058336 -0.18650347 -0.18524989
 -0.18363849 -0.18307311 -0.18063387 -0.17934782 -0.12573549 -0.09972489
  0.09464546  0.14331536  0.18564232  0.24302154  0.27997182  0.32544752] [0.75100239 0.7683586  0.85217946 0.8864532  0.940488   0.98114636
 0.99324125 1.00139585]
   7 ( 0.500  0.500  0.500)   [-0.23744523 -0.23744485 -0.19142453 -0.19142357 -0.18690469 -0.1869044
 -0.18255237 -0.1825504  -0.18035659 -0.18035546 -0.11431998 -0.11431959
  0.08695966  0.08695994  0.28047043  0.28047093  0.2886849   0.2886852 ] [0.71249433 0.7124951  0.8773694  0.87737018 0.94807009 0.94807044
 1.0054437  1.00544502]
nelec by numeric integration = 35.99999999899859
    CPU time for vxc    114.63 sec, wall time      7.21 sec
Ewald components = 8.76453321006536e-07, -0.162059015555054, 0.068912395876923
    CPU time for vj and vk   6843.29 sec, wall time    767.45 sec
Ewald components = 6.77773183084737, -128.779455527716, 5.42224205397643
E1 = (-87.89729533911135+1.0590947017766086e-16j)  Ecoul = 60.833426996572456  Exc = -25.173358546554827
cycle= 3 E= -168.816708531986  delta_E= -0.453  |g|= 0.0383  |ddm|= 4.19
    CPU time for cycle= 3   6958.22 sec, wall time    774.67 sec
HOMO = 0.374221075766  LUMO = 0.702881707656
     k-point                  mo_energy
   0 ( 0.000  0.000  0.000)   [-0.27985521 -0.24543552 -0.19652895 -0.19648618 -0.19648618 -0.19406642
 -0.19406642 -0.18657161 -0.18657161 -0.18300619 -0.18300619 -0.12451947
  0.06401274  0.31584554  0.31584554  0.37090706  0.37090706  0.37422108] [0.70288171 0.70759684 0.81307551 0.81307551 0.83410027 0.89513107
 0.89513107 1.02655011]
   1 ( 0.000  0.000  0.500)   [-0.2574364  -0.25743576 -0.19565301 -0.19565301 -0.19565169 -0.19565169
 -0.1844637  -0.1844637  -0.18446338 -0.18446338 -0.18145226 -0.18144896
  0.21149414  0.21149452  0.34180807  0.34180807  0.34180864  0.34180864] [0.7365576  0.73655798 0.85311428 0.85311428 0.85311437 0.85311437
 0.8999089  0.89991009]
   2 ( 0.000  0.500  0.000)   [-0.24615127 -0.24060409 -0.19432568 -0.19347068 -0.18932528 -0.18815632
 -0.18653376 -0.18588507 -0.18353547 -0.18222718 -0.12964771 -0.10396508
  0.09046038  0.13893987  0.18074756  0.23778158  0.27446026  0.31964949] [0.74824779 0.76592172 0.84914221 0.88425754 0.9370518  0.97803116
 0.98904954 0.99818253]
   3 ( 0.000  0.500  0.500)   [-0.2413036  -0.24130337 -0.19431462 -0.19431358 -0.18979178 -0.18979145
 -0.18539065 -0.18538861 -0.18325327 -0.18325196 -0.1184431  -0.118443
  0.0827979   0.08279799  0.27500836  0.27500883  0.2832455   0.28324598] [0.70978192 0.70978251 0.87474238 0.87474383 0.94530644 0.94530663
 1.00158801 1.00158985]
   4 ( 0.500  0.000  0.000)   [-0.24615127 -0.24060409 -0.19432568 -0.19347068 -0.18932528 -0.18815632
 -0.18653376 -0.18588507 -0.18353547 -0.18222718 -0.12964771 -0.10396508
  0.09046038  0.13893987  0.18074756  0.23778158  0.27446026  0.31964949] [0.74824779 0.76592172 0.84914221 0.88425754 0.9370518  0.97803116
 0.98904954 0.99818253]
   5 ( 0.500  0.000  0.500)   [-0.2413036  -0.24130337 -0.19431462 -0.19431358 -0.18979178 -0.18979145
 -0.18539065 -0.18538861 -0.18325327 -0.18325196 -0.1184431  -0.118443
  0.0827979   0.08279799  0.27500836  0.27500883  0.2832455   0.28324598] [0.70978192 0.70978251 0.87474238 0.87474383 0.94530644 0.94530663
 1.00158801 1.00158985]
   6 ( 0.500  0.500  0.000)   [-0.24615127 -0.24060409 -0.19432568 -0.19347068 -0.18932528 -0.18815632
 -0.18653376 -0.18588507 -0.18353547 -0.18222718 -0.12964771 -0.10396508
  0.09046038  0.13893987  0.18074756  0.23778158  0.27446026  0.31964949] [0.74824779 0.76592172 0.84914221 0.88425754 0.9370518  0.97803116
 0.98904954 0.99818253]
   7 ( 0.500  0.500  0.500)   [-0.2413036  -0.24130337 -0.19431462 -0.19431358 -0.18979178 -0.18979145
 -0.18539065 -0.18538861 -0.18325327 -0.18325196 -0.1184431  -0.118443
  0.0827979   0.08279799  0.27500836  0.27500883  0.2832455   0.28324598] [0.70978192 0.70978251 0.87474238 0.87474383 0.94530644 0.94530663
 1.00158801 1.00158985]
nelec by numeric integration = 35.99999999899673
    CPU time for vxc    113.27 sec, wall time      7.11 sec
Ewald components = 8.76453321006536e-07, -0.162059015555054, 0.068912395876923
    CPU time for vj and vk   7158.87 sec, wall time    767.26 sec
Ewald components = 6.77773183084737, -128.779455527716, 5.42224205397643
E1 = (-87.89660916472545+1.0590795635532924e-16j)  Ecoul = 60.83864364458191  Exc = -25.179324966925236
cycle= 4 E= -168.816772129961  delta_E= -6.36e-05  |g|= 0.000828  |ddm|= 0.0576
    CPU time for cycle= 4   7272.39 sec, wall time    774.39 sec
HOMO = 0.374319606623  LUMO = 0.702927401431
     k-point                  mo_energy
   0 ( 0.000  0.000  0.000)   [-0.27978581 -0.24540057 -0.19654803 -0.19650177 -0.19650177 -0.19408211
 -0.19408211 -0.1865959  -0.1865959  -0.18303094 -0.18303094 -0.12449764
  0.06407513  0.31593851  0.31593851  0.370988    0.370988    0.37431961] [0.7029274  0.70761316 0.81310079 0.81310079 0.83410436 0.8951486
 0.8951486  1.02662361]
   1 ( 0.000  0.000  0.500)   [-0.25737809 -0.25737641 -0.19566875 -0.19566875 -0.1956674  -0.1956674
 -0.18448815 -0.18448815 -0.18448783 -0.18448783 -0.1814592  -0.18145583
  0.21157112  0.21157195  0.34189835  0.34189835  0.34189995  0.34189995] [0.73657159 0.73657254 0.85313097 0.85313097 0.85313156 0.85313156
 0.89996854 0.89996919]
   2 ( 0.000  0.500  0.000)   [-0.24611878 -0.24058174 -0.19434471 -0.19349116 -0.18934852 -0.1881789
 -0.18655158 -0.18590658 -0.18355584 -0.18225161 -0.12962115 -0.10392498
  0.09051711  0.13900522  0.18082154  0.23785858  0.27454133  0.31973504] [0.74829146 0.76594989 0.84918412 0.88428207 0.93710273 0.97805341
 0.98910139 0.99822325]
   3 ( 0.000  0.500  0.500)   [-0.24127681 -0.24127581 -0.19433442 -0.19433342 -0.1898117  -0.18981135
 -0.18541316 -0.18541115 -0.18327484 -0.18327357 -0.11840979 -0.11840869
  0.0828555   0.08285625  0.27508862  0.27509     0.28333113  0.28333177] [0.70981381 0.70981524 0.87477268 0.87477376 0.94533884 0.94533969
 1.00163723 1.00163879]
   4 ( 0.500  0.000  0.000)   [-0.24611878 -0.24058174 -0.19434471 -0.19349116 -0.18934852 -0.1881789
 -0.18655158 -0.18590658 -0.18355584 -0.18225161 -0.12962115 -0.10392498
  0.09051711  0.13900522  0.18082154  0.23785858  0.27454133  0.31973504] [0.74829146 0.76594989 0.84918412 0.88428207 0.93710273 0.97805341
 0.98910139 0.99822325]
   5 ( 0.500  0.000  0.500)   [-0.24127681 -0.24127581 -0.19433442 -0.19433342 -0.1898117  -0.18981135
 -0.18541316 -0.18541115 -0.18327484 -0.18327357 -0.11840979 -0.11840869
  0.0828555   0.08285625  0.27508862  0.27509     0.28333113  0.28333177] [0.70981381 0.70981524 0.87477268 0.87477376 0.94533884 0.94533969
 1.00163723 1.00163879]
   6 ( 0.500  0.500  0.000)   [-0.24611878 -0.24058174 -0.19434471 -0.19349116 -0.18934852 -0.1881789
 -0.18655158 -0.18590658 -0.18355584 -0.18225161 -0.12962115 -0.10392498
  0.09051711  0.13900522  0.18082154  0.23785858  0.27454133  0.31973504] [0.74829146 0.76594989 0.84918412 0.88428207 0.93710273 0.97805341
 0.98910139 0.99822325]
   7 ( 0.500  0.500  0.500)   [-0.24127681 -0.24127581 -0.19433442 -0.19433342 -0.1898117  -0.18981135
 -0.18541316 -0.18541115 -0.18327484 -0.18327357 -0.11840979 -0.11840869
  0.0828555   0.08285625  0.27508862  0.27509     0.28333113  0.28333177] [0.70981381 0.70981524 0.87477268 0.87477376 0.94533884 0.94533969
 1.00163723 1.00163879]
nelec by numeric integration = 35.99999999899674
    CPU time for vxc    113.79 sec, wall time      7.15 sec
Ewald components = 8.76453321006536e-07, -0.162059015555054, 0.068912395876923
    CPU time for vj and vk   7180.64 sec, wall time    788.53 sec
Ewald components = 6.77773183084737, -128.779455527716, 5.42224205397643
E1 = (-87.89654075680484+1.0590696996278986e-16j)  Ecoul = 60.83847366668897  Exc = -30.47819913434505
cycle= 5 E= -174.115747867353  delta_E= -5.3  |g|= 6.43  |ddm|= 0.00164
    CPU time for cycle= 5   7294.69 sec, wall time    795.70 sec
HOMO = 0.37431961707  LUMO = 0.70292729058
     k-point                  mo_energy
   0 ( 0.000  0.000  0.000)   [-0.27978586 -0.24540061 -0.19654805 -0.19650184 -0.19650179 -0.19408218
 -0.19408213 -0.18659593 -0.18659591 -0.18303098 -0.18303095 -0.12449768
  0.06407513  0.31593849  0.31593851  0.37098797  0.37098801  0.37431962] [0.70292729 0.70761308 0.81310078 0.81310079 0.83410436 0.89514858
 0.8951486  1.02662361]
   1 ( 0.000  0.000  0.500)   [-0.25737809 -0.25737646 -0.19566881 -0.19566878 -0.19566784 -0.19566764
 -0.18448848 -0.18448826 -0.18448793 -0.18448788 -0.18145921 -0.18145615
  0.21157112  0.21157194  0.34189835  0.34189836  0.34189993  0.34189995] [0.7365716  0.73657254 0.85313097 0.85313097 0.85313155 0.85313155
 0.89996855 0.8999692 ]
   2 ( 0.000  0.500  0.000)   [-0.24611891 -0.24058174 -0.19434486 -0.19349138 -0.18934855 -0.18817896
 -0.18655187 -0.18590706 -0.18355599 -0.1822517  -0.12962141 -0.10392503
  0.09051711  0.13900522  0.18082155  0.23785857  0.27454133  0.31973502] [0.74829143 0.76594986 0.84918411 0.88428206 0.93710273 0.9780534
 0.98910138 0.99822322]
   3 ( 0.000  0.500  0.500)   [-0.24127684 -0.24127607 -0.19433445 -0.19433352 -0.18981185 -0.18981154
 -0.18541328 -0.1854112  -0.18327486 -0.18327381 -0.11840981 -0.11840897
  0.0828555   0.08285623  0.27508863  0.27509     0.28333113  0.28333178] [0.70981381 0.709815   0.87477268 0.87477374 0.94533885 0.94533969
 1.00163721 1.00163873]
   4 ( 0.500  0.000  0.000)   [-0.24611883 -0.24058184 -0.19434483 -0.19349124 -0.18934868 -0.18817904
 -0.1865517  -0.18590661 -0.1835559  -0.18225164 -0.12962121 -0.10392509
  0.09051706  0.13900521  0.18082154  0.23785858  0.27454133  0.31973504] [0.74829134 0.76594978 0.84918407 0.88428207 0.93710272 0.97805337
 0.98910132 0.99822325]
   5 ( 0.500  0.000  0.500)   [-0.24127682 -0.24127589 -0.19433444 -0.19433343 -0.18981175 -0.1898114
 -0.18541322 -0.18541125 -0.18327486 -0.1832738  -0.1184098  -0.11840874
  0.0828555   0.08285625  0.27508863  0.27509     0.28333114  0.28333178] [0.70981381 0.70981524 0.87477269 0.87477376 0.94533885 0.94533969
 1.00163724 1.0016388 ]
   6 ( 0.500  0.500  0.000)   [-0.24611881 -0.24058176 -0.19434479 -0.19349141 -0.18934859 -0.18817903
 -0.18655186 -0.18590667 -0.18355587 -0.18225162 -0.12962119 -0.10392496
  0.09051712  0.13900523  0.18082155  0.23785858  0.27454134  0.31973504] [0.74829146 0.76594989 0.84918412 0.88428207 0.93710273 0.97805341
 0.98910139 0.99822325]
   7 ( 0.500  0.500  0.500)   [-0.24127683 -0.24127584 -0.19433445 -0.19433351 -0.18981173 -0.18981141
 -0.1854132  -0.18541123 -0.18327486 -0.18327365 -0.1184098  -0.11840872
  0.0828555   0.08285625  0.27508863  0.27509     0.28333113  0.28333178] [0.70981381 0.70981523 0.87477269 0.87477376 0.94533885 0.9453397
 1.00163724 1.0016388 ]
nelec by numeric integration = 35.99999999899674
    CPU time for vxc    114.13 sec, wall time      7.17 sec
Ewald components = 8.76453321006536e-07, -0.162059015555054, 0.068912395876923
    CPU time for vj and vk   7198.36 sec, wall time    792.08 sec
Ewald components = 6.77773183084737, -128.779455527716, 5.42224205397643
E1 = (-87.89654093140156+1.059069683727842e-16j)  Ecoul = 60.83847390337466  Exc = -25.66385006557212
cycle= 6 E= -169.301398736491  delta_E= 4.81  |g|= 5.68  |ddm|= 3.17e-06
    CPU time for cycle= 6   7312.74 sec, wall time    799.27 sec
HOMO = 0.374318953704  LUMO = 0.702926923351
     k-point                  mo_energy
   0 ( 0.000  0.000  0.000)   [-0.27978621 -0.24540068 -0.19654777 -0.19650155 -0.19650149 -0.19408189
 -0.19408183 -0.18659569 -0.1865956  -0.18303071 -0.18303065 -0.12449773
  0.06407488  0.31593738  0.31593794  0.37098703  0.37098736  0.37431895] [0.70292692 0.7076119  0.81309689 0.81309962 0.83410123 0.89514458
 0.89514719 1.02662112]
   1 ( 0.000  0.000  0.500)   [-0.25737836 -0.25737671 -0.19566884 -0.19566863 -0.19566749 -0.1956673
 -0.1844882  -0.18448805 -0.1844878  -0.18448764 -0.18145915 -0.18145589
  0.21157079  0.21157167  0.34189705  0.3418974   0.34189938  0.3418994 ] [0.7365712  0.73657241 0.85310893 0.85312252 0.85313147 0.8531315
 0.89996818 0.89996859]
   2 ( 0.000  0.500  0.000)   [-0.24611902 -0.24058186 -0.19434458 -0.19349107 -0.18934861 -0.18817902
 -0.18655158 -0.18590679 -0.1835558  -0.18225163 -0.12962162 -0.1039252
  0.09051681  0.13900483  0.18082096  0.23785751  0.2745409   0.31973401] [0.74828862 0.76594842 0.84918328 0.88427159 0.93710084 0.97804838
 0.98909553 0.99821179]
   3 ( 0.000  0.500  0.500)   [-0.24127694 -0.24127608 -0.19433455 -0.1943334  -0.18981154 -0.18981133
 -0.18541307 -0.18541113 -0.18327507 -0.18327346 -0.11841028 -0.11840902
  0.0828552   0.08285601  0.2750873   0.27508958  0.28333059  0.28333086] [0.70980873 0.70981429 0.87476852 0.87477268 0.94532221 0.94533947
 1.00163064 1.00163806]
   4 ( 0.500  0.000  0.000)   [-0.24611902 -0.2405819  -0.19434453 -0.19349093 -0.18934859 -0.18817886
 -0.18655141 -0.18590649 -0.18355566 -0.18225136 -0.12962136 -0.10392535
  0.0905168   0.13900485  0.18082078  0.23785797  0.27454053  0.31973436] [0.74828735 0.76594636 0.84918187 0.88427926 0.93709962 0.97804741
 0.98909553 0.99822007]
   5 ( 0.500  0.000  0.500)   [-0.24127697 -0.24127593 -0.19433464 -0.19433328 -0.18981153 -0.18981114
 -0.18541295 -0.18541104 -0.1832746  -0.18327345 -0.11841002 -0.11840885
  0.08285505  0.08285601  0.27508789  0.27508958  0.28333059  0.28333135] [0.70980559 0.70981506 0.87477214 0.87477289 0.94533416 0.94533946
 1.00162948 1.00163819]
   6 ( 0.500  0.500  0.000)   [-0.24611892 -0.2405818  -0.1943445  -0.19349117 -0.1893483  -0.18817874
 -0.18655153 -0.18590635 -0.18355584 -0.18225167 -0.12962124 -0.10392521
  0.09051688  0.13900493  0.18082119  0.237858    0.27454085  0.31973438] [0.74828883 0.76594798 0.84918357 0.88427769 0.93710202 0.978052
 0.98909879 0.99821833]
   7 ( 0.500  0.500  0.500)   [-0.24127691 -0.2412759  -0.19433414 -0.19433328 -0.18981142 -0.1898111
 -0.18541305 -0.18541094 -0.1832746  -0.18327331 -0.11841002 -0.11840883
  0.08285528  0.08285606  0.27508796  0.2750896   0.28333069  0.28333139] [0.70981182 0.70981508 0.87477223 0.87477333 0.94533365 0.94533947
 1.00163474 1.00163829]
nelec by numeric integration = 35.99999999899675
    CPU time for vxc    114.07 sec, wall time      7.16 sec
Ewald components = 8.76453321006536e-07, -0.162059015555054, 0.068912395876923
    CPU time for vj and vk   7220.87 sec, wall time    796.49 sec
Ewald components = 6.77773183084737, -128.779455527716, 5.42224205397643
E1 = (-87.89653777368288+1.0590696792365098e-16j)  Ecoul = 60.83846836713539  Exc = -25.17922111905077
cycle= 7 E= -168.81677216849  delta_E= 0.485  |g|= 8.07e-05  |ddm|= 8.31e-05
    CPU time for cycle= 7   7335.20 sec, wall time    803.66 sec
HOMO = 0.374324805515  LUMO = 0.702929338174
     k-point                  mo_energy
   0 ( 0.000  0.000  0.000)   [-0.27978256 -0.24539864 -0.19654743 -0.19650208 -0.19650204 -0.19408257
 -0.19408254 -0.186596   -0.18659586 -0.18303093 -0.18303085 -0.12449474
  0.06407698  0.31594252  0.31594313  0.37099193  0.3709923   0.37432481] [0.70292934 0.70761463 0.81309674 0.81309989 0.83410201 0.89514464
 0.89514766 1.02662525]
   1 ( 0.000  0.000  0.500)   [-0.25737478 -0.25737415 -0.19566893 -0.19566884 -0.19566831 -0.19566808
 -0.18448907 -0.184489   -0.18448725 -0.18448697 -0.18145716 -0.18145532
  0.21157462  0.21157535  0.34190272  0.34190311  0.34190384  0.34190385] [0.73657435 0.73657479 0.85310693 0.85312261 0.85313106 0.85313109
 0.89997072 0.89997211]
   2 ( 0.000  0.500  0.000)   [-0.24611667 -0.24058016 -0.19434461 -0.19349103 -0.18934855 -0.18817933
 -0.18655195 -0.18590636 -0.18355634 -0.1822519  -0.12961976 -0.10392256
  0.09051992  0.13900784  0.18082422  0.23786151  0.27454591  0.31973848] [0.74828799 0.76594931 0.84918609 0.88427081 0.93710416 0.9780511
 0.98909844 0.99821221]
   3 ( 0.000  0.500  0.500)   [-0.2412746  -0.24127422 -0.1943344  -0.1943338  -0.18981259 -0.18981062
 -0.1854128  -0.18541136 -0.18327501 -0.18327449 -0.11840755 -0.11840719
  0.08285828  0.08285852  0.2750921   0.27509314  0.28333524  0.28333547] [0.70980975 0.7098153  0.87476972 0.8747747  0.94532207 0.9453401
 1.00163341 1.00164116]
   4 ( 0.500  0.000  0.000)   [-0.24611676 -0.24058011 -0.19434459 -0.19349106 -0.18934836 -0.18817903
 -0.18655195 -0.18590651 -0.18355629 -0.18225169 -0.12961967 -0.10392268
  0.09051996  0.13900787  0.18082403  0.23786205  0.27454546  0.31973887] [0.74828662 0.76594704 0.84918453 0.88427966 0.93710274 0.97805001
 0.98909851 0.99822172]
   5 ( 0.500  0.000  0.500)   [-0.24127463 -0.24127429 -0.19433457 -0.19433372 -0.18981265 -0.18981063
 -0.18541277 -0.18541111 -0.18327505 -0.18327393 -0.11840741 -0.1184071
  0.08285817  0.0828584   0.27509283  0.27509313  0.28333536  0.28333592] [0.70980612 0.70981591 0.87477391 0.87477489 0.94533587 0.9453401
 1.00163216 1.00164114]
   6 ( 0.500  0.500  0.000)   [-0.24611666 -0.24058007 -0.1943446  -0.19349112 -0.18934814 -0.18817892
 -0.18655191 -0.1859063  -0.18355653 -0.18225204 -0.12961958 -0.10392263
  0.09051998  0.13900797  0.18082449  0.23786206  0.27454587  0.31973888] [0.7482882  0.76594877 0.84918641 0.88427784 0.93710552 0.97805529
 0.98910222 0.9982197 ]
   7 ( 0.500  0.500  0.500)   [-0.24127464 -0.24127422 -0.19433437 -0.19433325 -0.18981263 -0.18981047
 -0.1854129  -0.18541106 -0.18327504 -0.18327393 -0.11840739 -0.11840712
  0.0828583   0.08285863  0.27509285  0.27509315  0.28333547  0.28333597] [0.70981333 0.70981594 0.87477401 0.87477544 0.94533526 0.94534011
 1.00163813 1.00164134]
nelec by numeric integration = 35.999999998996735
    CPU time for vxc    114.71 sec, wall time      7.20 sec
Ewald components = 8.76453321006536e-07, -0.162059015555054, 0.068912395876923
    CPU time for vj and vk   6883.85 sec, wall time    764.44 sec
Ewald components = 6.77773183084737, -128.779455527716, 5.42224205397643
E1 = (-87.89653602696403+1.0590690505792442e-16j)  Ecoul = 60.838455393254904  Exc = -25.17920989216117
cycle= 8 E= -168.816772168762  delta_E= -2.72e-10  |g|= 3.31e-05  |ddm|= 0.000142
    CPU time for cycle= 8   6999.69 sec, wall time    771.72 sec
HOMO = 0.374325462803  LUMO = 0.702929660188
     k-point                  mo_energy
   0 ( 0.000  0.000  0.000)   [-0.27978231 -0.24539846 -0.1965474  -0.19650207 -0.19650207 -0.19408257
 -0.19408256 -0.18659589 -0.18659584 -0.18303086 -0.18303081 -0.12449465
  0.06407725  0.31594348  0.31594352  0.37099265  0.37099271  0.37432546] [0.70292966 0.70761583 0.81310131 0.81310132 0.83410557 0.89514924
 0.89514926 1.02662805]
   1 ( 0.000  0.000  0.500)   [-0.25737499 -0.25737348 -0.1956686  -0.19566859 -0.19566829 -0.19566828
 -0.1844886  -0.1844886  -0.18448732 -0.18448723 -0.18145736 -0.18145498
  0.21157472  0.21157579  0.34190317  0.34190328  0.34190482  0.34190484] [0.73657439 0.73657503 0.85313159 0.8531316  0.85313196 0.85313199
 0.89997127 0.89997262]
   2 ( 0.000  0.500  0.000)   [-0.24611651 -0.24057991 -0.19434457 -0.19349104 -0.18934811 -0.1881789
 -0.18655194 -0.18590631 -0.1835562  -0.18225159 -0.1296194  -0.10392233
  0.09052012  0.13900817  0.18082484  0.23786252  0.27454629  0.31973939] [0.74829127 0.76595094 0.84918699 0.88428286 0.93710629 0.97805662
 0.9891049  0.99822527]
   3 ( 0.000  0.500  0.500)   [-0.24127454 -0.241274   -0.1943342  -0.19433332 -0.18981217 -0.18981094
 -0.18541278 -0.18541097 -0.18327463 -0.1832743  -0.11840737 -0.11840664
  0.08285841  0.08285878  0.27509278  0.27509401  0.28333562  0.28333652] [0.70981522 0.70981642 0.87477451 0.87477583 0.94534058 0.94534088
 1.00164048 1.001642  ]
   4 ( 0.500  0.000  0.000)   [-0.24611651 -0.24057994 -0.19434458 -0.19349107 -0.18934809 -0.18817886
 -0.18655195 -0.18590627 -0.18355621 -0.18225163 -0.12961937 -0.10392234
  0.09052011  0.13900816  0.18082485  0.23786254  0.27454627  0.31973939] [0.74829127 0.76595094 0.84918701 0.88428286 0.93710628 0.97805662
 0.98910491 0.99822525]
   5 ( 0.500  0.000  0.500)   [-0.24127456 -0.241274   -0.1943342  -0.19433331 -0.18981217 -0.18981098
 -0.18541275 -0.18541093 -0.18327463 -0.18327432 -0.11840736 -0.11840663
  0.08285837  0.08285879  0.27509283  0.275094    0.28333562  0.28333653] [0.70981522 0.7098164  0.87477449 0.87477583 0.94534056 0.94534088
 1.00164051 1.00164201]
   6 ( 0.500  0.500  0.000)   [-0.24611651 -0.24057992 -0.19434459 -0.19349105 -0.1893481  -0.1881789
 -0.18655195 -0.18590631 -0.18355619 -0.18225159 -0.1296194  -0.10392231
  0.0905201   0.13900818  0.18082483  0.23786252  0.27454631  0.31973936] [0.74829127 0.76595094 0.84918696 0.88428285 0.9371063  0.97805665
 0.98910494 0.99822523]
   7 ( 0.500  0.500  0.500)   [-0.24127454 -0.241274   -0.19433421 -0.19433333 -0.18981217 -0.18981096
 -0.18541277 -0.18541096 -0.18327463 -0.18327429 -0.11840735 -0.11840664
  0.08285842  0.08285878  0.27509276  0.27509401  0.28333562  0.28333652] [0.70981524 0.70981641 0.87477453 0.87477584 0.94534054 0.94534088
 1.0016405  1.00164201]
nelec by numeric integration = 35.99999999899675
    CPU time for vxc    113.16 sec, wall time      7.11 sec
Ewald components = 8.76453321006536e-07, -0.162059015555054, 0.068912395876923
    CPU time for vj and vk   7201.51 sec, wall time    777.37 sec
Ewald components = 6.77773183084737, -128.779455527716, 5.42224205397643
E1 = (-87.89654003710898+1.059069709221807e-16j)  Ecoul = 60.83846305415373  Exc = -25.179213542989494
Extra cycle  E= -168.816772168837  delta_E= -7.44e-11  |g|= 2.17e-05  |ddm|= 0.000101
    CPU time for scf_cycle  74751.91 sec, wall time   8182.71 sec
    CPU time for SCF  74751.92 sec, wall time   8182.72 sec
converged SCF energy = -168.816772168837
nelec by numeric integration = 35.99999999899675
    CPU time for vxc    365.58 sec, wall time     22.97 sec
Ewald components = 8.76453321006536e-07, -0.162059015555054, 0.068912395876923
    CPU time for vj and vk  42515.73 sec, wall time   5358.58 sec

WARN: 6.402 error found in overlap integrals. cell.precision  or  cell.rcut  can be adjusted to improve accuracy.

Traceback (most recent call last):
  File "/central/home/pkozlows/ch121b/gan/dft/szv/222/6/s2p.py", line 49, in <module>
    e_kn_2 = kmf.get_bands(k_points)[0]
             ^^^^^^^^^^^^^^^^^^^^^^^
  File "/groups/wag/pkozlows/miniconda3/envs/pyscf/lib/python3.11/site-packages/pyscf/pbc/scf/khf.py", line 601, in get_bands
    mo_energy, mo_coeff = self.eig(fock, s1e)
                          ^^^^^^^^^^^^^^^^^^^
  File "/groups/wag/pkozlows/miniconda3/envs/pyscf/lib/python3.11/site-packages/pyscf/pbc/scf/khf.py", line 561, in eig
    e, c = self._eigh(h_kpts[k], s_kpts[k])
           ^^^^^^^^^^^^^^^^^^^^^^^^^^^^^^^^
  File "/groups/wag/pkozlows/miniconda3/envs/pyscf/lib/python3.11/site-packages/pyscf/scf/hf.py", line 1563, in _eigh
    return eig(h, s)
           ^^^^^^^^^
  File "/groups/wag/pkozlows/miniconda3/envs/pyscf/lib/python3.11/site-packages/pyscf/scf/hf.py", line 1201, in eig
    e, c = scipy.linalg.eigh(h, s)
           ^^^^^^^^^^^^^^^^^^^^^^^
  File "/groups/wag/pkozlows/miniconda3/envs/pyscf/lib/python3.11/site-packages/scipy/linalg/_decomp.py", line 593, in eigh
    raise LinAlgError('The leading minor of order {} of B is not '
numpy.linalg.LinAlgError: The leading minor of order 9 of B is not positive definite. The factorization of B could not be completed and no eigenvalues or eigenvectors were computed.
