# Timestep     No_Moles     No_Specs     Pt1536	H2O	
674          2          2	 1	 1	
# Timestep     No_Moles     No_Specs     Pt1536	H2O	
774          2          2	 1	 1	
# Timestep     No_Moles     No_Specs     Pt1536	H2O	
874          2          2	 1	 1	
# Timestep     No_Moles     No_Specs     Pt1536	H2O	
974          2          2	 1	 1	
# Timestep     No_Moles     No_Specs     Pt1536	H2O	
1074          2          2	 1	 1	
# Timestep     No_Moles     No_Specs     Pt1536	H2O	
1174          2          2	 1	 1	
# Timestep     No_Moles     No_Specs     Pt1536H2O	
1274          1          1	 1	
# Timestep     No_Moles     No_Specs     Pt1536H	HO	
1374          2          2	 1	 1	
# Timestep     No_Moles     No_Specs     Pt1536H	HO	
1474          2          2	 1	 1	
# Timestep     No_Moles     No_Specs     Pt1536H2O	
1574          1          1	 1	
# Timestep     No_Moles     No_Specs     Pt1536H2O	
1674          1          1	 1	
# Timestep     No_Moles     No_Specs     Pt1536HO	H	
1774          2          2	 1	 1	
# Timestep     No_Moles     No_Specs     Pt1536H2O	
1874          1          1	 1	
# Timestep     No_Moles     No_Specs     Pt1536H2O	
1974          1          1	 1	
# Timestep     No_Moles     No_Specs     Pt1536H2O	
2074          1          1	 1	
# Timestep     No_Moles     No_Specs     Pt1536H2O	
2174          1          1	 1	
# Timestep     No_Moles     No_Specs     Pt1536H	HO	
2274          2          2	 1	 1	
# Timestep     No_Moles     No_Specs     Pt1536H	HO	
2374          2          2	 1	 1	
# Timestep     No_Moles     No_Specs     Pt1536H	HO	
2474          2          2	 1	 1	
# Timestep     No_Moles     No_Specs     Pt1536H	HO	
2574          2          2	 1	 1	
# Timestep     No_Moles     No_Specs     Pt1536H	HO	
2674          2          2	 1	 1	
# Timestep     No_Moles     No_Specs     Pt1536H	HO	
2774          2          2	 1	 1	
# Timestep     No_Moles     No_Specs     Pt1536H	HO	
2874          2          2	 1	 1	
# Timestep     No_Moles     No_Specs     Pt1536	HO	H	
2974          3          3	 1	 1	 1	
# Timestep     No_Moles     No_Specs     Pt1536H	HO	
3074          2          2	 1	 1	
# Timestep     No_Moles     No_Specs     Pt1536H	HO	
3174          2          2	 1	 1	
# Timestep     No_Moles     No_Specs     Pt1536H	HO	
3274          2          2	 1	 1	
# Timestep     No_Moles     No_Specs     Pt1536H	HO	
3374          2          2	 1	 1	
# Timestep     No_Moles     No_Specs     Pt1536H	HO	
3474          2          2	 1	 1	
# Timestep     No_Moles     No_Specs     Pt1536H	HO	
3574          2          2	 1	 1	
# Timestep     No_Moles     No_Specs     Pt1536H	HO	
3674          2          2	 1	 1	
# Timestep     No_Moles     No_Specs     Pt1536H	HO	
3774          2          2	 1	 1	
# Timestep     No_Moles     No_Specs     Pt1536H	HO	
3874          2          2	 1	 1	
# Timestep     No_Moles     No_Specs     Pt1536H	HO	
3974          2          2	 1	 1	
# Timestep     No_Moles     No_Specs     Pt1536H	HO	
4074          2          2	 1	 1	
# Timestep     No_Moles     No_Specs     Pt1536H	HO	
4174          2          2	 1	 1	
# Timestep     No_Moles     No_Specs     Pt1536H	HO	
4274          2          2	 1	 1	
# Timestep     No_Moles     No_Specs     Pt1536H	HO	
4374          2          2	 1	 1	
# Timestep     No_Moles     No_Specs     Pt1536H	HO	
4474          2          2	 1	 1	
# Timestep     No_Moles     No_Specs     Pt1536H	HO	
4574          2          2	 1	 1	
