/groups/wag/pkozlows/miniconda3/envs/pyscf/lib/python3.11/site-packages/pyscf/dft/libxc.py:772: UserWarning: Since PySCF-2.3, B3LYP (and B3P86) are changed to the VWN-RPA variant, the same to the B3LYP functional in Gaussian and ORCA (issue 1480). To restore the VWN5 definition, you can put the setting "B3LYP_WITH_VWN5 = True" in pyscf_conf.py
  warnings.warn('Since PySCF-2.3, B3LYP (and B3P86) are changed to the VWN-RPA variant, '
/central/home/pkozlows/ch121b/gan/dft/dzvp/111/3/dzvp_1.py:13: UserWarning: Use ase.build.bulk() instead
  ase_cell = bulk('GaN', 'wurtzite', a=3.19, c=5.19)
Discarded 8 diffused primitive functions, 0 contracted functions


******** <class 'pyscf.pbc.dft.krks.KRKS'> ********
method = KRKS-KohnShamDFT
initial guess = minao
damping factor = 0
level_shift factor = 0
DIIS = <class 'pyscf.scf.diis.CDIIS'>
diis_start_cycle = 1
diis_space = 8
SCF conv_tol = 1e-07
SCF conv_tol_grad = None
SCF max_cycles = 50
direct_scf = True
direct_scf_tol = 1e-13
chkfile to save SCF result = /central/home/pkozlows/ch121b/gan/dft/dzvp/111/3/check_file.chk
max_memory 419404 MB (current use 93 MB)


******** PBC SCF flags ********
N kpts = 1
kpts = [[0. 0. 0.]]
Exchange divergence treatment (exxdiv) = ewald
Ewald components = 0.00051775335925431, -0.251419253935776, 0.0646100141269025
    madelung (= occupied orbital energy shift) = 0.3725829728992387
    Total energy shift due to Ewald probe charge = -1/2 * Nelec*madelung = -6.70649351219
DF object = <pyscf.pbc.df.fft.FFTDF object at 0x7f8d2048ad10>
XC functionals = b3pw91
small_rho_cutoff = 1e-07
Uniform grid, mesh = [ 83  83 133]
<class 'pyscf.pbc.dft.krks.KRKS'> does not have attributes  nlc nlcgrids
Set gradient conv threshold to 0.000316228
Big error detected in the electron number of initial guess density matrix (Ne/cell = 36.0958)!
  This can cause huge error in Fock matrix and lead to instability in SCF for low-dimensional systems.
  DM is normalized wrt the number of electrons 36.0
    CPU time for setting up grids      4.26 sec, wall time      1.13 sec
nelec by numeric integration = 35.99999999814209
    CPU time for vxc     54.38 sec, wall time     13.96 sec
/var/spool/slurmd/job38065794/slurm_script: line 27: 45001 Bus error               python3 dzvp_1.py
