/groups/wag/pkozlows/miniconda3/envs/pyscf/lib/python3.11/site-packages/pyscf/dft/libxc.py:772: UserWarning: Since PySCF-2.3, B3LYP (and B3P86) are changed to the VWN-RPA variant, the same to the B3LYP functional in Gaussian and ORCA (issue 1480). To restore the VWN5 definition, you can put the setting "B3LYP_WITH_VWN5 = True" in pyscf_conf.py
  warnings.warn('Since PySCF-2.3, B3LYP (and B3P86) are changed to the VWN-RPA variant, '
WARNING!
  Very diffused basis functions are found in the basis set. They may lead to severe
  linear dependence and numerical instability.  You can set  cell.exp_to_discard=0.1
  to remove the diffused Gaussians whose exponents are less than 0.1.

/groups/wag/pkozlows/miniconda3/envs/pyscf/lib/python3.11/site-packages/ase/dft/kpoints.py:357: UserWarning: Please do not use (kpts, x, X) = bandpath(...).  Use path = bandpath(...) and then kpts = path.kpts and (x, X, labels) = path.get_linear_kpoint_axis().
  warnings.warn('Please do not use (kpts, x, X) = bandpath(...).  '


******** <class 'pyscf.pbc.dft.krks.KRKS'> ********
method = KRKS-KohnShamDFT
initial guess = minao
damping factor = 0
level_shift factor = 0
DIIS = <class 'pyscf.scf.diis.CDIIS'>
diis_start_cycle = 1
diis_space = 8
SCF conv_tol = 1e-07
SCF conv_tol_grad = None
SCF max_cycles = 50
direct_scf = True
direct_scf_tol = 1e-13
chkfile to save SCF result = /tmp/tmp51km9z_i
max_memory 4000 MB (current use 117 MB)


******** PBC SCF flags ********
N kpts = 1
kpts = [[0. 0. 0.]]
Exchange divergence treatment (exxdiv) = ewald
Ewald components = 0.00051775335925431, -0.251419253935776, 0.0646100141269025
    madelung (= occupied orbital energy shift) = 0.3725829728992387
    Total energy shift due to Ewald probe charge = -1/2 * Nelec*madelung = -6.70649351219
DF object = <pyscf.pbc.df.fft.FFTDF object at 0x7fc8f3eaf810>
XC functionals = LDA,VWN
small_rho_cutoff = 1e-07
Uniform grid, mesh = [ 83  83 133]
<class 'pyscf.pbc.dft.krks.KRKS'> does not have attributes  nlc nlcgrids
Set gradient conv threshold to 0.000316228
Big error detected in the electron number of initial guess density matrix (Ne/cell = 38.3075)!
  This can cause huge error in Fock matrix and lead to instability in SCF for low-dimensional systems.
  DM is normalized wrt the number of electrons 36.0
    CPU time for setting up grids      7.69 sec, wall time      1.33 sec
nelec by numeric integration = 35.999999999106706
    CPU time for vxc    138.83 sec, wall time     23.24 sec
    CPU time for vj and vk    272.93 sec, wall time     45.63 sec
Ewald components = 6.77773183084737, -128.779455527716, 5.42224205397643
E1 = -82.3332903055961  Ecoul = 53.32277736850612  Exc = -23.94840583987348
init E= -169.538400419855
cond(S) = [52893.580421]
/groups/wag/pkozlows/miniconda3/envs/pyscf/lib/python3.11/site-packages/pyscf/pbc/gto/cell.py:243: UserWarning: Function cell.dumps drops attribute a because it is not JSON-serializable
  warnings.warn(msg)
    CPU time for initialize scf    577.32 sec, wall time     97.46 sec
HOMO = 0.213659008233  LUMO = 0.362067512704
     k-point                  mo_energy
   0 ( 0.000  0.000  0.000)   [-0.39775487 -0.38556751 -0.38443932 -0.38443932 -0.38274113 -0.38274113
 -0.37801236 -0.37801236 -0.37663222 -0.37663222 -0.32566097 -0.24487783
  0.02519141  0.18553997  0.18553997  0.21148834  0.21148834  0.21365901] [0.36206751 0.45178585 0.60652135 0.69764517 0.69764517 0.72080201
 0.75254708 0.75254708 0.98276257 0.99769053 0.99769053 1.15125656
 1.15125656 1.2300615  1.2403164  1.2403164  1.26562047 1.38420992
 1.38420992 1.39349369 1.49532228 1.52106443 1.55107566 1.55107566
 1.85601831 1.85601831 1.86314353 1.86314353 1.9490964  1.9490964
 2.0037987  2.19337109 2.21961502 2.26155623 2.30060236 2.30060236
 2.38278555 2.38278555 2.55428286 2.55428286 2.63830987 2.86498574
 2.86498574 3.11308267 3.19420663 3.19420663 3.24154183 3.27471079
 3.27471079 3.28565027 3.72790661 4.41205372 5.33940543 7.82683702
 7.82683702 8.38244833 8.38244833 8.59668104]
nelec by numeric integration = 35.99999999959043
    CPU time for vxc    137.99 sec, wall time     23.11 sec
    CPU time for vj and vk    272.02 sec, wall time     45.49 sec
Ewald components = 6.77773183084737, -128.779455527716, 5.42224205397643
E1 = -90.57148125745545  Ecoul = 66.05638344251578  Exc = -26.56245884599045
cycle= 1 E= -167.657038303822  delta_E= 1.88  |g|= 1.87  |ddm|=  4.4
    CPU time for cycle= 1    410.06 sec, wall time     68.61 sec
HOMO = 0.636543070561  LUMO = 0.638321088172
     k-point                  mo_energy
   0 ( 0.000  0.000  0.000)   [-0.08554701 -0.08426533 -0.0733024  -0.0733024  -0.07225916 -0.07225916
 -0.07185495 -0.06761717 -0.06761717 -0.06254775 -0.06254775  0.08719416
  0.16293225  0.53000099  0.53000099  0.61620608  0.61884658  0.63654307] [0.63832109 0.63832109 0.71524261 0.71524261 0.76048217 0.85698269
 0.85698269 0.91451374 0.96433401 1.06041228 1.06041228 1.16178687
 1.16178687 1.22739314 1.42064108 1.4560629  1.4560629  1.53067134
 1.63242266 1.63242266 1.66548595 1.66548595 1.69372999 1.81031992
 2.0003396  2.0003396  2.04819604 2.04819604 2.08072294 2.08072294
 2.1135038  2.23914474 2.28132641 2.38219862 2.47148509 2.47148509
 2.62033038 2.62033038 2.80095583 2.9039374  2.9039374  3.10984962
 3.10984962 3.33175261 3.47996211 3.48371733 3.48371733 3.51374113
 3.53802606 3.53802606 3.92450502 4.66155824 5.6724709  7.98326696
 7.98326696 8.53084992 8.53084992 8.78486286]
nelec by numeric integration = 35.99999999967205
    CPU time for vxc    137.68 sec, wall time     23.01 sec
    CPU time for vj and vk    271.74 sec, wall time     45.44 sec
Ewald components = 6.77773183084737, -128.779455527716, 5.42224205397643
E1 = -82.64668726138787  Ecoul = 56.62661255530528  Exc = -24.047572747584596
cycle= 2 E= -166.647129096559  delta_E= 1.01  |g|= 2.13  |ddm|= 11.8
    CPU time for cycle= 2    409.48 sec, wall time     68.46 sec
HOMO = 0.3722295375  LUMO = 0.436184379543
     k-point                  mo_energy
   0 ( 0.000  0.000  0.000)   [-0.22159073 -0.17808663 -0.1042941  -0.1042941  -0.1025834  -0.1025834
 -0.09727928 -0.08928692 -0.08928692 -0.08425366 -0.08425366 -0.04540055
  0.10483551  0.32585711  0.32585711  0.36708438  0.36708438  0.37222954] [0.43618438 0.51088032 0.70765171 0.72293002 0.72293002 0.76050876
 0.79564542 0.79564542 0.98662574 1.04673173 1.04673173 1.17858026
 1.17858026 1.24865587 1.31784117 1.31932861 1.31932861 1.46660814
 1.48220932 1.48220932 1.5602913  1.59334652 1.6058675  1.6058675
 1.91679132 1.91679132 1.94047383 1.94047383 1.99615061 1.99615061
 2.0615934  2.24950944 2.2811879  2.2921721  2.37441886 2.37441886
 2.4732581  2.4732581  2.66230202 2.66230202 2.71483093 2.95186706
 2.95186706 3.22167665 3.29462667 3.29462667 3.33958556 3.37329766
 3.37329766 3.38616814 3.81563555 4.51354092 5.59300505 7.97639231
 7.97639231 8.535707   8.535707   8.75775323]
nelec by numeric integration = 35.9999999994704
    CPU time for vxc    137.86 sec, wall time     23.06 sec
    CPU time for vj and vk    272.00 sec, wall time     45.49 sec
Ewald components = 6.77773183084737, -128.779455527716, 5.42224205397643
E1 = -86.6210885953262  Ecoul = 60.26474779350157  Exc = -25.39733715671619
cycle= 3 E= -168.333159601433  delta_E= -1.69  |g|= 0.631  |ddm|= 11.2
    CPU time for cycle= 3    409.93 sec, wall time     68.56 sec
HOMO = 0.416724960837  LUMO = 0.456103782777
     k-point                  mo_energy
   0 ( 0.000  0.000  0.000)   [-0.2175472  -0.20376135 -0.20376135 -0.20270878 -0.20270878 -0.20183778
 -0.19619955 -0.19619955 -0.19262786 -0.19262786 -0.19139122 -0.06882801
  0.10798446  0.36802472  0.36802472  0.41018514  0.41672496  0.41672496] [0.45610378 0.5164398  0.71169477 0.71169477 0.73625548 0.74662201
 0.79488291 0.79488291 0.97396877 1.03220823 1.03220823 1.15989963
 1.15989963 1.23335713 1.31023395 1.32782349 1.32782349 1.47363764
 1.4956881  1.4956881  1.57205587 1.60182207 1.61044287 1.61044287
 1.91902399 1.91902399 1.94308013 1.94308013 1.98540868 1.98540868
 2.06001683 2.23663133 2.27890533 2.28692305 2.38423104 2.38423104
 2.49792217 2.49792217 2.70473879 2.70473879 2.71352146 2.9694389
 2.9694389  3.22096426 3.31855992 3.31855992 3.35766151 3.36884811
 3.39051541 3.39051541 3.81444937 4.51886535 5.5151168  7.91858574
 7.91858574 8.47311255 8.47311255 8.70151558]
nelec by numeric integration = 35.999999999501554
    CPU time for vxc    138.32 sec, wall time     23.15 sec
    CPU time for vj and vk    271.92 sec, wall time     45.48 sec
Ewald components = 6.77773183084737, -128.779455527716, 5.42224205397643
E1 = -87.83503894805067  Ecoul = 61.431195865026226  Exc = -25.424806817825818
cycle= 4 E= -168.408131543742  delta_E= -0.075  |g|= 0.229  |ddm|= 0.977
    CPU time for cycle= 4    410.29 sec, wall time     68.64 sec
HOMO = 0.423573247989  LUMO = 0.457197173776
     k-point                  mo_energy
   0 ( 0.000  0.000  0.000)   [-0.18877854 -0.1780889  -0.15203936 -0.15203936 -0.15135283 -0.15067155
 -0.15067155 -0.14415016 -0.14415016 -0.14010036 -0.14010036 -0.05354221
  0.10966703  0.37375959  0.37375959  0.41247813  0.42357325  0.42357325] [0.45719717 0.51668287 0.71554247 0.71554247 0.73502463 0.74916408
 0.79932744 0.79932744 0.97296285 1.03689049 1.03689049 1.16216907
 1.16216907 1.23463001 1.31477249 1.33152954 1.33152954 1.4752203
 1.49953931 1.49953931 1.57052226 1.6027678  1.61458208 1.61458208
 1.92203317 1.92203317 1.95045294 1.95045294 1.99166338 1.99166338
 2.06311512 2.24131804 2.28374535 2.29224421 2.39189613 2.39189613
 2.50686766 2.50686766 2.70982317 2.70982317 2.71878125 2.97427059
 2.97427059 3.23160895 3.32621964 3.32621964 3.36110429 3.37807577
 3.39970605 3.39970605 3.82114626 4.5246925  5.55854807 7.94480568
 7.94480568 8.500446   8.500446   8.72714717]
nelec by numeric integration = 35.99999999949262
    CPU time for vxc    138.05 sec, wall time     23.12 sec
    CPU time for vj and vk    273.15 sec, wall time     45.75 sec
Ewald components = 6.77773183084737, -128.779455527716, 5.42224205397643
E1 = -87.02107687873952  Ecoul = 60.46738721816583  Exc = -25.283011918274063
cycle= 5 E= -168.41618322174  delta_E= -0.00805  |g|= 0.0721  |ddm|= 0.704
    CPU time for cycle= 5    411.26 sec, wall time     68.88 sec
HOMO = 0.423411852366  LUMO = 0.456850083462
     k-point                  mo_energy
   0 ( 0.000  0.000  0.000)   [-0.18869992 -0.17768622 -0.15129795 -0.15127034 -0.15127034 -0.14981121
 -0.14981121 -0.14373387 -0.14373387 -0.13973629 -0.13973629 -0.05351387
  0.10871812  0.37350717  0.37350717  0.41248624  0.42341185  0.42341185] [0.45685008 0.51796207 0.71580046 0.71580046 0.73414809 0.74896001
 0.79970668 0.79970668 0.97333094 1.03717876 1.03717876 1.16215901
 1.16215901 1.23365946 1.31371765 1.33163404 1.33163404 1.47639893
 1.49943819 1.49943819 1.57237697 1.60175973 1.61446244 1.61446244
 1.92192289 1.92192289 1.95000172 1.95000172 1.9908068  1.9908068
 2.06332964 2.24259967 2.28509534 2.2921389  2.39167958 2.39167958
 2.50660149 2.50660149 2.70956676 2.70956676 2.71946068 2.97385463
 2.97385463 3.23101729 3.32633447 3.32633447 3.36105798 3.37901253
 3.39962682 3.39962682 3.8208888  4.52433257 5.55863469 7.94501143
 7.94501143 8.50076055 8.50076055 8.72690647]
nelec by numeric integration = 35.99999999948783
    CPU time for vxc    138.16 sec, wall time     23.16 sec
    CPU time for vj and vk    272.55 sec, wall time     45.57 sec
Ewald components = 6.77773183084737, -128.779455527716, 5.42224205397643
E1 = -87.03411156658017  Ecoul = 60.48092260603453  Exc = -25.285694979948488
cycle= 6 E= -168.418365583386  delta_E= -0.00218  |g|= 0.0191  |ddm|=  0.4
    CPU time for cycle= 6    410.77 sec, wall time     68.74 sec
HOMO = 0.423106652873  LUMO = 0.456984315026
     k-point                  mo_energy
   0 ( 0.000  0.000  0.000)   [-0.18873916 -0.17840899 -0.15257382 -0.15257382 -0.15214506 -0.15117069
 -0.15117069 -0.14481078 -0.14481078 -0.14078434 -0.14078434 -0.05396194
  0.1094165   0.37332122  0.37332122  0.41289311  0.42310665  0.42310665] [0.45698432 0.51766457 0.71569967 0.71569967 0.73475952 0.74914724
 0.79945225 0.79945225 0.97332427 1.03729893 1.03729893 1.16244049
 1.16244049 1.2338985  1.31429539 1.3317394  1.3317394  1.47619556
 1.4994845  1.4994845  1.57235777 1.60249102 1.61446296 1.61446296
 1.92199162 1.92199162 1.94995715 1.94995715 1.9909485  1.9909485
 2.06335312 2.24214147 2.28461229 2.29239812 2.39146844 2.39146844
 2.50617809 2.50617809 2.7094588  2.7094588  2.71934643 2.97392673
 2.97392673 3.23118556 3.32598462 3.32598462 3.36115003 3.37878153
 3.39929477 3.39929477 3.8210299  4.52441268 5.55782135 7.9444425
 7.9444425  8.5001652  8.5001652  8.72671379]
nelec by numeric integration = 35.99999999948852
    CPU time for vxc    137.85 sec, wall time     23.03 sec
    CPU time for vj and vk    272.67 sec, wall time     45.56 sec
Ewald components = 6.77773183084737, -128.779455527716, 5.42224205397643
E1 = -87.05181142755902  Ecoul = 60.501568324591325  Exc = -25.288787593580174
cycle= 7 E= -168.41851233944  delta_E= -0.000147  |g|= 0.000787  |ddm|= 0.0768
    CPU time for cycle= 7    410.57 sec, wall time     68.60 sec
HOMO = 0.423146290622  LUMO = 0.457008971766
     k-point                  mo_energy
   0 ( 0.000  0.000  0.000)   [-0.18871326 -0.17840721 -0.1525802  -0.1525802  -0.15214463 -0.15117833
 -0.15117833 -0.14481268 -0.14481268 -0.14078548 -0.14078548 -0.05390835
  0.10938631  0.37335518  0.37335518  0.4129104   0.42314629  0.42314629] [0.45700897 0.51773589 0.71570785 0.71570785 0.73478069 0.74918077
 0.79947548 0.79947548 0.97337979 1.03729877 1.03729877 1.16242676
 1.16242676 1.23396825 1.31427284 1.33174807 1.33174807 1.47622668
 1.49951745 1.49951745 1.57235133 1.6024907  1.61448804 1.61448804
 1.92200346 1.92200346 1.95000007 1.95000007 1.99096808 1.99096808
 2.06337767 2.24214509 2.28461545 2.29238227 2.39149928 2.39149928
 2.50621209 2.50621209 2.70948202 2.70948202 2.71936378 2.97394884
 2.97394884 3.23117859 3.3260266  3.3260266  3.36117554 3.37879917
 3.3993317  3.3993317  3.8210288  4.52443551 5.55781885 7.94446273
 7.94446273 8.50017302 8.50017302 8.72670928]
nelec by numeric integration = 35.999999999488516
    CPU time for vxc    137.66 sec, wall time     23.00 sec
    CPU time for vj and vk    271.71 sec, wall time     45.40 sec
Ewald components = 6.77773183084737, -128.779455527716, 5.42224205397643
E1 = -87.05202325512096  Ecoul = 60.501752803143354  Exc = -25.2887603965426
cycle= 8 E= -168.418512491412  delta_E= -1.52e-07  |g|= 0.000192  |ddm|= 0.00203
    CPU time for cycle= 8    409.43 sec, wall time     68.41 sec
HOMO = 0.4231638902  LUMO = 0.457022743307
     k-point                  mo_energy
   0 ( 0.000  0.000  0.000)   [-0.18869994 -0.17840133 -0.1525803  -0.1525803  -0.15214467 -0.15117841
 -0.15117841 -0.14481364 -0.14481364 -0.14078654 -0.14078654 -0.0538999
  0.10940046  0.37337054  0.37337054  0.41293421  0.42316389  0.42316389] [0.45702274 0.51774143 0.71571049 0.71571049 0.73480026 0.74918285
 0.79948006 0.79948006 0.97338059 1.03730538 1.03730538 1.16243184
 1.16243184 1.23396516 1.31428478 1.3317594  1.3317594  1.47623457
 1.49952769 1.49952769 1.57236727 1.60250615 1.6144953  1.6144953
 1.92201025 1.92201025 1.95000599 1.95000599 1.99097091 1.99097091
 2.06338488 2.24214785 2.28461824 2.29239834 2.39150648 2.39150648
 2.50622093 2.50622093 2.70950033 2.70950033 2.71937316 2.97396089
 2.97396089 3.23119132 3.32603806 3.32603806 3.36119063 3.37880705
 3.39934151 3.39934151 3.82103926 4.52444624 5.55782315 7.94446203
 7.94446203 8.50017198 8.50017198 8.7267127 ]
nelec by numeric integration = 35.999999999488516
    CPU time for vxc    137.86 sec, wall time     23.03 sec
    CPU time for vj and vk    271.81 sec, wall time     45.44 sec
Ewald components = 6.77773183084737, -128.779455527716, 5.42224205397643
E1 = -87.05196008319912  Ecoul = 60.50162611549678  Exc = -25.288696890108326
cycle= 9 E= -168.418512500703  delta_E= -9.29e-09  |g|= 2.15e-05  |ddm|= 0.000411
    CPU time for cycle= 9    409.74 sec, wall time     68.48 sec
HOMO = 0.423161479024  LUMO = 0.457021396954
     k-point                  mo_energy
   0 ( 0.000  0.000  0.000)   [-0.18870143 -0.17840186 -0.15257996 -0.15257996 -0.15214459 -0.15117804
 -0.15117804 -0.14481334 -0.14481334 -0.14078626 -0.14078626 -0.05390121
  0.10939924  0.37336851  0.37336851  0.41293116  0.42316148  0.42316148] [0.4570214  0.51774111 0.71571085 0.71571085 0.73479799 0.74918294
 0.79948002 0.79948002 0.97338118 1.03730522 1.03730522 1.16243206
 1.16243206 1.23396566 1.314284   1.33175844 1.33175844 1.47623421
 1.49952661 1.49952661 1.57236624 1.6025044  1.61449465 1.61449465
 1.92200984 1.92200984 1.95000526 1.95000526 1.9909708  1.9909708
 2.06338445 2.24214838 2.28461878 2.29239687 2.39150573 2.39150573
 2.50621983 2.50621983 2.70949802 2.70949802 2.7193724  2.97395949
 2.97395949 3.23119004 3.3260366  3.3260366  3.3611889  3.37880658
 3.39934029 3.39934029 3.82103838 4.52444516 5.55782288 7.94446238
 7.94446238 8.50017246 8.50017246 8.72671266]
nelec by numeric integration = 35.999999999488516
    CPU time for vxc    137.92 sec, wall time     23.05 sec
    CPU time for vj and vk    272.21 sec, wall time     45.59 sec
Ewald components = 6.77773183084737, -128.779455527716, 5.42224205397643
E1 = -87.05197913599872  Ecoul = 60.501656904150366  Exc = -25.288708625177975
Extra cycle  E= -168.418512499918  delta_E= 7.84e-10  |g|= 6.13e-05  |ddm|= 0.000144
    CPU time for scf_cycle   4679.04 sec, wall time    783.48 sec
    CPU time for SCF   4679.04 sec, wall time    783.48 sec
converged SCF energy = -168.418512499918
nelec by numeric integration = 35.999999999488516
    CPU time for vxc    431.37 sec, wall time     72.18 sec
    CPU time for vj and vk    742.80 sec, wall time    124.21 sec
