/groups/wag/pkozlows/miniconda3/envs/pyscf/lib/python3.11/site-packages/pyscf/dft/libxc.py:771: UserWarning: Since PySCF-2.3, B3LYP (and B3P86) are changed to the VWN-RPA variant, corresponding to the original definition by Stephens et al. (issue 1480) and the same as the B3LYP functional in Gaussian. To restore the VWN5 definition, you can put the setting "B3LYP_WITH_VWN5 = True" in pyscf_conf.py
  warnings.warn('Since PySCF-2.3, B3LYP (and B3P86) are changed to the VWN-RPA variant, '
/central/home/pkozlows/ch121b/gan/dft/pbe/szv/333/1/p_s3p.py:14: UserWarning: Use ase.build.bulk() instead
  ase_cell = bulk('GaN', 'wurtzite', a=3.19, c=5.19)
Discarded 6 diffused primitive functions, 0 contracted functions


******** <class 'pyscf.pbc.dft.krks.KRKS'> ********
method = KRKS
initial guess = minao
damping factor = 0
level_shift factor = 0
DIIS = <class 'pyscf.scf.diis.CDIIS'>
diis_start_cycle = 1
diis_space = 8
SCF conv_tol = 1e-07
SCF conv_tol_grad = None
SCF max_cycles = 50
direct_scf = True
direct_scf_tol = 1e-13
chkfile to save SCF result = /central/home/pkozlows/ch121b/gan/dft/pbe/szv/333/1/s3p.chk
max_memory 306977 MB (current use 118 MB)


******** PBC SCF flags ********
N kpts = 27
kpts = [[0.         0.         0.        ]
 [0.         0.         0.21354647]
 [0.         0.         0.42709293]
 [0.         0.40117922 0.        ]
 [0.         0.40117922 0.21354647]
 [0.         0.40117922 0.42709293]
 [0.         0.80235844 0.        ]
 [0.         0.80235844 0.21354647]
 [0.         0.80235844 0.42709293]
 [0.3474314  0.20058961 0.        ]
 [0.3474314  0.20058961 0.21354647]
 [0.3474314  0.20058961 0.42709293]
 [0.3474314  0.60176883 0.        ]
 [0.3474314  0.60176883 0.21354647]
 [0.3474314  0.60176883 0.42709293]
 [0.3474314  1.00294806 0.        ]
 [0.3474314  1.00294806 0.21354647]
 [0.3474314  1.00294806 0.42709293]
 [0.6948628  0.40117922 0.        ]
 [0.6948628  0.40117922 0.21354647]
 [0.6948628  0.40117922 0.42709293]
 [0.6948628  0.80235844 0.        ]
 [0.6948628  0.80235844 0.21354647]
 [0.6948628  0.80235844 0.42709293]
 [0.6948628  1.20353767 0.        ]
 [0.6948628  1.20353767 0.21354647]
 [0.6948628  1.20353767 0.42709293]]
Exchange divergence treatment (exxdiv) = ewald
Ewald components = 2.23368679724563e-09, -0.129121640870431, 0.0670244764868704
    madelung (= occupied orbital energy shift) = 0.12419432429974722
    Total energy shift due to Ewald probe charge = -1/2 * Nelec*madelung = -2.2354978374
DF object = <pyscf.pbc.df.fft.FFTDF object at 0x7f566dd99dd0>
XC functionals = PBE
small_rho_cutoff = 1e-07
Uniform grid, mesh = [ 83  83 133]
Set gradient conv threshold to 0.000316228
nelec by numeric integration = 35.99999999976228
    CPU time for vxc    811.48 sec, wall time     57.16 sec
    CPU time for vj and vk    380.92 sec, wall time     25.47 sec
Ewald components = 6.77773183084737, -128.779455527716, 5.42224205397643
E1 = (-88.1280927823825+7.223134879859223e-18j)  Ecoul = 61.47697800315466  Exc = -25.541428223196387
init E= -168.772024645316
cond(S) = [7.39940068 6.86196651 6.86196651 6.65283845 6.54972178 6.54972178
 6.65283845 6.54972178 6.54972178 6.65283845 6.54972178 6.54972178
 6.03013958 5.57180427 5.57180427 6.65283845 6.54972178 6.54972178
 6.65283845 6.54972178 6.54972178 6.65283845 6.54972178 6.54972178
 6.03013958 5.57180427 5.57180427]
    CPU time for initialize scf   1727.31 sec, wall time    131.04 sec
HOMO = 0.247825543907  LUMO = 0.614358332874
     k-point                  mo_energy
   0 ( 0.000  0.000  0.000)   [-0.30523036 -0.2649094  -0.03944784 -0.03938557 -0.03938557 -0.03394475
 -0.03394475 -0.01514075 -0.01514075 -0.01130762 -0.01130762  0.00042538
  0.05646898  0.21838504  0.21838504  0.2464645   0.24782554  0.24782554] [0.61435833 0.65222419 0.80639323 0.80639323 0.82260497 0.84890311
 0.84890311 0.86306778]
   1 ( 0.000  0.000  0.333)   [-0.29584438 -0.27569191 -0.03839723 -0.03839723 -0.03807413 -0.03569719
 -0.03569719 -0.02497024 -0.01393988 -0.01393988 -0.01200886 -0.01200886
  0.1141755   0.19990522  0.22574484  0.22574484  0.24045977  0.24045977] [0.65940528 0.66643385 0.79021872 0.81557252 0.81557252 0.82206102
 0.83679936 0.83679936]
   2 ( 0.000  0.000  0.667)   [-0.29584438 -0.27569191 -0.03839723 -0.03839723 -0.03807413 -0.03569719
 -0.03569719 -0.02497024 -0.01393988 -0.01393988 -0.01200886 -0.01200886
  0.1141755   0.19990522  0.22574484  0.22574484  0.24045977  0.24045977] [0.65940528 0.66643385 0.79021872 0.81557252 0.81557252 0.82206102
 0.83679936 0.83679936]
   3 ( 0.000  0.333  0.000)   [-0.27840238 -0.2552496  -0.03726006 -0.03416981 -0.03098981 -0.02404213
 -0.02352076 -0.01820551 -0.01437526 -0.01363376 -0.01061904  0.00881127
  0.09375887  0.11940834  0.15353901  0.18029498  0.2168399   0.22625064] [0.68424404 0.726963   0.75211293 0.8051704  0.8359727  0.83822327
 0.88472676 0.88584676]
   4 ( 0.000  0.333  0.333)   [-0.27235621 -0.26070084 -0.03684778 -0.03331468 -0.0318741  -0.02679735
 -0.02431898 -0.02230677 -0.01299504 -0.01153115 -0.01140923 -0.00244047
  0.10073682  0.12589035  0.16693112  0.19158137  0.21166683  0.21447836] [0.66558165 0.70604592 0.76948001 0.79757012 0.84849473 0.84888594
 0.87099437 0.87281819]
   5 ( 0.000  0.333  0.667)   [-0.27235621 -0.26070084 -0.03684776 -0.03331472 -0.0318741  -0.02679734
 -0.02431885 -0.02230685 -0.01299506 -0.01153114 -0.0114093  -0.00244044
  0.10073683  0.12589033  0.16693113  0.19158137  0.21166683  0.21447836] [0.66558165 0.70604592 0.76948021 0.79756983 0.84849473 0.84888586
 0.87099453 0.87281819]
   6 ( 0.000  0.667  0.000)   [-0.27840238 -0.2552496  -0.03726006 -0.03416981 -0.03098981 -0.02404213
 -0.02352076 -0.01820551 -0.01437526 -0.01363376 -0.01061904  0.00881127
  0.09375887  0.11940834  0.15353901  0.18029498  0.2168399   0.22625064] [0.68424404 0.726963   0.75211293 0.8051704  0.8359727  0.83822327
 0.88472676 0.88584676]
   7 ( 0.000  0.667  0.333)   [-0.27235621 -0.26070084 -0.03684776 -0.03331472 -0.0318741  -0.02679734
 -0.02431885 -0.02230685 -0.01299506 -0.01153114 -0.0114093  -0.00244044
  0.10073683  0.12589033  0.16693113  0.19158137  0.21166683  0.21447836] [0.66558165 0.70604592 0.76948021 0.79756983 0.84849473 0.84888586
 0.87099453 0.87281819]
   8 ( 0.000  0.667  0.667)   [-0.27235621 -0.26070084 -0.03684778 -0.03331468 -0.0318741  -0.02679735
 -0.02431898 -0.02230677 -0.01299504 -0.01153115 -0.01140923 -0.00244047
  0.10073682  0.12589035  0.16693112  0.19158137  0.21166683  0.21447836] [0.66558165 0.70604592 0.76948001 0.79757012 0.84849473 0.84888594
 0.87099437 0.87281819]
   9 ( 0.333  0.000  0.000)   [-0.27840238 -0.2552496  -0.03726006 -0.03416981 -0.03098981 -0.02404213
 -0.02352076 -0.01820551 -0.01437526 -0.01363376 -0.01061904  0.00881127
  0.09375887  0.11940834  0.15353901  0.18029498  0.2168399   0.22625064] [0.68424404 0.726963   0.75211293 0.8051704  0.8359727  0.83822327
 0.88472676 0.88584676]
  10 ( 0.333  0.000  0.333)   [-0.27235621 -0.26070084 -0.03684776 -0.03331472 -0.0318741  -0.02679734
 -0.02431885 -0.02230685 -0.01299506 -0.01153114 -0.0114093  -0.00244044
  0.10073683  0.12589033  0.16693113  0.19158137  0.21166683  0.21447836] [0.66558165 0.70604592 0.76948021 0.79756983 0.84849473 0.84888586
 0.87099453 0.87281819]
  11 ( 0.333  0.000  0.667)   [-0.27235621 -0.26070084 -0.03684778 -0.03331468 -0.0318741  -0.02679735
 -0.02431898 -0.02230677 -0.01299504 -0.01153115 -0.01140923 -0.00244047
  0.10073682  0.12589035  0.16693112  0.19158137  0.21166683  0.21447836] [0.66558165 0.70604592 0.76948001 0.79757012 0.84849473 0.84888594
 0.87099437 0.87281819]
  12 ( 0.333  0.333  0.000)   [-0.25726499 -0.25726496 -0.03759485 -0.02666202 -0.02666163 -0.01840774
 -0.01613547 -0.0161353  -0.01403791 -0.01383674  0.00575598  0.00575619
  0.10422551  0.10934199  0.10934202  0.17122449  0.17122459  0.18024225] [0.70880178 0.78975165 0.78975231 0.81944636 0.81944638 0.82313653
 0.87712198 0.87712234]
  13 ( 0.333  0.333  0.333)   [-0.25653119 -0.25653116 -0.03361271 -0.02956471 -0.0295643  -0.02386355
 -0.01673418 -0.01673402 -0.01468525 -0.01432292  0.00763894  0.00763914
  0.09338954  0.09338954  0.12274344  0.16013062  0.19603835  0.19603843] [0.73225941 0.73225972 0.7402815  0.79716845 0.82963409 0.82963473
 0.90570841 0.90570851]
  14 ( 0.333  0.333  0.667)   [-0.25653119 -0.25653116 -0.03361271 -0.02956471 -0.0295643  -0.02386355
 -0.01673418 -0.01673402 -0.01468525 -0.01432292  0.00763894  0.00763914
  0.09338954  0.09338954  0.12274344  0.16013062  0.19603835  0.19603843] [0.73225941 0.73225972 0.7402815  0.79716845 0.82963409 0.82963473
 0.90570841 0.90570851]
  15 ( 0.333  0.667  0.000)   [-0.27840238 -0.2552496  -0.03726006 -0.03416981 -0.03098981 -0.02404213
 -0.02352076 -0.01820551 -0.01437526 -0.01363376 -0.01061904  0.00881127
  0.09375887  0.11940834  0.15353901  0.18029498  0.2168399   0.22625064] [0.68424404 0.726963   0.75211293 0.8051704  0.8359727  0.83822327
 0.88472676 0.88584676]
  16 ( 0.333  0.667  0.333)   [-0.27235621 -0.26070084 -0.03684778 -0.03331468 -0.0318741  -0.02679735
 -0.02431898 -0.02230677 -0.01299504 -0.01153115 -0.01140923 -0.00244047
  0.10073682  0.12589035  0.16693112  0.19158137  0.21166683  0.21447836] [0.66558165 0.70604592 0.76948001 0.79757012 0.84849473 0.84888594
 0.87099437 0.87281819]
  17 ( 0.333  0.667  0.667)   [-0.27235621 -0.26070084 -0.03684776 -0.03331472 -0.0318741  -0.02679734
 -0.02431885 -0.02230685 -0.01299506 -0.01153114 -0.0114093  -0.00244044
  0.10073683  0.12589033  0.16693113  0.19158137  0.21166683  0.21447836] [0.66558165 0.70604592 0.76948021 0.79756983 0.84849473 0.84888586
 0.87099453 0.87281819]
  18 ( 0.667  0.000  0.000)   [-0.27840238 -0.2552496  -0.03726006 -0.03416981 -0.03098981 -0.02404213
 -0.02352076 -0.01820551 -0.01437526 -0.01363376 -0.01061904  0.00881127
  0.09375887  0.11940834  0.15353901  0.18029498  0.2168399   0.22625064] [0.68424404 0.726963   0.75211293 0.8051704  0.8359727  0.83822327
 0.88472676 0.88584676]
  19 ( 0.667  0.000  0.333)   [-0.27235621 -0.26070084 -0.03684778 -0.03331468 -0.0318741  -0.02679735
 -0.02431898 -0.02230677 -0.01299504 -0.01153115 -0.01140923 -0.00244047
  0.10073682  0.12589035  0.16693112  0.19158137  0.21166683  0.21447836] [0.66558165 0.70604592 0.76948001 0.79757012 0.84849473 0.84888594
 0.87099437 0.87281819]
  20 ( 0.667  0.000  0.667)   [-0.27235621 -0.26070084 -0.03684776 -0.03331472 -0.0318741  -0.02679734
 -0.02431885 -0.02230685 -0.01299506 -0.01153114 -0.0114093  -0.00244044
  0.10073683  0.12589033  0.16693113  0.19158137  0.21166683  0.21447836] [0.66558165 0.70604592 0.76948021 0.79756983 0.84849473 0.84888586
 0.87099453 0.87281819]
  21 ( 0.667  0.333  0.000)   [-0.27840238 -0.2552496  -0.03726006 -0.03416981 -0.03098981 -0.02404213
 -0.02352076 -0.01820551 -0.01437526 -0.01363376 -0.01061904  0.00881127
  0.09375887  0.11940834  0.15353901  0.18029498  0.2168399   0.22625064] [0.68424404 0.726963   0.75211293 0.8051704  0.8359727  0.83822327
 0.88472676 0.88584676]
  22 ( 0.667  0.333  0.333)   [-0.27235621 -0.26070084 -0.03684776 -0.03331472 -0.0318741  -0.02679734
 -0.02431885 -0.02230685 -0.01299506 -0.01153114 -0.0114093  -0.00244044
  0.10073683  0.12589033  0.16693113  0.19158137  0.21166683  0.21447836] [0.66558165 0.70604592 0.76948021 0.79756983 0.84849473 0.84888586
 0.87099453 0.87281819]
  23 ( 0.667  0.333  0.667)   [-0.27235621 -0.26070084 -0.03684778 -0.03331468 -0.0318741  -0.02679735
 -0.02431898 -0.02230677 -0.01299504 -0.01153115 -0.01140923 -0.00244047
  0.10073682  0.12589035  0.16693112  0.19158137  0.21166683  0.21447836] [0.66558165 0.70604592 0.76948001 0.79757012 0.84849473 0.84888594
 0.87099437 0.87281819]
  24 ( 0.667  0.667  0.000)   [-0.25726499 -0.25726496 -0.03759485 -0.02666202 -0.02666163 -0.01840774
 -0.01613547 -0.0161353  -0.01403791 -0.01383674  0.00575598  0.00575619
  0.10422551  0.10934199  0.10934202  0.17122449  0.17122459  0.18024225] [0.70880178 0.78975165 0.78975231 0.81944636 0.81944638 0.82313653
 0.87712198 0.87712234]
  25 ( 0.667  0.667  0.333)   [-0.25653119 -0.25653116 -0.03361271 -0.02956471 -0.0295643  -0.02386355
 -0.01673418 -0.01673402 -0.01468525 -0.01432292  0.00763894  0.00763914
  0.09338954  0.09338954  0.12274344  0.16013062  0.19603835  0.19603843] [0.73225941 0.73225972 0.7402815  0.79716845 0.82963409 0.82963473
 0.90570841 0.90570851]
  26 ( 0.667  0.667  0.667)   [-0.25653119 -0.25653116 -0.03361271 -0.02956471 -0.0295643  -0.02386355
 -0.01673418 -0.01673402 -0.01468525 -0.01432292  0.00763894  0.00763914
  0.09338954  0.09338954  0.12274344  0.16013062  0.19603835  0.19603843] [0.73225941 0.73225972 0.7402815  0.79716845 0.82963409 0.82963473
 0.90570841 0.90570851]
nelec by numeric integration = 35.99999999995406
    CPU time for vxc    323.54 sec, wall time     22.88 sec
    CPU time for vj and vk    257.04 sec, wall time     18.41 sec
Ewald components = 6.77773183084737, -128.779455527716, 5.42224205397643
E1 = (-87.86227958268881+1.4777274054617243e-17j)  Ecoul = 61.71989498940082  Exc = -26.35721833777567
cycle= 1 E= -169.079084573956  delta_E= -0.307  |g|= 5.75  |ddm|=   19
    CPU time for cycle= 1    581.26 sec, wall time     41.33 sec
HOMO = 0.608451500044  LUMO = 0.739117196951
     k-point                  mo_energy
   0 ( 0.000  0.000  0.000)   [-0.22912054 -0.22508515 -0.22492796 -0.22492796 -0.22412592 -0.22412592
 -0.22151183 -0.22151183 -0.2185263  -0.2185263  -0.09657804  0.04832403
  0.17089094  0.50626803  0.50626803  0.59874287  0.6084515   0.6084515 ] [0.74782061 0.7829987  0.78972571 0.78972571 0.82277406 0.92861827
 0.92861827 1.15961351]
   1 ( 0.000  0.000  0.333)   [-0.22799992 -0.225952   -0.22501796 -0.22501796 -0.22456195 -0.22456195
 -0.22048432 -0.22048432 -0.21904662 -0.21904662 -0.07665924 -0.0164486
  0.27938137  0.46186212  0.52561831  0.52561831  0.57408448  0.57408448] [0.75489055 0.78373032 0.83108025 0.83108025 0.8978536  0.8978536
 0.92374222 1.08634224]
   2 ( 0.000  0.000  0.667)   [-0.22799992 -0.225952   -0.22501796 -0.22501796 -0.22456195 -0.22456195
 -0.22048432 -0.22048432 -0.21904662 -0.21904662 -0.07665924 -0.0164486
  0.27938137  0.46186212  0.52561831  0.52561831  0.57408448  0.57408448] [0.75489055 0.78373032 0.83108025 0.83108025 0.8978536  0.8978536
 0.92374222 1.08634224]
   3 ( 0.000  0.333  0.000)   [-0.23033982 -0.22782224 -0.22408145 -0.22365596 -0.22258384 -0.22109785
 -0.22061569 -0.22048692 -0.22004118 -0.21823483 -0.0273361   0.09694308
  0.21829855  0.28327386  0.36338649  0.41504198  0.48530617  0.52980687] [0.77167159 0.82560198 0.87721249 0.89227852 1.0078666  1.0529794
 1.07604251 1.08057804]
   4 ( 0.000  0.333  0.333)   [-0.22958509 -0.22829863 -0.22461601 -0.22344296 -0.2227424  -0.22112918
 -0.22073237 -0.21981578 -0.21955358 -0.21891824 -0.00849109  0.04609708
  0.24630809  0.30420298  0.37102548  0.43755645  0.48912171  0.49303131] [0.73911723 0.78953659 0.91492252 0.94011711 0.97800209 1.01853978
 1.04931946 1.09646355]
   5 ( 0.000  0.333  0.667)   [-0.22958503 -0.22829871 -0.2246161  -0.22344278 -0.22274242 -0.22112912
 -0.22073244 -0.21981586 -0.21955358 -0.21891821 -0.00849109  0.04609708
  0.24630808  0.30420301  0.37102545  0.43755645  0.48912172  0.49303131] [0.7391172  0.78953665 0.91492252 0.9401171  0.97800193 1.01853979
 1.04931968 1.09646346]
   6 ( 0.000  0.667  0.000)   [-0.23033982 -0.22782224 -0.22408145 -0.22365596 -0.22258384 -0.22109785
 -0.22061569 -0.22048692 -0.22004118 -0.21823483 -0.0273361   0.09694308
  0.21829855  0.28327386  0.36338649  0.41504198  0.48530617  0.52980687] [0.77167159 0.82560198 0.87721249 0.89227852 1.0078666  1.0529794
 1.07604251 1.08057804]
   7 ( 0.000  0.667  0.333)   [-0.22958503 -0.22829871 -0.2246161  -0.22344278 -0.22274242 -0.22112912
 -0.22073244 -0.21981586 -0.21955358 -0.21891821 -0.00849109  0.04609708
  0.24630808  0.30420301  0.37102545  0.43755645  0.48912172  0.49303131] [0.7391172  0.78953665 0.91492252 0.9401171  0.97800193 1.01853979
 1.04931968 1.09646346]
   8 ( 0.000  0.667  0.667)   [-0.22958509 -0.22829863 -0.22461601 -0.22344296 -0.2227424  -0.22112918
 -0.22073237 -0.21981578 -0.21955358 -0.21891824 -0.00849109  0.04609708
  0.24630809  0.30420298  0.37102548  0.43755645  0.48912171  0.49303131] [0.73911723 0.78953659 0.91492252 0.94011711 0.97800209 1.01853978
 1.04931946 1.09646355]
   9 ( 0.333  0.000  0.000)   [-0.23033982 -0.22782224 -0.22408145 -0.22365596 -0.22258384 -0.22109785
 -0.22061569 -0.22048692 -0.22004118 -0.21823483 -0.0273361   0.09694308
  0.21829855  0.28327386  0.36338649  0.41504198  0.48530617  0.52980687] [0.77167159 0.82560198 0.87721249 0.89227852 1.0078666  1.0529794
 1.07604251 1.08057804]
  10 ( 0.333  0.000  0.333)   [-0.22958503 -0.22829871 -0.2246161  -0.22344278 -0.22274242 -0.22112912
 -0.22073244 -0.21981586 -0.21955358 -0.21891821 -0.00849109  0.04609708
  0.24630808  0.30420301  0.37102545  0.43755645  0.48912172  0.49303131] [0.7391172  0.78953665 0.91492252 0.9401171  0.97800193 1.01853979
 1.04931968 1.09646346]
  11 ( 0.333  0.000  0.667)   [-0.22958509 -0.22829863 -0.22461601 -0.22344296 -0.2227424  -0.22112918
 -0.22073237 -0.21981578 -0.21955358 -0.21891824 -0.00849109  0.04609708
  0.24630809  0.30420298  0.37102548  0.43755645  0.48912171  0.49303131] [0.73911723 0.78953659 0.91492252 0.94011711 0.97800209 1.01853978
 1.04931946 1.09646355]
  12 ( 0.333  0.333  0.000)   [-0.22845065 -0.22845022 -0.22585835 -0.22172649 -0.2217263  -0.22163872
 -0.22053167 -0.2202267  -0.22022587 -0.21877418  0.07821543  0.07821574
  0.25943708  0.26365389  0.26365397  0.37931924  0.37931927  0.39094181] [0.84148176 0.92579133 0.92579184 0.99400277 0.99400281 1.06443804
 1.06443823 1.08950563]
  13 ( 0.333  0.333  0.333)   [-0.22836964 -0.22836922 -0.22421646 -0.22271435 -0.22271398 -0.22155809
 -0.22075414 -0.22042718 -0.21922473 -0.21922407  0.08489455  0.08489488
  0.22007265  0.22007275  0.28456982  0.34769112  0.45175696  0.45175697] [0.83421592 0.83421619 0.91428551 1.00237928 1.00237937 1.03572109
 1.09147335 1.09147337]
  14 ( 0.333  0.333  0.667)   [-0.22836964 -0.22836922 -0.22421646 -0.22271435 -0.22271398 -0.22155809
 -0.22075414 -0.22042718 -0.21922473 -0.21922407  0.08489455  0.08489488
  0.22007265  0.22007275  0.28456982  0.34769112  0.45175696  0.45175697] [0.83421592 0.83421619 0.91428551 1.00237928 1.00237937 1.03572109
 1.09147335 1.09147337]
  15 ( 0.333  0.667  0.000)   [-0.23033982 -0.22782224 -0.22408145 -0.22365596 -0.22258384 -0.22109785
 -0.22061569 -0.22048692 -0.22004118 -0.21823483 -0.0273361   0.09694308
  0.21829855  0.28327386  0.36338649  0.41504198  0.48530617  0.52980687] [0.77167159 0.82560198 0.87721249 0.89227852 1.0078666  1.0529794
 1.07604251 1.08057804]
  16 ( 0.333  0.667  0.333)   [-0.22958509 -0.22829863 -0.22461601 -0.22344296 -0.2227424  -0.22112918
 -0.22073237 -0.21981578 -0.21955358 -0.21891824 -0.00849109  0.04609708
  0.24630809  0.30420298  0.37102548  0.43755645  0.48912171  0.49303131] [0.73911723 0.78953659 0.91492252 0.94011711 0.97800209 1.01853978
 1.04931946 1.09646355]
  17 ( 0.333  0.667  0.667)   [-0.22958503 -0.22829871 -0.2246161  -0.22344278 -0.22274242 -0.22112912
 -0.22073244 -0.21981586 -0.21955358 -0.21891821 -0.00849109  0.04609708
  0.24630808  0.30420301  0.37102545  0.43755645  0.48912172  0.49303131] [0.7391172  0.78953665 0.91492252 0.9401171  0.97800193 1.01853979
 1.04931968 1.09646346]
  18 ( 0.667  0.000  0.000)   [-0.23033982 -0.22782224 -0.22408145 -0.22365596 -0.22258384 -0.22109785
 -0.22061569 -0.22048692 -0.22004118 -0.21823483 -0.0273361   0.09694308
  0.21829855  0.28327386  0.36338649  0.41504198  0.48530617  0.52980687] [0.77167159 0.82560198 0.87721249 0.89227852 1.0078666  1.0529794
 1.07604251 1.08057804]
  19 ( 0.667  0.000  0.333)   [-0.22958509 -0.22829863 -0.22461601 -0.22344296 -0.2227424  -0.22112918
 -0.22073237 -0.21981578 -0.21955358 -0.21891824 -0.00849109  0.04609708
  0.24630809  0.30420298  0.37102548  0.43755645  0.48912171  0.49303131] [0.73911723 0.78953659 0.91492252 0.94011711 0.97800209 1.01853978
 1.04931946 1.09646355]
  20 ( 0.667  0.000  0.667)   [-0.22958503 -0.22829871 -0.2246161  -0.22344278 -0.22274242 -0.22112912
 -0.22073244 -0.21981586 -0.21955358 -0.21891821 -0.00849109  0.04609708
  0.24630808  0.30420301  0.37102545  0.43755645  0.48912172  0.49303131] [0.7391172  0.78953665 0.91492252 0.9401171  0.97800193 1.01853979
 1.04931968 1.09646346]
  21 ( 0.667  0.333  0.000)   [-0.23033982 -0.22782224 -0.22408145 -0.22365596 -0.22258384 -0.22109785
 -0.22061569 -0.22048692 -0.22004118 -0.21823483 -0.0273361   0.09694308
  0.21829855  0.28327386  0.36338649  0.41504198  0.48530617  0.52980687] [0.77167159 0.82560198 0.87721249 0.89227852 1.0078666  1.0529794
 1.07604251 1.08057804]
  22 ( 0.667  0.333  0.333)   [-0.22958503 -0.22829871 -0.2246161  -0.22344278 -0.22274242 -0.22112912
 -0.22073244 -0.21981586 -0.21955358 -0.21891821 -0.00849109  0.04609708
  0.24630808  0.30420301  0.37102545  0.43755645  0.48912172  0.49303131] [0.7391172  0.78953665 0.91492252 0.9401171  0.97800193 1.01853979
 1.04931968 1.09646346]
  23 ( 0.667  0.333  0.667)   [-0.22958509 -0.22829863 -0.22461601 -0.22344296 -0.2227424  -0.22112918
 -0.22073237 -0.21981578 -0.21955358 -0.21891824 -0.00849109  0.04609708
  0.24630809  0.30420298  0.37102548  0.43755645  0.48912171  0.49303131] [0.73911723 0.78953659 0.91492252 0.94011711 0.97800209 1.01853978
 1.04931946 1.09646355]
  24 ( 0.667  0.667  0.000)   [-0.22845065 -0.22845022 -0.22585835 -0.22172649 -0.2217263  -0.22163872
 -0.22053167 -0.2202267  -0.22022587 -0.21877418  0.07821543  0.07821574
  0.25943708  0.26365389  0.26365397  0.37931924  0.37931927  0.39094181] [0.84148176 0.92579133 0.92579184 0.99400277 0.99400281 1.06443804
 1.06443823 1.08950563]
  25 ( 0.667  0.667  0.333)   [-0.22836964 -0.22836922 -0.22421646 -0.22271435 -0.22271398 -0.22155809
 -0.22075414 -0.22042718 -0.21922473 -0.21922407  0.08489455  0.08489488
  0.22007265  0.22007275  0.28456982  0.34769112  0.45175696  0.45175697] [0.83421592 0.83421619 0.91428551 1.00237928 1.00237937 1.03572109
 1.09147335 1.09147337]
  26 ( 0.667  0.667  0.667)   [-0.22836964 -0.22836922 -0.22421646 -0.22271435 -0.22271398 -0.22155809
 -0.22075414 -0.22042718 -0.21922473 -0.21922407  0.08489455  0.08489488
  0.22007265  0.22007275  0.28456982  0.34769112  0.45175696  0.45175697] [0.83421592 0.83421619 0.91428551 1.00237928 1.00237937 1.03572109
 1.09147335 1.09147337]
nelec by numeric integration = 35.99999999997237
    CPU time for vxc    303.97 sec, wall time     21.48 sec
    CPU time for vj and vk    258.01 sec, wall time     17.25 sec
Ewald components = 6.77773183084737, -128.779455527716, 5.42224205397643
E1 = (-87.60636016836348+1.2078815314208879e-17j)  Ecoul = 60.876563718953975  Exc = -25.16179408263491
cycle= 2 E= -168.471072174936  delta_E= 0.608  |g|= 9.42  |ddm|= 18.9
    CPU time for cycle= 2    562.68 sec, wall time     38.77 sec
HOMO = 0.410416588632  LUMO = 0.674109866294
     k-point                  mo_energy
   0 ( 0.000  0.000  0.000)   [-0.19540445 -0.17243037 -0.13503811 -0.13451293 -0.13451293 -0.13239829
 -0.13239829 -0.12613724 -0.12613724 -0.12280232 -0.12280232 -0.05739441
  0.12121049  0.36167083  0.36167083  0.40775815  0.41041659  0.41041659] [0.67410987 0.67918619 0.7892916  0.7892916  0.80921348 0.86307905
 0.86307905 0.97957618]
   1 ( 0.000  0.000  0.333)   [-0.18545511 -0.17407961 -0.13426254 -0.13426254 -0.13319078 -0.13319078
 -0.12908295 -0.12505758 -0.12505758 -0.12340507 -0.12340507 -0.09511681
  0.19330203  0.32409224  0.37293759  0.37293759  0.39722241  0.39722241] [0.69227357 0.7193565  0.80692046 0.80692046 0.81183067 0.84368956
 0.84368956 0.92123104]
   2 ( 0.000  0.000  0.667)   [-0.18545511 -0.17407961 -0.13426254 -0.13426254 -0.13319078 -0.13319078
 -0.12908295 -0.12505758 -0.12505758 -0.12340507 -0.12340507 -0.09511681
  0.19330203  0.32409224  0.37293759  0.37293759  0.39722241  0.39722241] [0.69227357 0.7193565  0.80692046 0.80692046 0.81183067 0.84368956
 0.84368956 0.92123104]
   3 ( 0.000  0.333  0.000)   [-0.17518815 -0.16990658 -0.13273737 -0.13210804 -0.12926561 -0.12723707
 -0.12718124 -0.12599901 -0.12460997 -0.12230185 -0.1010147  -0.03160737
  0.16433652  0.20746265  0.25194816  0.30392314  0.35387186  0.37478312] [0.71593589 0.75557295 0.79646178 0.84125333 0.88545718 0.91785138
 0.9360288  0.93619945]
   4 ( 0.000  0.333  0.333)   [-0.17193161 -0.16955113 -0.13299679 -0.13112553 -0.13082091 -0.12830647
 -0.12686646 -0.1254834  -0.12418077 -0.12305476 -0.09028646 -0.05724499
  0.17146007  0.21003475  0.27460414  0.31950299  0.35058409  0.35457244] [0.68713254 0.73364215 0.82200533 0.86323691 0.86720056 0.9059362
 0.91430175 0.94469942]
   5 ( 0.000  0.333  0.667)   [-0.17193162 -0.16955111 -0.13299684 -0.1311255  -0.13082092 -0.12830644
 -0.12686645 -0.1254834  -0.12418083 -0.12305472 -0.09028646 -0.05724499
  0.17146007  0.21003476  0.27460412  0.31950299  0.35058411  0.35457244] [0.68713247 0.73364218 0.8220055  0.86323679 0.86720056 0.90593621
 0.91430175 0.94469942]
   6 ( 0.000  0.667  0.000)   [-0.17518815 -0.16990658 -0.13273737 -0.13210804 -0.12926561 -0.12723707
 -0.12718124 -0.12599901 -0.12460997 -0.12230185 -0.1010147  -0.03160737
  0.16433652  0.20746265  0.25194816  0.30392314  0.35387186  0.37478312] [0.71593589 0.75557295 0.79646178 0.84125333 0.88545718 0.91785138
 0.9360288  0.93619945]
   7 ( 0.000  0.667  0.333)   [-0.17193162 -0.16955111 -0.13299684 -0.1311255  -0.13082092 -0.12830644
 -0.12686645 -0.1254834  -0.12418083 -0.12305472 -0.09028646 -0.05724499
  0.17146007  0.21003476  0.27460412  0.31950299  0.35058411  0.35457244] [0.68713247 0.73364218 0.8220055  0.86323679 0.86720056 0.90593621
 0.91430175 0.94469942]
   8 ( 0.000  0.667  0.667)   [-0.17193161 -0.16955113 -0.13299679 -0.13112553 -0.13082091 -0.12830647
 -0.12686646 -0.1254834  -0.12418077 -0.12305476 -0.09028646 -0.05724499
  0.17146007  0.21003475  0.27460414  0.31950299  0.35058409  0.35457244] [0.68713254 0.73364215 0.82200533 0.86323691 0.86720056 0.9059362
 0.91430175 0.94469942]
   9 ( 0.333  0.000  0.000)   [-0.17518815 -0.16990658 -0.13273737 -0.13210804 -0.12926561 -0.12723707
 -0.12718124 -0.12599901 -0.12460997 -0.12230185 -0.1010147  -0.03160737
  0.16433652  0.20746265  0.25194816  0.30392314  0.35387186  0.37478312] [0.71593589 0.75557295 0.79646178 0.84125333 0.88545718 0.91785138
 0.9360288  0.93619945]
  10 ( 0.333  0.000  0.333)   [-0.17193162 -0.16955111 -0.13299684 -0.1311255  -0.13082092 -0.12830644
 -0.12686645 -0.1254834  -0.12418083 -0.12305472 -0.09028646 -0.05724499
  0.17146007  0.21003476  0.27460412  0.31950299  0.35058411  0.35457244] [0.68713247 0.73364218 0.8220055  0.86323679 0.86720056 0.90593621
 0.91430175 0.94469942]
  11 ( 0.333  0.000  0.667)   [-0.17193161 -0.16955113 -0.13299679 -0.13112553 -0.13082091 -0.12830647
 -0.12686646 -0.1254834  -0.12418077 -0.12305476 -0.09028646 -0.05724499
  0.17146007  0.21003475  0.27460414  0.31950299  0.35058409  0.35457244] [0.68713254 0.73364215 0.82200533 0.86323691 0.86720056 0.9059362
 0.91430175 0.94469942]
  12 ( 0.333  0.333  0.000)   [-0.17004697 -0.17004665 -0.13461854 -0.12753542 -0.12753489 -0.12677388
 -0.12649342 -0.12649292 -0.12500767 -0.12351985 -0.03770315 -0.0377029
  0.1890905   0.18909058  0.1911723   0.28200438  0.28200446  0.29257026] [0.74298321 0.86182276 0.86182337 0.88031434 0.88031536 0.91201523
 0.91201525 0.92181975]
  13 ( 0.333  0.333  0.333)   [-0.16885721 -0.1688569  -0.13226605 -0.12997765 -0.12997709 -0.12765307
 -0.12523833 -0.12520222 -0.1247592  -0.12475871 -0.03702444 -0.03702419
  0.16229342  0.16229351  0.21199438  0.2614175   0.32773417  0.32773424] [0.7643369  0.76433696 0.79421733 0.88241849 0.90751425 0.90751427
 0.94703568 0.94703622]
  14 ( 0.333  0.333  0.667)   [-0.16885721 -0.1688569  -0.13226605 -0.12997765 -0.12997709 -0.12765307
 -0.12523833 -0.12520222 -0.1247592  -0.12475871 -0.03702444 -0.03702419
  0.16229342  0.16229351  0.21199438  0.2614175   0.32773417  0.32773424] [0.7643369  0.76433696 0.79421733 0.88241849 0.90751425 0.90751427
 0.94703568 0.94703622]
  15 ( 0.333  0.667  0.000)   [-0.17518815 -0.16990658 -0.13273737 -0.13210804 -0.12926561 -0.12723707
 -0.12718124 -0.12599901 -0.12460997 -0.12230185 -0.1010147  -0.03160737
  0.16433652  0.20746265  0.25194816  0.30392314  0.35387186  0.37478312] [0.71593589 0.75557295 0.79646178 0.84125333 0.88545718 0.91785138
 0.9360288  0.93619945]
  16 ( 0.333  0.667  0.333)   [-0.17193161 -0.16955113 -0.13299679 -0.13112553 -0.13082091 -0.12830647
 -0.12686646 -0.1254834  -0.12418077 -0.12305476 -0.09028646 -0.05724499
  0.17146007  0.21003475  0.27460414  0.31950299  0.35058409  0.35457244] [0.68713254 0.73364215 0.82200533 0.86323691 0.86720056 0.9059362
 0.91430175 0.94469942]
  17 ( 0.333  0.667  0.667)   [-0.17193162 -0.16955111 -0.13299684 -0.1311255  -0.13082092 -0.12830644
 -0.12686645 -0.1254834  -0.12418083 -0.12305472 -0.09028646 -0.05724499
  0.17146007  0.21003476  0.27460412  0.31950299  0.35058411  0.35457244] [0.68713247 0.73364218 0.8220055  0.86323679 0.86720056 0.90593621
 0.91430175 0.94469942]
  18 ( 0.667  0.000  0.000)   [-0.17518815 -0.16990658 -0.13273737 -0.13210804 -0.12926561 -0.12723707
 -0.12718124 -0.12599901 -0.12460997 -0.12230185 -0.1010147  -0.03160737
  0.16433652  0.20746265  0.25194816  0.30392314  0.35387186  0.37478312] [0.71593589 0.75557295 0.79646178 0.84125333 0.88545718 0.91785138
 0.9360288  0.93619945]
  19 ( 0.667  0.000  0.333)   [-0.17193161 -0.16955113 -0.13299679 -0.13112553 -0.13082091 -0.12830647
 -0.12686646 -0.1254834  -0.12418077 -0.12305476 -0.09028646 -0.05724499
  0.17146007  0.21003475  0.27460414  0.31950299  0.35058409  0.35457244] [0.68713254 0.73364215 0.82200533 0.86323691 0.86720056 0.9059362
 0.91430175 0.94469942]
  20 ( 0.667  0.000  0.667)   [-0.17193162 -0.16955111 -0.13299684 -0.1311255  -0.13082092 -0.12830644
 -0.12686645 -0.1254834  -0.12418083 -0.12305472 -0.09028646 -0.05724499
  0.17146007  0.21003476  0.27460412  0.31950299  0.35058411  0.35457244] [0.68713247 0.73364218 0.8220055  0.86323679 0.86720056 0.90593621
 0.91430175 0.94469942]
  21 ( 0.667  0.333  0.000)   [-0.17518815 -0.16990658 -0.13273737 -0.13210804 -0.12926561 -0.12723707
 -0.12718124 -0.12599901 -0.12460997 -0.12230185 -0.1010147  -0.03160737
  0.16433652  0.20746265  0.25194816  0.30392314  0.35387186  0.37478312] [0.71593589 0.75557295 0.79646178 0.84125333 0.88545718 0.91785138
 0.9360288  0.93619945]
  22 ( 0.667  0.333  0.333)   [-0.17193162 -0.16955111 -0.13299684 -0.1311255  -0.13082092 -0.12830644
 -0.12686645 -0.1254834  -0.12418083 -0.12305472 -0.09028646 -0.05724499
  0.17146007  0.21003476  0.27460412  0.31950299  0.35058411  0.35457244] [0.68713247 0.73364218 0.8220055  0.86323679 0.86720056 0.90593621
 0.91430175 0.94469942]
  23 ( 0.667  0.333  0.667)   [-0.17193161 -0.16955113 -0.13299679 -0.13112553 -0.13082091 -0.12830647
 -0.12686646 -0.1254834  -0.12418077 -0.12305476 -0.09028646 -0.05724499
  0.17146007  0.21003475  0.27460414  0.31950299  0.35058409  0.35457244] [0.68713254 0.73364215 0.82200533 0.86323691 0.86720056 0.9059362
 0.91430175 0.94469942]
  24 ( 0.667  0.667  0.000)   [-0.17004697 -0.17004665 -0.13461854 -0.12753542 -0.12753489 -0.12677388
 -0.12649342 -0.12649292 -0.12500767 -0.12351985 -0.03770315 -0.0377029
  0.1890905   0.18909058  0.1911723   0.28200438  0.28200446  0.29257026] [0.74298321 0.86182276 0.86182337 0.88031434 0.88031536 0.91201523
 0.91201525 0.92181975]
  25 ( 0.667  0.667  0.333)   [-0.16885721 -0.1688569  -0.13226605 -0.12997765 -0.12997709 -0.12765307
 -0.12523833 -0.12520222 -0.1247592  -0.12475871 -0.03702444 -0.03702419
  0.16229342  0.16229351  0.21199438  0.2614175   0.32773417  0.32773424] [0.7643369  0.76433696 0.79421733 0.88241849 0.90751425 0.90751427
 0.94703568 0.94703622]
  26 ( 0.667  0.667  0.667)   [-0.16885721 -0.1688569  -0.13226605 -0.12997765 -0.12997709 -0.12765307
 -0.12523833 -0.12520222 -0.1247592  -0.12475871 -0.03702444 -0.03702419
  0.16229342  0.16229351  0.21199438  0.2614175   0.32773417  0.32773424] [0.7643369  0.76433696 0.79421733 0.88241849 0.90751425 0.90751427
 0.94703568 0.94703622]
nelec by numeric integration = 35.999999999947285
    CPU time for vxc    280.21 sec, wall time     19.00 sec
    CPU time for vj and vk    258.28 sec, wall time     17.69 sec
Ewald components = 6.77773183084737, -128.779455527716, 5.42224205397643
E1 = (-87.96108944318321+1.5805258336677575e-17j)  Ecoul = 60.821639538035306  Exc = -25.78657249213518
cycle= 3 E= -169.505504040175  delta_E= -1.03  |g|= 0.142  |ddm|= 11.4
    CPU time for cycle= 3    539.18 sec, wall time     36.73 sec
HOMO = 0.403176097899  LUMO = 0.667445164938
     k-point                  mo_energy
   0 ( 0.000  0.000  0.000)   [-0.20040308 -0.17643474 -0.13794305 -0.13750613 -0.13750613 -0.13539754
 -0.13539754 -0.12906965 -0.12906965 -0.12570812 -0.12570812 -0.06184898
  0.11651503  0.35520524  0.35520524  0.40042648  0.4031761   0.4031761 ] [0.66744516 0.67363893 0.78463278 0.78463278 0.80460516 0.8572107
 0.8572107  0.9709737 ]
   1 ( 0.000  0.000  0.333)   [-0.19032588 -0.17833823 -0.13725727 -0.13725727 -0.13618827 -0.13618827
 -0.13217498 -0.12798376 -0.12798376 -0.12631823 -0.12631823 -0.09903743
  0.18800989  0.31766991  0.36631884  0.36631884  0.39022307  0.39022307] [0.6868327  0.71332629 0.80192356 0.80192356 0.805654   0.83809519
 0.83809519 0.91315029]
   2 ( 0.000  0.000  0.667)   [-0.19032588 -0.17833823 -0.13725727 -0.13725727 -0.13618827 -0.13618827
 -0.13217498 -0.12798376 -0.12798376 -0.12631823 -0.12631823 -0.09903743
  0.18800989  0.31766991  0.36631884  0.36631884  0.39022307  0.39022307] [0.6868327  0.71332629 0.80192356 0.80192356 0.805654   0.83809519
 0.83809519 0.91315029]
   3 ( 0.000  0.333  0.000)   [-0.17953056 -0.17376119 -0.13568643 -0.13505379 -0.13218421 -0.13018864
 -0.13014445 -0.1288953  -0.12757436 -0.12522081 -0.10490624 -0.0365357
  0.15935848  0.20252315  0.24634403  0.29815737  0.34743556  0.36813658] [0.71022742 0.74974031 0.79022378 0.83566714 0.87838166 0.91003883
 0.92889    0.92905885]
   4 ( 0.000  0.333  0.333)   [-0.17612428 -0.17349072 -0.13594825 -0.13408268 -0.13376784 -0.1312618
 -0.12977595 -0.12840203 -0.12713754 -0.12598954 -0.09439035 -0.06184234
  0.16640314  0.20467621  0.26910391  0.31357633  0.34417111  0.34822003] [0.68158501 0.72797218 0.81559612 0.85643609 0.8611549  0.89875707
 0.90749379 0.93702474]
   5 ( 0.000  0.333  0.667)   [-0.17612428 -0.17349071 -0.13594824 -0.13408275 -0.13376786 -0.13126174
 -0.12977585 -0.12840208 -0.12713764 -0.12598947 -0.09439035 -0.06184234
  0.16640313  0.20467624  0.26910386  0.31357633  0.34417114  0.34822003] [0.68158491 0.72797223 0.81559632 0.85643594 0.8611549  0.89875704
 0.9074938  0.93702477]
   6 ( 0.000  0.667  0.000)   [-0.17953056 -0.17376119 -0.13568643 -0.13505379 -0.13218421 -0.13018864
 -0.13014445 -0.1288953  -0.12757436 -0.12522081 -0.10490624 -0.0365357
  0.15935848  0.20252315  0.24634403  0.29815737  0.34743556  0.36813658] [0.71022742 0.74974031 0.79022378 0.83566714 0.87838166 0.91003883
 0.92889    0.92905885]
   7 ( 0.000  0.667  0.333)   [-0.17612428 -0.17349071 -0.13594824 -0.13408275 -0.13376786 -0.13126174
 -0.12977585 -0.12840208 -0.12713764 -0.12598947 -0.09439035 -0.06184234
  0.16640313  0.20467624  0.26910386  0.31357633  0.34417114  0.34822003] [0.68158491 0.72797223 0.81559632 0.85643594 0.8611549  0.89875704
 0.9074938  0.93702477]
   8 ( 0.000  0.667  0.667)   [-0.17612428 -0.17349072 -0.13594825 -0.13408268 -0.13376784 -0.1312618
 -0.12977595 -0.12840203 -0.12713754 -0.12598954 -0.09439035 -0.06184234
  0.16640314  0.20467621  0.26910391  0.31357633  0.34417111  0.34822003] [0.68158501 0.72797218 0.81559612 0.85643609 0.8611549  0.89875707
 0.90749379 0.93702474]
   9 ( 0.333  0.000  0.000)   [-0.17953056 -0.17376119 -0.13568643 -0.13505379 -0.13218421 -0.13018864
 -0.13014445 -0.1288953  -0.12757436 -0.12522081 -0.10490624 -0.0365357
  0.15935848  0.20252315  0.24634403  0.29815737  0.34743556  0.36813658] [0.71022742 0.74974031 0.79022378 0.83566714 0.87838166 0.91003883
 0.92889    0.92905885]
  10 ( 0.333  0.000  0.333)   [-0.17612428 -0.17349071 -0.13594824 -0.13408275 -0.13376786 -0.13126174
 -0.12977585 -0.12840208 -0.12713764 -0.12598947 -0.09439035 -0.06184234
  0.16640313  0.20467624  0.26910386  0.31357633  0.34417114  0.34822003] [0.68158491 0.72797223 0.81559632 0.85643594 0.8611549  0.89875704
 0.9074938  0.93702477]
  11 ( 0.333  0.000  0.667)   [-0.17612428 -0.17349072 -0.13594825 -0.13408268 -0.13376784 -0.1312618
 -0.12977595 -0.12840203 -0.12713754 -0.12598954 -0.09439035 -0.06184234
  0.16640314  0.20467621  0.26910391  0.31357633  0.34417111  0.34822003] [0.68158501 0.72797218 0.81559612 0.85643609 0.8611549  0.89875707
 0.90749379 0.93702474]
  12 ( 0.333  0.333  0.000)   [-0.17395028 -0.17394984 -0.13755914 -0.13047844 -0.13047787 -0.1297374
 -0.12938026 -0.12937969 -0.12798215 -0.12643728 -0.04255887 -0.0425585
  0.18399309  0.18399328  0.1864187   0.27638984  0.27638985  0.28700969] [0.73662615 0.85488784 0.85488845 0.87372706 0.87372824 0.90511444
 0.90511445 0.91348966]
  13 ( 0.333  0.333  0.333)   [-0.17275122 -0.17275079 -0.13519978 -0.13291736 -0.13291677 -0.13058625
 -0.12821272 -0.12816031 -0.12765594 -0.12765539 -0.04191686 -0.04191649
  0.15742969  0.15742987  0.20710975  0.25615546  0.32161572  0.32161575] [0.7583103  0.75831034 0.78727621 0.87451681 0.9007553  0.90075534
 0.93987623 0.93987694]
  14 ( 0.333  0.333  0.667)   [-0.17275122 -0.17275079 -0.13519978 -0.13291736 -0.13291677 -0.13058625
 -0.12821272 -0.12816031 -0.12765594 -0.12765539 -0.04191686 -0.04191649
  0.15742969  0.15742987  0.20710975  0.25615546  0.32161572  0.32161575] [0.7583103  0.75831034 0.78727621 0.87451681 0.9007553  0.90075534
 0.93987623 0.93987694]
  15 ( 0.333  0.667  0.000)   [-0.17953056 -0.17376119 -0.13568643 -0.13505379 -0.13218421 -0.13018864
 -0.13014445 -0.1288953  -0.12757436 -0.12522081 -0.10490624 -0.0365357
  0.15935848  0.20252315  0.24634403  0.29815737  0.34743556  0.36813658] [0.71022742 0.74974031 0.79022378 0.83566714 0.87838166 0.91003883
 0.92889    0.92905885]
  16 ( 0.333  0.667  0.333)   [-0.17612428 -0.17349072 -0.13594825 -0.13408268 -0.13376784 -0.1312618
 -0.12977595 -0.12840203 -0.12713754 -0.12598954 -0.09439035 -0.06184234
  0.16640314  0.20467621  0.26910391  0.31357633  0.34417111  0.34822003] [0.68158501 0.72797218 0.81559612 0.85643609 0.8611549  0.89875707
 0.90749379 0.93702474]
  17 ( 0.333  0.667  0.667)   [-0.17612428 -0.17349071 -0.13594824 -0.13408275 -0.13376786 -0.13126174
 -0.12977585 -0.12840208 -0.12713764 -0.12598947 -0.09439035 -0.06184234
  0.16640313  0.20467624  0.26910386  0.31357633  0.34417114  0.34822003] [0.68158491 0.72797223 0.81559632 0.85643594 0.8611549  0.89875704
 0.9074938  0.93702477]
  18 ( 0.667  0.000  0.000)   [-0.17953056 -0.17376119 -0.13568643 -0.13505379 -0.13218421 -0.13018864
 -0.13014445 -0.1288953  -0.12757436 -0.12522081 -0.10490624 -0.0365357
  0.15935848  0.20252315  0.24634403  0.29815737  0.34743556  0.36813658] [0.71022742 0.74974031 0.79022378 0.83566714 0.87838166 0.91003883
 0.92889    0.92905885]
  19 ( 0.667  0.000  0.333)   [-0.17612428 -0.17349072 -0.13594825 -0.13408268 -0.13376784 -0.1312618
 -0.12977595 -0.12840203 -0.12713754 -0.12598954 -0.09439035 -0.06184234
  0.16640314  0.20467621  0.26910391  0.31357633  0.34417111  0.34822003] [0.68158501 0.72797218 0.81559612 0.85643609 0.8611549  0.89875707
 0.90749379 0.93702474]
  20 ( 0.667  0.000  0.667)   [-0.17612428 -0.17349071 -0.13594824 -0.13408275 -0.13376786 -0.13126174
 -0.12977585 -0.12840208 -0.12713764 -0.12598947 -0.09439035 -0.06184234
  0.16640313  0.20467624  0.26910386  0.31357633  0.34417114  0.34822003] [0.68158491 0.72797223 0.81559632 0.85643594 0.8611549  0.89875704
 0.9074938  0.93702477]
  21 ( 0.667  0.333  0.000)   [-0.17953056 -0.17376119 -0.13568643 -0.13505379 -0.13218421 -0.13018864
 -0.13014445 -0.1288953  -0.12757436 -0.12522081 -0.10490624 -0.0365357
  0.15935848  0.20252315  0.24634403  0.29815737  0.34743556  0.36813658] [0.71022742 0.74974031 0.79022378 0.83566714 0.87838166 0.91003883
 0.92889    0.92905885]
  22 ( 0.667  0.333  0.333)   [-0.17612428 -0.17349071 -0.13594824 -0.13408275 -0.13376786 -0.13126174
 -0.12977585 -0.12840208 -0.12713764 -0.12598947 -0.09439035 -0.06184234
  0.16640313  0.20467624  0.26910386  0.31357633  0.34417114  0.34822003] [0.68158491 0.72797223 0.81559632 0.85643594 0.8611549  0.89875704
 0.9074938  0.93702477]
  23 ( 0.667  0.333  0.667)   [-0.17612428 -0.17349072 -0.13594825 -0.13408268 -0.13376784 -0.1312618
 -0.12977595 -0.12840203 -0.12713754 -0.12598954 -0.09439035 -0.06184234
  0.16640314  0.20467621  0.26910391  0.31357633  0.34417111  0.34822003] [0.68158501 0.72797218 0.81559612 0.85643609 0.8611549  0.89875707
 0.90749379 0.93702474]
  24 ( 0.667  0.667  0.000)   [-0.17395028 -0.17394984 -0.13755914 -0.13047844 -0.13047787 -0.1297374
 -0.12938026 -0.12937969 -0.12798215 -0.12643728 -0.04255887 -0.0425585
  0.18399309  0.18399328  0.1864187   0.27638984  0.27638985  0.28700969] [0.73662615 0.85488784 0.85488845 0.87372706 0.87372824 0.90511444
 0.90511445 0.91348966]
  25 ( 0.667  0.667  0.333)   [-0.17275122 -0.17275079 -0.13519978 -0.13291736 -0.13291677 -0.13058625
 -0.12821272 -0.12816031 -0.12765594 -0.12765539 -0.04191686 -0.04191649
  0.15742969  0.15742987  0.20710975  0.25615546  0.32161572  0.32161575] [0.7583103  0.75831034 0.78727621 0.87451681 0.9007553  0.90075534
 0.93987623 0.93987694]
  26 ( 0.667  0.667  0.667)   [-0.17275122 -0.17275079 -0.13519978 -0.13291736 -0.13291677 -0.13058625
 -0.12821272 -0.12816031 -0.12765594 -0.12765539 -0.04191686 -0.04191649
  0.15742969  0.15742987  0.20710975  0.25615546  0.32161572  0.32161575] [0.7583103  0.75831034 0.78727621 0.87451681 0.9007553  0.90075534
 0.93987623 0.93987694]
nelec by numeric integration = 35.99999999994715
    CPU time for vxc    272.91 sec, wall time     18.24 sec
    CPU time for vj and vk    254.28 sec, wall time     17.00 sec
Ewald components = 6.77773183084737, -128.779455527716, 5.42224205397643
E1 = (-87.96193014859477+1.3106799596269209e-17j)  Ecoul = 60.83370659029545  Exc = -25.798037262749858
cycle= 4 E= -169.505742463941  delta_E= -0.000238  |g|= 0.00424  |ddm|= 0.182
    CPU time for cycle= 4    527.90 sec, wall time     35.29 sec
HOMO = 0.403095392096  LUMO = 0.667438588587
     k-point                  mo_energy
   0 ( 0.000  0.000  0.000)   [-0.20044439 -0.17642383 -0.13787917 -0.13743323 -0.13743323 -0.13532149
 -0.13532149 -0.128997   -0.128997   -0.12563733 -0.12563733 -0.06186414
  0.11652133  0.35514133  0.35514133  0.40036033  0.40309539  0.40309539] [0.66743859 0.67362181 0.78467449 0.78467449 0.80462625 0.85723096
 0.85723096 0.97095252]
   1 ( 0.000  0.000  0.333)   [-0.19036013 -0.17834052 -0.13718374 -0.13718374 -0.13611321 -0.13611321
 -0.13212116 -0.12791144 -0.12791144 -0.12624678 -0.12624678 -0.09902573
  0.18799717  0.31762912  0.36625169  0.36625169  0.39014769  0.39014769] [0.68681649 0.7133011  0.80195893 0.80195893 0.80567026 0.83812001
 0.83812001 0.91313608]
   2 ( 0.000  0.000  0.667)   [-0.19036013 -0.17834052 -0.13718374 -0.13718374 -0.13611321 -0.13611321
 -0.13212116 -0.12791144 -0.12791144 -0.12624678 -0.12624678 -0.09902573
  0.18799717  0.31762912  0.36625169  0.36625169  0.39014769  0.39014769] [0.68681649 0.7133011  0.80195893 0.80195893 0.80567026 0.83812001
 0.83812001 0.91313608]
   3 ( 0.000  0.333  0.000)   [-0.17953782 -0.17374238 -0.13561747 -0.13498512 -0.13211591 -0.13011454
 -0.13006813 -0.12882668 -0.12749652 -0.12514876 -0.10487373 -0.03655716
  0.15935506  0.20249263  0.2462988   0.29810866  0.34738984  0.36806815] [0.71023329 0.74974011 0.79024304 0.83569577 0.8783522  0.91001646
 0.92888146 0.92905855]
   4 ( 0.000  0.333  0.333)   [-0.17612325 -0.17347621 -0.13587888 -0.13401179 -0.13369788 -0.13118803
 -0.12970695 -0.1283319  -0.1270606  -0.12591543 -0.09437053 -0.06184887
  0.16638619  0.20464464  0.2690681   0.31352423  0.3441181   0.34815846] [0.6816027  0.72797797 0.81559571 0.85642785 0.86117445 0.89873611
 0.90749927 0.93700491]
   5 ( 0.000  0.333  0.667)   [-0.17612325 -0.1734762  -0.1358789  -0.1340118  -0.1336979  -0.13118798
 -0.12970689 -0.12833193 -0.12706068 -0.12591538 -0.09437053 -0.06184887
  0.16638619  0.20464464  0.26906808  0.31352423  0.34411812  0.34815846] [0.6816026  0.72797801 0.81559596 0.85642765 0.86117445 0.89873605
 0.90749927 0.93700497]
   6 ( 0.000  0.667  0.000)   [-0.17953782 -0.17374238 -0.13561747 -0.13498512 -0.13211591 -0.13011454
 -0.13006813 -0.12882668 -0.12749652 -0.12514876 -0.10487373 -0.03655716
  0.15935506  0.20249263  0.2462988   0.29810866  0.34738984  0.36806815] [0.71023329 0.74974011 0.79024304 0.83569577 0.8783522  0.91001646
 0.92888146 0.92905855]
   7 ( 0.000  0.667  0.333)   [-0.17612325 -0.1734762  -0.1358789  -0.1340118  -0.1336979  -0.13118798
 -0.12970689 -0.12833193 -0.12706068 -0.12591538 -0.09437053 -0.06184887
  0.16638619  0.20464464  0.26906808  0.31352423  0.34411812  0.34815846] [0.6816026  0.72797801 0.81559596 0.85642765 0.86117445 0.89873605
 0.90749927 0.93700497]
   8 ( 0.000  0.667  0.667)   [-0.17612325 -0.17347621 -0.13587888 -0.13401179 -0.13369788 -0.13118803
 -0.12970695 -0.1283319  -0.1270606  -0.12591543 -0.09437053 -0.06184887
  0.16638619  0.20464464  0.2690681   0.31352423  0.3441181   0.34815846] [0.6816027  0.72797797 0.81559571 0.85642785 0.86117445 0.89873611
 0.90749927 0.93700491]
   9 ( 0.333  0.000  0.000)   [-0.17953782 -0.17374238 -0.13561747 -0.13498512 -0.13211591 -0.13011454
 -0.13006813 -0.12882668 -0.12749652 -0.12514876 -0.10487373 -0.03655716
  0.15935506  0.20249263  0.2462988   0.29810866  0.34738984  0.36806815] [0.71023329 0.74974011 0.79024304 0.83569577 0.8783522  0.91001646
 0.92888146 0.92905855]
  10 ( 0.333  0.000  0.333)   [-0.17612325 -0.1734762  -0.1358789  -0.1340118  -0.1336979  -0.13118798
 -0.12970689 -0.12833193 -0.12706068 -0.12591538 -0.09437053 -0.06184887
  0.16638619  0.20464464  0.26906808  0.31352423  0.34411812  0.34815846] [0.6816026  0.72797801 0.81559596 0.85642765 0.86117445 0.89873605
 0.90749927 0.93700497]
  11 ( 0.333  0.000  0.667)   [-0.17612325 -0.17347621 -0.13587888 -0.13401179 -0.13369788 -0.13118803
 -0.12970695 -0.1283319  -0.1270606  -0.12591543 -0.09437053 -0.06184887
  0.16638619  0.20464464  0.2690681   0.31352423  0.3441181   0.34815846] [0.6816027  0.72797797 0.81559571 0.85642785 0.86117445 0.89873611
 0.90749927 0.93700491]
  12 ( 0.333  0.333  0.000)   [-0.17393402 -0.17393368 -0.1374924  -0.13040646 -0.13040592 -0.12965854
 -0.12931152 -0.12931097 -0.1279024  -0.12636679 -0.04256676 -0.0425665
  0.18396286  0.18396295  0.18639358  0.27635985  0.27635996  0.28696601] [0.73663559 0.85489764 0.85489826 0.8737288  0.87372986 0.9050809
 0.90508102 0.91346408]
  13 ( 0.333  0.333  0.333)   [-0.17273419 -0.17273386 -0.13513224 -0.13284679 -0.13284621 -0.13051339
 -0.1281332  -0.1280847  -0.12758646 -0.12758593 -0.04192647 -0.04192621
  0.15741008  0.15741018  0.20708218  0.25611943  0.3215679   0.321568  ] [0.75833123 0.75833132 0.7872741  0.87449804 0.90072588 0.90072597
 0.9398732  0.93987383]
  14 ( 0.333  0.333  0.667)   [-0.17273419 -0.17273386 -0.13513224 -0.13284679 -0.13284621 -0.13051339
 -0.1281332  -0.1280847  -0.12758646 -0.12758593 -0.04192647 -0.04192621
  0.15741008  0.15741018  0.20708218  0.25611943  0.3215679   0.321568  ] [0.75833123 0.75833132 0.7872741  0.87449804 0.90072588 0.90072597
 0.9398732  0.93987383]
  15 ( 0.333  0.667  0.000)   [-0.17953782 -0.17374238 -0.13561747 -0.13498512 -0.13211591 -0.13011454
 -0.13006813 -0.12882668 -0.12749652 -0.12514876 -0.10487373 -0.03655716
  0.15935506  0.20249263  0.2462988   0.29810866  0.34738984  0.36806815] [0.71023329 0.74974011 0.79024304 0.83569577 0.8783522  0.91001646
 0.92888146 0.92905855]
  16 ( 0.333  0.667  0.333)   [-0.17612325 -0.17347621 -0.13587888 -0.13401179 -0.13369788 -0.13118803
 -0.12970695 -0.1283319  -0.1270606  -0.12591543 -0.09437053 -0.06184887
  0.16638619  0.20464464  0.2690681   0.31352423  0.3441181   0.34815846] [0.6816027  0.72797797 0.81559571 0.85642785 0.86117445 0.89873611
 0.90749927 0.93700491]
  17 ( 0.333  0.667  0.667)   [-0.17612325 -0.1734762  -0.1358789  -0.1340118  -0.1336979  -0.13118798
 -0.12970689 -0.12833193 -0.12706068 -0.12591538 -0.09437053 -0.06184887
  0.16638619  0.20464464  0.26906808  0.31352423  0.34411812  0.34815846] [0.6816026  0.72797801 0.81559596 0.85642765 0.86117445 0.89873605
 0.90749927 0.93700497]
  18 ( 0.667  0.000  0.000)   [-0.17953782 -0.17374238 -0.13561747 -0.13498512 -0.13211591 -0.13011454
 -0.13006813 -0.12882668 -0.12749652 -0.12514876 -0.10487373 -0.03655716
  0.15935506  0.20249263  0.2462988   0.29810866  0.34738984  0.36806815] [0.71023329 0.74974011 0.79024304 0.83569577 0.8783522  0.91001646
 0.92888146 0.92905855]
  19 ( 0.667  0.000  0.333)   [-0.17612325 -0.17347621 -0.13587888 -0.13401179 -0.13369788 -0.13118803
 -0.12970695 -0.1283319  -0.1270606  -0.12591543 -0.09437053 -0.06184887
  0.16638619  0.20464464  0.2690681   0.31352423  0.3441181   0.34815846] [0.6816027  0.72797797 0.81559571 0.85642785 0.86117445 0.89873611
 0.90749927 0.93700491]
  20 ( 0.667  0.000  0.667)   [-0.17612325 -0.1734762  -0.1358789  -0.1340118  -0.1336979  -0.13118798
 -0.12970689 -0.12833193 -0.12706068 -0.12591538 -0.09437053 -0.06184887
  0.16638619  0.20464464  0.26906808  0.31352423  0.34411812  0.34815846] [0.6816026  0.72797801 0.81559596 0.85642765 0.86117445 0.89873605
 0.90749927 0.93700497]
  21 ( 0.667  0.333  0.000)   [-0.17953782 -0.17374238 -0.13561747 -0.13498512 -0.13211591 -0.13011454
 -0.13006813 -0.12882668 -0.12749652 -0.12514876 -0.10487373 -0.03655716
  0.15935506  0.20249263  0.2462988   0.29810866  0.34738984  0.36806815] [0.71023329 0.74974011 0.79024304 0.83569577 0.8783522  0.91001646
 0.92888146 0.92905855]
  22 ( 0.667  0.333  0.333)   [-0.17612325 -0.1734762  -0.1358789  -0.1340118  -0.1336979  -0.13118798
 -0.12970689 -0.12833193 -0.12706068 -0.12591538 -0.09437053 -0.06184887
  0.16638619  0.20464464  0.26906808  0.31352423  0.34411812  0.34815846] [0.6816026  0.72797801 0.81559596 0.85642765 0.86117445 0.89873605
 0.90749927 0.93700497]
  23 ( 0.667  0.333  0.667)   [-0.17612325 -0.17347621 -0.13587888 -0.13401179 -0.13369788 -0.13118803
 -0.12970695 -0.1283319  -0.1270606  -0.12591543 -0.09437053 -0.06184887
  0.16638619  0.20464464  0.2690681   0.31352423  0.3441181   0.34815846] [0.6816027  0.72797797 0.81559571 0.85642785 0.86117445 0.89873611
 0.90749927 0.93700491]
  24 ( 0.667  0.667  0.000)   [-0.17393402 -0.17393368 -0.1374924  -0.13040646 -0.13040592 -0.12965854
 -0.12931152 -0.12931097 -0.1279024  -0.12636679 -0.04256676 -0.0425665
  0.18396286  0.18396295  0.18639358  0.27635985  0.27635996  0.28696601] [0.73663559 0.85489764 0.85489826 0.8737288  0.87372986 0.9050809
 0.90508102 0.91346408]
  25 ( 0.667  0.667  0.333)   [-0.17273419 -0.17273386 -0.13513224 -0.13284679 -0.13284621 -0.13051339
 -0.1281332  -0.1280847  -0.12758646 -0.12758593 -0.04192647 -0.04192621
  0.15741008  0.15741018  0.20708218  0.25611943  0.3215679   0.321568  ] [0.75833123 0.75833132 0.7872741  0.87449804 0.90072588 0.90072597
 0.9398732  0.93987383]
  26 ( 0.667  0.667  0.667)   [-0.17273419 -0.17273386 -0.13513224 -0.13284679 -0.13284621 -0.13051339
 -0.1281332  -0.1280847  -0.12758646 -0.12758593 -0.04192647 -0.04192621
  0.15741008  0.15741018  0.20708218  0.25611943  0.3215679   0.321568  ] [0.75833123 0.75833132 0.7872741  0.87449804 0.90072588 0.90072597
 0.9398732  0.93987383]
nelec by numeric integration = 35.99999999994715
    CPU time for vxc    274.87 sec, wall time     18.37 sec
    CPU time for vj and vk    258.50 sec, wall time     17.28 sec
Ewald components = 6.77773183084737, -128.779455527716, 5.42224205397643
E1 = (-87.9619804748358+1.4520277984102163e-17j)  Ecoul = 60.8340956593525  Exc = -25.798376217685814
cycle= 5 E= -169.505742676061  delta_E= -2.12e-07  |g|= 0.000232  |ddm|= 0.00519
    CPU time for cycle= 5    534.05 sec, wall time     35.69 sec
HOMO = 0.40309119613  LUMO = 0.667436194582
     k-point                  mo_energy
   0 ( 0.000  0.000  0.000)   [-0.20044705 -0.17642381 -0.13787577 -0.13743014 -0.13743014 -0.13531842
 -0.13531842 -0.12899347 -0.12899347 -0.12563371 -0.12563371 -0.06186298
  0.11651721  0.35513782  0.35513782  0.40035484  0.4030912   0.4030912 ] [0.66743619 0.6736246  0.78467462 0.78467462 0.80462782 0.85723021
 0.85723021 0.9709467 ]
   1 ( 0.000  0.000  0.333)   [-0.19036248 -0.17834124 -0.13718065 -0.13718065 -0.13611013 -0.13611013
 -0.13211807 -0.1279079  -0.1279079  -0.12624319 -0.12624319 -0.09902419
  0.18799308  0.31762431  0.36624806  0.36624806  0.39014371  0.39014371] [0.68681949 0.71330279 0.8019588  0.8019588  0.80566701 0.83811944
 0.83811944 0.91313051]
   2 ( 0.000  0.000  0.667)   [-0.19036248 -0.17834124 -0.13718065 -0.13718065 -0.13611013 -0.13611013
 -0.13211807 -0.1279079  -0.1279079  -0.12624319 -0.12624319 -0.09902419
  0.18799308  0.31762431  0.36624806  0.36624806  0.39014371  0.39014371] [0.68681949 0.71330279 0.8019588  0.8019588  0.80566701 0.83811944
 0.83811944 0.91313051]
   3 ( 0.000  0.333  0.000)   [-0.17953848 -0.17374177 -0.13561422 -0.13498174 -0.13211245 -0.13011118
 -0.13006493 -0.12882301 -0.12749322 -0.12514518 -0.10487313 -0.03655792
  0.15935212  0.20249085  0.24629723  0.29810583  0.34738502  0.36806459] [0.71023337 0.74974049 0.79023913 0.83569486 0.87835178 0.91001352
 0.92887872 0.92905655]
   4 ( 0.000  0.333  0.333)   [-0.17612352 -0.17347582 -0.1358756  -0.13400847 -0.13369452 -0.13118477
 -0.12970342 -0.12832841 -0.12705724 -0.12591195 -0.09437029 -0.06184935
  0.16638403  0.20464273  0.26906515  0.31352127  0.34411383  0.34815515] [0.68160163 0.72797812 0.81559381 0.85642573 0.86117321 0.89873473
 0.90749749 0.93700208]
   5 ( 0.000  0.333  0.667)   [-0.17612352 -0.17347581 -0.1358756  -0.13400851 -0.13369455 -0.13118472
 -0.12970334 -0.12832845 -0.12705734 -0.12591189 -0.09437028 -0.06184936
  0.16638402  0.20464278  0.26906509  0.31352127  0.34411387  0.34815516] [0.68160154 0.72797817 0.81559398 0.85642561 0.86117321 0.89873472
 0.9074975  0.93700209]
   6 ( 0.000  0.667  0.000)   [-0.17953848 -0.17374177 -0.13561422 -0.13498174 -0.13211245 -0.13011118
 -0.13006493 -0.12882301 -0.12749322 -0.12514518 -0.10487313 -0.03655792
  0.15935212  0.20249085  0.24629723  0.29810583  0.34738502  0.36806459] [0.71023337 0.74974049 0.79023913 0.83569486 0.87835178 0.91001352
 0.92887872 0.92905655]
   7 ( 0.000  0.667  0.333)   [-0.17612352 -0.17347581 -0.1358756  -0.13400851 -0.13369455 -0.13118472
 -0.12970334 -0.12832845 -0.12705734 -0.12591189 -0.09437028 -0.06184936
  0.16638402  0.20464278  0.26906509  0.31352127  0.34411387  0.34815516] [0.68160154 0.72797817 0.81559398 0.85642561 0.86117321 0.89873472
 0.9074975  0.93700209]
   8 ( 0.000  0.667  0.667)   [-0.17612352 -0.17347582 -0.1358756  -0.13400847 -0.13369452 -0.13118477
 -0.12970342 -0.12832841 -0.12705724 -0.12591195 -0.09437029 -0.06184935
  0.16638403  0.20464273  0.26906515  0.31352127  0.34411383  0.34815515] [0.68160163 0.72797812 0.81559381 0.85642573 0.86117321 0.89873473
 0.90749749 0.93700208]
   9 ( 0.333  0.000  0.000)   [-0.17953848 -0.17374177 -0.13561422 -0.13498174 -0.13211245 -0.13011118
 -0.13006493 -0.12882301 -0.12749322 -0.12514518 -0.10487313 -0.03655792
  0.15935212  0.20249085  0.24629723  0.29810583  0.34738502  0.36806459] [0.71023337 0.74974049 0.79023913 0.83569486 0.87835178 0.91001352
 0.92887872 0.92905655]
  10 ( 0.333  0.000  0.333)   [-0.17612352 -0.17347581 -0.1358756  -0.13400851 -0.13369455 -0.13118472
 -0.12970334 -0.12832845 -0.12705734 -0.12591189 -0.09437028 -0.06184936
  0.16638402  0.20464278  0.26906509  0.31352127  0.34411387  0.34815516] [0.68160154 0.72797817 0.81559398 0.85642561 0.86117321 0.89873472
 0.9074975  0.93700209]
  11 ( 0.333  0.000  0.667)   [-0.17612352 -0.17347582 -0.1358756  -0.13400847 -0.13369452 -0.13118477
 -0.12970342 -0.12832841 -0.12705724 -0.12591195 -0.09437029 -0.06184935
  0.16638403  0.20464273  0.26906515  0.31352127  0.34411383  0.34815515] [0.68160163 0.72797812 0.81559381 0.85642573 0.86117321 0.89873473
 0.90749749 0.93700208]
  12 ( 0.333  0.333  0.000)   [-0.17393348 -0.17393302 -0.13748896 -0.13040322 -0.13040265 -0.12965537
 -0.12930785 -0.12930729 -0.12789917 -0.12636314 -0.04256832 -0.04256791
  0.18396241  0.18396262  0.18639169  0.27635583  0.27635588  0.28696355] [0.73663352 0.8548928  0.85489333 0.87372758 0.87372875 0.90508169
 0.90508176 0.91346069]
  13 ( 0.333  0.333  0.333)   [-0.17273362 -0.17273317 -0.13512878 -0.13284346 -0.13284287 -0.13051005
 -0.12812996 -0.12808127 -0.12758292 -0.12758237 -0.04192809 -0.04192767
  0.15740929  0.15740949  0.20708021  0.25611721  0.32156406  0.32156408] [0.7583281  0.75832811 0.78727161 0.87449492 0.90072675 0.90072683
 0.93987056 0.93987127]
  14 ( 0.333  0.333  0.667)   [-0.17273362 -0.17273317 -0.13512878 -0.13284346 -0.13284287 -0.13051005
 -0.12812996 -0.12808127 -0.12758292 -0.12758237 -0.04192809 -0.04192767
  0.15740929  0.15740949  0.20708021  0.25611721  0.32156406  0.32156408] [0.7583281  0.75832811 0.78727161 0.87449492 0.90072675 0.90072683
 0.93987056 0.93987127]
  15 ( 0.333  0.667  0.000)   [-0.17953848 -0.17374177 -0.13561422 -0.13498174 -0.13211245 -0.13011118
 -0.13006493 -0.12882301 -0.12749322 -0.12514518 -0.10487313 -0.03655792
  0.15935212  0.20249085  0.24629723  0.29810583  0.34738502  0.36806459] [0.71023337 0.74974049 0.79023913 0.83569486 0.87835178 0.91001352
 0.92887872 0.92905655]
  16 ( 0.333  0.667  0.333)   [-0.17612352 -0.17347582 -0.1358756  -0.13400847 -0.13369452 -0.13118477
 -0.12970342 -0.12832841 -0.12705724 -0.12591195 -0.09437029 -0.06184935
  0.16638403  0.20464273  0.26906515  0.31352127  0.34411383  0.34815515] [0.68160163 0.72797812 0.81559381 0.85642573 0.86117321 0.89873473
 0.90749749 0.93700208]
  17 ( 0.333  0.667  0.667)   [-0.17612352 -0.17347581 -0.1358756  -0.13400851 -0.13369455 -0.13118472
 -0.12970334 -0.12832845 -0.12705734 -0.12591189 -0.09437028 -0.06184936
  0.16638402  0.20464278  0.26906509  0.31352127  0.34411387  0.34815516] [0.68160154 0.72797817 0.81559398 0.85642561 0.86117321 0.89873472
 0.9074975  0.93700209]
  18 ( 0.667  0.000  0.000)   [-0.17953848 -0.17374177 -0.13561422 -0.13498174 -0.13211245 -0.13011118
 -0.13006493 -0.12882301 -0.12749322 -0.12514518 -0.10487313 -0.03655792
  0.15935212  0.20249085  0.24629723  0.29810583  0.34738502  0.36806459] [0.71023337 0.74974049 0.79023913 0.83569486 0.87835178 0.91001352
 0.92887872 0.92905655]
  19 ( 0.667  0.000  0.333)   [-0.17612352 -0.17347582 -0.1358756  -0.13400847 -0.13369452 -0.13118477
 -0.12970342 -0.12832841 -0.12705724 -0.12591195 -0.09437029 -0.06184935
  0.16638403  0.20464273  0.26906515  0.31352127  0.34411383  0.34815515] [0.68160163 0.72797812 0.81559381 0.85642573 0.86117321 0.89873473
 0.90749749 0.93700208]
  20 ( 0.667  0.000  0.667)   [-0.17612352 -0.17347581 -0.1358756  -0.13400851 -0.13369455 -0.13118472
 -0.12970334 -0.12832845 -0.12705734 -0.12591189 -0.09437028 -0.06184936
  0.16638402  0.20464278  0.26906509  0.31352127  0.34411387  0.34815516] [0.68160154 0.72797817 0.81559398 0.85642561 0.86117321 0.89873472
 0.9074975  0.93700209]
  21 ( 0.667  0.333  0.000)   [-0.17953848 -0.17374177 -0.13561422 -0.13498174 -0.13211245 -0.13011118
 -0.13006493 -0.12882301 -0.12749322 -0.12514518 -0.10487313 -0.03655792
  0.15935212  0.20249085  0.24629723  0.29810583  0.34738502  0.36806459] [0.71023337 0.74974049 0.79023913 0.83569486 0.87835178 0.91001352
 0.92887872 0.92905655]
  22 ( 0.667  0.333  0.333)   [-0.17612352 -0.17347581 -0.1358756  -0.13400851 -0.13369455 -0.13118472
 -0.12970334 -0.12832845 -0.12705734 -0.12591189 -0.09437028 -0.06184936
  0.16638402  0.20464278  0.26906509  0.31352127  0.34411387  0.34815516] [0.68160154 0.72797817 0.81559398 0.85642561 0.86117321 0.89873472
 0.9074975  0.93700209]
  23 ( 0.667  0.333  0.667)   [-0.17612352 -0.17347582 -0.1358756  -0.13400847 -0.13369452 -0.13118477
 -0.12970342 -0.12832841 -0.12705724 -0.12591195 -0.09437029 -0.06184935
  0.16638403  0.20464273  0.26906515  0.31352127  0.34411383  0.34815515] [0.68160163 0.72797812 0.81559381 0.85642573 0.86117321 0.89873473
 0.90749749 0.93700208]
  24 ( 0.667  0.667  0.000)   [-0.17393348 -0.17393302 -0.13748896 -0.13040322 -0.13040265 -0.12965537
 -0.12930785 -0.12930729 -0.12789917 -0.12636314 -0.04256832 -0.04256791
  0.18396241  0.18396262  0.18639169  0.27635583  0.27635588  0.28696355] [0.73663352 0.8548928  0.85489333 0.87372758 0.87372875 0.90508169
 0.90508176 0.91346069]
  25 ( 0.667  0.667  0.333)   [-0.17273362 -0.17273317 -0.13512878 -0.13284346 -0.13284287 -0.13051005
 -0.12812996 -0.12808127 -0.12758292 -0.12758237 -0.04192809 -0.04192767
  0.15740929  0.15740949  0.20708021  0.25611721  0.32156406  0.32156408] [0.7583281  0.75832811 0.78727161 0.87449492 0.90072675 0.90072683
 0.93987056 0.93987127]
  26 ( 0.667  0.667  0.667)   [-0.17273362 -0.17273317 -0.13512878 -0.13284346 -0.13284287 -0.13051005
 -0.12812996 -0.12808127 -0.12758292 -0.12758237 -0.04192809 -0.04192767
  0.15740929  0.15740949  0.20708021  0.25611721  0.32156406  0.32156408] [0.7583281  0.75832811 0.78727161 0.87449492 0.90072675 0.90072683
 0.93987056 0.93987127]
nelec by numeric integration = 35.99999999994715
    CPU time for vxc    273.48 sec, wall time     18.28 sec
    CPU time for vj and vk    260.09 sec, wall time     17.38 sec
Ewald components = 6.77773183084737, -128.779455527716, 5.42224205397643
E1 = (-87.96198029223203+1.3620791737299373e-17j)  Ecoul = 60.834111200106314  Exc = -25.79839194171057
cycle= 6 E= -169.505742676728  delta_E= -6.67e-10  |g|= 2.8e-05  |ddm|= 0.000291
    CPU time for cycle= 6    534.26 sec, wall time     35.71 sec
HOMO = 0.403089428915  LUMO = 0.667435384421
     k-point                  mo_energy
   0 ( 0.000  0.000  0.000)   [-0.20044808 -0.17642396 -0.13787499 -0.1374294  -0.1374294  -0.13531767
 -0.13531767 -0.12899264 -0.12899264 -0.12563287 -0.12563287 -0.06186339
  0.11651666  0.35513635  0.35513635  0.40035313  0.40308943  0.40308943] [0.66743538 0.67362406 0.78467464 0.78467464 0.80462779 0.85722982
 0.85722982 0.97094533]
   1 ( 0.000  0.000  0.333)   [-0.1903634  -0.17834162 -0.13717991 -0.13717991 -0.13610938 -0.13610938
 -0.13211744 -0.12790706 -0.12790706 -0.12624235 -0.12624235 -0.09902422
  0.18799226  0.31762302  0.36624653  0.36624653  0.39014204  0.39014204] [0.68681898 0.71330206 0.8019587  0.8019587  0.80566649 0.83811914
 0.83811914 0.9131293 ]
   2 ( 0.000  0.000  0.667)   [-0.1903634  -0.17834162 -0.13717991 -0.13717991 -0.13610938 -0.13610938
 -0.13211744 -0.12790706 -0.12790706 -0.12624235 -0.12624235 -0.09902422
  0.18799226  0.31762302  0.36624653  0.36624653  0.39014204  0.39014204] [0.68681898 0.71330206 0.8019587  0.8019587  0.80566649 0.83811914
 0.83811914 0.9131293 ]
   3 ( 0.000  0.333  0.000)   [-0.17953894 -0.1737418  -0.13561344 -0.13498096 -0.13211165 -0.13011037
 -0.13006416 -0.12882218 -0.12749241 -0.12514434 -0.10487306 -0.03655858
  0.15935148  0.20248998  0.24629615  0.29810462  0.34738366  0.36806305] [0.71023292 0.74973997 0.79023858 0.83569459 0.87835077 0.9100124
 0.9288778  0.92905574]
   4 ( 0.000  0.333  0.333)   [-0.17612385 -0.17347593 -0.13587482 -0.1340077  -0.13369375 -0.13118399
 -0.12970259 -0.1283276  -0.12705643 -0.12591112 -0.09437038 -0.0618498
  0.16638326  0.20464184  0.26906408  0.31352001  0.34411245  0.34815373] [0.68160126 0.72797767 0.81559305 0.85642499 0.86117277 0.89873379
 0.90749679 0.93700095]
   5 ( 0.000  0.333  0.667)   [-0.17612385 -0.17347592 -0.13587483 -0.13400772 -0.13369377 -0.13118394
 -0.12970252 -0.12832763 -0.12705652 -0.12591106 -0.09437037 -0.06184981
  0.16638328  0.20464181  0.26906409  0.31352001  0.34411245  0.34815373] [0.68160116 0.72797772 0.81559337 0.85642472 0.86117277 0.8987337
 0.90749679 0.93700104]
   6 ( 0.000  0.667  0.000)   [-0.17953894 -0.1737418  -0.13561344 -0.13498096 -0.13211165 -0.13011037
 -0.13006416 -0.12882218 -0.12749241 -0.12514434 -0.10487306 -0.03655858
  0.15935148  0.20248998  0.24629615  0.29810462  0.34738366  0.36806305] [0.71023292 0.74973997 0.79023858 0.83569459 0.87835077 0.9100124
 0.9288778  0.92905574]
   7 ( 0.000  0.667  0.333)   [-0.17612385 -0.17347592 -0.13587483 -0.13400772 -0.13369377 -0.13118394
 -0.12970252 -0.12832763 -0.12705652 -0.12591106 -0.09437037 -0.06184981
  0.16638328  0.20464181  0.26906409  0.31352001  0.34411245  0.34815373] [0.68160116 0.72797772 0.81559337 0.85642472 0.86117277 0.8987337
 0.90749679 0.93700104]
   8 ( 0.000  0.667  0.667)   [-0.17612385 -0.17347593 -0.13587482 -0.1340077  -0.13369375 -0.13118399
 -0.12970259 -0.1283276  -0.12705643 -0.12591112 -0.09437038 -0.0618498
  0.16638326  0.20464184  0.26906408  0.31352001  0.34411245  0.34815373] [0.68160126 0.72797767 0.81559305 0.85642499 0.86117277 0.89873379
 0.90749679 0.93700095]
   9 ( 0.333  0.000  0.000)   [-0.17953894 -0.1737418  -0.13561344 -0.13498096 -0.13211165 -0.13011037
 -0.13006416 -0.12882218 -0.12749241 -0.12514434 -0.10487306 -0.03655858
  0.15935148  0.20248998  0.24629615  0.29810462  0.34738366  0.36806305] [0.71023292 0.74973997 0.79023858 0.83569459 0.87835077 0.9100124
 0.9288778  0.92905574]
  10 ( 0.333  0.000  0.333)   [-0.17612385 -0.17347592 -0.13587483 -0.13400772 -0.13369377 -0.13118394
 -0.12970252 -0.12832763 -0.12705652 -0.12591106 -0.09437037 -0.06184981
  0.16638328  0.20464181  0.26906409  0.31352001  0.34411245  0.34815373] [0.68160116 0.72797772 0.81559337 0.85642472 0.86117277 0.8987337
 0.90749679 0.93700104]
  11 ( 0.333  0.000  0.667)   [-0.17612385 -0.17347593 -0.13587482 -0.1340077  -0.13369375 -0.13118399
 -0.12970259 -0.1283276  -0.12705643 -0.12591112 -0.09437038 -0.0618498
  0.16638326  0.20464184  0.26906408  0.31352001  0.34411245  0.34815373] [0.68160126 0.72797767 0.81559305 0.85642499 0.86117277 0.89873379
 0.90749679 0.93700095]
  12 ( 0.333  0.333  0.000)   [-0.17393347 -0.1739332  -0.13748818 -0.13040241 -0.13040187 -0.12965457
 -0.12930701 -0.12930645 -0.12789837 -0.12636231 -0.04256876 -0.04256861
  0.18396171  0.18396172  0.18639088  0.27635469  0.27635492  0.28696242] [0.73663289 0.85489191 0.85489263 0.87372702 0.87372803 0.90508063
 0.90508088 0.9134594 ]
  13 ( 0.333  0.333  0.333)   [-0.1727336  -0.17273334 -0.13512799 -0.13284266 -0.13284208 -0.13050924
 -0.12812916 -0.12808046 -0.12758208 -0.12758154 -0.04192855 -0.0419284
  0.15740868  0.15740872  0.20707936  0.25611621  0.32156269  0.32156289] [0.75832753 0.7583277  0.78727078 0.87449377 0.90072577 0.90072598
 0.9398698  0.93987038]
  14 ( 0.333  0.333  0.667)   [-0.1727336  -0.17273334 -0.13512799 -0.13284266 -0.13284208 -0.13050924
 -0.12812916 -0.12808046 -0.12758208 -0.12758154 -0.04192855 -0.0419284
  0.15740868  0.15740872  0.20707936  0.25611621  0.32156269  0.32156289] [0.75832753 0.7583277  0.78727078 0.87449377 0.90072577 0.90072598
 0.9398698  0.93987038]
  15 ( 0.333  0.667  0.000)   [-0.17953894 -0.1737418  -0.13561344 -0.13498096 -0.13211165 -0.13011037
 -0.13006416 -0.12882218 -0.12749241 -0.12514434 -0.10487306 -0.03655858
  0.15935148  0.20248998  0.24629615  0.29810462  0.34738366  0.36806305] [0.71023292 0.74973997 0.79023858 0.83569459 0.87835077 0.9100124
 0.9288778  0.92905574]
  16 ( 0.333  0.667  0.333)   [-0.17612385 -0.17347593 -0.13587482 -0.1340077  -0.13369375 -0.13118399
 -0.12970259 -0.1283276  -0.12705643 -0.12591112 -0.09437038 -0.0618498
  0.16638326  0.20464184  0.26906408  0.31352001  0.34411245  0.34815373] [0.68160126 0.72797767 0.81559305 0.85642499 0.86117277 0.89873379
 0.90749679 0.93700095]
  17 ( 0.333  0.667  0.667)   [-0.17612385 -0.17347592 -0.13587483 -0.13400772 -0.13369377 -0.13118394
 -0.12970252 -0.12832763 -0.12705652 -0.12591106 -0.09437037 -0.06184981
  0.16638328  0.20464181  0.26906409  0.31352001  0.34411245  0.34815373] [0.68160116 0.72797772 0.81559337 0.85642472 0.86117277 0.8987337
 0.90749679 0.93700104]
  18 ( 0.667  0.000  0.000)   [-0.17953894 -0.1737418  -0.13561344 -0.13498096 -0.13211165 -0.13011037
 -0.13006416 -0.12882218 -0.12749241 -0.12514434 -0.10487306 -0.03655858
  0.15935148  0.20248998  0.24629615  0.29810462  0.34738366  0.36806305] [0.71023292 0.74973997 0.79023858 0.83569459 0.87835077 0.9100124
 0.9288778  0.92905574]
  19 ( 0.667  0.000  0.333)   [-0.17612385 -0.17347593 -0.13587482 -0.1340077  -0.13369375 -0.13118399
 -0.12970259 -0.1283276  -0.12705643 -0.12591112 -0.09437038 -0.0618498
  0.16638326  0.20464184  0.26906408  0.31352001  0.34411245  0.34815373] [0.68160126 0.72797767 0.81559305 0.85642499 0.86117277 0.89873379
 0.90749679 0.93700095]
  20 ( 0.667  0.000  0.667)   [-0.17612385 -0.17347592 -0.13587483 -0.13400772 -0.13369377 -0.13118394
 -0.12970252 -0.12832763 -0.12705652 -0.12591106 -0.09437037 -0.06184981
  0.16638328  0.20464181  0.26906409  0.31352001  0.34411245  0.34815373] [0.68160116 0.72797772 0.81559337 0.85642472 0.86117277 0.8987337
 0.90749679 0.93700104]
  21 ( 0.667  0.333  0.000)   [-0.17953894 -0.1737418  -0.13561344 -0.13498096 -0.13211165 -0.13011037
 -0.13006416 -0.12882218 -0.12749241 -0.12514434 -0.10487306 -0.03655858
  0.15935148  0.20248998  0.24629615  0.29810462  0.34738366  0.36806305] [0.71023292 0.74973997 0.79023858 0.83569459 0.87835077 0.9100124
 0.9288778  0.92905574]
  22 ( 0.667  0.333  0.333)   [-0.17612385 -0.17347592 -0.13587483 -0.13400772 -0.13369377 -0.13118394
 -0.12970252 -0.12832763 -0.12705652 -0.12591106 -0.09437037 -0.06184981
  0.16638328  0.20464181  0.26906409  0.31352001  0.34411245  0.34815373] [0.68160116 0.72797772 0.81559337 0.85642472 0.86117277 0.8987337
 0.90749679 0.93700104]
  23 ( 0.667  0.333  0.667)   [-0.17612385 -0.17347593 -0.13587482 -0.1340077  -0.13369375 -0.13118399
 -0.12970259 -0.1283276  -0.12705643 -0.12591112 -0.09437038 -0.0618498
  0.16638326  0.20464184  0.26906408  0.31352001  0.34411245  0.34815373] [0.68160126 0.72797767 0.81559305 0.85642499 0.86117277 0.89873379
 0.90749679 0.93700095]
  24 ( 0.667  0.667  0.000)   [-0.17393347 -0.1739332  -0.13748818 -0.13040241 -0.13040187 -0.12965457
 -0.12930701 -0.12930645 -0.12789837 -0.12636231 -0.04256876 -0.04256861
  0.18396171  0.18396172  0.18639088  0.27635469  0.27635492  0.28696242] [0.73663289 0.85489191 0.85489263 0.87372702 0.87372803 0.90508063
 0.90508088 0.9134594 ]
  25 ( 0.667  0.667  0.333)   [-0.1727336  -0.17273334 -0.13512799 -0.13284266 -0.13284208 -0.13050924
 -0.12812916 -0.12808046 -0.12758208 -0.12758154 -0.04192855 -0.0419284
  0.15740868  0.15740872  0.20707936  0.25611621  0.32156269  0.32156289] [0.75832753 0.7583277  0.78727078 0.87449377 0.90072577 0.90072598
 0.9398698  0.93987038]
  26 ( 0.667  0.667  0.667)   [-0.1727336  -0.17273334 -0.13512799 -0.13284266 -0.13284208 -0.13050924
 -0.12812916 -0.12808046 -0.12758208 -0.12758154 -0.04192855 -0.0419284
  0.15740868  0.15740872  0.20707936  0.25611621  0.32156269  0.32156289] [0.75832753 0.7583277  0.78727078 0.87449377 0.90072577 0.90072598
 0.9398698  0.93987038]
nelec by numeric integration = 35.99999999994715
    CPU time for vxc    273.90 sec, wall time     18.32 sec
    CPU time for vj and vk    253.91 sec, wall time     16.97 sec
Ewald components = 6.77773183084737, -128.779455527716, 5.42224205397643
E1 = (-87.96198073689295+1.1821819243693797e-17j)  Ecoul = 60.83411731809012  Exc = -25.79839761502368
Extra cycle  E= -169.505742676718  delta_E= 9.78e-12  |g|= 4.03e-05  |ddm|= 8.71e-05
    CPU time for scf_cycle   5535.08 sec, wall time    389.90 sec
    CPU time for SCF   5535.10 sec, wall time    389.91 sec
converged SCF energy = -169.505742676718
nelec by numeric integration = 35.99999999994715
    CPU time for vxc    461.75 sec, wall time     33.10 sec
    CPU time for vj and vk    489.92 sec, wall time     35.08 sec
