/groups/wag/pkozlows/miniconda3/envs/pyscf/lib/python3.11/site-packages/pyscf/dft/libxc.py:771: UserWarning: Since PySCF-2.3, B3LYP (and B3P86) are changed to the VWN-RPA variant, corresponding to the original definition by Stephens et al. (issue 1480) and the same as the B3LYP functional in Gaussian. To restore the VWN5 definition, you can put the setting "B3LYP_WITH_VWN5 = True" in pyscf_conf.py
  warnings.warn('Since PySCF-2.3, B3LYP (and B3P86) are changed to the VWN-RPA variant, '
/central/home/pkozlows/ch121b/gan/dft/pbe/szv/222/1/p_s2p.py:14: UserWarning: Use ase.build.bulk() instead
  ase_cell = bulk('GaN', 'wurtzite', a=3.19, c=5.19)
Discarded 6 diffused primitive functions, 0 contracted functions


******** <class 'pyscf.pbc.dft.krks.KRKS'> ********
method = KRKS
initial guess = minao
damping factor = 0
level_shift factor = 0
DIIS = <class 'pyscf.scf.diis.CDIIS'>
diis_start_cycle = 1
diis_space = 8
SCF conv_tol = 1e-07
SCF conv_tol_grad = None
SCF max_cycles = 50
direct_scf = True
direct_scf_tol = 1e-13
chkfile to save SCF result = /central/home/pkozlows/ch121b/gan/dft/pbe/szv/222/1/s2p.chk
max_memory 168204 MB (current use 119 MB)


******** PBC SCF flags ********
N kpts = 8
kpts = [[0.         0.         0.        ]
 [0.         0.         0.3203197 ]
 [0.         0.60176883 0.        ]
 [0.         0.60176883 0.3203197 ]
 [0.5211471  0.30088442 0.        ]
 [0.5211471  0.30088442 0.3203197 ]
 [0.5211471  0.90265325 0.        ]
 [0.5211471  0.90265325 0.3203197 ]]
Exchange divergence treatment (exxdiv) = ewald
Ewald components = 8.76453321006536e-07, -0.162059015555054, 0.068912395876923
    madelung (= occupied orbital energy shift) = 0.18629148644961965
    Total energy shift due to Ewald probe charge = -1/2 * Nelec*madelung = -3.35324675609
DF object = <pyscf.pbc.df.fft.FFTDF object at 0x7f6ce71e9790>
XC functionals = PBE
small_rho_cutoff = 1e-07
Uniform grid, mesh = [ 83  83 133]
Set gradient conv threshold to 0.000316228
nelec by numeric integration = 35.99975003995257
    CPU time for vxc    286.75 sec, wall time     18.02 sec
    CPU time for vj and vk    180.21 sec, wall time     11.34 sec
Ewald components = 6.77773183084737, -128.779455527716, 5.42224205397643
E1 = (-88.12776786411048-3.6883267966222005e-18j)  Ecoul = 61.47693287753521  Exc = -25.541301406186985
init E= -168.771618035654
cond(S) = [7.39940068 6.35510979 7.03288257 6.30438812 7.03288257 6.30438812
 7.03288257 6.30438812]
    CPU time for initialize scf    685.66 sec, wall time     48.13 sec
HOMO = 0.247816498408  LUMO = 0.61435618036
     k-point                  mo_energy
   0 ( 0.000  0.000  0.000)   [-0.30523693 -0.26491755 -0.0394456  -0.03938336 -0.03938336 -0.0339423
 -0.0339423  -0.01513709 -0.01513709 -0.01130397 -0.01130397  0.0004283
  0.05646547  0.21837676  0.21837676  0.24645545  0.2478165   0.2478165 ] [0.61435618 0.65222407 0.80639556 0.80639556 0.82260697 0.84890398
 0.84890398 0.86306234]
   1 ( 0.000  0.000  0.500)   [-0.28601142 -0.2860114  -0.03717006 -0.03717006 -0.03716995 -0.03716995
 -0.03402923 -0.03402859 -0.01288958 -0.01288958 -0.01288949 -0.01288949
  0.15769926  0.15769946  0.23309238  0.23309238  0.23309241  0.23309241] [0.67486564 0.67486589 0.7917372  0.79173744 0.82570171 0.82570171
 0.82570172 0.82570172]
   2 ( 0.000  0.500  0.000)   [-2.66281477e-01 -2.54160163e-01 -3.72133088e-02 -3.31536762e-02
 -2.34942880e-02 -2.22723364e-02 -2.05591012e-02 -1.65016323e-02
 -1.19053158e-02 -1.02339143e-02 -9.39172740e-05 -5.41013862e-05
  7.94149750e-02  1.11856650e-01  1.37032274e-01  1.68328951e-01
  1.96241830e-01  2.18830187e-01] [0.6799833  0.7188561  0.75269999 0.82477778 0.83903688 0.84284399
 0.89589419 0.89954241]
   3 ( 0.000  0.500  0.500)   [-0.25939229 -0.25939227 -0.03516985 -0.03516955 -0.02714894 -0.02714889
 -0.01925753 -0.01925726 -0.01142952 -0.01142943  0.00116062  0.00116084
  0.07795648  0.07795648  0.19324414  0.19324418  0.19560602  0.19560611] [0.65954353 0.6595438  0.79739212 0.7973926  0.87053918 0.8705392
 0.87475234 0.87475259]
   4 ( 0.500  0.000  0.000)   [-2.66281477e-01 -2.54160163e-01 -3.72133088e-02 -3.31536762e-02
 -2.34942880e-02 -2.22723364e-02 -2.05591012e-02 -1.65016323e-02
 -1.19053158e-02 -1.02339143e-02 -9.39172769e-05 -5.41013879e-05
  7.94149750e-02  1.11856650e-01  1.37032274e-01  1.68328951e-01
  1.96241830e-01  2.18830187e-01] [0.6799833  0.7188561  0.75269999 0.82477778 0.83903688 0.84284399
 0.89589419 0.89954241]
   5 ( 0.500  0.000  0.500)   [-0.25939229 -0.25939227 -0.03516985 -0.03516955 -0.02714894 -0.02714889
 -0.01925753 -0.01925726 -0.01142952 -0.01142943  0.00116062  0.00116084
  0.07795648  0.07795648  0.19324414  0.19324418  0.19560602  0.19560611] [0.65954353 0.6595438  0.79739212 0.7973926  0.87053918 0.8705392
 0.87475234 0.87475259]
   6 ( 0.500  0.500  0.000)   [-2.66281477e-01 -2.54160163e-01 -3.72133088e-02 -3.31536762e-02
 -2.34942880e-02 -2.22723364e-02 -2.05591012e-02 -1.65016323e-02
 -1.19053158e-02 -1.02339143e-02 -9.39172769e-05 -5.41013881e-05
  7.94149750e-02  1.11856650e-01  1.37032274e-01  1.68328951e-01
  1.96241830e-01  2.18830187e-01] [0.6799833  0.7188561  0.75269999 0.82477778 0.83903688 0.84284399
 0.89589419 0.89954241]
   7 ( 0.500  0.500  0.500)   [-0.25939229 -0.25939227 -0.03516985 -0.03516955 -0.02714894 -0.02714889
 -0.01925753 -0.01925726 -0.01142952 -0.01142943  0.00116062  0.00116084
  0.07795648  0.07795648  0.19324414  0.19324418  0.19560602  0.19560611] [0.65954353 0.6595438  0.79739212 0.7973926  0.87053918 0.8705392
 0.87475234 0.87475259]
nelec by numeric integration = 35.99999999893582
    CPU time for vxc    135.21 sec, wall time      8.49 sec
    CPU time for vj and vk    147.81 sec, wall time      9.28 sec
Ewald components = 6.77773183084737, -128.779455527716, 5.42224205397643
E1 = (-87.82938668455824-4.178782072317809e-18j)  Ecoul = 61.793763472141585  Exc = -26.39162921182435
cycle= 1 E= -169.006734067133  delta_E= -0.235  |g|= 3.19  |ddm|= 10.5
    CPU time for cycle= 1    283.42 sec, wall time     17.80 sec
HOMO = 0.619076014184  LUMO = 0.747884205504
     k-point                  mo_energy
   0 ( 0.000  0.000  0.000)   [-0.2338871  -0.23023406 -0.23014253 -0.23014253 -0.22939666 -0.22939666
 -0.22688246 -0.22688246 -0.22391707 -0.22391707 -0.09135619  0.05510008
  0.17419514  0.51337579  0.51337579  0.60870013  0.61907601  0.61907601] [0.75344261 0.79154154 0.79241061 0.79241061 0.82600097 0.93551799
 0.93551799 1.17207805]
   1 ( 0.000  0.000  0.500)   [-0.2318864  -0.23188536 -0.23010947 -0.23010947 -0.23010928 -0.23010928
 -0.22507164 -0.22507164 -0.22507153 -0.22507153 -0.04608196 -0.0460817
  0.37357179  0.37357183  0.55577283  0.55577283  0.55577304  0.55577304] [0.7712991  0.77129939 0.8714405  0.8714405  0.87144066 0.87144066
 1.02095346 1.02095366]
   2 ( 0.000  0.500  0.000)   [-0.23595179 -0.23363851 -0.22989846 -0.22914772 -0.22722839 -0.22685053
 -0.22487356 -0.22475782 -0.22416571 -0.22353944  0.03977982  0.09131171
  0.21708286  0.27369723  0.31277847  0.39920335  0.43282255  0.51728123] [0.78953264 0.81690769 0.92253535 0.92576149 1.04523569 1.06542699
 1.09612728 1.13404652]
   3 ( 0.000  0.500  0.500)   [-0.23451255 -0.23451225 -0.23017371 -0.23017338 -0.2267464  -0.22674628
 -0.22436863 -0.22436799 -0.22416252 -0.22416231  0.06986114  0.06986146
  0.19580402  0.19580415  0.44868549  0.44868569  0.45990671  0.45990672] [0.74788421 0.74788463 0.9420481  0.94204819 1.01908013 1.01908032
 1.12712745 1.12712757]
   4 ( 0.500  0.000  0.000)   [-0.23595179 -0.23363851 -0.22989846 -0.22914772 -0.22722839 -0.22685053
 -0.22487356 -0.22475782 -0.22416571 -0.22353944  0.03977982  0.09131171
  0.21708286  0.27369723  0.31277847  0.39920335  0.43282255  0.51728123] [0.78953264 0.81690769 0.92253535 0.92576149 1.04523569 1.06542699
 1.09612728 1.13404652]
   5 ( 0.500  0.000  0.500)   [-0.23451255 -0.23451225 -0.23017371 -0.23017338 -0.2267464  -0.22674628
 -0.22436863 -0.22436799 -0.22416252 -0.22416231  0.06986114  0.06986146
  0.19580402  0.19580415  0.44868549  0.44868569  0.45990671  0.45990672] [0.74788421 0.74788463 0.9420481  0.94204819 1.01908013 1.01908032
 1.12712745 1.12712757]
   6 ( 0.500  0.500  0.000)   [-0.23595179 -0.23363851 -0.22989846 -0.22914772 -0.22722839 -0.22685053
 -0.22487356 -0.22475782 -0.22416571 -0.22353944  0.03977982  0.09131171
  0.21708286  0.27369723  0.31277847  0.39920335  0.43282255  0.51728123] [0.78953264 0.81690769 0.92253535 0.92576149 1.04523569 1.06542699
 1.09612728 1.13404652]
   7 ( 0.500  0.500  0.500)   [-0.23451255 -0.23451225 -0.23017371 -0.23017338 -0.2267464  -0.22674628
 -0.22436863 -0.22436799 -0.22416252 -0.22416231  0.06986114  0.06986146
  0.19580402  0.19580415  0.44868549  0.44868569  0.45990671  0.45990672] [0.74788421 0.74788463 0.9420481  0.94204819 1.01908013 1.01908032
 1.12712745 1.12712757]
nelec by numeric integration = 35.99999999930731
    CPU time for vxc    137.16 sec, wall time      8.62 sec
    CPU time for vj and vk    148.27 sec, wall time      9.32 sec
Ewald components = 6.77773183084737, -128.779455527716, 5.42224205397643
E1 = (-87.54339659843964-1.6248008840807645e-18j)  Ecoul = 60.9352874861476  Exc = -25.16345421814026
cycle= 2 E= -168.351044973324  delta_E= 0.656  |g|= 5.29  |ddm|= 10.7
    CPU time for cycle= 2    285.85 sec, wall time     17.96 sec
HOMO = 0.419493366854  LUMO = 0.678962064064
     k-point                  mo_energy
   0 ( 0.000  0.000  0.000)   [-0.18997212 -0.17113039 -0.13774755 -0.13711264 -0.13711264 -0.13506045
 -0.13506045 -0.12912584 -0.12912584 -0.12582302 -0.12582302 -0.05485412
  0.12528326  0.36923024  0.36923024  0.41664931  0.41949337  0.41949337] [0.67896206 0.68094822 0.78964456 0.78964456 0.80955159 0.86543086
 0.86543086 0.98780687]
   1 ( 0.000  0.000  0.500)   [-0.17460969 -0.17460936 -0.13644638 -0.13644638 -0.13644621 -0.13644621
 -0.12715599 -0.12715599 -0.12715589 -0.12715589 -0.11726643 -0.11726576
  0.26326566  0.26326569  0.39295238  0.39295238  0.39295244  0.39295244] [0.71011558 0.71011584 0.82647083 0.82647083 0.82647089 0.82647089
 0.86971369 0.86971423]
   2 ( 0.000  0.500  0.000)   [-0.1711037  -0.16895854 -0.13566396 -0.1348234  -0.13149861 -0.1302862
 -0.12845438 -0.12825795 -0.12601161 -0.12503234 -0.06011721 -0.03218945
  0.14997644  0.19601656  0.23646022  0.29457869  0.32368696  0.37110587] [0.72238057 0.73880347 0.82151789 0.85654528 0.90364151 0.94455303
 0.95316999 0.96244375]
   3 ( 0.000  0.500  0.500)   [-0.16837638 -0.16837611 -0.1356929  -0.13569248 -0.13146399 -0.13146387
 -0.12781424 -0.12781373 -0.12582448 -0.12582431 -0.04729154 -0.04729133
  0.142775    0.14277506  0.32923436  0.32923442  0.33330248  0.33330255] [0.68677434 0.68677467 0.84401417 0.84401434 0.91339958 0.91339963
 0.9655984  0.96559854]
   4 ( 0.500  0.000  0.000)   [-0.1711037  -0.16895854 -0.13566396 -0.1348234  -0.13149861 -0.1302862
 -0.12845438 -0.12825795 -0.12601161 -0.12503234 -0.06011721 -0.03218945
  0.14997644  0.19601656  0.23646022  0.29457869  0.32368696  0.37110587] [0.72238057 0.73880347 0.82151789 0.85654528 0.90364151 0.94455303
 0.95316999 0.96244375]
   5 ( 0.500  0.000  0.500)   [-0.16837638 -0.16837611 -0.1356929  -0.13569248 -0.13146399 -0.13146387
 -0.12781424 -0.12781373 -0.12582448 -0.12582431 -0.04729154 -0.04729133
  0.142775    0.14277506  0.32923436  0.32923442  0.33330248  0.33330255] [0.68677434 0.68677467 0.84401417 0.84401434 0.91339958 0.91339963
 0.9655984  0.96559854]
   6 ( 0.500  0.500  0.000)   [-0.1711037  -0.16895854 -0.13566396 -0.1348234  -0.13149861 -0.1302862
 -0.12845438 -0.12825795 -0.12601161 -0.12503234 -0.06011721 -0.03218945
  0.14997644  0.19601656  0.23646022  0.29457869  0.32368696  0.37110587] [0.72238057 0.73880347 0.82151789 0.85654528 0.90364151 0.94455303
 0.95316999 0.96244375]
   7 ( 0.500  0.500  0.500)   [-0.16837638 -0.16837611 -0.1356929  -0.13569248 -0.13146399 -0.13146387
 -0.12781424 -0.12781373 -0.12582448 -0.12582431 -0.04729154 -0.04729133
  0.142775    0.14277506  0.32923436  0.32923442  0.33330248  0.33330255] [0.68677434 0.68677467 0.84401417 0.84401434 0.91339958 0.91339963
 0.9655984  0.96559854]
nelec by numeric integration = 35.99999999905032
    CPU time for vxc    136.45 sec, wall time      8.57 sec
    CPU time for vj and vk    144.97 sec, wall time      9.10 sec
Ewald components = 6.77773183084737, -128.779455527716, 5.42224205397643
E1 = (-87.92756079325352-3.3510841608183435e-18j)  Ecoul = 60.85907377656002  Exc = -25.806504030596976
cycle= 3 E= -169.454472690182  delta_E= -1.1  |g|= 0.0771  |ddm|= 6.51
    CPU time for cycle= 3    281.80 sec, wall time     17.70 sec
HOMO = 0.4121284715  LUMO = 0.671951880036
     k-point                  mo_energy
   0 ( 0.000  0.000  0.000)   [-0.19520144 -0.17527545 -0.14088046 -0.14044648 -0.14044648 -0.13842785
 -0.13842785 -0.1323526  -0.1323526  -0.12900027 -0.12900027 -0.05964934
  0.12031294  0.36264913  0.36264913  0.40869381  0.41212847  0.41212847] [0.67195188 0.67501331 0.78462693 0.78462693 0.80470765 0.85920263
 0.85920263 0.97867225]
   1 ( 0.000  0.000  0.500)   [-0.17931961 -0.17931932 -0.13979432 -0.13979432 -0.13979399 -0.13979399
 -0.13036135 -0.13036135 -0.13036107 -0.13036107 -0.12106389 -0.1210633
  0.25706294  0.25706302  0.38603966  0.38603966  0.38603988  0.38603988] [0.70429545 0.70429569 0.82080442 0.82080442 0.82080462 0.82080462
 0.86183398 0.86183416]
   2 ( 0.000  0.500  0.000)   [-0.17532967 -0.17297768 -0.13892158 -0.13803181 -0.13462454 -0.13354519
 -0.13174011 -0.13140167 -0.12934142 -0.1282633  -0.06500712 -0.03748907
  0.14501942  0.19070712  0.23087898  0.28882717  0.31740182  0.36448248] [0.71547892 0.73289028 0.81456219 0.85034756 0.89589562 0.93773419
 0.94459559 0.95462755]
   3 ( 0.000  0.500  0.500)   [-0.17247748 -0.1724771  -0.13893945 -0.138939   -0.13468438 -0.13468409
 -0.13096508 -0.13096457 -0.12913263 -0.12913229 -0.05242787 -0.05242753
  0.13789035  0.13789051  0.32313638  0.32313659  0.32674105  0.32674107] [0.68079738 0.68079776 0.83736602 0.83736612 0.90630435 0.90630454
 0.95740558 0.9574057 ]
   4 ( 0.500  0.000  0.000)   [-0.17532967 -0.17297768 -0.13892158 -0.13803181 -0.13462454 -0.13354519
 -0.13174011 -0.13140167 -0.12934142 -0.1282633  -0.06500712 -0.03748907
  0.14501942  0.19070712  0.23087898  0.28882717  0.31740182  0.36448248] [0.71547892 0.73289028 0.81456219 0.85034756 0.89589562 0.93773419
 0.94459559 0.95462755]
   5 ( 0.500  0.000  0.500)   [-0.17247748 -0.1724771  -0.13893945 -0.138939   -0.13468438 -0.13468409
 -0.13096508 -0.13096457 -0.12913263 -0.12913229 -0.05242787 -0.05242753
  0.13789035  0.13789051  0.32313638  0.32313659  0.32674105  0.32674107] [0.68079738 0.68079776 0.83736602 0.83736612 0.90630435 0.90630454
 0.95740558 0.9574057 ]
   6 ( 0.500  0.500  0.000)   [-0.17532967 -0.17297768 -0.13892158 -0.13803181 -0.13462454 -0.13354519
 -0.13174011 -0.13140167 -0.12934142 -0.1282633  -0.06500712 -0.03748907
  0.14501942  0.19070712  0.23087898  0.28882717  0.31740182  0.36448248] [0.71547892 0.73289028 0.81456219 0.85034756 0.89589562 0.93773419
 0.94459559 0.95462755]
   7 ( 0.500  0.500  0.500)   [-0.17247748 -0.1724771  -0.13893945 -0.138939   -0.13468438 -0.13468409
 -0.13096508 -0.13096457 -0.12913263 -0.12913229 -0.05242787 -0.05242753
  0.13789035  0.13789051  0.32313638  0.32313659  0.32674105  0.32674107] [0.68079738 0.68079776 0.83736602 0.83736612 0.90630435 0.90630454
 0.95740558 0.9574057 ]
nelec by numeric integration = 35.99999999904707
    CPU time for vxc    136.00 sec, wall time      8.55 sec
    CPU time for vj and vk    146.49 sec, wall time      9.20 sec
Ewald components = 6.77773183084737, -128.779455527716, 5.42224205397643
E1 = (-87.9288974391408-3.3721911093958632e-18j)  Ecoul = 60.87174033857  Exc = -25.8180756910853
cycle= 4 E= -169.454714434548  delta_E= -0.000242  |g|= 0.00242  |ddm|= 0.101
    CPU time for cycle= 4    282.86 sec, wall time     17.76 sec
HOMO = 0.412049793707  LUMO = 0.671942197406
     k-point                  mo_energy
   0 ( 0.000  0.000  0.000)   [-0.19523423 -0.17525187 -0.14082121 -0.14036755 -0.14036755 -0.13834288
 -0.13834288 -0.1322795  -0.1322795  -0.12893127 -0.12893127 -0.05966099
  0.12029742  0.36258479  0.36258479  0.40864304  0.41204979  0.41204979] [0.6719422  0.67502713 0.7846697  0.7846697  0.80472129 0.8592249
 0.8592249  0.97863088]
   1 ( 0.000  0.000  0.500)   [-0.17932304 -0.17932269 -0.13971274 -0.13971274 -0.13971266 -0.13971266
 -0.13028972 -0.13028972 -0.13028967 -0.13028967 -0.12103854 -0.12103778
  0.25703084  0.25703095  0.38596971  0.38596971  0.3859698   0.3859698 ] [0.70430983 0.70430991 0.82083554 0.82083554 0.82083556 0.82083556
 0.86180454 0.86180484]
   2 ( 0.000  0.500  0.000)   [-0.17530843 -0.17294548 -0.1388498  -0.13796564 -0.13456189 -0.13347156
 -0.1316591  -0.13133401 -0.12925498 -0.12818884 -0.06499872 -0.03750269
  0.1450072   0.19070025  0.230853    0.28878401  0.3173484   0.36442633] [0.7155477  0.7329336  0.8145146  0.85036433 0.89585294 0.93770584
 0.94456027 0.95461936]
   3 ( 0.000  0.500  0.500)   [-0.17244946 -0.17244927 -0.13886842 -0.13886799 -0.13461404 -0.13461399
 -0.13089852 -0.13089797 -0.12904879 -0.1290487  -0.05243267 -0.05243256
  0.1378825   0.13788251  0.32308882  0.32308888  0.32669986  0.32669998] [0.68080883 0.68080905 0.83736464 0.83736484 0.90630665 0.90630671
 0.95737941 0.95737962]
   4 ( 0.500  0.000  0.000)   [-0.17530843 -0.17294548 -0.1388498  -0.13796564 -0.13456189 -0.13347156
 -0.1316591  -0.13133401 -0.12925498 -0.12818884 -0.06499872 -0.03750269
  0.1450072   0.19070025  0.230853    0.28878401  0.3173484   0.36442633] [0.7155477  0.7329336  0.8145146  0.85036433 0.89585294 0.93770584
 0.94456027 0.95461936]
   5 ( 0.500  0.000  0.500)   [-0.17244946 -0.17244927 -0.13886842 -0.13886799 -0.13461404 -0.13461399
 -0.13089852 -0.13089797 -0.12904879 -0.1290487  -0.05243267 -0.05243256
  0.1378825   0.13788251  0.32308882  0.32308888  0.32669986  0.32669998] [0.68080883 0.68080905 0.83736464 0.83736484 0.90630665 0.90630671
 0.95737941 0.95737962]
   6 ( 0.500  0.500  0.000)   [-0.17530843 -0.17294548 -0.1388498  -0.13796564 -0.13456189 -0.13347156
 -0.1316591  -0.13133401 -0.12925498 -0.12818884 -0.06499872 -0.03750269
  0.1450072   0.19070025  0.230853    0.28878401  0.3173484   0.36442633] [0.7155477  0.7329336  0.8145146  0.85036433 0.89585294 0.93770584
 0.94456027 0.95461936]
   7 ( 0.500  0.500  0.500)   [-0.17244946 -0.17244927 -0.13886842 -0.13886799 -0.13461404 -0.13461399
 -0.13089852 -0.13089797 -0.12904879 -0.1290487  -0.05243267 -0.05243256
  0.1378825   0.13788251  0.32308882  0.32308888  0.32669986  0.32669998] [0.68080883 0.68080905 0.83736464 0.83736484 0.90630665 0.90630671
 0.95737941 0.95737962]
nelec by numeric integration = 35.99999999904698
    CPU time for vxc    137.97 sec, wall time      8.67 sec
    CPU time for vj and vk    145.53 sec, wall time      9.14 sec
Ewald components = 6.77773183084737, -128.779455527716, 5.42224205397643
E1 = (-87.92892539955042-3.3734388555867935e-18j)  Ecoul = 60.87206118955199  Exc = -25.81836884237834
cycle= 5 E= -169.454714695269  delta_E= -2.61e-07  |g|= 0.000343  |ddm|= 0.0042
    CPU time for cycle= 5    283.88 sec, wall time     17.83 sec
HOMO = 0.412039620077  LUMO = 0.67193866711
     k-point                  mo_energy
   0 ( 0.000  0.000  0.000)   [-0.19524051 -0.17525144 -0.14081315 -0.14035954 -0.14035954 -0.13833484
 -0.13833484 -0.13227091 -0.13227091 -0.12892266 -0.12892266 -0.05966194
  0.1202954   0.36257691  0.36257691  0.40863161  0.41203962  0.41203962] [0.67193867 0.67502619 0.78467151 0.78467151 0.80472485 0.8592241
 0.8592241  0.97862466]
   1 ( 0.000  0.000  0.500)   [-0.17932639 -0.17932605 -0.1397048  -0.1397048  -0.13970455 -0.13970455
 -0.1302812  -0.1302812  -0.13028101 -0.13028101 -0.12103395 -0.12103331
  0.257025    0.25702509  0.38596073  0.38596073  0.38596105  0.38596105] [0.70430906 0.70430933 0.82083586 0.82083586 0.82083603 0.82083603
 0.8618005  0.86180062]
   2 ( 0.000  0.500  0.000)   [-0.17530716 -0.1729431  -0.13884181 -0.1379573  -0.1345533  -0.13346302
 -0.1316507  -0.13132551 -0.12924644 -0.12818023 -0.06500013 -0.03750685
  0.14500407  0.19069454  0.23084887  0.28877774  0.31734437  0.36441721] [0.71553624 0.73292994 0.81451603 0.85036467 0.89585184 0.93770678
 0.94455371 0.95461577]
   3 ( 0.000  0.500  0.500)   [-0.17244749 -0.17244711 -0.13886024 -0.13885981 -0.13460576 -0.13460555
 -0.13089004 -0.13088952 -0.1290403  -0.12904005 -0.05243578 -0.0524354
  0.13787968  0.13787985  0.32308132  0.32308161  0.32669215  0.32669221] [0.68080797 0.68080838 0.83736272 0.83736278 0.90630468 0.90630488
 0.95737413 0.95737429]
   4 ( 0.500  0.000  0.000)   [-0.17530716 -0.1729431  -0.13884181 -0.1379573  -0.1345533  -0.13346302
 -0.1316507  -0.13132551 -0.12924644 -0.12818023 -0.06500013 -0.03750685
  0.14500407  0.19069454  0.23084887  0.28877774  0.31734437  0.36441721] [0.71553624 0.73292994 0.81451603 0.85036467 0.89585184 0.93770678
 0.94455371 0.95461577]
   5 ( 0.500  0.000  0.500)   [-0.17244749 -0.17244711 -0.13886024 -0.13885981 -0.13460576 -0.13460555
 -0.13089004 -0.13088952 -0.1290403  -0.12904005 -0.05243578 -0.0524354
  0.13787968  0.13787985  0.32308132  0.32308161  0.32669215  0.32669221] [0.68080797 0.68080838 0.83736272 0.83736278 0.90630468 0.90630488
 0.95737413 0.95737429]
   6 ( 0.500  0.500  0.000)   [-0.17530716 -0.1729431  -0.13884181 -0.1379573  -0.1345533  -0.13346302
 -0.1316507  -0.13132551 -0.12924644 -0.12818023 -0.06500013 -0.03750685
  0.14500407  0.19069454  0.23084887  0.28877774  0.31734437  0.36441721] [0.71553624 0.73292994 0.81451603 0.85036467 0.89585184 0.93770678
 0.94455371 0.95461577]
   7 ( 0.500  0.500  0.500)   [-0.17244749 -0.17244711 -0.13886024 -0.13885981 -0.13460576 -0.13460555
 -0.13089004 -0.13088952 -0.1290403  -0.12904005 -0.05243578 -0.0524354
  0.13787968  0.13787985  0.32308132  0.32308161  0.32669215  0.32669221] [0.68080797 0.68080838 0.83736272 0.83736278 0.90630468 0.90630488
 0.95737413 0.95737429]
nelec by numeric integration = 35.99999999904696
    CPU time for vxc    136.98 sec, wall time      8.60 sec
    CPU time for vj and vk    147.34 sec, wall time      9.26 sec
Ewald components = 6.77773183084737, -128.779455527716, 5.42224205397643
E1 = (-87.92893032753614-3.3733366890913305e-18j)  Ecoul = 60.87210795507114  Exc = -25.81841068579734
cycle= 6 E= -169.454714701154  delta_E= -5.89e-09  |g|= 2.53e-05  |ddm|= 0.000629
    CPU time for cycle= 6    284.71 sec, wall time     17.88 sec
HOMO = 0.412036708558  LUMO = 0.671937345885
     k-point                  mo_energy
   0 ( 0.000  0.000  0.000)   [-0.19524217 -0.17525154 -0.14081187 -0.14035839 -0.14035839 -0.13833368
 -0.13833368 -0.13226959 -0.13226959 -0.12892131 -0.12892131 -0.05966281
  0.12029463  0.36257451  0.36257451  0.4086288   0.41203671  0.41203671] [0.67193735 0.67502516 0.78467156 0.78467156 0.80472482 0.85922345
 0.85922345 0.97862249]
   1 ( 0.000  0.000  0.500)   [-0.17932734 -0.17932693 -0.13970358 -0.13970358 -0.13970346 -0.13970346
 -0.13027981 -0.13027981 -0.13027973 -0.13027973 -0.12103364 -0.12103288
  0.25702329  0.25702353  0.38595811  0.38595811  0.38595845  0.38595845] [0.70430816 0.70430829 0.82083557 0.82083557 0.82083564 0.82083564
 0.8617988  0.86179923]
   2 ( 0.000  0.500  0.000)   [-0.17530737 -0.17294301 -0.13884058 -0.13795604 -0.13455196 -0.13346175
 -0.13164947 -0.13132418 -0.12924519 -0.12817891 -0.06500082 -0.03750808
  0.14500288  0.19069315  0.23084756  0.28877588  0.3173425   0.36441478] [0.71553515 0.73292923 0.81451491 0.85036411 0.8958504  0.93770545
 0.94455139 0.95461427]
   3 ( 0.000  0.500  0.500)   [-0.1724474  -0.17244726 -0.13885899 -0.13885858 -0.13460444 -0.13460434
 -0.13088872 -0.13088818 -0.12903898 -0.12903884 -0.05243662 -0.05243657
  0.13787867  0.13787877  0.32307924  0.32307952  0.32668997  0.32669022] [0.68080742 0.68080755 0.8373616  0.83736194 0.9063036  0.90630377
 0.95737205 0.95737242]
   4 ( 0.500  0.000  0.000)   [-0.17530737 -0.17294301 -0.13884058 -0.13795604 -0.13455196 -0.13346175
 -0.13164947 -0.13132418 -0.12924519 -0.12817891 -0.06500082 -0.03750808
  0.14500288  0.19069315  0.23084756  0.28877588  0.3173425   0.36441478] [0.71553515 0.73292923 0.81451491 0.85036411 0.8958504  0.93770545
 0.94455139 0.95461427]
   5 ( 0.500  0.000  0.500)   [-0.1724474  -0.17244726 -0.13885899 -0.13885858 -0.13460444 -0.13460434
 -0.13088872 -0.13088818 -0.12903898 -0.12903884 -0.05243662 -0.05243657
  0.13787867  0.13787877  0.32307924  0.32307952  0.32668997  0.32669022] [0.68080742 0.68080755 0.8373616  0.83736194 0.9063036  0.90630377
 0.95737205 0.95737242]
   6 ( 0.500  0.500  0.000)   [-0.17530737 -0.17294301 -0.13884058 -0.13795604 -0.13455196 -0.13346175
 -0.13164947 -0.13132418 -0.12924519 -0.12817891 -0.06500082 -0.03750808
  0.14500288  0.19069315  0.23084756  0.28877588  0.3173425   0.36441478] [0.71553515 0.73292923 0.81451491 0.85036411 0.8958504  0.93770545
 0.94455139 0.95461427]
   7 ( 0.500  0.500  0.500)   [-0.1724474  -0.17244726 -0.13885899 -0.13885858 -0.13460444 -0.13460434
 -0.13088872 -0.13088818 -0.12903898 -0.12903884 -0.05243662 -0.05243657
  0.13787867  0.13787877  0.32307924  0.32307952  0.32668997  0.32669022] [0.68080742 0.68080755 0.8373616  0.83736194 0.9063036  0.90630377
 0.95737205 0.95737242]
nelec by numeric integration = 35.99999999904696
    CPU time for vxc    138.08 sec, wall time      8.67 sec
    CPU time for vj and vk    146.80 sec, wall time      9.23 sec
Ewald components = 6.77773183084737, -128.779455527716, 5.42224205397643
E1 = (-87.92893134196083-3.373358926021266e-18j)  Ecoul = 60.87211833426703  Exc = -25.8184200505434
Extra cycle  E= -169.454714701129  delta_E= 2.51e-11  |g|= 3.57e-05  |ddm|= 7.88e-05
    CPU time for scf_cycle   2673.41 sec, wall time    172.98 sec
    CPU time for SCF   2673.43 sec, wall time    172.98 sec
converged SCF energy = -169.454714701129
nelec by numeric integration = 35.99999999904696
    CPU time for vxc    600.66 sec, wall time     46.24 sec
    CPU time for vj and vk    422.89 sec, wall time     27.06 sec
