/groups/wag/pkozlows/miniconda3/envs/pyscf/lib/python3.11/site-packages/pyscf/dft/libxc.py:772: UserWarning: Since PySCF-2.3, B3LYP (and B3P86) are changed to the VWN-RPA variant, the same to the B3LYP functional in Gaussian and ORCA (issue 1480). To restore the VWN5 definition, you can put the setting "B3LYP_WITH_VWN5 = True" in pyscf_conf.py
  warnings.warn('Since PySCF-2.3, B3LYP (and B3P86) are changed to the VWN-RPA variant, '
WARNING!
  Very diffused basis functions are found in the basis set. They may lead to severe
  linear dependence and numerical instability.  You can set  cell.exp_to_discard=0.1
  to remove the diffused Gaussians whose exponents are less than 0.1.

/groups/wag/pkozlows/miniconda3/envs/pyscf/lib/python3.11/site-packages/ase/dft/kpoints.py:357: UserWarning: Please do not use (kpts, x, X) = bandpath(...).  Use path = bandpath(...) and then kpts = path.kpts and (x, X, labels) = path.get_linear_kpoint_axis().
  warnings.warn('Please do not use (kpts, x, X) = bandpath(...).  '


******** <class 'pyscf.pbc.dft.rks.RKS'> ********
method = RKS-KohnShamDFT
initial guess = minao
damping factor = 0
level_shift factor = 0
DIIS = <class 'pyscf.scf.diis.CDIIS'>
diis_start_cycle = 1
diis_space = 8
SCF conv_tol = 1e-07
SCF conv_tol_grad = None
SCF max_cycles = 50
direct_scf = False
chkfile to save SCF result = /tmp/tmpa4fi1e71
max_memory 4000 MB (current use 121 MB)
******** PBC SCF flags ********
kpt = [0. 0. 0.]
Exchange divergence treatment (exxdiv) = ewald
Ewald components = 0.00051775335925431, -0.251419253935776, 0.0646100141269025
    madelung (= occupied orbital energy shift) = 0.3725829728992387
    Total energy shift due to Ewald probe charge = -1/2 * Nelec*madelung = -6.70649351219
DF object = <pyscf.pbc.df.fft.FFTDF object at 0x7f8f9a36c810>
XC functionals = b3pw91
small_rho_cutoff = 1e-07
Uniform grid, mesh = [ 83  83 133]
<class 'pyscf.pbc.dft.rks.RKS'> does not have attributes  nlcgrids nlc
Set gradient conv threshold to 0.000316228
Initial guess from minao.
Big error detected in the electron number of initial guess density matrix (Ne/cell = 38.3075)!
  This can cause huge error in Fock matrix and lead to instability in SCF for low-dimensional systems.
  DM is normalized wrt the number of electrons 36
    CPU time for setting up grids      7.88 sec, wall time      1.36 sec
nelec by numeric integration = 35.99999999910671
    CPU time for vxc    196.23 sec, wall time     32.96 sec
Building PBC AO integrals incore
Ewald components = 0.00051775335925431, -0.251419253935776, 0.0646100141269025
    CPU time for vj and vk   1641.60 sec, wall time    391.27 sec
Ewald components = 6.77773183084737, -128.779455527716, 5.42224205397643
E1 = -82.3332903055961  Ecoul = 53.322777368506145  Exc = -24.275250444020163
init E= -169.865245024002
cond(S) = 52893.580421003
/groups/wag/pkozlows/miniconda3/envs/pyscf/lib/python3.11/site-packages/pyscf/pbc/gto/cell.py:243: UserWarning: Function cell.dumps drops attribute a because it is not JSON-serializable
  warnings.warn(msg)
    CPU time for initialize scf   2005.31 sec, wall time    453.51 sec
  HOMO = 0.212755381022078  LUMO = 0.337288076992882
  mo_energy =
[-0.53832108 -0.48128193 -0.44777351 -0.44736444 -0.44736444 -0.44572836
 -0.44572836 -0.43887795 -0.43887795 -0.43665374 -0.43665374 -0.34666584
 -0.04791792  0.18355123  0.18355123  0.20946424  0.21275538  0.21275538
  0.33728808  0.46167761  0.63383158  0.73950424  0.73950424  0.75547345
  0.7968398   0.7968398   1.03119126  1.04991035  1.04991035  1.20539296
  1.20539296  1.28455161  1.30001517  1.30001517  1.32231964  1.44819542
  1.44819542  1.45344347  1.55312101  1.58407436  1.61302595  1.61302595
  1.92703754  1.92703754  1.93044057  1.93044057  2.0169362   2.0169362
  2.07127394  2.26325932  2.29248051  2.33501745  2.37196671  2.37196671
  2.45443655  2.45443655  2.62500869  2.62500869  2.71610478  2.93987602
  2.93987602  3.19276522  3.27409045  3.27409045  3.32105063  3.3556286
  3.3556286   3.37062877  3.81774201  4.50979252  5.45533464  7.93518854
  7.93518854  8.49624258  8.49624258  8.71258958]
nelec by numeric integration = 35.9999999996038
    CPU time for vxc    196.31 sec, wall time     33.08 sec
Ewald components = 0.00051775335925431, -0.251419253935776, 0.0646100141269025
    CPU time for vj and vk      0.26 sec, wall time      0.04 sec
Ewald components = 6.77773183084737, -128.779455527716, 5.42224205397643
E1 = -90.47632055455252  Ecoul = 65.74106435656878  Exc = -26.51764995177639
cycle= 1 E= -167.832387792652  delta_E= 2.03  |g|= 1.63  |ddm|= 4.35
    CPU time for cycle= 1    196.63 sec, wall time     33.14 sec
  HOMO = 0.5576516862259  LUMO = 0.62701677068253
  mo_energy =
[-0.15482841 -0.15200544 -0.14229629 -0.14229629 -0.14098644 -0.14098644
 -0.13894501 -0.13344238 -0.13344238 -0.12859679 -0.12859679  0.01573442
  0.12755354  0.47278795  0.47278795  0.5557399   0.5557399   0.55765169
  0.62701677  0.64641394  0.77759182  0.77759182  0.8172163   0.89886534
  0.89886534  0.92725618  1.02937116  1.11628594  1.11628594  1.225241
  1.225241    1.30071923  1.46630417  1.49778611  1.49778611  1.59831119
  1.68293896  1.68293896  1.72405984  1.72405984  1.73728319  1.84729502
  2.06975065  2.06975065  2.10137814  2.10137814  2.13434602  2.13434602
  2.1801436   2.31635718  2.35921117  2.4453672   2.53609704  2.53609704
  2.6813453   2.6813453   2.8736068   2.94774875  2.94774875  3.16692555
  3.16692555  3.4098989   3.54340279  3.54340279  3.55342114  3.57565575
  3.60203819  3.60203819  4.00652343  4.74688314  5.78981378  8.09724421
  8.09724421  8.65012838  8.65012838  8.90567429]
nelec by numeric integration = 35.999999999436554
    CPU time for vxc    197.47 sec, wall time     33.03 sec
Ewald components = 0.00051775335925431, -0.251419253935776, 0.0646100141269025
    CPU time for vj and vk      0.27 sec, wall time      0.05 sec
Ewald components = 6.77773183084737, -128.779455527716, 5.42224205397643
E1 = -85.16433291900432  Ecoul = 58.50145690354436  Exc = -24.538942038601327
cycle= 2 E= -167.781299696953  delta_E= 0.0511  |g|= 1.61  |ddm|= 4.85
    CPU time for cycle= 2    197.84 sec, wall time     33.09 sec
  HOMO = 0.369891064824402  LUMO = 0.498689433109749
  mo_energy =
[-0.26283815 -0.22296229 -0.17033249 -0.17033249 -0.16801152 -0.16801152
 -0.16788825 -0.15752394 -0.15752394 -0.15292573 -0.15292573 -0.09925903
  0.06894719  0.31326183  0.31326183  0.36097447  0.36097447  0.36989106
  0.49868943  0.57753863  0.77825539  0.7788677   0.7788677   0.80969247
  0.86200032  0.86200032  1.04207625  1.10051636  1.10051636  1.23007023
  1.23007023  1.30759367  1.38706711  1.39835394  1.39835394  1.55080698
  1.56977575  1.56977575  1.63577397  1.67620333  1.67859071  1.67859071
  1.99729758  1.99729758  2.02922194  2.02922194  2.06891577  2.06891577
  2.13914144  2.32481792  2.3677269   2.36824436  2.46755042  2.46755042
  2.5797189   2.5797189   2.77540299  2.77540299  2.80792198  3.05093051
  3.05093051  3.32257756  3.40886285  3.40886285  3.44528257  3.48246891
  3.48518989  3.48518989  3.91994141  4.63103578  5.72357417  8.08693317
  8.08693317  8.64859661  8.64859661  8.87710306]
nelec by numeric integration = 35.99999999944313
    CPU time for vxc    196.07 sec, wall time     32.70 sec
Ewald components = 0.00051775335925431, -0.251419253935776, 0.0646100141269025
    CPU time for vj and vk      0.26 sec, wall time      0.04 sec
Ewald components = 6.77773183084737, -128.779455527716, 5.42224205397643
E1 = -86.76712914306397  Ecoul = 60.262597719859244  Exc = -25.299991398863455
cycle= 3 E= -168.38400446496  delta_E= -0.603  |g|= 0.24  |ddm|= 2.35
    CPU time for cycle= 3    196.41 sec, wall time     32.75 sec
  HOMO = 0.379331161876716  LUMO = 0.50344651893909
  mo_energy =
[-0.25699546 -0.24903872 -0.22395792 -0.22395792 -0.22215061 -0.22215061
 -0.22107778 -0.21284169 -0.21284169 -0.20878999 -0.20878999 -0.11880046
  0.06947988  0.32091431  0.32091431  0.37040015  0.37040015  0.37933116
  0.50344652  0.5766115   0.77241654  0.77241654  0.78798585  0.80397604
  0.85849127  0.85849127  1.03716221  1.0935992   1.0935992   1.2226294
  1.2226294   1.30191524  1.38389255  1.39858031  1.39858031  1.54973459
  1.57110251  1.57110251  1.63861752  1.67768067  1.67768067  1.68020981
  1.99578769  1.99578769  2.02632589  2.02632589  2.06245212  2.06245212
  2.13624926  2.31602527  2.35917873  2.36811478  2.46657076  2.46657076
  2.58233331  2.58233331  2.7866507   2.7866507   2.80394338  3.05443649
  3.05443649  3.31897736  3.4121756   3.4121756   3.44939997  3.47123189
  3.48587157  3.48587157  3.91640282  4.62931142  5.68047971  8.05645469
  8.05645469  8.6160715   8.6160715   8.84890489]
nelec by numeric integration = 35.99999999945496
    CPU time for vxc    195.41 sec, wall time     32.58 sec
Ewald components = 0.00051775335925431, -0.251419253935776, 0.0646100141269025
    CPU time for vj and vk      0.27 sec, wall time      0.04 sec
Ewald components = 6.77773183084737, -128.779455527716, 5.42224205397643
E1 = -87.36978323715496  Ecoul = 60.91607633321876  Exc = -25.36119831784208
cycle= 4 E= -168.39438686467  delta_E= -0.0104  |g|= 0.0198  |ddm|= 0.298
    CPU time for cycle= 4    195.75 sec, wall time     32.64 sec
  HOMO = 0.380231269981247  LUMO = 0.503748848585984
  mo_energy =
[-0.25724265 -0.24629102 -0.22015014 -0.22015014 -0.21833699 -0.21833699
 -0.21717057 -0.20888971 -0.20888971 -0.20476369 -0.20476369 -0.11745729
  0.06888126  0.32100975  0.32100975  0.37106991  0.37106991  0.38023127
  0.50374885  0.576883    0.77194589  0.77194589  0.78851365  0.80376914
  0.85869093  0.85869093  1.03607372  1.09341951  1.09341951  1.22172145
  1.22172145  1.30109994  1.38375611  1.39877434  1.39877434  1.54944669
  1.5713095   1.5713095   1.63866488  1.67789982  1.67789982  1.68039863
  1.99549642  1.99549642  2.02654447  2.02654447  2.06226804  2.06226804
  2.13616925  2.31524515  2.35840528  2.36927589  2.46731297  2.46731297
  2.58353302  2.58353302  2.788406    2.788406    2.80417854  3.05532304
  3.05532304  3.32028085  3.41338926  3.41338926  3.45037136  3.47186361
  3.48700787  3.48700787  3.91671345  4.62944496  5.68409638  8.05784753
  8.05784753  8.61748985  8.61748985  8.85069703]
nelec by numeric integration = 35.99999999945369
    CPU time for vxc    195.39 sec, wall time     32.59 sec
Ewald components = 0.00051775335925431, -0.251419253935776, 0.0646100141269025
    CPU time for vj and vk      0.26 sec, wall time      0.04 sec
Ewald components = 6.77773183084737, -128.779455527716, 5.42224205397643
E1 = -87.29797520095688  Ecoul = 60.828466975723984  Exc = -25.3454754193246
cycle= 5 E= -168.394465287449  delta_E= -7.84e-05  |g|= 0.000579  |ddm|= 0.0325
    CPU time for cycle= 5    195.72 sec, wall time     32.64 sec
  HOMO = 0.380190106755617  LUMO = 0.503663934543458
  mo_energy =
[-0.25730445 -0.24637887 -0.22022818 -0.22022818 -0.21841281 -0.21841281
 -0.21727567 -0.20898354 -0.20898354 -0.20486045 -0.20486045 -0.11752649
  0.06880171  0.32095154  0.32095154  0.37100983  0.37100983  0.38019011
  0.50366393  0.57686836  0.77192336  0.77192336  0.78842664  0.80372412
  0.85867292  0.85867292  1.03604144  1.09337324  1.09337324  1.22167087
  1.22167087  1.30105096  1.38366247  1.39873846  1.39873846  1.5494009
  1.57127104  1.57127104  1.63861445  1.67784988  1.67784988  1.68033508
  1.9954651   1.9954651   2.02649933  2.02649933  2.06221526  2.06221526
  2.13609795  2.31524089  2.3584018   2.36918852  2.4672525   2.4672525
  2.58348737  2.58348737  2.78833559  2.78833559  2.80415308  3.05524812
  3.05524812  3.32018712  3.41334098  3.41334098  3.45028706  3.47181941
  3.48695575  3.48695575  3.91665066  4.62937238  5.68401615  8.05777838
  8.05777838  8.61741808  8.61741808  8.85060894]
nelec by numeric integration = 35.999999999453735
    CPU time for vxc    195.53 sec, wall time     32.59 sec
Ewald components = 0.00051775335925431, -0.251419253935776, 0.0646100141269025
    CPU time for vj and vk      0.23 sec, wall time      0.04 sec
Ewald components = 6.77773183084737, -128.779455527716, 5.42224205397643
E1 = -87.29856138793681  Ecoul = 60.829217923755266  Exc = -25.345640784760878
cycle= 6 E= -168.394465891834  delta_E= -6.04e-07  |g|= 0.000551  |ddm|= 0.00574
    CPU time for cycle= 6    195.81 sec, wall time     32.64 sec
  HOMO = 0.380191386738563  LUMO = 0.503658589327916
  mo_energy =
[-0.25730929 -0.24638481 -0.22023629 -0.22023629 -0.21842203 -0.21842203
 -0.21727667 -0.20898765 -0.20898765 -0.2048638  -0.2048638  -0.11753132
  0.06881045  0.32094636  0.32094636  0.3710017   0.3710017   0.38019139
  0.50365859  0.57685507  0.77192094  0.77192094  0.78843053  0.80372538
  0.85866583  0.85866583  1.03603381  1.09337134  1.09337134  1.22167462
  1.22167462  1.30106187  1.38367059  1.3987365   1.3987365   1.54938857
  1.57126884  1.57126884  1.63859527  1.67784794  1.67784794  1.68034292
  1.99546549  1.99546549  2.02649988  2.02649988  2.06222199  2.06222199
  2.13609227  2.31522692  2.35838707  2.36918775  2.46724887  2.46724887
  2.58348173  2.58348173  2.7883299   2.7883299   2.80414494  3.05524652
  3.05524652  3.32019154  3.41333211  3.41333211  3.45028092  3.47180785
  3.48694935  3.48694935  3.9166512   4.62937282  5.6840152   8.0577759
  8.0577759   8.61741412  8.61741412  8.85061242]
nelec by numeric integration = 35.99999999945375
    CPU time for vxc    195.61 sec, wall time     32.61 sec
Ewald components = 0.00051775335925431, -0.251419253935776, 0.0646100141269025
    CPU time for vj and vk      0.24 sec, wall time      0.04 sec
Ewald components = 6.77773183084737, -128.779455527716, 5.42224205397643
E1 = -87.29861058004185  Ecoul = 60.82929316876267  Exc = -25.345666913833654
cycle= 7 E= -168.394465968005  delta_E= -7.62e-08  |g|= 0.000223  |ddm|= 0.00067
    CPU time for cycle= 7    195.90 sec, wall time     32.66 sec
  HOMO = 0.380195262619097  LUMO = 0.50365766068417
  mo_energy =
[-0.25731    -0.24638238 -0.22023334 -0.22023334 -0.21841991 -0.21841991
 -0.21726806 -0.20898128 -0.20898128 -0.20485676 -0.20485676 -0.11752924
  0.0688194   0.32094567  0.32094567  0.37099883  0.37099883  0.38019526
  0.50365766  0.57684696  0.77192094  0.77192094  0.78843712  0.80372798
  0.85866215  0.85866215  1.03602858  1.0933722   1.0933722   1.22167958
  1.22167958  1.30107306  1.38367903  1.39873703  1.39873703  1.54938215
  1.57126964  1.57126964  1.63858273  1.67784874  1.67784874  1.6803507
  1.99546719  1.99546719  2.02650327  2.02650327  2.06222945  2.06222945
  2.1360902   2.31521809  2.35837769  2.36919047  2.46724877  2.46724877
  2.5834802   2.5834802   2.7883291   2.7883291   2.80414231  3.05524784
  3.05524784  3.32019906  3.41332889  3.41332889  3.45027963  3.47180188
  3.48694794  3.48694794  3.91665376  4.62937689  5.68402246  8.05777996
  8.05777996  8.6174166   8.6174166   8.85062043]
nelec by numeric integration = 35.99999999945374
    CPU time for vxc    195.58 sec, wall time     32.60 sec
Ewald components = 0.00051775335925431, -0.251419253935776, 0.0646100141269025
    CPU time for vj and vk      0.25 sec, wall time      0.04 sec
Ewald components = 6.77773183084737, -128.779455527716, 5.42224205397643
E1 = -87.29855060173551  Ecoul = 60.82923335500564  Exc = -25.34566710739958
Extra cycle  E= -168.394465997021  delta_E= -2.9e-08  |g|= 7.31e-05  |ddm|= 0.000868
    CPU time for scf_cycle   3575.25 sec, wall time    715.73 sec
    CPU time for SCF   3575.25 sec, wall time    715.73 sec
converged SCF energy = -168.394465997021
nelec by numeric integration = 35.99999999945373
    CPU time for vxc    881.61 sec, wall time    148.39 sec
/var/spool/slurmd/job37641832/slurm_script: line 27:  3450 Killed                  python3 dzvp_0.py
slurmstepd: error: Detected 1 oom-kill event(s) in StepId=37641832.batch. Some of your processes may have been killed by the cgroup out-of-memory handler.
