\BOOKMARK [0][-]{chapter*.1}{\376\377\000A\000c\000k\000n\000o\000w\000l\000e\000d\000g\000e\000m\000e\000n\000t\000s}{}% 1
\BOOKMARK [0][-]{chapter*.2}{\376\377\000A\000b\000s\000t\000r\000a\000c\000t}{}% 2
\BOOKMARK [0][-]{section*.3}{\376\377\000T\000a\000b\000l\000e\000\040\000o\000f\000\040\000C\000o\000n\000t\000e\000n\000t\000s}{}% 3
\BOOKMARK [0][-]{section*.4}{\376\377\000L\000i\000s\000t\000\040\000o\000f\000\040\000I\000l\000l\000u\000s\000t\000r\000a\000t\000i\000o\000n\000s}{}% 4
\BOOKMARK [0][-]{section*.5}{\376\377\000L\000i\000s\000t\000\040\000o\000f\000\040\000T\000a\000b\000l\000e\000s}{}% 5
\BOOKMARK [0][-]{chapter.1}{\376\377\000N\000o\000m\000e\000n\000c\000l\000a\000t\000u\000r\000e}{}% 6
\BOOKMARK [0][-]{chapter.2}{\376\377\000M\000o\000t\000i\000v\000a\000t\000i\000o\000n}{}% 7
\BOOKMARK [0][-]{chapter.3}{\376\377\000T\000h\000e\000o\000r\000y}{}% 8
\BOOKMARK [1][-]{section.3.1}{\376\377\000M\000e\000a\000n\000\040\000F\000i\000e\000l\000d\000\040\000M\000e\000t\000h\000o\000d\000s}{chapter.3}% 9
\BOOKMARK [1][-]{section.3.2}{\376\377\000G\000r\000e\000e\000n\000'\000s\000\040\000f\000u\000n\000c\000t\000i\000o\000n\000s}{chapter.3}% 10
\BOOKMARK [0][-]{chapter.4}{\376\377\000G\0000\000W\0000\000\040\000P\000r\000o\000c\000e\000d\000u\000r\000e}{}% 11
\BOOKMARK [1][-]{section.4.1}{\376\377\000I\000t\000e\000r\000a\000t\000i\000v\000e\000\040\000e\000q\000u\000a\000t\000i\000o\000n}{chapter.4}% 12
\BOOKMARK [1][-]{section.4.2}{\376\377\000C\000o\000r\000r\000e\000l\000a\000t\000i\000o\000n\000\040\000S\000e\000l\000f\000-\000E\000n\000e\000r\000g\000y}{chapter.4}% 13
\BOOKMARK [1][-]{section.4.3}{\376\377\000R\000a\000n\000d\000o\000m\000\040\000P\000h\000a\000s\000e\000\040\000A\000p\000p\000r\000o\000x\000i\000m\000a\000t\000i\000o\000n}{chapter.4}% 14
\BOOKMARK [0][-]{chapter.5}{\376\377\000L\000i\000n\000e\000a\000r\000i\000z\000e\000d\000\040\000G\0000\000W\0000\000\040\000D\000e\000n\000s\000i\000t\000y\000\040\000M\000a\000t\000r\000i\000x}{}% 15
\BOOKMARK [0][-]{chapter.6}{\376\377\000R\000e\000s\000u\000l\000t\000s}{}% 16
\BOOKMARK [0][-]{chapter.7}{\376\377\000C\000o\000n\000c\000l\000u\000s\000i\000o\000n}{}% 17
\BOOKMARK [0][-]{chapter.8}{\376\377\000O\000u\000t\000l\000o\000o\000k}{}% 18
\BOOKMARK [0][-]{section*.28}{\376\377\000B\000i\000b\000l\000i\000o\000g\000r\000a\000p\000h\000y}{}% 19
\BOOKMARK [0][-]{appendix.A}{\376\377\000S\000y\000m\000m\000e\000t\000r\000i\000c\000\040\000f\000o\000r\000m\000u\000l\000a\000t\000i\000o\000n\000\040\000o\000f\000\040\000t\000h\000e\000\040\000d\000R\000P\000A}{}% 20
\BOOKMARK [0][-]{appendix.B}{\376\377\000D\000e\000r\000i\000v\000a\000t\000i\000o\000n\000\040\000o\000f\000\040\000t\000h\000e\000\040\000l\000i\000n\000e\000a\000r\000i\000z\000e\000d\000\040\000G\0000\000W\0000\000\040\000d\000e\000n\000s\000i\000t\000y\000\040\000m\000a\000t\000r\000i\000x}{}% 21
\BOOKMARK [1][-]{section.B.1}{\376\377\000F\000u\000l\000l\000y\000\040\000o\000c\000c\000u\000p\000i\000e\000d\000\040\000b\000l\000o\000c\000k}{appendix.B}% 22
\BOOKMARK [1][-]{section.B.2}{\376\377\000F\000u\000l\000l\000y\000\040\000V\000i\000r\000t\000u\000a\000l\000\040\000B\000l\000o\000c\000k}{appendix.B}% 23
\BOOKMARK [1][-]{section.B.3}{\376\377\000M\000i\000x\000e\000d\000\040\000B\000l\000o\000c\000k}{appendix.B}% 24
