/groups/wag/pkozlows/miniconda3/envs/pyscf/lib/python3.11/site-packages/pyscf/dft/libxc.py:771: UserWarning: Since PySCF-2.3, B3LYP (and B3P86) are changed to the VWN-RPA variant, corresponding to the original definition by Stephens et al. (issue 1480) and the same as the B3LYP functional in Gaussian. To restore the VWN5 definition, you can put the setting "B3LYP_WITH_VWN5 = True" in pyscf_conf.py
  warnings.warn('Since PySCF-2.3, B3LYP (and B3P86) are changed to the VWN-RPA variant, '
/central/home/pkozlows/ch121b/gan/dft/pbe/dzvp/111/1/p_dzvp_1.py:12: UserWarning: Use ase.build.bulk() instead
  ase_cell = bulk('GaN', 'wurtzite', a=3.19, c=5.19)
Discarded 8 diffused primitive functions, 0 contracted functions


******** <class 'pyscf.pbc.dft.krks.KRKS'> ********
method = KRKS
initial guess = minao
damping factor = 0
level_shift factor = 0
DIIS = <class 'pyscf.scf.diis.CDIIS'>
diis_start_cycle = 1
diis_space = 8
SCF conv_tol = 1e-07
SCF conv_tol_grad = None
SCF max_cycles = 50
direct_scf = True
direct_scf_tol = 1e-13
chkfile to save SCF result = /central/home/pkozlows/ch121b/gan/dft/pbe/dzvp/111/1/check_file.chk
max_memory 168197 MB (current use 119 MB)


******** PBC SCF flags ********
N kpts = 1
kpts = [[0. 0. 0.]]
Exchange divergence treatment (exxdiv) = ewald
Ewald components = 0.00051775335925431, -0.251419253935776, 0.0646100141269025
    madelung (= occupied orbital energy shift) = 0.3725829728992387
    Total energy shift due to Ewald probe charge = -1/2 * Nelec*madelung = -6.70649351219
DF object = <pyscf.pbc.df.fft.FFTDF object at 0x7fb80093af10>
XC functionals = PBE
small_rho_cutoff = 1e-07
Uniform grid, mesh = [ 83  83 133]
Set gradient conv threshold to 0.000316228
Big error detected in the electron number of initial guess density matrix (Ne/cell = 36.0958)!
  This can cause huge error in Fock matrix and lead to instability in SCF for low-dimensional systems.
  DM is normalized wrt the number of electrons 36.0
nelec by numeric integration = 35.99999999814209
    CPU time for vxc    104.67 sec, wall time      6.57 sec
    CPU time for vj and vk    126.29 sec, wall time      7.93 sec
Ewald components = 6.77773183084737, -128.779455527716, 5.42224205397643
E1 = -88.22425101137488  Ecoul = 61.06099140445414  Exc = -25.483278552823734
init E= -169.226019802636
cond(S) = [33729.90476262]
    CPU time for initialize scf    327.86 sec, wall time     21.95 sec
HOMO = 0.24333210905  LUMO = 0.438854392612
     k-point                  mo_energy
   0 ( 0.000  0.000  0.000)   [-0.30997256 -0.26925354 -0.05677684 -0.05608136 -0.05608136 -0.0510735
 -0.0510735  -0.03502827 -0.03502827 -0.03095421 -0.03095421 -0.01860312
  0.05386176  0.21328863  0.21328863  0.2419826   0.2419826   0.24333211] [ 0.43885439  0.53421293  0.64648619  0.75943335  0.75943335  0.78735568
  0.81653108  0.81653108  1.11016234  1.11016234  1.18297567  1.27914728
  1.27914728  1.28476247  1.28476247  1.32844172  1.34709122  1.42997714
  1.42997714  1.46691963  1.50599308  1.63029274  1.63029274  1.92201693
  1.92201693  1.97664959  1.97664959  1.9887788   2.05059533  2.05059533
  2.15547172  2.26760415  2.29653677  2.34018982  2.3569481   2.3569481
  2.4266186   2.4266186   2.56824278  2.57450162  2.57450162  2.61898018
  2.91860216  2.91860216  3.01615154  3.19021118  3.24465384  3.24465384
  3.29766992  3.29766992  6.07810632  6.0998897  10.38134909 10.41269976
 10.41269976 10.49427375 10.49427375 10.7047991 ]
nelec by numeric integration = 35.9999999993307
    CPU time for vxc    104.37 sec, wall time      6.56 sec
    CPU time for vj and vk    125.12 sec, wall time      7.85 sec
Ewald components = 6.77773183084737, -128.779455527716, 5.42224205397643
E1 = -86.94581706769577  Ecoul = 62.05128232120604  Exc = -26.645632549899872
cycle= 1 E= -168.119648939281  delta_E= 1.11  |g|= 1.99  |ddm|= 4.42
    CPU time for cycle= 1    229.71 sec, wall time     14.41 sec
HOMO = 0.660874545537  LUMO = 0.660874545537

WARN: HOMO 0.660874545537 == LUMO 0.660874545537

     k-point                  mo_energy
   0 ( 0.000  0.000  0.000)   [-0.31352258 -0.31352258 -0.31320105 -0.31320105 -0.31208953 -0.31100231
 -0.30978981 -0.30978981 -0.30737744 -0.30737744 -0.05960422  0.09714595
  0.18750608  0.54880575  0.54880575  0.64488084  0.65553764  0.66087455] [ 0.66087455  0.70845192  0.72520151  0.72520151  0.77580369  0.87241774
  0.87241774  1.07498319  1.11156822  1.11156822  1.14429063  1.25944616
  1.25944616  1.32612169  1.40766012  1.46183126  1.46847224  1.46847224
  1.64801131  1.64801131  1.70809461  1.70809461  1.87237378  2.03992721
  2.03992721  2.05681836  2.08636266  2.08636266  2.13255055  2.13255055
  2.23662083  2.25387997  2.27761647  2.38143967  2.46188647  2.46188647
  2.63158541  2.63158541  2.65094764  2.76929631  2.94022448  2.94022448
  3.13146174  3.13146174  3.30377099  3.42677513  3.4979011   3.4979011
  3.506057    3.506057    5.80208444  5.82929296 10.18902687 10.2149612
 10.2149612  10.29956085 10.29956085 10.49750522]
nelec by numeric integration = 35.999999998784105
    CPU time for vxc    104.02 sec, wall time      6.54 sec
    CPU time for vj and vk    125.11 sec, wall time      7.85 sec
Ewald components = 6.77773183084737, -128.779455527716, 5.42224205397643
E1 = -87.83604234773767  Ecoul = 63.30747388211487  Exc = -25.34328684100096
cycle= 2 E= -166.451336949516  delta_E= 1.67  |g|= 2.78  |ddm|= 31.9
    CPU time for cycle= 2    229.37 sec, wall time     14.41 sec
HOMO = 0.412736902246  LUMO = 0.511591207585
     k-point                  mo_energy
   0 ( 0.000  0.000  0.000)   [-0.18640791 -0.15841202 -0.1191776  -0.11742787 -0.11714238 -0.11617424
 -0.11325553 -0.1065331  -0.10599097 -0.1026107  -0.10130279 -0.04083207
  0.12712297  0.36241882  0.36946703  0.40637067  0.4083065   0.4127369 ] [ 0.51159121  0.57156553  0.74945796  0.75150342  0.78678893  0.79086478
  0.82781873  0.83244032  1.11871048  1.12309999  1.17684014  1.27997782
  1.28280321  1.34706447  1.34916403  1.34944023  1.3499712   1.4745598
  1.51668208  1.51686951  1.60511092  1.66235232  1.66830488  1.95313812
  1.95670954  2.01172477  2.01227665  2.02055539  2.05537654  2.05641587
  2.19066067  2.27347849  2.31606265  2.32203117  2.40176569  2.40392677
  2.5120683   2.51472103  2.59278369  2.66583918  2.6989291   2.70267492
  2.98591971  2.98856003  3.11251123  3.2648629   3.31914439  3.32560594
  3.35887334  3.36458527  6.0090564   6.03220314 10.3231969  10.34369813
 10.34623628 10.42527045 10.42820732 10.64173364]
nelec by numeric integration = 35.99999999905191
    CPU time for vxc    104.19 sec, wall time      6.54 sec
    CPU time for vj and vk    125.98 sec, wall time      7.91 sec
Ewald components = 6.77773183084737, -128.779455527716, 5.42224205397643
E1 = -87.23176978370374  Ecoul = 60.86559983013742  Exc = -26.011499398475127
cycle= 3 E= -168.957150994933  delta_E= -2.51  |g|= 0.296  |ddm|= 31.8
    CPU time for cycle= 3    230.38 sec, wall time     14.46 sec
HOMO = 0.426356387604  LUMO = 0.514118669837
     k-point                  mo_energy
   0 ( 0.000  0.000  0.000)   [-0.18252998 -0.17738287 -0.16194816 -0.16159271 -0.1610788  -0.16041913
 -0.16019831 -0.15421628 -0.15403176 -0.15077046 -0.15042548 -0.05150957
  0.12581534  0.3776815   0.37960457  0.41874049  0.42485641  0.42635639] [ 0.51411867  0.56381137  0.74306828  0.74338289  0.77816546  0.79422007
  0.8259458   0.82710454  1.10948283  1.11142608  1.16676989  1.27153094
  1.27328225  1.33674448  1.34549906  1.34629825  1.34740268  1.46401628
  1.51393847  1.51434578  1.60600695  1.66098632  1.66329149  1.95197485
  1.95334335  2.00284483  2.00707393  2.01005298  2.04725603  2.04772001
  2.18796124  2.26219256  2.3045613   2.32104557  2.40231119  2.40325184
  2.52386284  2.52465714  2.58507337  2.66290613  2.71853151  2.71914897
  2.99045815  2.99050196  3.11871144  3.26923525  3.32825348  3.32988534
  3.36530682  3.36673468  5.96082256  5.98436624 10.28581437 10.31369543
 10.31449479 10.39495566 10.39582265 10.60142508]
nelec by numeric integration = 35.99999999903648
    CPU time for vxc    105.06 sec, wall time      6.59 sec
    CPU time for vj and vk    125.31 sec, wall time      7.87 sec
Ewald components = 6.77773183084737, -128.779455527716, 5.42224205397643
E1 = -87.66390131909995  Ecoul = 61.284349978449114  Exc = -26.01624178137662
cycle= 4 E= -168.975274764919  delta_E= -0.0181  |g|= 0.0683  |ddm|= 0.424
    CPU time for cycle= 4    230.57 sec, wall time     14.48 sec
HOMO = 0.431286998952  LUMO = 0.517572010836
     k-point                  mo_energy
   0 ( 0.000  0.000  0.000)   [-0.17403503 -0.17335474 -0.15077086 -0.15071493 -0.15041448 -0.14924924
 -0.14921028 -0.14318266 -0.14307019 -0.13955974 -0.13946859 -0.04516477
  0.12695922  0.38314693  0.38326869  0.42386817  0.43100845  0.431287  ] [ 0.51757201  0.56696489  0.74415823  0.74432714  0.77891028  0.79883835
  0.82861361  0.82865322  1.11220695  1.11225781  1.16773099  1.27342208
  1.27350412  1.33807892  1.34695812  1.3498724   1.3499072   1.46453176
  1.51771049  1.51787916  1.60978225  1.66370683  1.66389095  1.95468061
  1.95478608  2.0057667   2.01117422  2.01135682  2.04852974  2.04858129
  2.18979134  2.26381824  2.30625938  2.32368784  2.40517783  2.40522465
  2.52776654  2.52783315  2.58810208  2.66567494  2.72283291  2.72290313
  2.99325614  2.99331374  3.12235336  3.27259276  3.33305597  3.3332473
  3.36976882  3.36989994  5.97302453  5.99663088 10.28995865 10.31880661
 10.31896779 10.40023649 10.40042969 10.60617562]
nelec by numeric integration = 35.99999999902735
    CPU time for vxc    105.64 sec, wall time      6.64 sec
    CPU time for vj and vk    125.21 sec, wall time      7.86 sec
Ewald components = 6.77773183084737, -128.779455527716, 5.42224205397643
E1 = -87.47894699888936  Ecoul = 61.04775274055554  Exc = -25.9656063702103
cycle= 5 E= -168.976282271436  delta_E= -0.00101  |g|= 0.0138  |ddm|= 0.146
    CPU time for cycle= 5    231.07 sec, wall time     14.51 sec
HOMO = 0.431045104068  LUMO = 0.517503538765
     k-point                  mo_energy
   0 ( 0.000  0.000  0.000)   [-0.17443067 -0.17409734 -0.15236986 -0.15236563 -0.15171633 -0.15091053
 -0.15090513 -0.14463434 -0.14462069 -0.14100634 -0.14098383 -0.04557649
  0.12721058  0.3831057   0.38316051  0.42398362  0.43096162  0.4310451 ] [ 0.51750354  0.56663616  0.74401232  0.74409069  0.77890988  0.79914175
  0.82833154  0.82836879  1.11195666  1.11202915  1.16751132  1.27334299
  1.27337607  1.33811368  1.34703374  1.34978331  1.34980633  1.46468383
  1.51774464  1.51777102  1.61002282  1.66370351  1.66371606  1.95463427
  1.9546821   2.00531533  2.01119866  2.01133748  2.04861587  2.0486584
  2.1898351   2.26334276  2.30575897  2.32348639  2.40500802  2.40505748
  2.52755609  2.52756621  2.5877456   2.66549584  2.72272749  2.72277257
  2.99325181  2.99326236  3.12236749  3.27255917  3.33286293  3.33297463
  3.36958614  3.36966994  5.97129708  5.99490181 10.28965382 10.31816185
 10.31820401 10.39958491 10.39963358 10.60578754]
nelec by numeric integration = 35.99999999902822
    CPU time for vxc    104.21 sec, wall time      6.54 sec
    CPU time for vj and vk    125.11 sec, wall time      7.86 sec
Ewald components = 6.77773183084737, -128.779455527716, 5.42224205397643
E1 = -87.50192749766092  Ecoul = 61.07492754275043  Exc = -25.969847753468507
cycle= 6 E= -168.976329351271  delta_E= -4.71e-05  |g|= 0.00479  |ddm|= 0.0594
    CPU time for cycle= 6    229.52 sec, wall time     14.41 sec
HOMO = 0.431016703322  LUMO = 0.517505835374
     k-point                  mo_energy
   0 ( 0.000  0.000  0.000)   [-0.17467417 -0.17407414 -0.15268586 -0.15268151 -0.15208947 -0.15122002
 -0.15121666 -0.14498261 -0.14497997 -0.1413588  -0.1413573  -0.04566124
  0.12713951  0.38311364  0.38313895  0.42398137  0.43098968  0.4310167 ] [ 0.51750584  0.56671335  0.7440394   0.74405419  0.77884929  0.79912049
  0.82835447  0.82836983  1.11195581  1.11198082  1.16751309  1.27329346
  1.27330883  1.33807367  1.34692805  1.3497833   1.34979396  1.46459671
  1.5177352   1.51774225  1.61006753  1.66368246  1.66370202  1.95462347
  1.95463966  2.00543428  2.01118061  2.01122505  2.04853199  2.04853939
  2.18977183  2.26341878  2.30583934  2.32347712  2.4049779   2.40499293
  2.52751896  2.52752588  2.58783314  2.66553418  2.72273438  2.72274738
  2.99320949  2.9932138   3.12233312  3.27251807  3.33290421  3.33293575
  3.36958627  3.36961189  5.97091724  5.99452101 10.28945167 10.31806142
 10.31806218 10.39949102 10.39949227 10.60556127]
nelec by numeric integration = 35.99999999902771
    CPU time for vxc    105.10 sec, wall time      6.60 sec
    CPU time for vj and vk    125.63 sec, wall time      7.89 sec
Ewald components = 6.77773183084737, -128.779455527716, 5.42224205397643
E1 = -87.50732054170729  Ecoul = 61.081196203605614  Exc = -25.97073112731178
cycle= 7 E= -168.976337108305  delta_E= -7.76e-06  |g|= 0.000988  |ddm|= 0.0196
    CPU time for cycle= 7    230.94 sec, wall time     14.50 sec
HOMO = 0.431043530533  LUMO = 0.517537636278
     k-point                  mo_energy
   0 ( 0.000  0.000  0.000)   [-0.17459496 -0.17405081 -0.15259061 -0.15258896 -0.15198793 -0.15112526
 -0.1511248  -0.14488231 -0.14488216 -0.14125798 -0.14125668 -0.04561507
  0.12717948  0.38316153  0.38316317  0.42403192  0.43104322  0.43104353] [ 0.51753764  0.56671301  0.74405434  0.74405732  0.7788626   0.79917962
  0.82837243  0.82837308  1.11198792  1.11198803  1.16751455  1.27332625
  1.27332653  1.33809437  1.34697052  1.34982     1.3498204   1.4646133
  1.51777508  1.51777563  1.61010936  1.66370361  1.6637074   1.95465551
  1.95465573  2.00543223  2.0112355   2.01123636  2.04856051  2.04856272
  2.18980401  2.26341514  2.30583503  2.32350114  2.40500526  2.4050056
  2.52754601  2.52754663  2.58783828  2.66554891  2.72277097  2.7227714
  2.99324063  2.9932411   3.12237047  3.27255809  3.33294257  3.33294393
  3.36962586  3.36962634  5.97102441  5.99462901 10.28950455 10.31810115
 10.31810429 10.39953114 10.39953467 10.60562257]
nelec by numeric integration = 35.9999999990277
    CPU time for vxc    104.97 sec, wall time      6.59 sec
    CPU time for vj and vk    125.63 sec, wall time      7.88 sec
Ewald components = 6.77773183084737, -128.779455527716, 5.42224205397643
E1 = -87.50567403641958  Ecoul = 61.07913035611986  Exc = -25.97031205801446
cycle= 8 E= -168.976337381206  delta_E= -2.73e-07  |g|= 0.000211  |ddm|= 0.0035
    CPU time for cycle= 8    230.80 sec, wall time     14.49 sec
HOMO = 0.431051985359  LUMO = 0.517543092225
     k-point                  mo_energy
   0 ( 0.000  0.000  0.000)   [-0.17458904 -0.17404556 -0.15258219 -0.15258199 -0.15198313 -0.15111698
 -0.15111693 -0.14487626 -0.14487577 -0.14125154 -0.14125119 -0.04560886
  0.12718065  0.38316888  0.3831697   0.42403839  0.43105166  0.43105199] [ 0.51754309  0.56671737  0.74405748  0.74405777  0.77886223  0.79918642
  0.82837581  0.82837681  1.11198954  1.11199114  1.16751606  1.27332705
  1.27332872  1.33809546  1.34697172  1.34982474  1.34982538  1.46461208
  1.51778072  1.51778094  1.61011494  1.66370659  1.66370826  1.95465802
  1.9546595   2.00543763  2.01123803  2.01123991  2.04856135  2.04856198
  2.18980577  2.26341873  2.30583875  2.32350413  2.40500782  2.40500842
  2.52755081  2.52755159  2.58784238  2.66555312  2.72277707  2.72277741
  2.99324398  2.99324423  3.12237483  3.27256183  3.33294835  3.33294923
  3.3696305   3.36963125  5.97103207  5.99463679 10.28950416 10.3181054
 10.318106   10.39953572 10.39953642 10.6056224 ]
nelec by numeric integration = 35.99999999902769
    CPU time for vxc    105.23 sec, wall time      6.61 sec
    CPU time for vj and vk    125.33 sec, wall time      7.86 sec
Ewald components = 6.77773183084737, -128.779455527716, 5.42224205397643
E1 = -87.50553958582805  Ecoul = 61.07894537516545  Exc = -25.970261534220562
cycle= 9 E= -168.976337387775  delta_E= -6.57e-09  |g|= 0.000166  |ddm|= 0.000707
    CPU time for cycle= 9    230.75 sec, wall time     14.49 sec
HOMO = 0.431056523006  LUMO = 0.517545570416
     k-point                  mo_energy
   0 ( 0.000  0.000  0.000)   [-0.17459513 -0.1740423  -0.15259046 -0.1525904  -0.15199193 -0.15112518
 -0.15112515 -0.14488504 -0.14488476 -0.14126053 -0.14126022 -0.0456085
  0.12718177  0.3831728   0.38317347  0.42404203  0.43105626  0.43105652] [ 0.51754557  0.56671777  0.74405711  0.74405721  0.77886139  0.79919101
  0.82837637  0.82837695  1.11198928  1.1119902   1.16751549  1.27332699
  1.27332787  1.33809495  1.34697182  1.34982657  1.34982699  1.4646115
  1.51778314  1.51778324  1.61011807  1.66370724  1.66370851  1.95465943
  1.95466018  2.00543784  2.01123942  2.01124046  2.04856122  2.04856133
  2.18980626  2.26341785  2.30583782  2.32350431  2.40500857  2.40500892
  2.52755296  2.52755341  2.58784197  2.6655542   2.72278076  2.72278095
  2.99324568  2.99324572  3.12237711  3.27256324  3.33295061  3.33295106
  3.36963219  3.36963263  5.97102279  5.99462756 10.28949898 10.31810072
 10.31810132 10.39953102 10.3995317  10.60561659]
nelec by numeric integration = 35.99999999902771
    CPU time for vxc    104.15 sec, wall time      6.54 sec
    CPU time for vj and vk    125.08 sec, wall time      7.85 sec
Ewald components = 6.77773183084737, -128.779455527716, 5.42224205397643
E1 = -87.50563608531807  Ecoul = 61.07904286145546  Exc = -25.97026247569177
Extra cycle  E= -168.976337342446  delta_E= 4.53e-08  |g|= 0.000473  |ddm|= 0.000825
    CPU time for scf_cycle   2630.36 sec, wall time    166.50 sec
    CPU time for SCF   2630.37 sec, wall time    166.51 sec
converged SCF energy = -168.976337342446
nelec by numeric integration = 35.99999999902771
    CPU time for vxc   1631.40 sec, wall time    131.06 sec
    CPU time for vj and vk   1268.87 sec, wall time     88.37 sec
