/groups/wag/pkozlows/miniconda3/envs/pyscf/lib/python3.11/site-packages/pyscf/dft/libxc.py:771: UserWarning: Since PySCF-2.3, B3LYP (and B3P86) are changed to the VWN-RPA variant, corresponding to the original definition by Stephens et al. (issue 1480) and the same as the B3LYP functional in Gaussian. To restore the VWN5 definition, you can put the setting "B3LYP_WITH_VWN5 = True" in pyscf_conf.py
  warnings.warn('Since PySCF-2.3, B3LYP (and B3P86) are changed to the VWN-RPA variant, '
/central/home/pkozlows/ch121b/gan/dft/szv/222/7/s2p.py:14: UserWarning: Use ase.build.bulk() instead
  ase_cell = bulk('GaN', 'wurtzite', a=3.19, c=5.19)
Discarded 6 diffused primitive functions, 0 contracted functions


******** <class 'pyscf.pbc.dft.krks.KRKS'> ********
method = KRKS
initial guess = minao
damping factor = 0
level_shift factor = 0
DIIS = <class 'pyscf.scf.diis.CDIIS'>
diis_start_cycle = 1
diis_space = 8
SCF conv_tol = 1e-07
SCF conv_tol_grad = None
SCF max_cycles = 50
direct_scf = True
direct_scf_tol = 1e-13
chkfile to save SCF result = /central/home/pkozlows/ch121b/gan/dft/szv/222/7/s2p.chk
max_memory 413378 MB (current use 119 MB)


******** PBC SCF flags ********
N kpts = 8
kpts = [[0.         0.         0.        ]
 [0.         0.         0.3203197 ]
 [0.         0.60176883 0.        ]
 [0.         0.60176883 0.3203197 ]
 [0.5211471  0.30088442 0.        ]
 [0.5211471  0.30088442 0.3203197 ]
 [0.5211471  0.90265325 0.        ]
 [0.5211471  0.90265325 0.3203197 ]]
Exchange divergence treatment (exxdiv) = ewald
Ewald components = 8.76453321006536e-07, -0.162059015555054, 0.068912395876923
    madelung (= occupied orbital energy shift) = 0.18629148644961965
    Total energy shift due to Ewald probe charge = -1/2 * Nelec*madelung = -3.35324675609
DF object = <pyscf.pbc.df.fft.FFTDF object at 0x7f4e3a7e5e90>
XC functionals = b3pw91
small_rho_cutoff = 1e-07
Uniform grid, mesh = [ 83  83 133]
Set gradient conv threshold to 0.000316228
nelec by numeric integration = 35.99975003995257
    CPU time for vxc    240.58 sec, wall time     16.35 sec
Ewald components = 8.76453321006536e-07, -0.162059015555054, 0.068912395876923
    CPU time for vj and vk  11676.74 sec, wall time   1291.61 sec
Ewald components = 6.77773183084737, -128.779455527716, 5.42224205397643
E1 = (-88.12776786411048+1.7605980103791857e-16j)  Ecoul = 61.47693287753521  Exc = -24.878211853595722
init E= -168.108528483063
cond(S) = [7.39940068 6.35510979 7.03288257 6.30438812 7.03288257 6.30438812
 7.03288257 6.30438812]
    CPU time for initialize scf  12096.28 sec, wall time   1324.75 sec
HOMO = 0.250765896062  LUMO = 0.607301613586
     k-point                  mo_energy
   0 ( 0.000  0.000  0.000)   [-0.44227705 -0.36539496 -0.09328716 -0.09321073 -0.09321073 -0.08745354
 -0.08745354 -0.06725462 -0.06725462 -0.06274677 -0.06274677 -0.04927073
  0.00053397  0.21511882  0.21511882  0.24875281  0.2507659   0.2507659 ] [0.60730161 0.65411076 0.82715243 0.82715243 0.8434842  0.87557677
 0.87557677 0.898128  ]
   1 ( 0.000  0.000  0.500)   [-0.40698421 -0.40698387 -0.09090594 -0.09090594 -0.09090501 -0.09090501
 -0.08999488 -0.08999153 -0.06462276 -0.06462276 -0.06462205 -0.06462205
  0.1331392   0.13314053  0.23286772  0.23286772  0.23286848  0.23286848] [0.67819099 0.67819127 0.81683556 0.81683658 0.84938639 0.84938639
 0.84938651 0.84938651]
   2 ( 0.000  0.500  0.000)   [-0.36729812 -0.3429434  -0.0921476  -0.08639484 -0.07773036 -0.07557624
 -0.07256449 -0.06834214 -0.06354051 -0.0615983  -0.0509793  -0.05080098
  0.02910668  0.06949887  0.11076784  0.15460309  0.18725299  0.21551663] [0.69691351 0.73219777 0.76762112 0.84786115 0.86893398 0.87611896
 0.92925915 0.93142746]
   3 ( 0.000  0.500  0.500)   [-0.35367547 -0.35367502 -0.09130277 -0.09130181 -0.07977352 -0.07977307
 -0.0718956  -0.07189355 -0.06300284 -0.06300211 -0.04852719 -0.04852685
  0.02593235  0.02593253  0.18450193  0.1845025   0.18606791  0.18606882] [0.67203211 0.67203231 0.81495933 0.8149601  0.90165361 0.90165397
 0.90834737 0.90834833]
   4 ( 0.500  0.000  0.000)   [-0.36729812 -0.3429434  -0.0921476  -0.08639484 -0.07773036 -0.07557624
 -0.07256449 -0.06834214 -0.06354051 -0.0615983  -0.0509793  -0.05080098
  0.02910668  0.06949887  0.11076784  0.15460309  0.18725299  0.21551663] [0.69691351 0.73219777 0.76762112 0.84786115 0.86893398 0.87611896
 0.92925915 0.93142746]
   5 ( 0.500  0.000  0.500)   [-0.35367547 -0.35367502 -0.09130277 -0.09130181 -0.07977352 -0.07977307
 -0.0718956  -0.07189355 -0.06300284 -0.06300211 -0.04852719 -0.04852685
  0.02593235  0.02593253  0.18450193  0.1845025   0.18606791  0.18606882] [0.67203211 0.67203231 0.81495933 0.8149601  0.90165361 0.90165397
 0.90834737 0.90834833]
   6 ( 0.500  0.500  0.000)   [-0.36729812 -0.3429434  -0.0921476  -0.08639484 -0.07773036 -0.07557624
 -0.07256449 -0.06834214 -0.06354051 -0.0615983  -0.0509793  -0.05080098
  0.02910668  0.06949887  0.11076784  0.15460309  0.18725299  0.21551663] [0.69691351 0.73219777 0.76762112 0.84786115 0.86893398 0.87611896
 0.92925915 0.93142746]
   7 ( 0.500  0.500  0.500)   [-0.35367547 -0.35367502 -0.09130277 -0.09130181 -0.07977352 -0.07977307
 -0.0718956  -0.07189355 -0.06300284 -0.06300211 -0.04852719 -0.04852685
  0.02593235  0.02593253  0.18450193  0.1845025   0.18606791  0.18606882] [0.67203211 0.67203231 0.81495933 0.8149601  0.90165361 0.90165397
 0.90834737 0.90834833]
nelec by numeric integration = 35.99999999893918
    CPU time for vxc    116.55 sec, wall time      7.32 sec
Ewald components = 8.76453321006536e-07, -0.162059015555054, 0.068912395876923
    CPU time for vj and vk   8029.89 sec, wall time    833.12 sec
Ewald components = 6.77773183084737, -128.779455527716, 5.42224205397643
E1 = (-87.88151790521927+1.7467313192973175e-16j)  Ecoul = 61.646158177907054  Exc = -25.67727630718429
cycle= 1 E= -168.492117677388  delta_E= -0.384  |g|= 2.71  |ddm|= 10.4
    CPU time for cycle= 1   8147.03 sec, wall time    840.48 sec
HOMO = 0.546161086658  LUMO = 0.758440140865
     k-point                  mo_energy
   0 ( 0.000  0.000  0.000)   [-0.27691483 -0.26998994 -0.26998994 -0.2698796  -0.26882964 -0.26882964
 -0.26493609 -0.26493609 -0.26171519 -0.26171519 -0.18397406 -0.03868921
  0.11722059  0.4512947   0.4512947   0.54243391  0.54616109  0.54616109] [0.76341855 0.79280615 0.81412193 0.81412193 0.8450457  0.94647625
 0.94647625 1.17749666]
   1 ( 0.000  0.000  0.500)   [-0.2734202  -0.2734172  -0.26974962 -0.26974962 -0.26974894 -0.26974894
 -0.26300538 -0.26300538 -0.26300448 -0.26300448 -0.1361282  -0.13612763
  0.31309678  0.31309726  0.49203013  0.49203013  0.49203139  0.49203139] [0.78444856 0.78444924 0.88399563 0.88399563 0.88399646 0.88399646
 1.02117485 1.02117626]
   2 ( 0.000  0.500  0.000)   [-0.27902002 -0.27656713 -0.26890853 -0.26828866 -0.26602813 -0.26519079
 -0.26349775 -0.26324075 -0.26225946 -0.26122735 -0.05201519 -0.00287354
  0.15615337  0.21479463  0.25808898  0.33943716  0.37994253  0.45557387] [0.80605059 0.82193348 0.93155876 0.93333697 1.04987808 1.07393636
 1.10430649 1.13675743]
   3 ( 0.000  0.500  0.500)   [-0.27730767 -0.27730707 -0.26928997 -0.26928932 -0.26556581 -0.26556494
 -0.26265693 -0.26265478 -0.26213739 -0.26213671 -0.02528496 -0.02528429
  0.13960027  0.13960085  0.38914379  0.38914488  0.40103113  0.40103175] [0.75844014 0.75844036 0.95031242 0.95031383 1.02741696 1.02741813
 1.13292336 1.13292581]
   4 ( 0.500  0.000  0.000)   [-0.27902002 -0.27656713 -0.26890853 -0.26828866 -0.26602813 -0.26519079
 -0.26349775 -0.26324075 -0.26225946 -0.26122735 -0.05201519 -0.00287354
  0.15615337  0.21479463  0.25808898  0.33943716  0.37994253  0.45557387] [0.80605059 0.82193348 0.93155876 0.93333697 1.04987808 1.07393636
 1.10430649 1.13675743]
   5 ( 0.500  0.000  0.500)   [-0.27730767 -0.27730707 -0.26928997 -0.26928932 -0.26556581 -0.26556494
 -0.26265693 -0.26265478 -0.26213739 -0.26213671 -0.02528496 -0.02528429
  0.13960027  0.13960085  0.38914379  0.38914488  0.40103113  0.40103175] [0.75844014 0.75844036 0.95031242 0.95031383 1.02741696 1.02741812
 1.13292336 1.13292581]
   6 ( 0.500  0.500  0.000)   [-0.27902002 -0.27656713 -0.26890853 -0.26828866 -0.26602813 -0.26519079
 -0.26349775 -0.26324075 -0.26225946 -0.26122735 -0.05201519 -0.00287354
  0.15615337  0.21479463  0.25808898  0.33943716  0.37994253  0.45557387] [0.80605059 0.82193348 0.93155876 0.93333697 1.04987808 1.07393636
 1.10430649 1.13675743]
   7 ( 0.500  0.500  0.500)   [-0.27730767 -0.27730707 -0.26928997 -0.26928932 -0.26556581 -0.26556494
 -0.26265693 -0.26265478 -0.26213739 -0.26213671 -0.02528496 -0.02528429
  0.13960027  0.13960085  0.38914379  0.38914488  0.40103113  0.40103175] [0.75844014 0.75844036 0.95031242 0.95031383 1.02741696 1.02741813
 1.13292336 1.13292581]
nelec by numeric integration = 35.99999999920544
    CPU time for vxc    115.49 sec, wall time      7.25 sec
Ewald components = 8.76453321006536e-07, -0.162059015555054, 0.068912395876923
    CPU time for vj and vk   8110.63 sec, wall time    854.52 sec
Ewald components = 6.77773183084737, -128.779455527716, 5.42224205397643
E1 = (-87.72598823778809+1.7910722965951723e-16j)  Ecoul = 60.65973200815412  Exc = -24.71772185277284
cycle= 2 E= -168.363459725299  delta_E= 0.129  |g|= 3.41  |ddm|= 7.98
    CPU time for cycle= 2   8226.42 sec, wall time    861.79 sec
HOMO = 0.380062694067  LUMO = 0.706331821563
     k-point                  mo_energy
   0 ( 0.000  0.000  0.000)   [-0.27521201 -0.24154682 -0.19371043 -0.19355342 -0.19355342 -0.19112435
 -0.19112435 -0.18370104 -0.18370104 -0.18014891 -0.18014891 -0.12066963
  0.06835099  0.32169341  0.32169341  0.37698899  0.37698899  0.38006269] [0.70633182 0.71013395 0.81478544 0.81478544 0.83587129 0.89727745
 0.89727745 1.03089963]
   1 ( 0.000  0.000  0.500)   [-0.25307186 -0.25307097 -0.19271449 -0.19271449 -0.19271333 -0.19271333
 -0.18159738 -0.18159738 -0.18159702 -0.18159702 -0.17831078 -0.17830766
  0.21651061  0.2165111   0.34780515  0.34780515  0.34780576  0.34780576] [0.73901158 0.73901183 0.85500634 0.85500634 0.85500658 0.85500658
 0.90359715 0.90359771]
   2 ( 0.000  0.500  0.000)   [-0.2421911  -0.23687699 -0.19142324 -0.19058336 -0.18650347 -0.18524989
 -0.18363849 -0.18307311 -0.18063387 -0.17934782 -0.12573549 -0.09972489
  0.09464546  0.14331536  0.18564232  0.24302154  0.27997182  0.32544752] [0.75100239 0.7683586  0.85217946 0.8864532  0.940488   0.98114636
 0.99324125 1.00139585]
   3 ( 0.000  0.500  0.500)   [-0.23744523 -0.23744485 -0.19142453 -0.19142357 -0.18690469 -0.1869044
 -0.18255237 -0.1825504  -0.18035659 -0.18035546 -0.11431998 -0.11431959
  0.08695966  0.08695994  0.28047043  0.28047093  0.2886849   0.2886852 ] [0.71249433 0.7124951  0.8773694  0.87737018 0.94807009 0.94807044
 1.0054437  1.00544502]
   4 ( 0.500  0.000  0.000)   [-0.2421911  -0.23687699 -0.19142324 -0.19058336 -0.18650347 -0.18524989
 -0.18363849 -0.18307311 -0.18063387 -0.17934782 -0.12573549 -0.09972489
  0.09464546  0.14331536  0.18564232  0.24302154  0.27997182  0.32544752] [0.75100239 0.7683586  0.85217946 0.8864532  0.940488   0.98114636
 0.99324125 1.00139585]
   5 ( 0.500  0.000  0.500)   [-0.23744523 -0.23744485 -0.19142453 -0.19142357 -0.18690469 -0.1869044
 -0.18255237 -0.1825504  -0.18035659 -0.18035546 -0.11431998 -0.11431959
  0.08695966  0.08695994  0.28047043  0.28047093  0.2886849   0.2886852 ] [0.71249433 0.7124951  0.8773694  0.87737018 0.94807009 0.94807044
 1.0054437  1.00544502]
   6 ( 0.500  0.500  0.000)   [-0.2421911  -0.23687699 -0.19142324 -0.19058336 -0.18650347 -0.18524989
 -0.18363849 -0.18307311 -0.18063387 -0.17934782 -0.12573549 -0.09972489
  0.09464546  0.14331536  0.18564232  0.24302154  0.27997182  0.32544752] [0.75100239 0.7683586  0.85217946 0.8864532  0.940488   0.98114636
 0.99324125 1.00139585]
   7 ( 0.500  0.500  0.500)   [-0.23744523 -0.23744485 -0.19142453 -0.19142357 -0.18690469 -0.1869044
 -0.18255237 -0.1825504  -0.18035659 -0.18035546 -0.11431998 -0.11431959
  0.08695966  0.08695994  0.28047043  0.28047093  0.2886849   0.2886852 ] [0.71249433 0.7124951  0.8773694  0.87737018 0.94807009 0.94807044
 1.0054437  1.00544502]
nelec by numeric integration = 35.999999999050274
    CPU time for vxc    116.23 sec, wall time      7.30 sec
Ewald components = 8.76453321006536e-07, -0.162059015555054, 0.068912395876923
    CPU time for vj and vk   8183.41 sec, wall time    846.77 sec
Ewald components = 6.77773183084737, -128.779455527716, 5.42224205397643
E1 = (-87.89729533916304+1.7673898356104915e-16j)  Ecoul = 60.83342699660185  Exc = -25.17335854658875
cycle= 3 E= -168.816708532042  delta_E= -0.453  |g|= 0.0383  |ddm|= 4.19
    CPU time for cycle= 3   8299.94 sec, wall time    854.09 sec
HOMO = 0.374221075768  LUMO = 0.702881707655
     k-point                  mo_energy
   0 ( 0.000  0.000  0.000)   [-0.27985521 -0.24543552 -0.19652895 -0.19648618 -0.19648618 -0.19406642
 -0.19406642 -0.18657161 -0.18657161 -0.18300619 -0.18300619 -0.12451947
  0.06401274  0.31584554  0.31584554  0.37090706  0.37090706  0.37422108] [0.70288171 0.70759684 0.81307551 0.81307551 0.83410027 0.89513107
 0.89513107 1.02655011]
   1 ( 0.000  0.000  0.500)   [-0.2574364  -0.25743576 -0.19565301 -0.19565301 -0.19565169 -0.19565169
 -0.1844637  -0.1844637  -0.18446338 -0.18446338 -0.18145226 -0.18144896
  0.21149414  0.21149452  0.34180807  0.34180807  0.34180864  0.34180864] [0.7365576  0.73655798 0.85311428 0.85311428 0.85311437 0.85311437
 0.8999089  0.89991009]
   2 ( 0.000  0.500  0.000)   [-0.24615127 -0.24060409 -0.19432568 -0.19347068 -0.18932528 -0.18815632
 -0.18653376 -0.18588507 -0.18353547 -0.18222718 -0.12964771 -0.10396508
  0.09046038  0.13893987  0.18074756  0.23778158  0.27446026  0.31964949] [0.74824779 0.76592172 0.84914221 0.88425754 0.9370518  0.97803116
 0.98904954 0.99818253]
   3 ( 0.000  0.500  0.500)   [-0.2413036  -0.24130337 -0.19431462 -0.19431358 -0.18979178 -0.18979145
 -0.18539065 -0.18538861 -0.18325327 -0.18325196 -0.1184431  -0.118443
  0.0827979   0.08279799  0.27500836  0.27500883  0.2832455   0.28324598] [0.70978192 0.70978251 0.87474238 0.87474383 0.94530644 0.94530663
 1.00158801 1.00158985]
   4 ( 0.500  0.000  0.000)   [-0.24615127 -0.24060409 -0.19432568 -0.19347068 -0.18932528 -0.18815632
 -0.18653376 -0.18588507 -0.18353547 -0.18222718 -0.12964771 -0.10396508
  0.09046038  0.13893987  0.18074756  0.23778158  0.27446026  0.31964949] [0.74824779 0.76592172 0.84914221 0.88425754 0.9370518  0.97803116
 0.98904954 0.99818253]
   5 ( 0.500  0.000  0.500)   [-0.2413036  -0.24130337 -0.19431462 -0.19431358 -0.18979178 -0.18979145
 -0.18539065 -0.18538861 -0.18325327 -0.18325196 -0.1184431  -0.118443
  0.0827979   0.08279799  0.27500836  0.27500883  0.2832455   0.28324598] [0.70978192 0.70978251 0.87474238 0.87474383 0.94530644 0.94530663
 1.00158801 1.00158985]
   6 ( 0.500  0.500  0.000)   [-0.24615127 -0.24060409 -0.19432568 -0.19347068 -0.18932528 -0.18815632
 -0.18653376 -0.18588507 -0.18353547 -0.18222718 -0.12964771 -0.10396508
  0.09046038  0.13893987  0.18074756  0.23778158  0.27446026  0.31964949] [0.74824779 0.76592172 0.84914221 0.88425754 0.9370518  0.97803116
 0.98904954 0.99818253]
   7 ( 0.500  0.500  0.500)   [-0.2413036  -0.24130337 -0.19431462 -0.19431358 -0.18979178 -0.18979145
 -0.18539065 -0.18538861 -0.18325327 -0.18325196 -0.1184431  -0.118443
  0.0827979   0.08279799  0.27500836  0.27500883  0.2832455   0.28324598] [0.70978192 0.70978251 0.87474238 0.87474383 0.94530644 0.94530663
 1.00158801 1.00158985]
nelec by numeric integration = 35.99999999904858
    CPU time for vxc    116.03 sec, wall time      7.28 sec
Ewald components = 8.76453321006536e-07, -0.162059015555054, 0.068912395876923
    CPU time for vj and vk   8085.21 sec, wall time    854.96 sec
Ewald components = 6.77773183084737, -128.779455527716, 5.42224205397643
E1 = (-87.89660916477732+1.7670256631768675e-16j)  Ecoul = 60.83864364461201  Exc = -25.17932496695966
cycle= 4 E= -168.816772130017  delta_E= -6.36e-05  |g|= 0.000828  |ddm|= 0.0576
    CPU time for cycle= 4   8202.69 sec, wall time    862.34 sec
HOMO = 0.374319606626  LUMO = 0.70292740143
     k-point                  mo_energy
   0 ( 0.000  0.000  0.000)   [-0.27978581 -0.24540057 -0.19654803 -0.19650177 -0.19650177 -0.19408211
 -0.19408211 -0.1865959  -0.1865959  -0.18303094 -0.18303094 -0.12449764
  0.06407513  0.31593851  0.31593851  0.370988    0.370988    0.37431961] [0.7029274  0.70761316 0.81310079 0.81310079 0.83410436 0.8951486
 0.8951486  1.02662361]
   1 ( 0.000  0.000  0.500)   [-0.25737809 -0.25737641 -0.19566875 -0.19566875 -0.1956674  -0.1956674
 -0.18448815 -0.18448815 -0.18448783 -0.18448783 -0.1814592  -0.18145583
  0.21157112  0.21157195  0.34189835  0.34189835  0.34189995  0.34189995] [0.73657159 0.73657254 0.85313097 0.85313097 0.85313156 0.85313156
 0.89996854 0.89996919]
   2 ( 0.000  0.500  0.000)   [-0.24611878 -0.24058174 -0.19434471 -0.19349116 -0.18934852 -0.1881789
 -0.18655158 -0.18590658 -0.18355584 -0.18225161 -0.12962115 -0.10392498
  0.09051711  0.13900522  0.18082154  0.23785858  0.27454133  0.31973504] [0.74829146 0.76594989 0.84918412 0.88428207 0.93710273 0.97805341
 0.98910139 0.99822325]
   3 ( 0.000  0.500  0.500)   [-0.24127681 -0.24127581 -0.19433442 -0.19433342 -0.1898117  -0.18981135
 -0.18541316 -0.18541115 -0.18327484 -0.18327357 -0.11840979 -0.11840869
  0.0828555   0.08285625  0.27508862  0.27509     0.28333113  0.28333177] [0.70981381 0.70981524 0.87477268 0.87477376 0.94533884 0.94533969
 1.00163723 1.00163879]
   4 ( 0.500  0.000  0.000)   [-0.24611878 -0.24058174 -0.19434471 -0.19349116 -0.18934852 -0.1881789
 -0.18655158 -0.18590658 -0.18355584 -0.18225161 -0.12962115 -0.10392498
  0.09051711  0.13900522  0.18082154  0.23785858  0.27454133  0.31973504] [0.74829146 0.76594989 0.84918412 0.88428207 0.93710273 0.97805341
 0.98910139 0.99822325]
   5 ( 0.500  0.000  0.500)   [-0.24127681 -0.24127581 -0.19433442 -0.19433342 -0.1898117  -0.18981135
 -0.18541316 -0.18541115 -0.18327484 -0.18327357 -0.11840979 -0.11840869
  0.0828555   0.08285625  0.27508862  0.27509     0.28333113  0.28333177] [0.70981381 0.70981524 0.87477268 0.87477376 0.94533884 0.94533969
 1.00163723 1.00163879]
   6 ( 0.500  0.500  0.000)   [-0.24611878 -0.24058174 -0.19434471 -0.19349116 -0.18934852 -0.1881789
 -0.18655158 -0.18590658 -0.18355584 -0.18225161 -0.12962115 -0.10392498
  0.09051711  0.13900522  0.18082154  0.23785858  0.27454133  0.31973504] [0.74829146 0.76594989 0.84918412 0.88428207 0.93710273 0.97805341
 0.98910139 0.99822325]
   7 ( 0.500  0.500  0.500)   [-0.24127681 -0.24127581 -0.19433442 -0.19433342 -0.1898117  -0.18981135
 -0.18541316 -0.18541115 -0.18327484 -0.18327357 -0.11840979 -0.11840869
  0.0828555   0.08285625  0.27508862  0.27509     0.28333113  0.28333177] [0.70981381 0.70981524 0.87477268 0.87477376 0.94533884 0.94533969
 1.00163723 1.00163879]
nelec by numeric integration = 35.9999999990486
    CPU time for vxc    116.59 sec, wall time      7.38 sec
Ewald components = 8.76453321006536e-07, -0.162059015555054, 0.068912395876923
    CPU time for vj and vk   8032.91 sec, wall time    851.94 sec
Ewald components = 6.77773183084737, -128.779455527716, 5.42224205397643
E1 = (-87.89654075685665+1.7670250267554454e-16j)  Ecoul = 60.83847366671909  Exc = -25.179223435527895
cycle= 5 E= -168.816772168557  delta_E= -3.85e-08  |g|= 8.58e-05  |ddm|= 0.00164
    CPU time for cycle= 5   8149.85 sec, wall time    859.34 sec
HOMO = 0.374330421706  LUMO = 0.702932034796
     k-point                  mo_energy
   0 ( 0.000  0.000  0.000)   [-0.27977917 -0.24539743 -0.19654949 -0.19650418 -0.19650418 -0.19408474
 -0.19408474 -0.18659819 -0.18659819 -0.18303316 -0.18303316 -0.12449372
  0.06407897  0.31594792  0.31594792  0.37099805  0.37099805  0.37433042] [0.70293203 0.70761737 0.81310111 0.81310111 0.83410573 0.89515034
 0.89515034 1.02663206]
   1 ( 0.000  0.000  0.500)   [-0.25737228 -0.25737118 -0.19567117 -0.19567117 -0.19566999 -0.19566999
 -0.18449042 -0.18449042 -0.1844901  -0.1844901  -0.18145895 -0.18145579
  0.21157783  0.21157882  0.3419079   0.3419079   0.34190978  0.34190978] [0.73657566 0.73657668 0.8531321  0.8531321  0.8531325  0.8531325
 0.89997402 0.89997579]
   2 ( 0.000  0.500  0.000)   [-0.24611531 -0.24057939 -0.19434673 -0.1934932  -0.18935034 -0.18818114
 -0.1865542  -0.18590857 -0.18355854 -0.18225394 -0.12961885 -0.10392067
  0.09052226  0.13901061  0.18082739  0.23786598  0.27454976  0.3197438 ] [0.74829295 0.76595194 0.84918924 0.88428387 0.9371091  0.9780591
 0.98910908 0.99822795]
   3 ( 0.000  0.500  0.500)   [-0.2412738  -0.2412731  -0.19433644 -0.19433541 -0.18981389 -0.18981362
 -0.18541514 -0.18541311 -0.18327741 -0.18327621 -0.11840613 -0.11840555
  0.08286021  0.08286082  0.27509642  0.27509802  0.28333929  0.28334038] [0.70981691 0.70981714 0.874776   0.87477798 0.94534226 0.94534312
 1.00164357 1.00164607]
   4 ( 0.500  0.000  0.000)   [-0.24611531 -0.24057939 -0.19434673 -0.1934932  -0.18935034 -0.18818114
 -0.1865542  -0.18590857 -0.18355854 -0.18225394 -0.12961885 -0.10392067
  0.09052226  0.13901061  0.18082739  0.23786598  0.27454976  0.3197438 ] [0.74829295 0.76595194 0.84918924 0.88428387 0.9371091  0.9780591
 0.98910908 0.99822795]
   5 ( 0.500  0.000  0.500)   [-0.2412738  -0.2412731  -0.19433644 -0.19433541 -0.18981389 -0.18981362
 -0.18541514 -0.18541311 -0.18327741 -0.18327621 -0.11840613 -0.11840555
  0.08286021  0.08286082  0.27509642  0.27509802  0.28333929  0.28334038] [0.70981691 0.70981714 0.874776   0.87477798 0.94534226 0.94534312
 1.00164357 1.00164607]
   6 ( 0.500  0.500  0.000)   [-0.24611531 -0.24057939 -0.19434673 -0.1934932  -0.18935034 -0.18818114
 -0.1865542  -0.18590857 -0.18355854 -0.18225394 -0.12961885 -0.10392067
  0.09052226  0.13901061  0.18082739  0.23786598  0.27454976  0.3197438 ] [0.74829295 0.76595194 0.84918924 0.88428387 0.9371091  0.9780591
 0.98910908 0.99822795]
   7 ( 0.500  0.500  0.500)   [-0.2412738  -0.2412731  -0.19433644 -0.19433541 -0.18981389 -0.18981362
 -0.18541514 -0.18541311 -0.18327741 -0.18327621 -0.11840613 -0.11840555
  0.08286021  0.08286082  0.27509642  0.27509802  0.28333929  0.28334038] [0.70981691 0.70981714 0.874776   0.87477798 0.94534226 0.94534312
 1.00164357 1.00164607]
nelec by numeric integration = 35.9999999990486
    CPU time for vxc    115.20 sec, wall time      7.25 sec
Ewald components = 8.76453321006536e-07, -0.162059015555054, 0.068912395876923
    CPU time for vj and vk   7955.21 sec, wall time    827.83 sec
Ewald components = 6.77773183084737, -128.779455527716, 5.42224205397643
E1 = (-87.8965387448873+1.767026745349019e-16j)  Ecoul = 60.83844716590591  Exc = -25.179198946754866
Extra cycle  E= -168.816772168628  delta_E= -7.08e-11  |g|= 8.4e-05  |ddm|= 0.000226
    CPU time for scf_cycle  61192.90 sec, wall time   6437.89 sec
    CPU time for SCF  61192.98 sec, wall time   6437.92 sec
converged SCF energy = -168.816772168628
nelec by numeric integration = 35.9999999990486
    CPU time for vxc    353.35 sec, wall time     22.20 sec
Ewald components = 8.76453321006536e-07, -0.162059015555054, 0.068912395876923
    CPU time for vj and vk  49986.52 sec, wall time   5304.83 sec
