# Timestep     No_Moles     No_Specs     Pt1536	H	O	
708          4          3	 1	 2	 1	
# Timestep     No_Moles     No_Specs     Pt1536	H	O	
808          4          3	 1	 2	 1	
# Timestep     No_Moles     No_Specs     Pt1536	H	O	
908          4          3	 1	 2	 1	
# Timestep     No_Moles     No_Specs     Pt1536	H	O	
1008          4          3	 1	 2	 1	
# Timestep     No_Moles     No_Specs     Pt1536O	H	
1108          3          2	 1	 2	
# Timestep     No_Moles     No_Specs     Pt1536HO	H	
1208          2          2	 1	 1	
# Timestep     No_Moles     No_Specs     Pt1536O	H	
1308          3          2	 1	 2	
# Timestep     No_Moles     No_Specs     Pt1536HO	H	
1408          2          2	 1	 1	
# Timestep     No_Moles     No_Specs     Pt1536HO	H	
1508          2          2	 1	 1	
# Timestep     No_Moles     No_Specs     Pt1536O	H	
1608          3          2	 1	 2	
# Timestep     No_Moles     No_Specs     Pt1536HO	H	
1708          2          2	 1	 1	
# Timestep     No_Moles     No_Specs     Pt1536HO	H	
1808          2          2	 1	 1	
# Timestep     No_Moles     No_Specs     Pt1536	H	HO	
1908          3          3	 1	 1	 1	
# Timestep     No_Moles     No_Specs     Pt1536	H	HO	
2008          3          3	 1	 1	 1	
# Timestep     No_Moles     No_Specs     Pt1536	H	HO	
2108          3          3	 1	 1	 1	
# Timestep     No_Moles     No_Specs     Pt1536	H	HO	
2208          3          3	 1	 1	 1	
# Timestep     No_Moles     No_Specs     Pt1536	H	HO	
2308          3          3	 1	 1	 1	
# Timestep     No_Moles     No_Specs     Pt1536	H	HO	
2408          3          3	 1	 1	 1	
