# Timestep     No_Moles     No_Specs     Pt1536	H2O	
674          2          2	 1	 1	
# Timestep     No_Moles     No_Specs     Pt1536	H2O	
774          2          2	 1	 1	
# Timestep     No_Moles     No_Specs     Pt1536	H2O	
874          2          2	 1	 1	
# Timestep     No_Moles     No_Specs     Pt1536	H2O	
974          2          2	 1	 1	
# Timestep     No_Moles     No_Specs     Pt1536	H2O	
1074          2          2	 1	 1	
# Timestep     No_Moles     No_Specs     Pt1536H	HO	
1174          2          2	 1	 1	
# Timestep     No_Moles     No_Specs     Pt1536H2O	
1274          1          1	 1	
# Timestep     No_Moles     No_Specs     Pt1536HO	H	
1374          2          2	 1	 1	
# Timestep     No_Moles     No_Specs     Pt1536HO	H	
1474          2          2	 1	 1	
# Timestep     No_Moles     No_Specs     Pt1536HO	H	
1574          2          2	 1	 1	
# Timestep     No_Moles     No_Specs     Pt1536HO	H	
1674          2          2	 1	 1	
# Timestep     No_Moles     No_Specs     Pt1536HO	H	
1774          2          2	 1	 1	
# Timestep     No_Moles     No_Specs     Pt1536H2O	
1874          1          1	 1	
# Timestep     No_Moles     No_Specs     Pt1536H2O	
1974          1          1	 1	
# Timestep     No_Moles     No_Specs     Pt1536H2O	
2074          1          1	 1	
# Timestep     No_Moles     No_Specs     Pt1536H2O	
2174          1          1	 1	
# Timestep     No_Moles     No_Specs     Pt1536H2O	
2274          1          1	 1	
# Timestep     No_Moles     No_Specs     Pt1536H2O	
2374          1          1	 1	
# Timestep     No_Moles     No_Specs     Pt1536H2O	
2474          1          1	 1	
# Timestep     No_Moles     No_Specs     Pt1536H2O	
2574          1          1	 1	
# Timestep     No_Moles     No_Specs     Pt1536HO	H	
2674          2          2	 1	 1	
# Timestep     No_Moles     No_Specs     Pt1536HO	H	
2774          2          2	 1	 1	
# Timestep     No_Moles     No_Specs     Pt1536HO	H	
2874          2          2	 1	 1	
# Timestep     No_Moles     No_Specs     Pt1536HO	H	
2974          2          2	 1	 1	
# Timestep     No_Moles     No_Specs     Pt1536HO	H	
3074          2          2	 1	 1	
# Timestep     No_Moles     No_Specs     Pt1536HO	H	
3174          2          2	 1	 1	
# Timestep     No_Moles     No_Specs     Pt1536HO	H	
3274          2          2	 1	 1	
# Timestep     No_Moles     No_Specs     Pt1536HO	H	
3374          2          2	 1	 1	
# Timestep     No_Moles     No_Specs     Pt1536HO	H	
3474          2          2	 1	 1	
# Timestep     No_Moles     No_Specs     Pt1536HO	H	
3574          2          2	 1	 1	
# Timestep     No_Moles     No_Specs     Pt1536HO	H	
3674          2          2	 1	 1	
# Timestep     No_Moles     No_Specs     Pt1536HO	H	
3774          2          2	 1	 1	
# Timestep     No_Moles     No_Specs     Pt1536HO	H	
3874          2          2	 1	 1	
# Timestep     No_Moles     No_Specs     Pt1536HO	H	
3974          2          2	 1	 1	
# Timestep     No_Moles     No_Specs     Pt1536HO	H	
4074          2          2	 1	 1	
# Timestep     No_Moles     No_Specs     Pt1536HO	H	
4174          2          2	 1	 1	
# Timestep     No_Moles     No_Specs     Pt1536HO	H	
4274          2          2	 1	 1	
# Timestep     No_Moles     No_Specs     Pt1536HO	H	
4374          2          2	 1	 1	
# Timestep     No_Moles     No_Specs     Pt1536HO	H	
4474          2          2	 1	 1	
# Timestep     No_Moles     No_Specs     Pt1536HO	H	
4574          2          2	 1	 1	
