/groups/wag/pkozlows/miniconda3/envs/pyscf/lib/python3.11/site-packages/pyscf/dft/libxc.py:772: UserWarning: Since PySCF-2.3, B3LYP (and B3P86) are changed to the VWN-RPA variant, the same to the B3LYP functional in Gaussian and ORCA (issue 1480). To restore the VWN5 definition, you can put the setting "B3LYP_WITH_VWN5 = True" in pyscf_conf.py
  warnings.warn('Since PySCF-2.3, B3LYP (and B3P86) are changed to the VWN-RPA variant, '
/central/home/pkozlows/ch121b/gan/dft/dzvp/111/6/dzvp_1.py:13: UserWarning: Use ase.build.bulk() instead
  ase_cell = bulk('GaN', 'wurtzite', a=3.19, c=5.19)
Discarded 8 diffused primitive functions, 0 contracted functions


******** <class 'pyscf.pbc.dft.krks.KRKS'> ********
method = KRKS-KohnShamDFT
initial guess = minao
damping factor = 0
level_shift factor = 0
DIIS = <class 'pyscf.scf.diis.CDIIS'>
diis_start_cycle = 1
diis_space = 8
SCF conv_tol = 1e-07
SCF conv_tol_grad = None
SCF max_cycles = 50
direct_scf = True
direct_scf_tol = 1e-13
chkfile to save SCF result = /central/home/pkozlows/ch121b/gan/dft/dzvp/111/6/d1.chk
max_memory 424647 MB (current use 93 MB)


******** PBC SCF flags ********
N kpts = 1
kpts = [[0. 0. 0.]]
Exchange divergence treatment (exxdiv) = ewald
Ewald components = 0.00051775335925431, -0.251419253935776, 0.0646100141269025
    madelung (= occupied orbital energy shift) = 0.3725829728992387
    Total energy shift due to Ewald probe charge = -1/2 * Nelec*madelung = -6.70649351219
DF object = <pyscf.pbc.df.fft.FFTDF object at 0x7fc500e3c290>
XC functionals = b3pw91
small_rho_cutoff = 1e-07
Uniform grid, mesh = [ 83  83 133]
<class 'pyscf.pbc.dft.krks.KRKS'> does not have attributes  nlc nlcgrids
Set gradient conv threshold to 0.000316228
Big error detected in the electron number of initial guess density matrix (Ne/cell = 36.0958)!
  This can cause huge error in Fock matrix and lead to instability in SCF for low-dimensional systems.
  DM is normalized wrt the number of electrons 36.0
    CPU time for setting up grids      5.94 sec, wall time      0.52 sec
nelec by numeric integration = 35.99999999814209
    CPU time for vxc     71.78 sec, wall time      8.95 sec
Ewald components = 0.00051775335925431, -0.251419253935776, 0.0646100141269025
    CPU time for vj and vk   1471.60 sec, wall time    133.02 sec
Ewald components = 6.77773183084737, -128.779455527716, 5.42224205397643
E1 = -88.2242510113749  Ecoul = 61.06099140445414  Exc = -24.987757668237784
init E= -168.73049891805
cond(S) = [33729.90476262]
    CPU time for initialize scf   1614.96 sec, wall time    147.75 sec
HOMO = 0.246772801271  LUMO = 0.426967057373
     k-point                  mo_energy
   0 ( 0.000  0.000  0.000)   [-0.46186609 -0.38085395 -0.11318015 -0.11245956 -0.11245956 -0.10763105
 -0.10763105 -0.08877749 -0.08877749 -0.08351047 -0.08351047 -0.06994556
 -0.01286849  0.21280049  0.21280049  0.2436058   0.2467728   0.2467728 ] [ 0.42696706  0.53151888  0.68085135  0.78507961  0.78507961  0.80489185
  0.84674766  0.84674766  1.15822395  1.15822395  1.22635299  1.33129162
  1.33129162  1.33673361  1.33673361  1.37390665  1.38501203  1.48965443
  1.48965443  1.50985562  1.56057201  1.68302074  1.68302074  1.97996327
  1.97996327  2.03870046  2.03870046  2.04462058  2.1070075   2.1070075
  2.2111171   2.33095189  2.3550344   2.39927051  2.41903632  2.41903632
  2.49495431  2.49495431  2.63014686  2.64542272  2.64542272  2.68047263
  2.98681455  2.98681455  3.08716593  3.2614083   3.31753867  3.31753867
  3.37081346  3.37081346  6.2133307   6.23550759 10.48592583 10.51816392
 10.51816392 10.60006283 10.60006283 10.81680794]
nelec by numeric integration = 35.99999999926198
    CPU time for vxc     70.22 sec, wall time      4.41 sec
Ewald components = 0.00051775335925431, -0.251419253935776, 0.0646100141269025
    CPU time for vj and vk    377.59 sec, wall time     31.44 sec
Ewald components = 6.77773183084737, -128.779455527716, 5.42224205397643
E1 = -86.6040274887677  Ecoul = 61.32745896235018  Exc = -25.884309888648698
cycle= 1 E= -167.740360057958  delta_E= 0.99  |g|= 1.76  |ddm|= 4.21
    CPU time for cycle= 1    447.99 sec, wall time     35.86 sec
HOMO = 0.575298348294  LUMO = 0.659768245059
     k-point                  mo_energy
   0 ( 0.000  0.000  0.000)   [-0.37167272 -0.37167272 -0.37108161 -0.37108161 -0.36879442 -0.36681372
 -0.36456144 -0.36456144 -0.36182832 -0.36182832 -0.14156015  0.01331929
  0.12909801  0.48381546  0.48381546  0.57466275  0.57466275  0.57529835] [ 0.65976825  0.68724197  0.75815436  0.75815436  0.800034    0.88766882
  0.88766882  1.06395676  1.14977443  1.14977443  1.18244901  1.30071413
  1.30071413  1.36748717  1.43453612  1.49231709  1.49231709  1.50242517
  1.6777924   1.6777924   1.74536501  1.74536501  1.88943836  2.08523913
  2.08523913  2.09774303  2.1147277   2.1147277   2.16589223  2.16589223
  2.28559695  2.29669527  2.32713057  2.42885604  2.5080658   2.5080658
  2.67726302  2.67726302  2.69608089  2.81099693  2.97812433  2.97812433
  3.17469703  3.17469703  3.34720905  3.47434617  3.54526788  3.54526788
  3.55583106  3.55583106  5.93194647  5.95900401 10.29248564 10.31848377
 10.31848377 10.40341376 10.40341376 10.60926366]
nelec by numeric integration = 35.999999998807304
    CPU time for vxc     70.39 sec, wall time      4.43 sec
Ewald components = 0.00051775335925431, -0.251419253935776, 0.0646100141269025
    CPU time for vj and vk    380.79 sec, wall time     31.68 sec
Ewald components = 6.77773183084737, -128.779455527716, 5.42224205397643
E1 = -87.72188731888491  Ecoul = 61.82032388101076  Exc = -24.92279595810148
cycle= 2 E= -167.403841038868  delta_E= 0.337  |g|= 2.06  |ddm|= 4.72
    CPU time for cycle= 2    451.34 sec, wall time     36.11 sec
HOMO = 0.380684602156  LUMO = 0.547663395093
     k-point                  mo_energy
   0 ( 0.000  0.000  0.000)   [-0.25548438 -0.23930411 -0.20980153 -0.20980153 -0.20789663 -0.20789663
 -0.20675677 -0.19828171 -0.19828171 -0.19409635 -0.19409635 -0.11319262
  0.07348759  0.32301206  0.32301206  0.37169312  0.37169312  0.3806846 ] [ 0.5476634   0.60256743  0.77973108  0.77973108  0.8117869   0.83977846
  0.86581254  0.86581254  1.15738137  1.15738137  1.21013287  1.32082218
  1.32082218  1.38435094  1.39422255  1.40307905  1.40307905  1.5094195
  1.57579696  1.57579696  1.67177756  1.71157742  1.71157742  2.0108355
  2.0108355   2.06215324  2.0731625   2.0731625   2.10249246  2.10249246
  2.24616773  2.31916137  2.36213789  2.38258853  2.46212328  2.46212328
  2.58800962  2.58800962  2.64907885  2.72752907  2.78743028  2.78743028
  3.05753756  3.05753756  3.19080311  3.34276961  3.40388509  3.40388509
  3.44056652  3.44056652  6.10488748  6.12884474 10.39615255 10.42486013
 10.42486013 10.50716147 10.50716147 10.72058037]
nelec by numeric integration = 35.99999999903765
    CPU time for vxc     70.38 sec, wall time      4.42 sec
Ewald components = 0.00051775335925431, -0.251419253935776, 0.0646100141269025
    CPU time for vj and vk    378.78 sec, wall time     31.48 sec
Ewald components = 6.77773183084737, -128.779455527716, 5.42224205397643
E1 = -87.17728190927713  Ecoul = 60.70589578804511  Exc = -25.34388772069972
cycle= 3 E= -168.394755484824  delta_E= -0.991  |g|= 0.0542  |ddm|=  2.5
    CPU time for cycle= 3    449.33 sec, wall time     35.91 sec
HOMO = 0.380554071691  LUMO = 0.547932801513
     k-point                  mo_energy
   0 ( 0.000  0.000  0.000)   [-0.25717609 -0.25022146 -0.22595151 -0.22595151 -0.22414495 -0.22414495
 -0.22313539 -0.21495301 -0.21495301 -0.21092989 -0.21092989 -0.11894397
  0.06914921  0.32127417  0.32127417  0.37136707  0.37136707  0.38055407] [ 0.5479328   0.60233444  0.77684434  0.77684434  0.80887999  0.84079515
  0.86506494  0.86506494  1.15386085  1.15386085  1.2065446   1.31629994
  1.31629994  1.37946051  1.39042557  1.40128311  1.40128311  1.50590498
  1.57420631  1.57420631  1.67131494  1.71024702  1.71024702  2.00841972
  2.00841972  2.05950012  2.06978651  2.06978651  2.09837967  2.09837967
  2.24349725  2.31504945  2.35797433  2.38169803  2.46118736  2.46118736
  2.58943337  2.58943337  2.64681662  2.72583388  2.79175659  2.79175659
  3.05764791  3.05764791  3.19184933  3.34277879  3.40511198  3.40511198
  3.44055374  3.44055374  6.08761582  6.1116342  10.38413567 10.41330317
 10.41330317 10.4955117  10.4955117  10.70758673]
nelec by numeric integration = 35.9999999990329
    CPU time for vxc     70.99 sec, wall time      4.46 sec
Ewald components = 0.00051775335925431, -0.251419253935776, 0.0646100141269025
    CPU time for vj and vk    380.60 sec, wall time     31.65 sec
Ewald components = 6.77773183084737, -128.779455527716, 5.42224205397643
E1 = -87.32747630899695  Ecoul = 60.872678817657885  Exc = -25.36102632481781
cycle= 4 E= -168.395305459049  delta_E= -0.00055  |g|= 0.0178  |ddm|= 0.0996
    CPU time for cycle= 4    451.72 sec, wall time     36.12 sec
HOMO = 0.381745356669  LUMO = 0.548623486374
     k-point                  mo_energy
   0 ( 0.000  0.000  0.000)   [-0.25667508 -0.24732793 -0.22216394 -0.22216394 -0.22036748 -0.22036748
 -0.21917577 -0.21099795 -0.21099795 -0.20691005 -0.20691005 -0.11720687
  0.06979437  0.32207788  0.32207788  0.37230923  0.37230923  0.38174536] [ 0.54862349  0.60265351  0.77710172  0.77710172  0.8093208   0.84196995
  0.86542079  0.86542079  1.15440544  1.15440544  1.20662916  1.31684356
  1.31684356  1.37991638  1.39133167  1.4020149   1.4020149   1.50636788
  1.57508021  1.57508021  1.67217666  1.71062648  1.71062648  2.0089823
  2.0089823   2.05955429  2.07063025  2.07063025  2.0990084   2.0990084
  2.24421023  2.31501807  2.3579368   2.38235933  2.4618131   2.4618131
  2.59017436  2.59017436  2.6471041   2.72623068  2.79254486  2.79254486
  3.05840998  3.05840998  3.19277562  3.34376271  3.40583065  3.40583065
  3.44136247  3.44136247  6.0920008   6.11603864 10.38602725 10.41489006
 10.41489006 10.49711986 10.49711986 10.70977857]
nelec by numeric integration = 35.999999999032646
    CPU time for vxc     70.54 sec, wall time      4.43 sec
Ewald components = 0.00051775335925431, -0.251419253935776, 0.0646100141269025
    CPU time for vj and vk    379.50 sec, wall time     31.53 sec
Ewald components = 6.77773183084737, -128.779455527716, 5.42224205397643
E1 = -87.27248055982604  Ecoul = 60.80572218162716  Exc = -25.349127801871898
cycle= 5 E= -168.395367822963  delta_E= -6.24e-05  |g|= 0.000683  |ddm|= 0.0326
    CPU time for cycle= 5    450.17 sec, wall time     35.96 sec
HOMO = 0.381734201022  LUMO = 0.548552451079
     k-point                  mo_energy
   0 ( 0.000  0.000  0.000)   [-0.2567092  -0.24748004 -0.22235543 -0.22235543 -0.22056035 -0.22056035
 -0.21937823 -0.2112011  -0.2112011  -0.20711512 -0.20711512 -0.1173027
  0.0697787   0.32202933  0.32202933  0.37223981  0.37223981  0.3817342 ] [ 0.54855245  0.60258973  0.77707637  0.77707637  0.8092708   0.84194593
  0.86536968  0.86536968  1.15436108  1.15436108  1.20658195  1.31681399
  1.31681399  1.37987172  1.39129275  1.40197711  1.40197711  1.50632395
  1.57503546  1.57503546  1.67217553  1.71057626  1.71057626  2.00894971
  2.00894971  2.05948568  2.07058258  2.07058258  2.09896815  2.09896815
  2.24415838  2.3149823   2.35789967  2.38228087  2.46174566  2.46174566
  2.59010537  2.59010537  2.64705172  2.72618211  2.79246604  2.79246604
  3.05833745  3.05833745  3.19270262  3.34367788  3.40575257  3.40575257
  3.44128665  3.44128665  6.09178213  6.11581991 10.38590356 10.41478836
 10.41478836 10.49701475 10.49701475 10.70964195]
nelec by numeric integration = 35.999999999032624
    CPU time for vxc     70.25 sec, wall time      4.41 sec
Ewald components = 0.00051775335925431, -0.251419253935776, 0.0646100141269025
    CPU time for vj and vk    380.62 sec, wall time     31.64 sec
Ewald components = 6.77773183084737, -128.779455527716, 5.42224205397643
E1 = -87.27449474935734  Ecoul = 60.808185711197694  Exc = -25.34957748195493
cycle= 6 E= -168.395368163006  delta_E= -3.4e-07  |g|= 0.00019  |ddm|= 0.00304
    CPU time for cycle= 6    451.01 sec, wall time     36.06 sec
HOMO = 0.381744607442  LUMO = 0.548557884007
     k-point                  mo_energy
   0 ( 0.000  0.000  0.000)   [-0.25670245 -0.24744979 -0.22231328 -0.22231328 -0.22051777 -0.22051777
 -0.21933864 -0.21115932 -0.21115932 -0.2070731  -0.2070731  -0.11728071
  0.06977561  0.3220403   0.3220403   0.37225194  0.37225194  0.38174461] [ 0.54855788  0.60260064  0.77708059  0.77708059  0.80927142  0.84195435
  0.86537569  0.86537569  1.15436635  1.15436635  1.20658522  1.31681585
  1.31681585  1.37987333  1.39128961  1.40198407  1.40198407  1.50632227
  1.5750445   1.5750445   1.67218169  1.71057906  1.71057906  2.00895385
  2.00895385  2.05949591  2.07058987  2.07058987  2.09896909  2.09896909
  2.24415738  2.31498987  2.35790757  2.38228292  2.46175044  2.46175044
  2.59011404  2.59011404  2.64706017  2.72618888  2.79247272  2.79247272
  3.05834     3.05834     3.19270796  3.34367874  3.4057628   3.4057628
  3.44129578  3.44129578  6.09183027  6.11586818 10.38591437 10.41480496
 10.41480496 10.49703183 10.49703183 10.70965385]
nelec by numeric integration = 35.99999999903258
    CPU time for vxc     70.90 sec, wall time      4.46 sec
Ewald components = 0.00051775335925431, -0.251419253935776, 0.0646100141269025
    CPU time for vj and vk    383.73 sec, wall time     32.24 sec
Ewald components = 6.77773183084737, -128.779455527716, 5.42224205397643
E1 = -87.2738586206091  Ecoul = 60.80741662679814  Exc = -25.349444547347424
cycle= 7 E= -168.39536818405  delta_E= -2.1e-08  |g|= 0.000123  |ddm|= 0.00101
    CPU time for cycle= 7    454.79 sec, wall time     36.71 sec
HOMO = 0.381744818548  LUMO = 0.548555758114
     k-point                  mo_energy
   0 ( 0.000  0.000  0.000)   [-0.2567042  -0.24745468 -0.22232077 -0.22232077 -0.22052579 -0.22052579
 -0.21934272 -0.21116494 -0.21116494 -0.2070784  -0.2070784  -0.11728363
  0.06977876  0.32203851  0.32203851  0.37224887  0.37224887  0.38174482] [ 0.54855576  0.60259507  0.77707897  0.77707897  0.80927153  0.84195532
  0.86537198  0.86537198  1.15436462  1.15436462  1.20658228  1.31681685
  1.31681685  1.37987299  1.39129243  1.40198258  1.40198258  1.50632446
  1.57504318  1.57504318  1.67218087  1.71057772  1.71057772  2.00895318
  2.00895318  2.05948733  2.07059014  2.07059014  2.09897159  2.09897159
  2.24415816  2.31498326  2.35790061  2.38228051  2.46174912  2.46174912
  2.59011207  2.59011207  2.64705336  2.72618492  2.79247109  2.79247109
  3.05833957  3.05833957  3.19270783  3.3436784   3.40575915  3.40575915
  3.44129323  3.44129323  6.09182362  6.1158616  10.38591408 10.41479986
 10.41479986 10.49702637 10.49702637 10.70965341]
nelec by numeric integration = 35.99999999903259
    CPU time for vxc     70.58 sec, wall time      4.43 sec
Ewald components = 0.00051775335925431, -0.251419253935776, 0.0646100141269025
    CPU time for vj and vk    384.67 sec, wall time     32.27 sec
Ewald components = 6.77773183084737, -128.779455527716, 5.42224205397643
E1 = -87.27392051903061  Ecoul = 60.80749679612318  Exc = -25.34946281806658
Extra cycle  E= -168.395368183866  delta_E= 1.84e-10  |g|= 0.000144  |ddm|= 0.000309
    CPU time for scf_cycle   5226.76 sec, wall time    437.20 sec
    CPU time for SCF   5226.77 sec, wall time    437.20 sec
converged SCF energy = -168.395368183866
