/groups/wag/pkozlows/miniconda3/envs/pyscf/lib/python3.11/site-packages/pyscf/dft/libxc.py:772: UserWarning: Since PySCF-2.3, B3LYP (and B3P86) are changed to the VWN-RPA variant, the same to the B3LYP functional in Gaussian and ORCA (issue 1480). To restore the VWN5 definition, you can put the setting "B3LYP_WITH_VWN5 = True" in pyscf_conf.py
  warnings.warn('Since PySCF-2.3, B3LYP (and B3P86) are changed to the VWN-RPA variant, '
/central/home/pkozlows/ch121b/gan/dft/dzvp/222/7/dzvp_2.py:12: UserWarning: Use ase.build.bulk() instead
  ase_cell = bulk('GaN', 'wurtzite', a=3.19, c=5.19)
Discarded 8 diffused primitive functions, 0 contracted functions


******** <class 'pyscf.pbc.dft.krks.KRKS'> ********
method = KRKS-KohnShamDFT
initial guess = minao
damping factor = 0
level_shift factor = 0
DIIS = <class 'pyscf.scf.diis.CDIIS'>
diis_start_cycle = 1
diis_space = 8
SCF conv_tol = 1e-07
SCF conv_tol_grad = None
SCF max_cycles = 50
direct_scf = True
direct_scf_tol = 1e-13
chkfile to save SCF result = /central/home/pkozlows/ch121b/gan/dft/dzvp/222/7/check_file.chk
max_memory 465746 MB (current use 117 MB)


******** PBC SCF flags ********
N kpts = 8
kpts = [[0.         0.         0.        ]
 [0.         0.         0.3203197 ]
 [0.         0.60176883 0.        ]
 [0.         0.60176883 0.3203197 ]
 [0.5211471  0.30088442 0.        ]
 [0.5211471  0.30088442 0.3203197 ]
 [0.5211471  0.90265325 0.        ]
 [0.5211471  0.90265325 0.3203197 ]]
Exchange divergence treatment (exxdiv) = ewald
Ewald components = 8.76453321006536e-07, -0.162059015555054, 0.068912395876923
    madelung (= occupied orbital energy shift) = 0.18629148644961965
    Total energy shift due to Ewald probe charge = -1/2 * Nelec*madelung = -3.35324675609
DF object = <pyscf.pbc.df.fft.FFTDF object at 0x7f817ae19450>
XC functionals = b3pw91
small_rho_cutoff = 1e-07
Uniform grid, mesh = [ 83  83 133]
<class 'pyscf.pbc.dft.krks.KRKS'> does not have attributes  nlcgrids nlc
Set gradient conv threshold to 0.000316228
    CPU time for setting up grids     10.11 sec, wall time      0.58 sec
nelec by numeric integration = 35.99975004050094
    CPU time for vxc    923.35 sec, wall time     30.13 sec
Ewald components = 8.76453321006536e-07, -0.162059015555054, 0.068912395876923
    CPU time for vj and vk  67243.12 sec, wall time   4067.65 sec
Ewald components = 6.77773183084737, -128.779455527716, 5.42224205397643
E1 = (-88.12776786489617+9.340183679093371e-17j)  Ecoul = 61.47693287778283  Exc = -24.878211853939803
init E= -168.108528483945
cond(S) = [33729.90476261 31024.52662326 33527.77580549 30409.0021739
 33527.77580548 30409.00217396 33527.77580542 30409.00217399]
    CPU time for initialize scf  68762.50 sec, wall time   4127.15 sec
HOMO = 0.24915928801  LUMO = 0.432131102731
     k-point                  mo_energy
   0 ( 0.000  0.000  0.000)   [-0.4446623  -0.36752341 -0.09451701 -0.09414037 -0.09414037 -0.08882417
 -0.08882417 -0.06930436 -0.06930436 -0.06395865 -0.06395865 -0.05024424
 -0.00099094  0.21399448  0.21399448  0.24709118  0.24915929  0.24915929] [ 0.4321311   0.53524366  0.68337381  0.78183561  0.78183561  0.81127439
  0.84460909  0.84460909  1.15812168  1.15812168  1.23025846  1.33084028
  1.33084028  1.33754792  1.33754792  1.37532138  1.3896515   1.49223292
  1.49223292  1.51367127  1.56014676  1.6845423   1.6845423   1.98066273
  1.98066273  2.04247487  2.04247487  2.04729929  2.1105114   2.1105114
  2.21329957  2.33156881  2.3552302   2.39949881  2.42298214  2.42298214
  2.49851037  2.49851037  2.63231528  2.6461004   2.6461004   2.68224348
  2.98899973  2.98899973  3.08860379  3.26279302  3.32131346  3.32131346
  3.37488722  3.37488722  6.23290252  6.25509016 10.49766363 10.5278204
 10.5278204  10.60981755 10.60981755 10.82932592]
   1 ( 0.000  0.000  0.500)   [-0.40930662 -0.40930623 -0.09206194 -0.09206194 -0.09206103 -0.09206103
 -0.09137016 -0.0913669  -0.06617828 -0.06617828 -0.0661776  -0.0661776
  0.13174662  0.13174793  0.231532    0.231532    0.23153275  0.23153275] [ 0.50861473  0.50861546  0.70450433  0.70450511  0.806223    0.806223
  0.80622304  0.80622304  1.21811145  1.21811145  1.21811184  1.21811184
  1.31871572  1.31871697  1.42617487  1.42617616  1.45529726  1.45529726
  1.45529738  1.45529738  1.74492353  1.74492353  1.74492418  1.74492418
  1.85859189  1.85859593  2.20491927  2.20491927  2.20491932  2.20491932
  2.37701268  2.3770127   2.40778173  2.4077969   2.45459265  2.45459265
  2.45459268  2.45459268  2.64480743  2.64480847  2.74141123  2.74141123
  2.74141131  2.74141131  3.02276928  3.02277519  3.34765524  3.34765524
  3.34765545  3.34765545  6.23751017  6.23755254 10.52820092 10.52820092
 10.52820318 10.52820318 10.54057248 10.54057506]
   2 ( 0.000  0.500  0.000)   [-0.36938411 -0.34452162 -0.09321187 -0.08768364 -0.07967284 -0.07838528
 -0.07425039 -0.07071872 -0.06488396 -0.06241967 -0.05184129 -0.05162168
  0.02727473  0.06784933  0.10987316  0.15389806  0.18586769  0.2143304 ] [ 0.56805733  0.60418763  0.64906811  0.65196373  0.75541744  0.81746693
  0.86522476  0.8933863   0.92931534  1.14989472  1.21708557  1.29160522
  1.35432446  1.42097477  1.43898148  1.45388268  1.49594316  1.49861122
  1.57321526  1.66226964  1.66664347  1.76229438  1.79199719  1.88937894
  1.99616429  2.01425     2.06647326  2.07289288  2.19850768  2.2175796
  2.25043446  2.29426961  2.35483116  2.36398168  2.48625984  2.57065015
  2.65041856  2.66150047  2.70331039  2.82856441  2.85274014  2.87044952
  2.98298763  3.03188203  3.09123163  3.09405552  3.15472019  3.22910183
  3.28030312  3.31546858  6.24665817  6.25725988  9.73526192 10.35617352
 10.43569397 10.60429093 10.90316006 10.95977216]
   3 ( 0.000  0.500  0.500)   [-0.35557547 -0.35557498 -0.09317884 -0.09317793 -0.08110869 -0.08110827
 -0.07346039 -0.07345838 -0.06421702 -0.06421632 -0.04967098 -0.04967063
  0.02423745  0.02423764  0.18360987  0.18361043  0.18511084  0.18511173] [ 0.56904168  0.56904195  0.6579043   0.65790451  0.76950617  0.76950659
  0.85649147  0.85649184  1.0297507   1.02975154  1.29431242  1.29431276
  1.36123423  1.36123503  1.43574707  1.43574744  1.46919348  1.46919356
  1.66578945  1.66579012  1.75283218  1.75283263  1.91497898  1.91497916
  2.00866943  2.00866948  2.14134569  2.14134622  2.15159113  2.15159125
  2.2182194   2.21821967  2.30700751  2.30700817  2.59711489  2.597119
  2.71866837  2.71866972  2.75309213  2.7530924   2.88983913  2.88983915
  2.90501412  2.90502418  3.00321881  3.00322939  3.19901868  3.19901878
  3.23907754  3.23908618  6.24904421  6.2490863   9.91843598  9.91844052
 10.60437679 10.6043797  10.72782779 10.72783078]
   4 ( 0.500  0.000  0.000)   [-0.36938411 -0.34452162 -0.09321187 -0.08768364 -0.07967284 -0.07838528
 -0.07425039 -0.07071872 -0.06488396 -0.06241967 -0.05184129 -0.05162168
  0.02727473  0.06784933  0.10987316  0.15389806  0.18586769  0.2143304 ] [ 0.56805733  0.60418763  0.64906811  0.65196373  0.75541744  0.81746693
  0.86522476  0.8933863   0.92931534  1.14989472  1.21708557  1.29160522
  1.35432446  1.42097477  1.43898148  1.45388268  1.49594316  1.49861122
  1.57321526  1.66226964  1.66664347  1.76229438  1.79199719  1.88937894
  1.99616429  2.01425     2.06647326  2.07289288  2.19850768  2.2175796
  2.25043446  2.29426961  2.35483116  2.36398168  2.48625984  2.57065015
  2.65041856  2.66150047  2.70331039  2.82856441  2.85274014  2.87044952
  2.98298763  3.03188203  3.09123163  3.09405552  3.15472019  3.22910183
  3.28030312  3.31546858  6.24665817  6.25725988  9.73526192 10.35617352
 10.43569397 10.60429093 10.90316006 10.95977216]
   5 ( 0.500  0.000  0.500)   [-0.35557547 -0.35557498 -0.09317884 -0.09317793 -0.08110869 -0.08110827
 -0.07346039 -0.07345838 -0.06421702 -0.06421632 -0.04967098 -0.04967063
  0.02423745  0.02423764  0.18360987  0.18361043  0.18511084  0.18511173] [ 0.56904168  0.56904195  0.6579043   0.65790451  0.76950617  0.76950659
  0.85649147  0.85649184  1.0297507   1.02975154  1.29431242  1.29431276
  1.36123423  1.36123503  1.43574707  1.43574744  1.46919348  1.46919356
  1.66578945  1.66579012  1.75283218  1.75283263  1.91497898  1.91497916
  2.00866943  2.00866948  2.14134569  2.14134622  2.15159113  2.15159125
  2.2182194   2.21821967  2.30700751  2.30700817  2.59711489  2.597119
  2.71866837  2.71866972  2.75309213  2.7530924   2.88983913  2.88983915
  2.90501412  2.90502418  3.00321881  3.00322939  3.19901868  3.19901878
  3.23907754  3.23908618  6.24904421  6.2490863   9.91843598  9.91844052
 10.60437679 10.6043797  10.72782779 10.72783078]
   6 ( 0.500  0.500  0.000)   [-0.36938411 -0.34452162 -0.09321187 -0.08768364 -0.07967284 -0.07838528
 -0.07425039 -0.07071872 -0.06488396 -0.06241967 -0.05184129 -0.05162168
  0.02727473  0.06784933  0.10987316  0.15389806  0.18586769  0.2143304 ] [ 0.56805733  0.60418763  0.64906811  0.65196373  0.75541744  0.81746693
  0.86522476  0.8933863   0.92931534  1.14989472  1.21708557  1.29160522
  1.35432446  1.42097477  1.43898148  1.45388268  1.49594316  1.49861122
  1.57321526  1.66226964  1.66664347  1.76229438  1.79199719  1.88937894
  1.99616429  2.01425     2.06647326  2.07289288  2.19850768  2.2175796
  2.25043446  2.29426961  2.35483116  2.36398168  2.48625984  2.57065015
  2.65041856  2.66150047  2.70331039  2.82856441  2.85274014  2.87044952
  2.98298763  3.03188203  3.09123163  3.09405552  3.15472019  3.22910183
  3.28030312  3.31546858  6.24665817  6.25725988  9.73526192 10.35617352
 10.43569397 10.60429093 10.90316006 10.95977216]
   7 ( 0.500  0.500  0.500)   [-0.35557547 -0.35557498 -0.09317884 -0.09317793 -0.08110869 -0.08110827
 -0.07346039 -0.07345838 -0.06421702 -0.06421632 -0.04967098 -0.04967063
  0.02423745  0.02423764  0.18360987  0.18361043  0.18511084  0.18511173] [ 0.56904168  0.56904195  0.6579043   0.65790451  0.76950617  0.76950659
  0.85649147  0.85649184  1.0297507   1.02975154  1.29431242  1.29431276
  1.36123423  1.36123503  1.43574707  1.43574744  1.46919348  1.46919356
  1.66578945  1.66579012  1.75283218  1.75283263  1.91497898  1.91497916
  2.00866943  2.00866948  2.14134569  2.14134622  2.15159113  2.15159125
  2.2182194   2.21821967  2.30700751  2.30700817  2.59711489  2.597119
  2.71866837  2.71866972  2.75309213  2.7530924   2.88983913  2.88983915
  2.90501412  2.90502418  3.00321881  3.00322939  3.19901868  3.19901878
  3.23907754  3.23908618  6.24904421  6.2490863   9.91843598  9.91844052
 10.60437679 10.6043797  10.72782779 10.72783078]
nelec by numeric integration = 35.99999999958813
    CPU time for vxc    349.45 sec, wall time     11.64 sec
Ewald components = 8.76453321006536e-07, -0.162059015555054, 0.068912395876923
    CPU time for vj and vk  46113.17 sec, wall time   2769.10 sec
Ewald components = 6.77773183084737, -128.779455527716, 5.42224205397643
E1 = (-86.30228694341605+1.0240510247523224e-16j)  Ecoul = 59.78234985969942  Exc = -25.381080235811478
cycle= 1 E= -168.48049896242  delta_E= -0.372  |g|= 4.01  |ddm|= 10.7
    CPU time for cycle= 1  46463.89 sec, wall time   2780.78 sec
HOMO = 0.502986709094  LUMO = 0.611358683149
     k-point                  mo_energy
   0 ( 0.000  0.000  0.000)   [-0.36402251 -0.36075436 -0.36075436 -0.36067199 -0.35981703 -0.35981703
 -0.35649709 -0.35649709 -0.35401994 -0.35401994 -0.18645874 -0.04800355
  0.10650896  0.43037416  0.43037416  0.5024249   0.50298671  0.50298671] [ 0.61135868  0.61697913  0.75217921  0.75217921  0.79074143  0.8634436
  0.8634436   0.96811099  1.14010125  1.14010125  1.18011167  1.29620162
  1.29620162  1.36480216  1.39797011  1.44845494  1.44845494  1.49415209
  1.63345345  1.63345345  1.72535654  1.72535654  1.79074083  2.04993728
  2.04993728  2.07458537  2.08579683  2.08579683  2.11229963  2.11229963
  2.26658002  2.29125793  2.33323561  2.40385258  2.48067327  2.48067327
  2.6356218   2.6356218   2.66787625  2.76699954  2.89674343  2.89674343
  3.11697192  3.11697192  3.27925118  3.41305227  3.47944754  3.47944754
  3.49812462  3.49812462  5.93628105  5.96205789 10.30316047 10.33295048
 10.33295048 10.41679736 10.41679736 10.61944731]
   1 ( 0.000  0.000  0.500)   [-0.36221678 -0.36221445 -0.36052017 -0.36052017 -0.36051942 -0.36051942
 -0.35503486 -0.35503486 -0.35503296 -0.35503296 -0.1402105  -0.14020925
  0.28331613  0.28331673  0.46330068  0.46330068  0.46330289  0.46330289] [ 0.65350454  0.65350557  0.79705966  0.79705966  0.79706066  0.79706066
  0.85098753  0.85098984  1.25311589  1.25311589  1.25311652  1.25311652
  1.28115192  1.28115365  1.46871347  1.46871347  1.46871403  1.46871403
  1.47664914  1.4766508   1.87199751  1.87199751  1.87199906  1.87199906
  1.92321104  1.92321547  2.21522703  2.21522703  2.21522787  2.21522787
  2.31191283  2.31191395  2.49524266  2.49527373  2.53619928  2.53619928
  2.53620039  2.53620039  2.67907168  2.67907753  2.94216955  2.94216955
  2.94217155  2.94217155  3.21077851  3.21078726  3.49122766  3.49122766
  3.49122963  3.49122963  5.94182416  5.94194437 10.33493333 10.33493333
 10.33493512 10.33493512 10.34424767 10.34425056]
   2 ( 0.000  0.500  0.000)   [-0.36623236 -0.36396329 -0.35931641 -0.35929779 -0.35753768 -0.35647338
 -0.3558246  -0.35550712 -0.3545178  -0.35351361 -0.06056961 -0.00765433
  0.13807031  0.20001273  0.24601568  0.33172907  0.34817425  0.43617969] [ 0.61809012  0.69861582  0.75999975  0.8113589   0.89295209  0.90737644
  0.97373     1.0563159   1.06503345  1.19531062  1.29714068  1.29979934
  1.39037889  1.45452659  1.47216435  1.50740553  1.53893837  1.55801194
  1.60012024  1.65160201  1.71008444  1.75969299  1.79328368  1.85153425
  2.0396892   2.04711712  2.08226364  2.09616994  2.22025909  2.25360349
  2.27137762  2.30411252  2.30592921  2.32547268  2.59415091  2.61592516
  2.69232618  2.80845389  2.81029829  2.91842656  3.01349673  3.0390569
  3.1058831   3.22119012  3.26091647  3.31275669  3.35478539  3.39182758
  3.40290063  3.49814042  5.9521724   5.96446634  9.55439472 10.16290209
 10.2435445  10.40735603 10.69174505 10.74796304]
   3 ( 0.000  0.500  0.500)   [-0.36486271 -0.36486136 -0.35967072 -0.35966968 -0.35727478 -0.35727264
 -0.35488878 -0.35488673 -0.35433773 -0.35433721 -0.03145316 -0.03145156
  0.12456444  0.12456538  0.37533747  0.37533937  0.38294063  0.3829415 ] [ 0.62291441  0.62291513  0.72959419  0.72959487  0.93890737  0.93890853
  0.96842296  0.9684244   1.14989188  1.14989344  1.34850201  1.34850317
  1.42480918  1.42481038  1.46970296  1.46970411  1.49837789  1.49837897
  1.66559263  1.66559283  1.78873811  1.78873912  1.93628657  1.93628703
  1.98159958  1.98159977  2.15159127  2.1515926   2.15701867  2.15701923
  2.22251835  2.2225189   2.31291371  2.31291566  2.70809679  2.70810308
  2.76418342  2.76418439  2.80114981  2.80116078  3.08507212  3.08507419
  3.08571143  3.08573593  3.17115689  3.17116783  3.39213247  3.39213453
  3.42095592  3.42096615  5.95499524  5.95511537  9.73863522  9.7386418
 10.40543032 10.40543363 10.52514613 10.52514862]
   4 ( 0.500  0.000  0.000)   [-0.36623236 -0.36396329 -0.35931641 -0.35929779 -0.35753768 -0.35647338
 -0.3558246  -0.35550712 -0.3545178  -0.35351361 -0.06056961 -0.00765433
  0.13807031  0.20001273  0.24601568  0.33172907  0.34817425  0.43617969] [ 0.61809012  0.69861582  0.75999975  0.8113589   0.89295209  0.90737644
  0.97373     1.0563159   1.06503345  1.19531062  1.29714068  1.29979934
  1.39037889  1.45452659  1.47216435  1.50740553  1.53893837  1.55801194
  1.60012024  1.65160201  1.71008444  1.75969299  1.79328368  1.85153425
  2.0396892   2.04711712  2.08226364  2.09616994  2.22025909  2.25360349
  2.27137762  2.30411252  2.30592921  2.32547268  2.59415091  2.61592516
  2.69232618  2.80845389  2.81029829  2.91842656  3.01349673  3.0390569
  3.1058831   3.22119012  3.26091647  3.31275669  3.35478539  3.39182758
  3.40290063  3.49814042  5.9521724   5.96446634  9.55439472 10.16290209
 10.2435445  10.40735603 10.69174505 10.74796304]
   5 ( 0.500  0.000  0.500)   [-0.36486271 -0.36486136 -0.35967072 -0.35966968 -0.35727478 -0.35727264
 -0.35488878 -0.35488673 -0.35433773 -0.35433721 -0.03145316 -0.03145156
  0.12456444  0.12456538  0.37533747  0.37533937  0.38294063  0.3829415 ] [ 0.62291441  0.62291513  0.72959419  0.72959487  0.93890737  0.93890853
  0.96842296  0.9684244   1.14989188  1.14989344  1.34850201  1.34850317
  1.42480918  1.42481038  1.46970296  1.46970411  1.49837789  1.49837897
  1.66559263  1.66559283  1.78873811  1.78873912  1.93628657  1.93628703
  1.98159958  1.98159977  2.15159127  2.1515926   2.15701867  2.15701923
  2.22251835  2.2225189   2.31291371  2.31291566  2.70809679  2.70810308
  2.76418342  2.76418439  2.80114981  2.80116078  3.08507212  3.08507419
  3.08571143  3.08573593  3.17115689  3.17116783  3.39213247  3.39213453
  3.42095592  3.42096615  5.95499524  5.95511537  9.73863522  9.7386418
 10.40543032 10.40543363 10.52514613 10.52514862]
   6 ( 0.500  0.500  0.000)   [-0.36623236 -0.36396329 -0.35931641 -0.35929779 -0.35753768 -0.35647338
 -0.3558246  -0.35550712 -0.3545178  -0.35351361 -0.06056961 -0.00765433
  0.13807031  0.20001273  0.24601568  0.33172907  0.34817425  0.43617969] [ 0.61809012  0.69861582  0.75999975  0.8113589   0.89295209  0.90737644
  0.97373     1.0563159   1.06503345  1.19531062  1.29714068  1.29979934
  1.39037889  1.45452659  1.47216435  1.50740553  1.53893837  1.55801194
  1.60012024  1.65160201  1.71008444  1.75969299  1.79328368  1.85153425
  2.0396892   2.04711712  2.08226364  2.09616994  2.22025909  2.25360349
  2.27137762  2.30411252  2.30592921  2.32547268  2.59415091  2.61592516
  2.69232618  2.80845389  2.81029829  2.91842656  3.01349673  3.0390569
  3.1058831   3.22119012  3.26091647  3.31275669  3.35478539  3.39182758
  3.40290063  3.49814042  5.9521724   5.96446634  9.55439472 10.16290209
 10.2435445  10.40735603 10.69174505 10.74796304]
   7 ( 0.500  0.500  0.500)   [-0.36486271 -0.36486136 -0.35967072 -0.35966968 -0.35727478 -0.35727264
 -0.35488878 -0.35488673 -0.35433773 -0.35433721 -0.03145316 -0.03145156
  0.12456444  0.12456538  0.37533747  0.37533937  0.38294063  0.3829415 ] [ 0.62291441  0.62291513  0.72959419  0.72959487  0.93890737  0.93890853
  0.96842296  0.9684244   1.14989188  1.14989344  1.34850201  1.34850317
  1.42480918  1.42481038  1.46970296  1.46970411  1.49837789  1.49837897
  1.66559263  1.66559283  1.78873811  1.78873912  1.93628657  1.93628703
  1.98159958  1.98159977  2.15159127  2.1515926   2.15701867  2.15701923
  2.22251835  2.2225189   2.31291371  2.31291566  2.70809679  2.70810308
  2.76418342  2.76418439  2.80114981  2.80116078  3.08507212  3.08507419
  3.08571143  3.08573593  3.17115689  3.17116783  3.39213247  3.39213453
  3.42095592  3.42096615  5.95499524  5.95511537  9.73863522  9.7386418
 10.40543032 10.40543363 10.52514613 10.52514862]
nelec by numeric integration = 35.999999999544016
    CPU time for vxc    344.56 sec, wall time     11.01 sec
Ewald components = 8.76453321006536e-07, -0.162059015555054, 0.068912395876923
    CPU time for vj and vk  48867.86 sec, wall time   2886.00 sec
Ewald components = 6.77773183084737, -128.779455527716, 5.42224205397643
E1 = (-88.1748593907661+8.565257892827299e-17j)  Ecoul = 61.36417053102068  Exc = -24.721644286013817
cycle= 2 E= -168.111814788651  delta_E= 0.369  |g|= 5.11  |ddm|= 10.8
    CPU time for cycle= 2  49216.79 sec, wall time   2897.15 sec
HOMO = 0.329346772145  LUMO = 0.506470947214
     k-point                  mo_energy
   0 ( 0.000  0.000  0.000)   [-0.29974154 -0.26871157 -0.2134599  -0.21297182 -0.21297182 -0.21043649
 -0.21043649 -0.20260414 -0.20260414 -0.19912382 -0.19912382 -0.14675955
  0.05137127  0.28105542  0.28105542  0.32422113  0.32422113  0.32934677] [ 0.50647095  0.57560237  0.76975168  0.76975168  0.78417376  0.80175586
  0.84805224  0.84805224  1.14605981  1.14605981  1.20564655  1.3145539
  1.3145539   1.37444323  1.37444323  1.37697883  1.37844361  1.50102644
  1.5427037   1.5427037   1.62791619  1.69591415  1.69591415  1.99145632
  1.99145632  2.04857393  2.05134186  2.05134186  2.09541252  2.09541252
  2.22814759  2.32094336  2.36053825  2.36411011  2.44093154  2.44093154
  2.55543228  2.55543228  2.63381057  2.70370239  2.73958914  2.73958914
  3.02776971  3.02776971  3.15319057  3.30919007  3.36908848  3.36908848
  3.40994259  3.40994259  6.09672133  6.12011402 10.39725728 10.42856144
 10.42856144 10.51026326 10.51026326 10.72079899]
   1 ( 0.000  0.000  0.500)   [-0.27960553 -0.27960459 -0.21204724 -0.21204724 -0.21204673 -0.21204673
 -0.20055263 -0.20055263 -0.20055184 -0.20055184 -0.1982091  -0.1982063
  0.18128898  0.1812895   0.30205932  0.30205932  0.30206036  0.30206036] [ 0.58492094  0.58492194  0.7408479   0.74084823  0.79979816  0.79979816
  0.79979836  0.79979836  1.2280571   1.2280571   1.22805736  1.22805736
  1.29982898  1.29983061  1.43862868  1.43862957  1.46002429  1.46002429
  1.46002433  1.46002433  1.77529015  1.77529015  1.77529075  1.77529075
  1.87130099  1.87130446  2.20140197  2.20140197  2.20140215  2.20140215
  2.34218366  2.34218393  2.43331726  2.43334053  2.48826878  2.48826878
  2.48826931  2.48826931  2.65057738  2.65057876  2.80799273  2.80799273
  2.80799332  2.80799332  3.08389752  3.08390365  3.39101552  3.39101552
  3.39101621  3.39101621  6.10155228  6.10167395 10.42928888 10.42928888
 10.42929181 10.42929181 10.43890055 10.43890475]
   2 ( 0.000  0.500  0.000)   [-0.26933714 -0.26383011 -0.21041936 -0.21003785 -0.20610503 -0.20398197
 -0.20329755 -0.20297826 -0.19945209 -0.19800466 -0.15069971 -0.12790827
  0.07433371  0.12070668  0.16185372  0.21414325  0.24402442  0.28497573] [ 0.61538407  0.63177382  0.6772572   0.74675992  0.81018328  0.82341857
  0.91322663  0.92945661  0.94958867  1.15869733  1.24485435  1.28449223
  1.36141723  1.43123188  1.44686257  1.46804369  1.51386586  1.5171006
  1.61534846  1.62965642  1.65527107  1.75262     1.78194247  1.86458808
  2.00468885  2.01071347  2.06463007  2.07512547  2.21045491  2.22046171
  2.24045135  2.29057428  2.32864089  2.34266435  2.53258314  2.62852862
  2.63407192  2.69381326  2.77958108  2.81349178  2.90912367  2.91629019
  3.01996267  3.0953921   3.14653719  3.17031942  3.22731601  3.27899329
  3.31445713  3.37682786  6.11088517  6.12252741  9.6432285  10.25661689
 10.33774105 10.50275132 10.79429456 10.85135927]
   3 ( 0.000  0.500  0.500)   [-0.26464654 -0.26464628 -0.21048972 -0.21048872 -0.20644576 -0.20644485
 -0.20194064 -0.20193879 -0.199097   -0.19909641 -0.14098678 -0.14098662
  0.06820361  0.06820401  0.24671745  0.24671834  0.25380483  0.25380521] [ 0.59395499  0.5939552   0.71042723  0.71042755  0.81272518  0.81272561
  0.88230819  0.88230855  1.06534183  1.06534209  1.30933699  1.30933738
  1.37752792  1.37752903  1.44191538  1.44191601  1.47815192  1.47815232
  1.6594655   1.65946609  1.75544689  1.75544732  1.91822609  1.9182264
  1.99178226  1.99178229  2.13845056  2.13845093  2.14038231  2.14038259
  2.219562    2.21956256  2.29448716  2.29448849  2.6563864   2.65639403
  2.71900586  2.71900717  2.75460886  2.7546092   2.95302203  2.95302262
  2.9665934   2.96660877  3.05705227  3.05706387  3.26426125  3.26426188
  3.29971385  3.2997229   6.11354894  6.11367051  9.82601469  9.82602091
 10.50186955 10.50187324 10.62426693 10.62427052]
   4 ( 0.500  0.000  0.000)   [-0.26933714 -0.26383011 -0.21041936 -0.21003785 -0.20610503 -0.20398197
 -0.20329755 -0.20297826 -0.19945209 -0.19800466 -0.15069971 -0.12790827
  0.07433371  0.12070668  0.16185372  0.21414325  0.24402442  0.28497573] [ 0.61538407  0.63177382  0.6772572   0.74675992  0.81018328  0.82341857
  0.91322663  0.92945661  0.94958867  1.15869733  1.24485435  1.28449223
  1.36141723  1.43123188  1.44686257  1.46804369  1.51386586  1.5171006
  1.61534846  1.62965642  1.65527107  1.75262     1.78194247  1.86458808
  2.00468885  2.01071347  2.06463007  2.07512547  2.21045491  2.22046171
  2.24045135  2.29057428  2.32864089  2.34266435  2.53258314  2.62852862
  2.63407192  2.69381326  2.77958108  2.81349178  2.90912367  2.91629019
  3.01996267  3.0953921   3.14653719  3.17031942  3.22731601  3.27899329
  3.31445713  3.37682786  6.11088517  6.12252741  9.6432285  10.25661689
 10.33774105 10.50275132 10.79429456 10.85135927]
   5 ( 0.500  0.000  0.500)   [-0.26464654 -0.26464628 -0.21048972 -0.21048872 -0.20644576 -0.20644485
 -0.20194064 -0.20193879 -0.199097   -0.19909641 -0.14098678 -0.14098662
  0.06820361  0.06820401  0.24671745  0.24671834  0.25380483  0.25380521] [ 0.59395499  0.5939552   0.71042723  0.71042755  0.81272518  0.81272561
  0.88230819  0.88230855  1.06534183  1.06534209  1.30933699  1.30933738
  1.37752792  1.37752903  1.44191538  1.44191601  1.47815192  1.47815232
  1.6594655   1.65946609  1.75544689  1.75544732  1.91822609  1.9182264
  1.99178226  1.99178229  2.13845056  2.13845093  2.14038231  2.14038259
  2.219562    2.21956256  2.29448716  2.29448849  2.6563864   2.65639403
  2.71900586  2.71900717  2.75460886  2.7546092   2.95302203  2.95302262
  2.9665934   2.96660877  3.05705227  3.05706387  3.26426125  3.26426188
  3.29971385  3.2997229   6.11354894  6.11367051  9.82601469  9.82602091
 10.50186955 10.50187324 10.62426693 10.62427052]
   6 ( 0.500  0.500  0.000)   [-0.26933714 -0.26383011 -0.21041936 -0.21003785 -0.20610503 -0.20398197
 -0.20329755 -0.20297826 -0.19945209 -0.19800466 -0.15069971 -0.12790827
  0.07433371  0.12070668  0.16185372  0.21414325  0.24402442  0.28497573] [ 0.61538407  0.63177382  0.6772572   0.74675992  0.81018328  0.82341857
  0.91322663  0.92945661  0.94958867  1.15869733  1.24485435  1.28449223
  1.36141723  1.43123188  1.44686257  1.46804369  1.51386586  1.5171006
  1.61534846  1.62965642  1.65527107  1.75262     1.78194247  1.86458808
  2.00468885  2.01071347  2.06463007  2.07512547  2.21045491  2.22046171
  2.24045135  2.29057428  2.32864089  2.34266435  2.53258314  2.62852862
  2.63407192  2.69381326  2.77958108  2.81349178  2.90912367  2.91629019
  3.01996267  3.0953921   3.14653719  3.17031942  3.22731601  3.27899329
  3.31445713  3.37682786  6.11088517  6.12252741  9.6432285  10.25661689
 10.33774105 10.50275132 10.79429456 10.85135927]
   7 ( 0.500  0.500  0.500)   [-0.26464654 -0.26464628 -0.21048972 -0.21048872 -0.20644576 -0.20644485
 -0.20194064 -0.20193879 -0.199097   -0.19909641 -0.14098678 -0.14098662
  0.06820361  0.06820401  0.24671745  0.24671834  0.25380483  0.25380521] [ 0.59395499  0.5939552   0.71042723  0.71042755  0.81272518  0.81272561
  0.88230819  0.88230855  1.06534183  1.06534209  1.30933699  1.30933738
  1.37752792  1.37752903  1.44191538  1.44191601  1.47815192  1.47815232
  1.6594655   1.65946609  1.75544689  1.75544732  1.91822609  1.9182264
  1.99178226  1.99178229  2.13845056  2.13845093  2.14038231  2.14038259
  2.219562    2.21956256  2.29448716  2.29448849  2.6563864   2.65639403
  2.71900586  2.71900717  2.75460886  2.7546092   2.95302203  2.95302262
  2.9665934   2.96660877  3.05705227  3.05706387  3.26426125  3.26426188
  3.29971385  3.2997229   6.11354894  6.11367051  9.82601469  9.82602091
 10.50186955 10.50187324 10.62426693 10.62427052]
nelec by numeric integration = 35.99999999955792
    CPU time for vxc    354.25 sec, wall time     11.45 sec
Ewald components = 8.76453321006536e-07, -0.162059015555054, 0.068912395876923
    CPU time for vj and vk  48382.32 sec, wall time   2857.43 sec
Ewald components = 6.77773183084737, -128.779455527716, 5.42224205397643
E1 = (-87.45681707990657+9.523190923807535e-17j)  Ecoul = 60.21733510169453  Exc = -25.08835106382238
cycle= 3 E= -168.907314684926  delta_E= -0.795  |g|= 0.157  |ddm|= 6.23
    CPU time for cycle= 3  48737.83 sec, wall time   2868.93 sec
HOMO = 0.334757185286  LUMO = 0.509352728587
     k-point                  mo_energy
   0 ( 0.000  0.000  0.000)   [-0.29673084 -0.26481035 -0.21056266 -0.21019746 -0.21019746 -0.20772421
 -0.20772421 -0.19997622 -0.19997622 -0.19641514 -0.19641514 -0.14271699
  0.05119231  0.2858147   0.2858147   0.33017779  0.33017779  0.33475719] [ 0.50935273  0.57751663  0.76896187  0.76896187  0.78943896  0.80160039
  0.84895387  0.84895387  1.14605705  1.14605705  1.20360519  1.31308214
  1.31308214  1.37638016  1.37638016  1.37638791  1.3772715   1.5001854
  1.54562569  1.54562569  1.63103478  1.69732172  1.69732172  1.99191082
  1.99191082  2.04890624  2.05281927  2.05281927  2.09483465  2.09483465
  2.22905974  2.31922276  2.36237449  2.3631886   2.44338413  2.44338413
  2.56020761  2.56020761  2.63467098  2.70504352  2.74664425  2.74664425
  3.03113782  3.03113782  3.15826961  3.31325744  3.37410341  3.37410341
  3.4140766   3.4140766   6.10056857  6.12406583 10.39593331 10.42696803
 10.42696803 10.50883383 10.50883383 10.71972438]
   1 ( 0.000  0.000  0.500)   [-0.27592162 -0.27592039 -0.20931468 -0.20931468 -0.2093143  -0.2093143
 -0.19787712 -0.19787712 -0.19787619 -0.19787619 -0.19545075 -0.19544816
  0.18345059  0.18345126  0.30732042  0.30732042  0.30732195  0.30732195] [ 0.58833285  0.58833403  0.74320547  0.74320683  0.79974982  0.79974982
  0.79975032  0.79975032  1.22865178  1.22865178  1.22865196  1.22865196
  1.29804962  1.29805172  1.43867232  1.43867413  1.46048148  1.46048148
  1.46048155  1.46048155  1.77727873  1.77727873  1.77727929  1.77727929
  1.87286566  1.87287043  2.20180863  2.20180863  2.20180893  2.20180893
  2.34045559  2.34045606  2.43454242  2.43457412  2.49125131  2.49125131
  2.49125222  2.49125222  2.65146121  2.65146421  2.81355778  2.81355778
  2.81355906  2.81355906  3.088921    3.08893113  3.39568405  3.39568405
  3.3956852   3.3956852   6.10542621  6.10555623 10.42774427 10.42774427
 10.42774682 10.42774682 10.43770465 10.43770911]
   2 ( 0.000  0.500  0.000)   [-0.2654425  -0.25983514 -0.20773548 -0.20725324 -0.20339008 -0.20140665
 -0.20049362 -0.20010799 -0.1968127  -0.19534501 -0.14732083 -0.12394592
  0.07588546  0.12292282  0.16306917  0.21736996  0.24603877  0.28973509] [ 0.61551363  0.6346687   0.67972439  0.7518072   0.80993367  0.8277906
  0.91406858  0.9314805   0.95331956  1.15919109  1.24698511  1.28314241
  1.36241623  1.43281769  1.44842828  1.46897391  1.51474586  1.51915608
  1.61784432  1.62930535  1.65446285  1.75232768  1.78116472  1.86384439
  2.00566475  2.01075256  2.06534945  2.07555839  2.21030475  2.22193012
  2.24031682  2.2911398   2.32734067  2.34247377  2.53620307  2.63248774
  2.63313449  2.69762329  2.78580869  2.81292886  2.91268634  2.92125301
  3.02293195  3.10066453  3.15076011  3.17667071  3.23297185  3.28340166
  3.31704777  3.38245782  6.11485982  6.12649746  9.64146914 10.25515895
 10.33606621 10.50148831 10.79318723 10.85000804]
   3 ( 0.000  0.500  0.500)   [-0.26069758 -0.26069632 -0.20784582 -0.20784483 -0.2036398  -0.20363871
 -0.19915978 -0.19915789 -0.19646297 -0.19646256 -0.13729917 -0.13729809
  0.06926637  0.06926709  0.25051526  0.25051668  0.2571925   0.25719321] [ 0.59459039  0.59459093  0.71228019  0.71228087  0.81643856  0.81643953
  0.88416821  0.88416864  1.06717958  1.06718075  1.31068641  1.31068694
  1.37784383  1.37784625  1.44308611  1.44308691  1.47953358  1.47953439
  1.66020679  1.66020726  1.75614616  1.75614641  1.9185058   1.91850659
  1.99114985  1.99114987  2.13861371  2.13861432  2.14012789  2.1401284
  2.21983037  2.21983154  2.29482287  2.29482431  2.66038677  2.66039789
  2.72059635  2.72059767  2.75497785  2.75497833  2.95816047  2.95816171
  2.97124657  2.97126702  3.06127928  3.06129202  3.27010237  3.2701038
  3.30460046  3.30461204  6.1175057   6.1176356   9.82449317  9.82450051
 10.50058578 10.50058921 10.62276979 10.62277305]
   4 ( 0.500  0.000  0.000)   [-0.2654425  -0.25983514 -0.20773548 -0.20725324 -0.20339008 -0.20140665
 -0.20049362 -0.20010799 -0.1968127  -0.19534501 -0.14732083 -0.12394592
  0.07588546  0.12292282  0.16306917  0.21736996  0.24603877  0.28973509] [ 0.61551363  0.6346687   0.67972439  0.7518072   0.80993367  0.8277906
  0.91406858  0.9314805   0.95331956  1.15919109  1.24698511  1.28314241
  1.36241623  1.43281769  1.44842828  1.46897391  1.51474586  1.51915608
  1.61784432  1.62930535  1.65446285  1.75232768  1.78116472  1.86384439
  2.00566475  2.01075256  2.06534945  2.07555839  2.21030475  2.22193012
  2.24031682  2.2911398   2.32734067  2.34247377  2.53620307  2.63248774
  2.63313449  2.69762329  2.78580869  2.81292886  2.91268634  2.92125301
  3.02293195  3.10066453  3.15076011  3.17667071  3.23297185  3.28340166
  3.31704777  3.38245782  6.11485982  6.12649746  9.64146914 10.25515895
 10.33606621 10.50148831 10.79318723 10.85000804]
   5 ( 0.500  0.000  0.500)   [-0.26069758 -0.26069632 -0.20784582 -0.20784483 -0.2036398  -0.20363871
 -0.19915978 -0.19915789 -0.19646297 -0.19646256 -0.13729917 -0.13729809
  0.06926637  0.06926709  0.25051526  0.25051668  0.2571925   0.25719321] [ 0.59459039  0.59459093  0.71228019  0.71228087  0.81643856  0.81643953
  0.88416821  0.88416864  1.06717958  1.06718075  1.31068641  1.31068694
  1.37784383  1.37784625  1.44308611  1.44308691  1.47953358  1.47953439
  1.66020679  1.66020726  1.75614616  1.75614641  1.9185058   1.91850659
  1.99114985  1.99114987  2.13861371  2.13861432  2.14012789  2.1401284
  2.21983037  2.21983154  2.29482287  2.29482431  2.66038677  2.66039789
  2.72059635  2.72059767  2.75497785  2.75497833  2.95816047  2.95816171
  2.97124657  2.97126702  3.06127928  3.06129202  3.27010237  3.2701038
  3.30460046  3.30461204  6.1175057   6.1176356   9.82449317  9.82450051
 10.50058578 10.50058921 10.62276979 10.62277305]
   6 ( 0.500  0.500  0.000)   [-0.2654425  -0.25983514 -0.20773548 -0.20725324 -0.20339008 -0.20140665
 -0.20049362 -0.20010799 -0.1968127  -0.19534501 -0.14732083 -0.12394592
  0.07588546  0.12292282  0.16306917  0.21736996  0.24603877  0.28973509] [ 0.61551363  0.6346687   0.67972439  0.7518072   0.80993367  0.8277906
  0.91406858  0.9314805   0.95331956  1.15919109  1.24698511  1.28314241
  1.36241623  1.43281769  1.44842828  1.46897391  1.51474586  1.51915608
  1.61784432  1.62930535  1.65446285  1.75232768  1.78116472  1.86384439
  2.00566475  2.01075256  2.06534945  2.07555839  2.21030475  2.22193012
  2.24031682  2.2911398   2.32734067  2.34247377  2.53620307  2.63248774
  2.63313449  2.69762329  2.78580869  2.81292886  2.91268634  2.92125301
  3.02293195  3.10066453  3.15076011  3.17667071  3.23297185  3.28340166
  3.31704777  3.38245782  6.11485982  6.12649746  9.64146914 10.25515895
 10.33606621 10.50148831 10.79318723 10.85000804]
   7 ( 0.500  0.500  0.500)   [-0.26069758 -0.26069632 -0.20784582 -0.20784483 -0.2036398  -0.20363871
 -0.19915978 -0.19915789 -0.19646297 -0.19646256 -0.13729917 -0.13729809
  0.06926637  0.06926709  0.25051526  0.25051668  0.2571925   0.25719321] [ 0.59459039  0.59459093  0.71228019  0.71228087  0.81643856  0.81643953
  0.88416821  0.88416864  1.06717958  1.06718075  1.31068641  1.31068694
  1.37784383  1.37784625  1.44308611  1.44308691  1.47953358  1.47953439
  1.66020679  1.66020726  1.75614616  1.75614641  1.9185058   1.91850659
  1.99114985  1.99114987  2.13861371  2.13861432  2.14012789  2.1401284
  2.21983037  2.21983154  2.29482287  2.29482431  2.66038677  2.66039789
  2.72059635  2.72059767  2.75497785  2.75497833  2.95816047  2.95816171
  2.97124657  2.97126702  3.06127928  3.06129202  3.27010237  3.2701038
  3.30460046  3.30461204  6.1175057   6.1176356   9.82449317  9.82450051
 10.50058578 10.50058921 10.62276979 10.62277305]
nelec by numeric integration = 35.99999999955603
    CPU time for vxc    346.20 sec, wall time     12.32 sec
Ewald components = 8.76453321006536e-07, -0.162059015555054, 0.068912395876923
    CPU time for vj and vk  46615.10 sec, wall time   2818.59 sec
Ewald components = 6.77773183084737, -128.779455527716, 5.42224205397643
E1 = (-87.35446521275495+9.5863793214724e-17j)  Ecoul = 60.073974984676724  Exc = -25.048043763259663
cycle= 4 E= -168.90801563423  delta_E= -0.000701  |g|= 0.0425  |ddm|= 0.244
    CPU time for cycle= 4  46962.69 sec, wall time   2830.96 sec
HOMO = 0.333641635  LUMO = 0.508550673296
     k-point                  mo_energy
   0 ( 0.000  0.000  0.000)   [-0.29752315 -0.26697265 -0.21430465 -0.21394887 -0.21394887 -0.21150545
 -0.21150545 -0.20383636 -0.20383636 -0.20031082 -0.20031082 -0.14538507
  0.05069376  0.28470714  0.28470714  0.32890454  0.32890454  0.33364164] [ 0.50855067  0.57672031  0.76856504  0.76856504  0.78850458  0.80114355
  0.84838527  0.84838527  1.14541503  1.14541503  1.20316651  1.3126068
  1.3126068   1.37561546  1.37561546  1.37584916  1.37669657  1.49976949
  1.54468051  1.54468051  1.63027786  1.69681268  1.69681268  1.99133744
  1.99133744  2.04814645  2.05196158  2.05196158  2.09432551  2.09432551
  2.22848689  2.31871502  2.361851    2.36249531  2.44268489  2.44268489
  2.55937726  2.55937726  2.6339125   2.70433716  2.74584815  2.74584815
  3.03042082  3.03042082  3.15741751  3.31244163  3.37314063  3.37314063
  3.41311054  3.41311054  6.09630931  6.11979427 10.39411851 10.42514321
 10.42514321 10.50696438 10.50696438 10.71768611]
   1 ( 0.000  0.000  0.500)   [-0.27724277 -0.27724176 -0.21307641 -0.21307641 -0.21307593 -0.21307593
 -0.20175912 -0.20175912 -0.20175823 -0.20175823 -0.19868485 -0.19868217
  0.18257048  0.18257117  0.30613327  0.30613327  0.30613442  0.30613442] [ 0.58746825  0.58746995  0.74254393  0.74254477  0.79928031  0.79928031
  0.7992805   0.7992805   1.22800479  1.22800479  1.22800509  1.22800509
  1.29756659  1.29756909  1.43809101  1.43809262  1.45980613  1.45980613
  1.45980623  1.45980623  1.7765639   1.7765639   1.77656449  1.77656449
  1.87215318  1.87215817  2.20119306  2.20119306  2.20119331  2.20119331
  2.3399402   2.33994047  2.43389199  2.43392497  2.49050182  2.49050182
  2.49050225  2.49050225  2.65072837  2.65073145  2.81279576  2.81279576
  2.81279645  2.81279645  3.08809399  3.08810257  3.39471174  3.39471174
  3.39471247  3.39471247  6.10116127  6.10129112 10.42591416 10.42591416
 10.42591701 10.42591701 10.43581682 10.43582129]
   2 ( 0.000  0.500  0.000)   [-0.26755635 -0.26232553 -0.21148611 -0.21103208 -0.20719686 -0.20522145
 -0.20435829 -0.20397632 -0.20070895 -0.19925081 -0.14999277 -0.12622993
  0.07509181  0.12205955  0.16240547  0.21649938  0.2451935   0.28861326] [ 0.61489114  0.63384858  0.67903531  0.75081541  0.80950077  0.82688587
  0.91346622  0.93079084  0.95243739  1.15856199  1.24614809  1.28269251
  1.36177645  1.43221148  1.44771842  1.46841931  1.51436674  1.5186036
  1.61701299  1.62846982  1.65396152  1.75154811  1.78051855  1.86302769
  2.0050593   2.01018067  2.06462924  2.07503613  2.20967333  2.22127661
  2.23970939  2.2903966   2.32685124  2.34168061  2.53543552  2.63179165
  2.63243458  2.69687614  2.78497414  2.81229488  2.91197528  2.92047573
  3.02220731  3.09986679  3.14993565  3.1757641   3.23209204  3.28258942
  3.31634207  3.38149437  6.11056758  6.12222825  9.63976285 10.25328177
 10.3342805  10.4996325  10.79112494 10.84794502]
   3 ( 0.000  0.500  0.500)   [-0.26303084 -0.26303059 -0.21158999 -0.21158906 -0.20746102 -0.20746004
 -0.20301754 -0.20301567 -0.20036048 -0.20035997 -0.13975817 -0.13975792
  0.06852583  0.06852618  0.2495317   0.24953268  0.25627176  0.2562724 ] [ 0.59399748  0.59399774  0.71153912  0.71153932  0.81559213  0.81559241
  0.88351532  0.88351577  1.06649373  1.0664943   1.30997475  1.30997507
  1.37727367  1.37727626  1.44246005  1.44246063  1.47894164  1.47894197
  1.65938584  1.65938642  1.75538369  1.75538418  1.91795612  1.91795685
  1.99059152  1.99059159  2.13802741  2.13802842  2.13954405  2.13954435
  2.21911991  2.21912104  2.29408036  2.29408183  2.65967811  2.65968959
  2.71982604  2.71982714  2.75430504  2.75430529  2.95743128  2.957432
  2.97048308  2.97050394  3.06046889  3.06048144  3.26915701  3.26915764
  3.30377396  3.30378518  6.11322661  6.11335635  9.82276169  9.82276919
 10.49866442 10.49866796 10.62083498 10.62083851]
   4 ( 0.500  0.000  0.000)   [-0.26755635 -0.26232553 -0.21148611 -0.21103208 -0.20719686 -0.20522145
 -0.20435829 -0.20397632 -0.20070895 -0.19925081 -0.14999277 -0.12622993
  0.07509181  0.12205955  0.16240547  0.21649938  0.2451935   0.28861326] [ 0.61489114  0.63384858  0.67903531  0.75081541  0.80950077  0.82688587
  0.91346622  0.93079084  0.95243739  1.15856199  1.24614809  1.28269251
  1.36177645  1.43221148  1.44771842  1.46841931  1.51436674  1.5186036
  1.61701299  1.62846982  1.65396152  1.75154811  1.78051855  1.86302769
  2.0050593   2.01018067  2.06462924  2.07503613  2.20967333  2.22127661
  2.23970939  2.2903966   2.32685124  2.34168061  2.53543552  2.63179165
  2.63243458  2.69687614  2.78497414  2.81229488  2.91197528  2.92047573
  3.02220731  3.09986679  3.14993565  3.1757641   3.23209204  3.28258942
  3.31634207  3.38149437  6.11056758  6.12222825  9.63976285 10.25328177
 10.3342805  10.4996325  10.79112494 10.84794502]
   5 ( 0.500  0.000  0.500)   [-0.26303084 -0.26303059 -0.21158999 -0.21158906 -0.20746102 -0.20746004
 -0.20301754 -0.20301567 -0.20036048 -0.20035997 -0.13975817 -0.13975792
  0.06852583  0.06852618  0.2495317   0.24953268  0.25627176  0.2562724 ] [ 0.59399748  0.59399774  0.71153912  0.71153932  0.81559213  0.81559241
  0.88351532  0.88351577  1.06649373  1.0664943   1.30997475  1.30997507
  1.37727367  1.37727626  1.44246005  1.44246063  1.47894164  1.47894197
  1.65938584  1.65938642  1.75538369  1.75538418  1.91795612  1.91795685
  1.99059152  1.99059159  2.13802741  2.13802842  2.13954405  2.13954435
  2.21911991  2.21912104  2.29408036  2.29408183  2.65967811  2.65968959
  2.71982604  2.71982714  2.75430504  2.75430529  2.95743128  2.957432
  2.97048308  2.97050394  3.06046889  3.06048144  3.26915701  3.26915764
  3.30377396  3.30378518  6.11322661  6.11335635  9.82276169  9.82276919
 10.49866442 10.49866796 10.62083498 10.62083851]
   6 ( 0.500  0.500  0.000)   [-0.26755635 -0.26232553 -0.21148611 -0.21103208 -0.20719686 -0.20522145
 -0.20435829 -0.20397632 -0.20070895 -0.19925081 -0.14999277 -0.12622993
  0.07509181  0.12205955  0.16240547  0.21649938  0.2451935   0.28861326] [ 0.61489114  0.63384858  0.67903531  0.75081541  0.80950077  0.82688587
  0.91346622  0.93079084  0.95243739  1.15856199  1.24614809  1.28269251
  1.36177645  1.43221148  1.44771842  1.46841931  1.51436674  1.5186036
  1.61701299  1.62846982  1.65396152  1.75154811  1.78051855  1.86302769
  2.0050593   2.01018067  2.06462924  2.07503613  2.20967333  2.22127661
  2.23970939  2.2903966   2.32685124  2.34168061  2.53543552  2.63179165
  2.63243458  2.69687614  2.78497414  2.81229488  2.91197528  2.92047573
  3.02220731  3.09986679  3.14993565  3.1757641   3.23209204  3.28258942
  3.31634207  3.38149437  6.11056758  6.12222825  9.63976285 10.25328177
 10.3342805  10.4996325  10.79112494 10.84794502]
   7 ( 0.500  0.500  0.500)   [-0.26303084 -0.26303059 -0.21158999 -0.21158906 -0.20746102 -0.20746004
 -0.20301754 -0.20301567 -0.20036048 -0.20035997 -0.13975817 -0.13975792
  0.06852583  0.06852618  0.2495317   0.24953268  0.25627176  0.2562724 ] [ 0.59399748  0.59399774  0.71153912  0.71153932  0.81559213  0.81559241
  0.88351532  0.88351577  1.06649373  1.0664943   1.30997475  1.30997507
  1.37727367  1.37727626  1.44246005  1.44246063  1.47894164  1.47894197
  1.65938584  1.65938642  1.75538369  1.75538418  1.91795612  1.91795685
  1.99059152  1.99059159  2.13802741  2.13802842  2.13954405  2.13954435
  2.21911991  2.21912104  2.29408036  2.29408183  2.65967811  2.65968959
  2.71982604  2.71982714  2.75430504  2.75430529  2.95743128  2.957432
  2.97048308  2.97050394  3.06046889  3.06048144  3.26915701  3.26915764
  3.30377396  3.30378518  6.11322661  6.11335635  9.82276169  9.82276919
 10.49866442 10.49866796 10.62083498 10.62083851]
nelec by numeric integration = 35.999999999556735
    CPU time for vxc    327.89 sec, wall time     10.93 sec
Ewald components = 8.76453321006536e-07, -0.162059015555054, 0.068912395876923
    CPU time for vj and vk  52090.59 sec, wall time   2966.09 sec
Ewald components = 6.77773183084737, -128.779455527716, 5.42224205397643
E1 = (-87.40951240765106+9.550738822474339e-17j)  Ecoul = 60.14127495699855  Exc = -25.06033795341412
cycle= 5 E= -168.908057046959  delta_E= -4.14e-05  |g|= 0.00144  |ddm|= 0.0651
    CPU time for cycle= 5  52419.91 sec, wall time   2977.07 sec
HOMO = 0.333693623663  LUMO = 0.508528697793
     k-point                  mo_energy
   0 ( 0.000  0.000  0.000)   [-0.29753133 -0.26694309 -0.21424076 -0.21387942 -0.21387942 -0.2114353
 -0.2114353  -0.20377342 -0.20377342 -0.20024739 -0.20024739 -0.14536519
  0.05072835  0.2847072   0.2847072   0.32889865  0.32889865  0.33369362] [ 0.5085287   0.57666339  0.7685607   0.7685607   0.78854365  0.80112163
  0.84837012  0.84837012  1.14542134  1.14542134  1.20312228  1.31262246
  1.31262246  1.37563033  1.37563033  1.37588291  1.37667925  1.49973127
  1.54468513  1.54468513  1.63032067  1.69679061  1.69679061  1.99134226
  1.99134226  2.04811405  2.05195371  2.05195371  2.09431039  2.09431039
  2.22849618  2.31870568  2.36184164  2.36250501  2.44265885  2.44265885
  2.55935316  2.55935316  2.63391028  2.70432413  2.74584039  2.74584039
  3.03041323  3.03041323  3.15742003  3.31246598  3.37311883  3.37311883
  3.41309372  3.41309372  6.09638601  6.1198723  10.39412373 10.42515873
 10.42515873 10.50698051 10.50698051 10.71770553]
   1 ( 0.000  0.000  0.500)   [-0.27723504 -0.27723322 -0.21300697 -0.21300697 -0.21300659 -0.21300659
 -0.20169568 -0.20169568 -0.2016946  -0.2016946  -0.19863859 -0.19863625
  0.18260331  0.18260428  0.30613011  0.30613011  0.3061325   0.3061325 ] [ 0.58742986  0.5874311   0.74255882  0.74256038  0.79927056  0.79927056
  0.79927125  0.79927125  1.22801288  1.22801288  1.22801307  1.22801307
  1.29754164  1.2975436   1.43810362  1.43810543  1.45981771  1.45981771
  1.4598178   1.4598178   1.77655166  1.77655166  1.77655261  1.77655261
  1.872145    1.87214981  2.20117842  2.20117842  2.20117881  2.20117881
  2.33993068  2.3399313   2.43387876  2.43391037  2.49048815  2.49048815
  2.49048952  2.49048952  2.65074114  2.65074419  2.81278264  2.81278264
  2.81278455  2.81278455  3.08810169  3.08811235  3.39469211  3.39469211
  3.39469388  3.39469388  6.10123871  6.10136868 10.42593035 10.42593035
 10.42593272 10.42593272 10.43582737 10.43583163]
   2 ( 0.000  0.500  0.000)   [-0.26752942 -0.26228877 -0.21142228 -0.21096725 -0.20713401 -0.20515862
 -0.2042863  -0.20390904 -0.2006397  -0.19918691 -0.1499489  -0.1262003
  0.07507085  0.12204288  0.16244099  0.21649375  0.24522474  0.28860544] [ 0.61484868  0.63383273  0.67905619  0.75083484  0.80952013  0.82689491
  0.91345076  0.93077211  0.95244335  1.15856981  1.24612111  1.28268539
  1.36176299  1.43219755  1.44768783  1.46839772  1.51436721  1.51857372
  1.61703054  1.62844696  1.65397556  1.7515762   1.78053687  1.86301497
  2.00503925  2.01016549  2.06464179  2.07502754  2.20967271  2.22126637
  2.23969142  2.29037972  2.32683975  2.34167179  2.53544206  2.63177993
  2.63242931  2.69687545  2.78495655  2.81229421  2.9119715   2.92047373
  3.02219381  3.09984285  3.14992818  3.17574827  3.23209794  3.28259808
  3.31633824  3.38146651  6.11064691  6.12230706  9.63977895 10.2532993
 10.334299   10.49964081 10.79114058 10.84796584]
   3 ( 0.000  0.500  0.500)   [-0.26299852 -0.26299677 -0.21152695 -0.21152596 -0.20739371 -0.20739244
 -0.20295304 -0.20295116 -0.20029293 -0.20029264 -0.13972278 -0.13972125
  0.06851413  0.06851525  0.249525    0.24952717  0.25630142  0.25630241] [ 0.59398642  0.59398717  0.71152469  0.7115257   0.81559001  0.81559141
  0.8835282   0.88352877  1.06649154  1.06649292  1.30995544  1.30995632
  1.37728456  1.37728713  1.44243349  1.44243466  1.47891769  1.4789189
  1.65938397  1.65938439  1.75540282  1.75540316  1.91795802  1.9179589
  1.99058847  1.99058848  2.13801571  2.1380163   2.13952905  2.13952979
  2.21911116  2.21911245  2.29406675  2.2940683   2.65967644  2.65968763
  2.71980801  2.71980955  2.75429938  2.75430012  2.95742684  2.95742865
  2.97048521  2.97050564  3.06045612  3.06046892  3.26912737  3.2691295
  3.30378251  3.30379424  6.11330461  6.11343447  9.82277347  9.82278071
 10.49867672 10.49868003 10.62085497 10.62085808]
   4 ( 0.500  0.000  0.000)   [-0.26752942 -0.26228877 -0.21142228 -0.21096725 -0.20713401 -0.20515862
 -0.2042863  -0.20390904 -0.2006397  -0.19918691 -0.1499489  -0.1262003
  0.07507085  0.12204288  0.16244099  0.21649375  0.24522474  0.28860544] [ 0.61484868  0.63383273  0.67905619  0.75083484  0.80952013  0.82689491
  0.91345076  0.93077211  0.95244335  1.15856981  1.24612111  1.28268539
  1.36176299  1.43219755  1.44768783  1.46839772  1.51436721  1.51857372
  1.61703054  1.62844696  1.65397556  1.7515762   1.78053687  1.86301497
  2.00503925  2.01016549  2.06464179  2.07502754  2.20967271  2.22126637
  2.23969142  2.29037972  2.32683975  2.34167179  2.53544206  2.63177993
  2.63242931  2.69687545  2.78495655  2.81229421  2.9119715   2.92047373
  3.02219381  3.09984285  3.14992818  3.17574827  3.23209794  3.28259808
  3.31633824  3.38146651  6.11064691  6.12230706  9.63977895 10.2532993
 10.334299   10.49964081 10.79114058 10.84796584]
   5 ( 0.500  0.000  0.500)   [-0.26299852 -0.26299677 -0.21152695 -0.21152596 -0.20739371 -0.20739244
 -0.20295304 -0.20295116 -0.20029293 -0.20029264 -0.13972278 -0.13972125
  0.06851413  0.06851525  0.249525    0.24952717  0.25630142  0.25630241] [ 0.59398642  0.59398717  0.71152469  0.7115257   0.81559001  0.81559141
  0.8835282   0.88352877  1.06649154  1.06649292  1.30995544  1.30995632
  1.37728456  1.37728713  1.44243349  1.44243466  1.47891769  1.4789189
  1.65938397  1.65938439  1.75540282  1.75540316  1.91795802  1.9179589
  1.99058847  1.99058848  2.13801571  2.1380163   2.13952905  2.13952979
  2.21911116  2.21911245  2.29406675  2.2940683   2.65967644  2.65968763
  2.71980801  2.71980955  2.75429938  2.75430012  2.95742684  2.95742865
  2.97048521  2.97050564  3.06045612  3.06046892  3.26912737  3.2691295
  3.30378251  3.30379424  6.11330461  6.11343447  9.82277347  9.82278071
 10.49867672 10.49868003 10.62085497 10.62085808]
   6 ( 0.500  0.500  0.000)   [-0.26752942 -0.26228877 -0.21142228 -0.21096725 -0.20713401 -0.20515862
 -0.2042863  -0.20390904 -0.2006397  -0.19918691 -0.1499489  -0.1262003
  0.07507085  0.12204288  0.16244099  0.21649375  0.24522474  0.28860544] [ 0.61484868  0.63383273  0.67905619  0.75083484  0.80952013  0.82689491
  0.91345076  0.93077211  0.95244335  1.15856981  1.24612111  1.28268539
  1.36176299  1.43219755  1.44768783  1.46839772  1.51436721  1.51857372
  1.61703054  1.62844696  1.65397556  1.7515762   1.78053687  1.86301497
  2.00503925  2.01016549  2.06464179  2.07502754  2.20967271  2.22126637
  2.23969142  2.29037972  2.32683975  2.34167179  2.53544206  2.63177993
  2.63242931  2.69687545  2.78495655  2.81229421  2.9119715   2.92047373
  3.02219381  3.09984285  3.14992818  3.17574827  3.23209794  3.28259808
  3.31633824  3.38146651  6.11064691  6.12230706  9.63977895 10.2532993
 10.334299   10.49964081 10.79114058 10.84796584]
   7 ( 0.500  0.500  0.500)   [-0.26299852 -0.26299677 -0.21152695 -0.21152596 -0.20739371 -0.20739244
 -0.20295304 -0.20295116 -0.20029293 -0.20029264 -0.13972278 -0.13972125
  0.06851413  0.06851525  0.249525    0.24952717  0.25630142  0.25630241] [ 0.59398642  0.59398717  0.71152469  0.7115257   0.81559001  0.81559141
  0.8835282   0.88352877  1.06649154  1.06649292  1.30995544  1.30995632
  1.37728456  1.37728713  1.44243349  1.44243466  1.47891769  1.4789189
  1.65938397  1.65938439  1.75540282  1.75540316  1.91795802  1.9179589
  1.99058847  1.99058848  2.13801571  2.1380163   2.13952905  2.13952979
  2.21911116  2.21911245  2.29406675  2.2940683   2.65967644  2.65968763
  2.71980801  2.71980955  2.75429938  2.75430012  2.95742684  2.95742865
  2.97048521  2.97050564  3.06045612  3.06046892  3.26912737  3.2691295
  3.30378251  3.30379424  6.11330461  6.11343447  9.82277347  9.82278071
 10.49867672 10.49868003 10.62085497 10.62085808]
nelec by numeric integration = 35.99999999955672
    CPU time for vxc    357.15 sec, wall time     12.00 sec
Ewald components = 8.76453321006536e-07, -0.162059015555054, 0.068912395876923
    CPU time for vj and vk  51644.86 sec, wall time   2945.43 sec
Ewald components = 6.77773183084737, -128.779455527716, 5.42224205397643
E1 = (-87.40805954550703+9.551622701744501e-17j)  Ecoul = 60.139481508119665  Exc = -25.05999742909725
cycle= 6 E= -168.908057109377  delta_E= -6.24e-08  |g|= 0.000338  |ddm|= 0.0047
    CPU time for cycle= 6  52003.32 sec, wall time   2957.48 sec
HOMO = 0.333683787646  LUMO = 0.508520712158
     k-point                  mo_energy
   0 ( 0.000  0.000  0.000)   [-0.29753662 -0.26694985 -0.21424863 -0.21388548 -0.21388548 -0.21144094
 -0.21144094 -0.20378088 -0.20378088 -0.20025534 -0.20025534 -0.14536951
  0.05071603  0.284703    0.284703    0.32889341  0.32889341  0.33368379] [ 0.50852071  0.5766676   0.76856041  0.76856041  0.78853327  0.80112048
  0.84837039  0.84837039  1.14541704  1.14541704  1.20312507  1.31261581
  1.31261581  1.37562507  1.37562507  1.37586947  1.37667754  1.49973016
  1.54468172  1.54468172  1.63031166  1.69678891  1.69678891  1.99133848
  1.99133848  2.04811653  2.05195088  2.05195088  2.09430723  2.09430723
  2.22848743  2.31870791  2.361844    2.3624949   2.44265656  2.44265656
  2.55935143  2.55935143  2.63390913  2.70432258  2.74583256  2.74583256
  3.03040641  3.03040641  3.15741042  3.31245153  3.37311676  3.37311676
  3.41309087  3.41309087  6.09637854  6.11986462 10.3941175  10.425156
 10.425156   10.50697768 10.50697768 10.71769662]
   1 ( 0.000  0.000  0.500)   [-0.2772411  -0.27723869 -0.21301296 -0.21301296 -0.21301238 -0.21301238
 -0.20170323 -0.20170323 -0.20170237 -0.20170237 -0.19864592 -0.1986431
  0.1825921   0.18259374  0.3061251   0.3061251   0.30612822  0.30612822] [ 0.58743092  0.58743315  0.7425504   0.74255131  0.79927029  0.79927029
  0.79927094  0.79927094  1.22800812  1.22800812  1.22800865  1.22800865
  1.29754065  1.29754346  1.43809481  1.4380963   1.45981178  1.45981178
  1.45981192  1.45981192  1.77655064  1.77655064  1.77655208  1.77655208
  1.87214168  1.87214681  2.20117479  2.20117479  2.20117539  2.20117539
  2.33993293  2.33993363  2.43387762  2.4339114   2.49048492  2.49048492
  2.49048635  2.49048635  2.65073274  2.65073589  2.81277582  2.81277582
  2.81277799  2.81277799  3.08809223  3.08809961  3.39468946  3.39468946
  3.39469157  3.39469157  6.10123125  6.10136089 10.42592717 10.42592717
 10.42593019 10.42593019 10.43581995 10.4358244 ]
   2 ( 0.000  0.500  0.000)   [-0.26753574 -0.26229545 -0.21142946 -0.21097459 -0.207142   -0.20516582
 -0.20429255 -0.20391651 -0.20064601 -0.1991944  -0.14995597 -0.12620768
  0.07507148  0.12204397  0.16243027  0.21649082  0.24521429  0.28860217] [ 0.61485236  0.6338285   0.67904816  0.7508236   0.80951299  0.82688876
  0.91344698  0.93077029  0.95243755  1.15856372  1.24612249  1.28268321
  1.36176222  1.43219796  1.44768873  1.46839598  1.51436126  1.51857665
  1.61702533  1.62844836  1.6539676   1.75157073  1.78053266  1.86301436
  2.00503783  2.01016475  2.06463389  2.07502199  2.20966744  2.22126276
  2.23969049  2.29037769  2.32683588  2.3416686   2.53543402  2.63177392
  2.6324267   2.69686837  2.78495149  2.81229206  2.91196644  2.92046628
  3.0221929   3.09983821  3.14992316  3.17574313  3.23208699  3.28258653
  3.31633614  3.38146391  6.11063894  6.12229904  9.63977578 10.25329432
 10.33429597 10.49963445 10.79113497 10.84796259]
   3 ( 0.000  0.500  0.500)   [-0.26300471 -0.26300347 -0.21153407 -0.21153318 -0.20740056 -0.20739965
 -0.20296079 -0.20295894 -0.20029973 -0.20029916 -0.13972999 -0.13972883
  0.06851273  0.06851387  0.24952165  0.24952438  0.25629301  0.25629463] [ 0.59398178  0.59398234  0.71152191  0.71152275  0.81558412  0.81558533
  0.88352111  0.88352212  1.06648891  1.06648906  1.30995547  1.30995644
  1.37727919  1.37728182  1.44243285  1.44243403  1.47891966  1.4789208
  1.65937894  1.65937959  1.75539769  1.75539862  1.91795238  1.91795304
  1.9905843   1.99058442  2.13801443  2.13801577  2.13952793  2.13952877
  2.21910684  2.21910792  2.29406386  2.29406542  2.65966964  2.65968139
  2.71980623  2.71980721  2.75429635  2.75429715  2.95741924  2.95742137
  2.97047822  2.97049936  3.06045221  3.06046468  3.26912489  3.26912704
  3.30377271  3.30378366  6.11329695  6.11342648  9.82276917  9.82277672
 10.49867143 10.49867503 10.62085152 10.62085519]
   4 ( 0.500  0.000  0.000)   [-0.26753574 -0.26229545 -0.21142946 -0.21097459 -0.207142   -0.20516582
 -0.20429255 -0.20391651 -0.20064601 -0.1991944  -0.14995597 -0.12620768
  0.07507148  0.12204397  0.16243027  0.21649082  0.24521429  0.28860217] [ 0.61485236  0.6338285   0.67904816  0.7508236   0.80951299  0.82688876
  0.91344698  0.93077029  0.95243755  1.15856372  1.24612249  1.28268321
  1.36176222  1.43219796  1.44768873  1.46839598  1.51436126  1.51857665
  1.61702533  1.62844836  1.6539676   1.75157073  1.78053266  1.86301436
  2.00503783  2.01016475  2.06463389  2.07502199  2.20966744  2.22126276
  2.23969049  2.29037769  2.32683588  2.3416686   2.53543402  2.63177392
  2.6324267   2.69686837  2.78495149  2.81229206  2.91196644  2.92046628
  3.0221929   3.09983821  3.14992316  3.17574313  3.23208699  3.28258653
  3.31633614  3.38146391  6.11063894  6.12229904  9.63977578 10.25329432
 10.33429597 10.49963445 10.79113497 10.84796259]
   5 ( 0.500  0.000  0.500)   [-0.26300471 -0.26300347 -0.21153407 -0.21153318 -0.20740056 -0.20739965
 -0.20296079 -0.20295894 -0.20029973 -0.20029916 -0.13972999 -0.13972883
  0.06851273  0.06851387  0.24952165  0.24952438  0.25629301  0.25629463] [ 0.59398178  0.59398234  0.71152191  0.71152275  0.81558412  0.81558533
  0.88352111  0.88352212  1.06648891  1.06648906  1.30995547  1.30995644
  1.37727919  1.37728182  1.44243285  1.44243403  1.47891966  1.4789208
  1.65937894  1.65937959  1.75539769  1.75539862  1.91795238  1.91795304
  1.9905843   1.99058442  2.13801443  2.13801577  2.13952793  2.13952877
  2.21910684  2.21910792  2.29406386  2.29406542  2.65966964  2.65968139
  2.71980623  2.71980721  2.75429635  2.75429715  2.95741924  2.95742137
  2.97047822  2.97049936  3.06045221  3.06046468  3.26912489  3.26912704
  3.30377271  3.30378366  6.11329695  6.11342648  9.82276917  9.82277672
 10.49867143 10.49867503 10.62085152 10.62085519]
   6 ( 0.500  0.500  0.000)   [-0.26753574 -0.26229545 -0.21142946 -0.21097459 -0.207142   -0.20516582
 -0.20429255 -0.20391651 -0.20064601 -0.1991944  -0.14995597 -0.12620768
  0.07507148  0.12204397  0.16243027  0.21649082  0.24521429  0.28860217] [ 0.61485236  0.6338285   0.67904816  0.7508236   0.80951299  0.82688876
  0.91344698  0.93077029  0.95243755  1.15856372  1.24612249  1.28268321
  1.36176222  1.43219796  1.44768873  1.46839598  1.51436126  1.51857665
  1.61702533  1.62844836  1.6539676   1.75157073  1.78053266  1.86301436
  2.00503783  2.01016475  2.06463389  2.07502199  2.20966744  2.22126276
  2.23969049  2.29037769  2.32683588  2.3416686   2.53543402  2.63177392
  2.6324267   2.69686837  2.78495149  2.81229206  2.91196644  2.92046628
  3.0221929   3.09983821  3.14992316  3.17574313  3.23208699  3.28258653
  3.31633614  3.38146391  6.11063894  6.12229904  9.63977578 10.25329432
 10.33429597 10.49963445 10.79113497 10.84796259]
   7 ( 0.500  0.500  0.500)   [-0.26300471 -0.26300347 -0.21153407 -0.21153318 -0.20740056 -0.20739965
 -0.20296079 -0.20295894 -0.20029973 -0.20029916 -0.13972999 -0.13972883
  0.06851273  0.06851387  0.24952165  0.24952438  0.25629301  0.25629463] [ 0.59398178  0.59398234  0.71152191  0.71152275  0.81558412  0.81558533
  0.88352111  0.88352212  1.06648891  1.06648906  1.30995547  1.30995644
  1.37727919  1.37728182  1.44243285  1.44243403  1.47891966  1.4789208
  1.65937894  1.65937959  1.75539769  1.75539862  1.91795238  1.91795304
  1.9905843   1.99058442  2.13801443  2.13801577  2.13952793  2.13952877
  2.21910684  2.21910792  2.29406386  2.29406542  2.65966964  2.65968139
  2.71980623  2.71980721  2.75429635  2.75429715  2.95741924  2.95742137
  2.97047822  2.97049936  3.06045221  3.06046468  3.26912489  3.26912704
  3.30377271  3.30378366  6.11329695  6.11342648  9.82276917  9.82277672
 10.49867143 10.49867503 10.62085152 10.62085519]
nelec by numeric integration = 35.99999999955673
    CPU time for vxc    351.28 sec, wall time     11.54 sec
Ewald components = 8.76453321006536e-07, -0.162059015555054, 0.068912395876923
    CPU time for vj and vk  49600.72 sec, wall time   2836.01 sec
Ewald components = 6.77773183084737, -128.779455527716, 5.42224205397643
E1 = (-87.4081477325716+9.551567215623827e-17j)  Ecoul = 60.139600836972946  Exc = -25.06002857412715
cycle= 7 E= -168.908057112618  delta_E= -3.24e-09  |g|= 6.19e-05  |ddm|= 0.000803
    CPU time for cycle= 7  49955.47 sec, wall time   2847.67 sec
HOMO = 0.33368157166  LUMO = 0.508518568706
     k-point                  mo_energy
   0 ( 0.000  0.000  0.000)   [-0.29753875 -0.26695074 -0.2142469  -0.21388437 -0.21388437 -0.21143994
 -0.21143994 -0.20377946 -0.20377946 -0.20025377 -0.20025377 -0.14536961
  0.05071526  0.28470037  0.28470037  0.32889019  0.32889019  0.33368157] [ 0.50851857  0.57666632  0.76856051  0.76856051  0.78853105  0.80112088
  0.84836977  0.84836977  1.14541686  1.14541686  1.20312524  1.31261605
  1.31261605  1.37562377  1.37562377  1.37586941  1.37667755  1.4997306
  1.54468013  1.54468013  1.63030946  1.69678832  1.69678832  1.99133794
  1.99133794  2.0481151   2.05195031  2.05195031  2.09430767  2.09430767
  2.22848693  2.31870745  2.3618435   2.36249362  2.44265585  2.44265585
  2.5593499   2.5593499   2.63390783  2.70432123  2.74582996  2.74582996
  3.0304052   3.0304052   3.15740835  3.31244981  3.37311473  3.37311473
  3.41308929  3.41308929  6.09638003  6.11986609 10.39411908 10.42515661
 10.42515661 10.50697819 10.50697819 10.71769828]
   1 ( 0.000  0.000  0.500)   [-0.27724413 -0.27723926 -0.21301188 -0.21301188 -0.21301134 -0.21301134
 -0.2017019  -0.2017019  -0.20170072 -0.20170072 -0.19864435 -0.19864228
  0.18259002  0.18259292  0.30612052  0.30612052  0.30612704  0.30612704] [ 0.58742924  0.58743131  0.74254844  0.74255121  0.79926957  0.79926957
  0.79927121  0.79927121  1.22800739  1.22800739  1.22800805  1.22800805
  1.29754154  1.29754296  1.43809428  1.43809632  1.45981148  1.45981148
  1.45981165  1.45981165  1.7765488   1.7765488   1.77655154  1.77655154
  1.87214081  1.8721455   2.2011745   2.2011745   2.2011756   2.2011756
  2.33993204  2.33993357  2.4338777   2.43390773  2.49048298  2.49048298
  2.49048646  2.49048646  2.65073239  2.65073534  2.8127724   2.8127724
  2.8127774   2.8127774   3.08808715  3.08810033  3.39468634  3.39468634
  3.394691    3.394691    6.1012325   6.10136262 10.42592827 10.42592827
 10.42593023 10.42593023 10.43582166 10.43582585]
   2 ( 0.000  0.500  0.000)   [-0.26753673 -0.26229604 -0.21142807 -0.21097313 -0.20714031 -0.2051645
 -0.20429132 -0.20391484 -0.20064487 -0.19919299 -0.14995638 -0.1262087
  0.07507014  0.12204227  0.16242901  0.21648859  0.24521289  0.28859928] [ 0.61485187  0.63382685  0.67904687  0.7508211   0.80951289  0.82688683
  0.9134471   0.93076874  0.95243551  1.15856296  1.24612165  1.28268266
  1.36176132  1.43219704  1.44768802  1.46839594  1.51436082  1.51857548
  1.61702423  1.62844891  1.65396777  1.75157014  1.78053219  1.86301462
  2.00503709  2.01016436  2.06463338  2.07502153  2.2096671   2.22126157
  2.23969035  2.29037715  2.32683641  2.34166883  2.53543289  2.63177241
  2.63242699  2.69686728  2.78494938  2.81229192  2.91196469  2.92046403
  3.02219126  3.09983652  3.14992131  3.17574044  3.23208483  3.28258468
  3.3163347   3.38146214  6.11064041  6.12230054  9.63977631 10.25329521
 10.3342965  10.49963599 10.79113621 10.84796321]
   3 ( 0.000  0.500  0.500)   [-0.26300684 -0.26300289 -0.21153278 -0.21153167 -0.20739943 -0.20739796
 -0.2029592  -0.20295729 -0.20029835 -0.20029812 -0.13973191 -0.1397284
  0.06851067  0.06851347  0.24951762  0.24952346  0.25629044  0.25629341] [ 0.59398058  0.5939822   0.71152023  0.71152263  0.81558084  0.81558421
  0.88351965  0.88352137  1.06648675  1.0664891   1.3099543   1.30995658
  1.37727842  1.37728108  1.44243157  1.44243427  1.47891789  1.47892084
  1.65937892  1.65937934  1.7553966   1.75539782  1.91795194  1.91795309
  1.99058465  1.99058474  2.13801395  2.13801482  2.13952728  2.13952916
  2.21910637  2.21910791  2.29406337  2.29406536  2.65966816  2.65967925
  2.71980513  2.71980728  2.75429555  2.75429745  2.95741574  2.95742048
  2.97047654  2.97049663  3.0604502   3.06046344  3.2691213   3.26912664
  3.30377001  3.30378246  6.1132982   6.1134282   9.82277028  9.82277735
 10.49867282 10.49867598 10.62085255 10.62085532]
   4 ( 0.500  0.000  0.000)   [-0.26753673 -0.26229604 -0.21142807 -0.21097313 -0.20714031 -0.2051645
 -0.20429132 -0.20391484 -0.20064487 -0.19919299 -0.14995638 -0.1262087
  0.07507014  0.12204227  0.16242901  0.21648859  0.24521289  0.28859928] [ 0.61485187  0.63382685  0.67904687  0.7508211   0.80951289  0.82688683
  0.9134471   0.93076874  0.95243551  1.15856296  1.24612165  1.28268266
  1.36176132  1.43219704  1.44768802  1.46839594  1.51436082  1.51857548
  1.61702423  1.62844891  1.65396777  1.75157014  1.78053219  1.86301462
  2.00503709  2.01016436  2.06463338  2.07502153  2.2096671   2.22126157
  2.23969035  2.29037715  2.32683641  2.34166883  2.53543289  2.63177241
  2.63242699  2.69686728  2.78494938  2.81229192  2.91196469  2.92046403
  3.02219126  3.09983652  3.14992131  3.17574044  3.23208483  3.28258468
  3.3163347   3.38146214  6.11064041  6.12230054  9.63977631 10.25329521
 10.3342965  10.49963599 10.79113621 10.84796321]
   5 ( 0.500  0.000  0.500)   [-0.26300684 -0.26300289 -0.21153278 -0.21153167 -0.20739943 -0.20739796
 -0.2029592  -0.20295729 -0.20029835 -0.20029812 -0.13973191 -0.1397284
  0.06851067  0.06851347  0.24951762  0.24952346  0.25629044  0.25629341] [ 0.59398058  0.5939822   0.71152023  0.71152263  0.81558084  0.81558421
  0.88351965  0.88352137  1.06648675  1.0664891   1.3099543   1.30995658
  1.37727842  1.37728108  1.44243157  1.44243427  1.47891789  1.47892084
  1.65937892  1.65937934  1.7553966   1.75539782  1.91795194  1.91795309
  1.99058465  1.99058474  2.13801395  2.13801482  2.13952728  2.13952916
  2.21910637  2.21910791  2.29406337  2.29406536  2.65966816  2.65967925
  2.71980513  2.71980728  2.75429555  2.75429745  2.95741574  2.95742048
  2.97047654  2.97049663  3.0604502   3.06046344  3.2691213   3.26912664
  3.30377001  3.30378246  6.1132982   6.1134282   9.82277028  9.82277735
 10.49867282 10.49867598 10.62085255 10.62085532]
   6 ( 0.500  0.500  0.000)   [-0.26753673 -0.26229604 -0.21142807 -0.21097313 -0.20714031 -0.2051645
 -0.20429132 -0.20391484 -0.20064487 -0.19919299 -0.14995638 -0.1262087
  0.07507014  0.12204227  0.16242901  0.21648859  0.24521289  0.28859928] [ 0.61485187  0.63382685  0.67904687  0.7508211   0.80951289  0.82688683
  0.9134471   0.93076874  0.95243551  1.15856296  1.24612165  1.28268266
  1.36176132  1.43219704  1.44768802  1.46839594  1.51436082  1.51857548
  1.61702423  1.62844891  1.65396777  1.75157014  1.78053219  1.86301462
  2.00503709  2.01016436  2.06463338  2.07502153  2.2096671   2.22126157
  2.23969035  2.29037715  2.32683641  2.34166883  2.53543289  2.63177241
  2.63242699  2.69686728  2.78494938  2.81229192  2.91196469  2.92046403
  3.02219126  3.09983652  3.14992131  3.17574044  3.23208483  3.28258468
  3.3163347   3.38146214  6.11064041  6.12230054  9.63977631 10.25329521
 10.3342965  10.49963599 10.79113621 10.84796321]
   7 ( 0.500  0.500  0.500)   [-0.26300684 -0.26300289 -0.21153278 -0.21153167 -0.20739943 -0.20739796
 -0.2029592  -0.20295729 -0.20029835 -0.20029812 -0.13973191 -0.1397284
  0.06851067  0.06851347  0.24951762  0.24952346  0.25629044  0.25629341] [ 0.59398058  0.5939822   0.71152023  0.71152263  0.81558084  0.81558421
  0.88351965  0.88352137  1.06648675  1.0664891   1.3099543   1.30995658
  1.37727842  1.37728108  1.44243157  1.44243427  1.47891789  1.47892084
  1.65937892  1.65937934  1.7553966   1.75539782  1.91795194  1.91795309
  1.99058465  1.99058474  2.13801395  2.13801482  2.13952728  2.13952916
  2.21910637  2.21910791  2.29406337  2.29406536  2.65966816  2.65967925
  2.71980513  2.71980728  2.75429555  2.75429745  2.95741574  2.95742048
  2.97047654  2.97049663  3.0604502   3.06046344  3.2691213   3.26912664
  3.30377001  3.30378246  6.1132982   6.1134282   9.82277028  9.82277735
 10.49867282 10.49867598 10.62085255 10.62085532]
nelec by numeric integration = 35.999999999556735
    CPU time for vxc    333.63 sec, wall time     11.63 sec
Ewald components = 8.76453321006536e-07, -0.162059015555054, 0.068912395876923
    CPU time for vj and vk  46275.01 sec, wall time   2789.98 sec
Ewald components = 6.77773183084737, -128.779455527716, 5.42224205397643
E1 = (-87.4081416015815+9.551584037971235e-17j)  Ecoul = 60.13960387836765  Exc = -25.060037746363037
Extra cycle  E= -168.908057112469  delta_E= 1.49e-10  |g|= 9.64e-05  |ddm|= 0.000191
    CPU time for scf_cycle 461132.28 sec, wall time  27088.85 sec
    CPU time for SCF 461132.30 sec, wall time  27088.85 sec
converged SCF energy = -168.908057112469
nelec by numeric integration = 35.999999999556735
    CPU time for vxc   1617.68 sec, wall time     53.37 sec
Ewald components = 8.76453321006536e-07, -0.162059015555054, 0.068912395876923
    CPU time for vj and vk 312669.71 sec, wall time  18500.79 sec
