\BOOKMARK [1][-]{section.1}{}{}% 1
\BOOKMARK [2][-]{subsection.1.1}{}{section.1}% 2
\BOOKMARK [3][-]{subsubsection.1.1.1}{\376\377\000A\000n\000s\000w\000e\000r}{subsection.1.1}% 3
\BOOKMARK [2][-]{subsection.1.2}{}{section.1}% 4
\BOOKMARK [3][-]{subsubsection.1.2.1}{\376\377\000A\000n\000s\000w\000e\000r}{subsection.1.2}% 5
\BOOKMARK [2][-]{subsection.1.3}{}{section.1}% 6
\BOOKMARK [3][-]{subsubsection.1.3.1}{\376\377\000A\000n\000s\000w\000e\000r}{subsection.1.3}% 7
\BOOKMARK [1][-]{section.2}{}{}% 8
\BOOKMARK [2][-]{subsection.2.1}{}{section.2}% 9
\BOOKMARK [3][-]{subsubsection.2.1.1}{\376\377\000A\000n\000s\000w\000e\000r}{subsection.2.1}% 10
\BOOKMARK [2][-]{subsection.2.2}{}{section.2}% 11
\BOOKMARK [3][-]{subsubsection.2.2.1}{\376\377\000A\000n\000s\000w\000e\000r}{subsection.2.2}% 12
\BOOKMARK [2][-]{subsection.2.3}{}{section.2}% 13
\BOOKMARK [3][-]{subsubsection.2.3.1}{\376\377\000A\000n\000s\000w\000e\000r}{subsection.2.3}% 14
\BOOKMARK [2][-]{subsection.2.4}{}{section.2}% 15
\BOOKMARK [3][-]{subsubsection.2.4.1}{\376\377\000A\000n\000s\000w\000e\000r}{subsection.2.4}% 16
\BOOKMARK [2][-]{subsection.2.5}{}{section.2}% 17
\BOOKMARK [3][-]{subsubsection.2.5.1}{\376\377\000A\000n\000s\000w\000e\000r}{subsection.2.5}% 18
\BOOKMARK [1][-]{section.3}{}{}% 19
\BOOKMARK [2][-]{subsection.3.1}{}{section.3}% 20
\BOOKMARK [3][-]{subsubsection.3.1.1}{\376\377\000n\000-\000t\000y\000p\000e\000\040\000M\000e\000t\000a\000l\000-\000S\000e\000m\000i\000c\000o\000n\000d\000u\000c\000t\000o\000r\000\040\000S\000c\000h\000o\000t\000t\000k\000y\000\040\000b\000a\000r\000r\000i\000e\000r}{subsection.3.1}% 21
\BOOKMARK [3][-]{subsubsection.3.1.2}{\376\377\000p\000-\000n\000\040\000j\000u\000n\000c\000t\000i\000o\000n}{subsection.3.1}% 22
\BOOKMARK [3][-]{subsubsection.3.1.3}{\376\377\000p\000-\000t\000y\000p\000e\000\040\000M\000e\000t\000a\000l\000-\000O\000x\000i\000d\000e\000-\000S\000e\000m\000i\000c\000o\000n\000d\000u\000c\000t\000o\000r\000\040\000j\000u\000n\000c\000t\000i\000o\000n}{subsection.3.1}% 23
\BOOKMARK [2][-]{subsection.3.2}{}{section.3}% 24
