# Timestep     No_Moles     No_Specs     Pt1536	H	O	
708          4          3	 1	 2	 1	
# Timestep     No_Moles     No_Specs     Pt1536	H	O	
808          4          3	 1	 2	 1	
# Timestep     No_Moles     No_Specs     Pt1536	H	O	
908          4          3	 1	 2	 1	
# Timestep     No_Moles     No_Specs     Pt1536	H	O	
1008          4          3	 1	 2	 1	
# Timestep     No_Moles     No_Specs     Pt1536	H	O	
1108          4          3	 1	 2	 1	
# Timestep     No_Moles     No_Specs     Pt1536O	H	
1208          3          2	 1	 2	
# Timestep     No_Moles     No_Specs     Pt1536HO	H	
1308          2          2	 1	 1	
# Timestep     No_Moles     No_Specs     Pt1536HO	H	
1408          2          2	 1	 1	
# Timestep     No_Moles     No_Specs     Pt1536HO	H	
1508          2          2	 1	 1	
# Timestep     No_Moles     No_Specs     Pt1536HO	H	
1608          2          2	 1	 1	
# Timestep     No_Moles     No_Specs     Pt1536HO	H	
1708          2          2	 1	 1	
# Timestep     No_Moles     No_Specs     Pt1536HO	H	
1808          2          2	 1	 1	
# Timestep     No_Moles     No_Specs     Pt1536H2O	
1908          1          1	 1	
# Timestep     No_Moles     No_Specs     Pt1536H	O	H	
2008          3          3	 1	 1	 1	
# Timestep     No_Moles     No_Specs     Pt1536H	HO	
2108          2          2	 1	 1	
# Timestep     No_Moles     No_Specs     Pt1536H	HO	
2208          2          2	 1	 1	
# Timestep     No_Moles     No_Specs     Pt1536H	HO	
2308          2          2	 1	 1	
# Timestep     No_Moles     No_Specs     Pt1536H	HO	
2408          2          2	 1	 1	
# Timestep     No_Moles     No_Specs     Pt1536H	HO	
2508          2          2	 1	 1	
# Timestep     No_Moles     No_Specs     Pt1536HO	H	
2608          2          2	 1	 1	
# Timestep     No_Moles     No_Specs     Pt1536HO	H	
2708          2          2	 1	 1	
# Timestep     No_Moles     No_Specs     Pt1536HO	H	
2808          2          2	 1	 1	
